[INFO] Scanning for projects...
[INFO] 
[INFO] ---------------------< MrYodaAPINew:MrYodaAPINew >----------------------
[INFO] Building MrYodaAPINew 0.0.1-SNAPSHOT
[INFO]   from pom.xml
[INFO] --------------------------------[ jar ]---------------------------------
[INFO] 
[INFO] --- resources:3.3.1:resources (default-resources) @ MrYodaAPINew ---
[INFO] skip non existing resourceDirectory C:\Users\RANJITH\Pictures\MrYodaAPINew\src\main\resources
[INFO] 
[INFO] --- compiler:3.11.0:compile (default-compile) @ MrYodaAPINew ---
[INFO] Nothing to compile - all classes are up to date
[INFO] 
[INFO] --- resources:3.3.1:testResources (default-testResources) @ MrYodaAPINew ---
[INFO] Copying 1 resource from src\test\resources to target\test-classes
[INFO] 
[INFO] --- compiler:3.11.0:testCompile (default-testCompile) @ MrYodaAPINew ---
[INFO] Changes detected - recompiling the module! :source
[INFO] Compiling 11 source files with javac [debug release 11] to target\test-classes
[INFO] -------------------------------------------------------------
[ERROR] COMPILATION ERROR : 
[INFO] -------------------------------------------------------------
[ERROR] /C:/Users/RANJITH/Pictures/MrYodaAPINew/src/test/java/com/mryoda/diagnostics/api/tests/CreateOrderAPITest.java:[134,39] cannot find symbol
  symbol:   method getNonMemberSlotId()
  location: class com.mryoda.diagnostics.api.utils.RequestContext
[ERROR] /C:/Users/RANJITH/Pictures/MrYodaAPINew/src/test/java/com/mryoda/diagnostics/api/tests/CreateOrderAPITest.java:[135,37] cannot find symbol
  symbol:   method getNonMemberSlotTime()
  location: class com.mryoda.diagnostics.api.utils.RequestContext
[ERROR] /C:/Users/RANJITH/Pictures/MrYodaAPINew/src/test/java/com/mryoda/diagnostics/api/tests/CreateOrderAPITest.java:[146,37] cannot find symbol
  symbol:   method getNonMemberSlotTime()
  location: class com.mryoda.diagnostics.api.utils.RequestContext
[ERROR] /C:/Users/RANJITH/Pictures/MrYodaAPINew/src/test/java/com/mryoda/diagnostics/api/tests/CreateOrderAPITest.java:[177,39] cannot find symbol
  symbol:   method getMemberSlotId()
  location: class com.mryoda.diagnostics.api.utils.RequestContext
[ERROR] /C:/Users/RANJITH/Pictures/MrYodaAPINew/src/test/java/com/mryoda/diagnostics/api/tests/CreateOrderAPITest.java:[178,37] cannot find symbol
  symbol:   method getMemberSlotTime()
  location: class com.mryoda.diagnostics.api.utils.RequestContext
[ERROR] /C:/Users/RANJITH/Pictures/MrYodaAPINew/src/test/java/com/mryoda/diagnostics/api/tests/CreateOrderAPITest.java:[208,39] cannot find symbol
  symbol:   method getNewUserSlotId()
  location: class com.mryoda.diagnostics.api.utils.RequestContext
[ERROR] /C:/Users/RANJITH/Pictures/MrYodaAPINew/src/test/java/com/mryoda/diagnostics/api/tests/CreateOrderAPITest.java:[209,37] cannot find symbol
  symbol:   method getNewUserSlotTime()
  location: class com.mryoda.diagnostics.api.utils.RequestContext
[ERROR] /C:/Users/RANJITH/Pictures/MrYodaAPINew/src/test/java/com/mryoda/diagnostics/api/tests/SlotAndCartUpdateAPITest.java:[47,42] cannot find symbol
  symbol:   variable GET_SLOT
  location: class com.mryoda.diagnostics.api.endpoints.APIEndpoints
[ERROR] /C:/Users/RANJITH/Pictures/MrYodaAPINew/src/test/java/com/mryoda/diagnostics/api/tests/SlotAndCartUpdateAPITest.java:[94,31] cannot find symbol
  symbol:   method setMemberSlotId(java.lang.String)
  location: class com.mryoda.diagnostics.api.utils.RequestContext
[ERROR] /C:/Users/RANJITH/Pictures/MrYodaAPINew/src/test/java/com/mryoda/diagnostics/api/tests/SlotAndCartUpdateAPITest.java:[95,31] cannot find symbol
  symbol:   method setMemberSlotTime(java.lang.String)
  location: class com.mryoda.diagnostics.api.utils.RequestContext
[ERROR] /C:/Users/RANJITH/Pictures/MrYodaAPINew/src/test/java/com/mryoda/diagnostics/api/tests/SlotAndCartUpdateAPITest.java:[98,31] cannot find symbol
  symbol:   method setNonMemberSlotId(java.lang.String)
  location: class com.mryoda.diagnostics.api.utils.RequestContext
[ERROR] /C:/Users/RANJITH/Pictures/MrYodaAPINew/src/test/java/com/mryoda/diagnostics/api/tests/SlotAndCartUpdateAPITest.java:[99,31] cannot find symbol
  symbol:   method setNonMemberSlotTime(java.lang.String)
  location: class com.mryoda.diagnostics.api.utils.RequestContext
[ERROR] /C:/Users/RANJITH/Pictures/MrYodaAPINew/src/test/java/com/mryoda/diagnostics/api/tests/SlotAndCartUpdateAPITest.java:[102,31] cannot find symbol
  symbol:   method setNewUserSlotId(java.lang.String)
  location: class com.mryoda.diagnostics.api.utils.RequestContext
[ERROR] /C:/Users/RANJITH/Pictures/MrYodaAPINew/src/test/java/com/mryoda/diagnostics/api/tests/SlotAndCartUpdateAPITest.java:[103,31] cannot find symbol
  symbol:   method setNewUserSlotTime(java.lang.String)
  location: class com.mryoda.diagnostics.api.utils.RequestContext
[ERROR] /C:/Users/RANJITH/Pictures/MrYodaAPINew/src/test/java/com/mryoda/diagnostics/api/tests/SlotAndCartUpdateAPITest.java:[125,42] cannot find symbol
  symbol:   variable UPDATE_CART
  location: class com.mryoda.diagnostics.api.endpoints.APIEndpoints
[INFO] 15 errors 
[INFO] -------------------------------------------------------------
[INFO] ------------------------------------------------------------------------
[INFO] BUILD FAILURE
[INFO] ------------------------------------------------------------------------
[INFO] Total time:  6.496 s
[INFO] Finished at: 2025-12-26T19:32:58+05:30
[INFO] ------------------------------------------------------------------------
[ERROR] Failed to execute goal org.apache.maven.plugins:maven-compiler-plugin:3.11.0:testCompile (default-testCompile) on project MrYodaAPINew: Compilation failure: Compilation failure: 
[ERROR] /C:/Users/RANJITH/Pictures/MrYodaAPINew/src/test/java/com/mryoda/diagnostics/api/tests/CreateOrderAPITest.java:[134,39] cannot find symbol
[ERROR]   symbol:   method getNonMemberSlotId()
[ERROR]   location: class com.mryoda.diagnostics.api.utils.RequestContext
[ERROR] /C:/Users/RANJITH/Pictures/MrYodaAPINew/src/test/java/com/mryoda/diagnostics/api/tests/CreateOrderAPITest.java:[135,37] cannot find symbol
[ERROR]   symbol:   method getNonMemberSlotTime()
[ERROR]   location: class com.mryoda.diagnostics.api.utils.RequestContext
[ERROR] /C:/Users/RANJITH/Pictures/MrYodaAPINew/src/test/java/com/mryoda/diagnostics/api/tests/CreateOrderAPITest.java:[146,37] cannot find symbol
[ERROR]   symbol:   method getNonMemberSlotTime()
[ERROR]   location: class com.mryoda.diagnostics.api.utils.RequestContext
[ERROR] /C:/Users/RANJITH/Pictures/MrYodaAPINew/src/test/java/com/mryoda/diagnostics/api/tests/CreateOrderAPITest.java:[177,39] cannot find symbol
[ERROR]   symbol:   method getMemberSlotId()
[ERROR]   location: class com.mryoda.diagnostics.api.utils.RequestContext
[ERROR] /C:/Users/RANJITH/Pictures/MrYodaAPINew/src/test/java/com/mryoda/diagnostics/api/tests/CreateOrderAPITest.java:[178,37] cannot find symbol
[ERROR]   symbol:   method getMemberSlotTime()
[ERROR]   location: class com.mryoda.diagnostics.api.utils.RequestContext
[ERROR] /C:/Users/RANJITH/Pictures/MrYodaAPINew/src/test/java/com/mryoda/diagnostics/api/tests/CreateOrderAPITest.java:[208,39] cannot find symbol
[ERROR]   symbol:   method getNewUserSlotId()
[ERROR]   location: class com.mryoda.diagnostics.api.utils.RequestContext
[ERROR] /C:/Users/RANJITH/Pictures/MrYodaAPINew/src/test/java/com/mryoda/diagnostics/api/tests/CreateOrderAPITest.java:[209,37] cannot find symbol
[ERROR]   symbol:   method getNewUserSlotTime()
[ERROR]   location: class com.mryoda.diagnostics.api.utils.RequestContext
[ERROR] /C:/Users/RANJITH/Pictures/MrYodaAPINew/src/test/java/com/mryoda/diagnostics/api/tests/SlotAndCartUpdateAPITest.java:[47,42] cannot find symbol
[ERROR]   symbol:   variable GET_SLOT
[ERROR]   location: class com.mryoda.diagnostics.api.endpoints.APIEndpoints
[ERROR] /C:/Users/RANJITH/Pictures/MrYodaAPINew/src/test/java/com/mryoda/diagnostics/api/tests/SlotAndCartUpdateAPITest.java:[94,31] cannot find symbol
[ERROR]   symbol:   method setMemberSlotId(java.lang.String)
[ERROR]   location: class com.mryoda.diagnostics.api.utils.RequestContext
[ERROR] /C:/Users/RANJITH/Pictures/MrYodaAPINew/src/test/java/com/mryoda/diagnostics/api/tests/SlotAndCartUpdateAPITest.java:[95,31] cannot find symbol
[ERROR]   symbol:   method setMemberSlotTime(java.lang.String)
[ERROR]   location: class com.mryoda.diagnostics.api.utils.RequestContext
[ERROR] /C:/Users/RANJITH/Pictures/MrYodaAPINew/src/test/java/com/mryoda/diagnostics/api/tests/SlotAndCartUpdateAPITest.java:[98,31] cannot find symbol
[ERROR]   symbol:   method setNonMemberSlotId(java.lang.String)
[ERROR]   location: class com.mryoda.diagnostics.api.utils.RequestContext
[ERROR] /C:/Users/RANJITH/Pictures/MrYodaAPINew/src/test/java/com/mryoda/diagnostics/api/tests/SlotAndCartUpdateAPITest.java:[99,31] cannot find symbol
[ERROR]   symbol:   method setNonMemberSlotTime(java.lang.String)
[ERROR]   location: class com.mryoda.diagnostics.api.utils.RequestContext
[ERROR] /C:/Users/RANJITH/Pictures/MrYodaAPINew/src/test/java/com/mryoda/diagnostics/api/tests/SlotAndCartUpdateAPITest.java:[102,31] cannot find symbol
[ERROR]   symbol:   method setNewUserSlotId(java.lang.String)
[ERROR]   location: class com.mryoda.diagnostics.api.utils.RequestContext
[ERROR] /C:/Users/RANJITH/Pictures/MrYodaAPINew/src/test/java/com/mryoda/diagnostics/api/tests/SlotAndCartUpdateAPITest.java:[103,31] cannot find symbol
[ERROR]   symbol:   method setNewUserSlotTime(java.lang.String)
[ERROR]   location: class com.mryoda.diagnostics.api.utils.RequestContext
[ERROR] /C:/Users/RANJITH/Pictures/MrYodaAPINew/src/test/java/com/mryoda/diagnostics/api/tests/SlotAndCartUpdateAPITest.java:[125,42] cannot find symbol
[ERROR]   symbol:   variable UPDATE_CART
[ERROR]   location: class com.mryoda.diagnostics.api.endpoints.APIEndpoints
[ERROR] -> [Help 1]
[ERROR] 
[ERROR] To see the full stack trace of the errors, re-run Maven with the -e switch.
[ERROR] Re-run Maven using the -X switch to enable full debug logging.
[ERROR] 
[ERROR] For more information about the errors and possible solutions, please read the following articles:
[ERROR] [Help 1] http://cwiki.apache.org/confluence/display/MAVEN/MojoFailureException
