[INFO] Scanning for projects...
[INFO] 
[INFO] ---------------------< MrYodaAPINew:MrYodaAPINew >----------------------
[INFO] Building MrYodaAPINew 0.0.1-SNAPSHOT
[INFO]   from pom.xml
[INFO] --------------------------------[ jar ]---------------------------------
[INFO] 
[INFO] --- resources:3.3.1:resources (default-resources) @ MrYodaAPINew ---
[INFO] skip non existing resourceDirectory C:\Users\RANJITH\Pictures\MrYodaAPINew\src\main\resources
[INFO] 
[INFO] --- compiler:3.11.0:compile (default-compile) @ MrYodaAPINew ---
[INFO] Nothing to compile - all classes are up to date
[INFO] 
[INFO] --- resources:3.3.1:testResources (default-testResources) @ MrYodaAPINew ---
[INFO] Copying 1 resource from src\test\resources to target\test-classes
[INFO] 
[INFO] --- compiler:3.11.0:testCompile (default-testCompile) @ MrYodaAPINew ---
[INFO] Changes detected - recompiling the module! :source
[INFO] Compiling 12 source files with javac [debug release 11] to target\test-classes
[INFO] -------------------------------------------------------------
[WARNING] COMPILATION WARNING : 
[INFO] -------------------------------------------------------------
[WARNING] /C:/Users/RANJITH/Pictures/MrYodaAPINew/src/test/java/com/mryoda/diagnostics/api/tests/AddToCartAPITest.java:[110,85] unchecked cast
  required: java.util.List<java.util.Map<java.lang.String,java.lang.Object>>
  found:    java.lang.Object
[INFO] 1 warning
[INFO] -------------------------------------------------------------
[INFO] -------------------------------------------------------------
[ERROR] COMPILATION ERROR : 
[INFO] -------------------------------------------------------------
[ERROR] /C:/Users/RANJITH/Pictures/MrYodaAPINew/src/test/java/com/mryoda/diagnostics/api/tests/AddToCartAPITest.java:[142,13] cannot find symbol
  symbol:   variable Assert
  location: class com.mryoda.diagnostics.api.tests.AddToCartAPITest
[INFO] 1 error
[INFO] -------------------------------------------------------------
[INFO] ------------------------------------------------------------------------
[INFO] BUILD FAILURE
[INFO] ------------------------------------------------------------------------
[INFO] Total time:  4.161 s
[INFO] Finished at: 2025-12-26T19:37:10+05:30
[INFO] ------------------------------------------------------------------------
[ERROR] Failed to execute goal org.apache.maven.plugins:maven-compiler-plugin:3.11.0:testCompile (default-testCompile) on project MrYodaAPINew: Compilation failure
[ERROR] /C:/Users/RANJITH/Pictures/MrYodaAPINew/src/test/java/com/mryoda/diagnostics/api/tests/AddToCartAPITest.java:[142,13] cannot find symbol
[ERROR]   symbol:   variable Assert
[ERROR]   location: class com.mryoda.diagnostics.api.tests.AddToCartAPITest
[ERROR] 
[ERROR] -> [Help 1]
[ERROR] 
[ERROR] To see the full stack trace of the errors, re-run Maven with the -e switch.
[ERROR] Re-run Maven using the -X switch to enable full debug logging.
[ERROR] 
[ERROR] For more information about the errors and possible solutions, please read the following articles:
[ERROR] [Help 1] http://cwiki.apache.org/confluence/display/MAVEN/MojoFailureException
