<?xml version="1.0" encoding="UTF-8"?>
<!-- Generated by org.testng.reporters.JUnitXMLReporter -->
<testsuite ignored="55" hostname="1FJD5W3" failures="1" tests="21" name="Member Modular COD Flow Steps" time="42.668" errors="0" timestamp="2026-01-08T16:04:01 IST">
  <testcase classname="com.mryoda.diagnostics.api.tests.LoginAPITest" name="testLoginWithOTP" time="2.979"/>
  <testcase classname="com.mryoda.diagnostics.api.tests.COD_01_LoginTest" name="step01_LoginAndSetup" time="0.004"/>
  <testcase classname="com.mryoda.diagnostics.api.tests.LocationAPITest" name="testGetLocations_ForMember" time="1.128"/>
  <testcase classname="com.mryoda.diagnostics.api.tests.BrandAPITest" name="testGetBrands_ForMember" time="0.604"/>
  <testcase classname="com.mryoda.diagnostics.api.tests.GlobalSearchAPITest" name="testGlobalSearch_ForMember" time="0.986"/>
  <testcase classname="com.mryoda.diagnostics.api.tests.AddToCartAPITest" name="testAddToCart_ForMember" time="2.046"/>
  <testcase classname="com.mryoda.diagnostics.api.tests.COD_02_GetCartTest" name="step02_VerifyCartAndPrice" time="0.508"/>
  <testcase classname="com.mryoda.diagnostics.api.tests.COD_03_AddAddressAndSlotTest" name="step03_AddAddressAndSlot" time="1.011"/>
  <testcase classname="com.mryoda.diagnostics.api.tests.COD_04_VerifyPaymentPreCheckTest" name="step04_VerifyPaymentPreCheck" time="2.725"/>
  <testcase classname="com.mryoda.diagnostics.api.tests.COD_05_CrossApiValidationTest" name="step05_CrossApiValidation" time="0.417"/>
  <testcase classname="com.mryoda.diagnostics.api.tests.COD_06_PhlebotomistLoginTest" name="step06_PhlebotomistLogin" time="0.374"/>
  <testcase classname="com.mryoda.diagnostics.api.tests.COD_07_AssignOrderTest" name="step07_AssignOrder" time="0.764"/>
  <testcase classname="com.mryoda.diagnostics.api.tests.COD_08_VerifyStatusAssignedTest" name="step08_VerifyStatusAssigned" time="0.175"/>
  <testcase classname="com.mryoda.diagnostics.api.tests.COD_09_UpdateOrderTrackingTest" name="step09_UpdateOrderTracking" time="0.206"/>
  <testcase classname="com.mryoda.diagnostics.api.tests.COD_10_FinalVerificationTest" name="step10_FinalVerification" time="0.605"/>
  <testcase classname="com.mryoda.diagnostics.api.tests.COD_11_AdminVerifyOtpTest" name="step11_AdminVerifyOtp" time="0.979"/>
  <testcase classname="com.mryoda.diagnostics.api.tests.COD_12_GetSampleTypeTest" name="step12_GetSampleType" time="0.228"/>
  <testcase classname="com.mryoda.diagnostics.api.tests.COD_13_UpdateStatusSamplesCollectedTest" name="step13_UpdateStatusSamplesCollected" time="1.295"/>
  <testcase classname="com.mryoda.diagnostics.api.tests.COD_14_VerifySamplesCollectedStatusTest" name="step14_VerifySamplesCollectedStatus" time="0.3"/>
  <testcase classname="com.mryoda.diagnostics.api.tests.COD_15_ApprovePaymentTest" name="step15_ApprovePayment" time="6.3"/>
  <testcase classname="com.mryoda.diagnostics.api.tests.COD_99_TriggerUITest" name="triggerUIAutomation" time="17.826">
    <failure type="java.lang.RuntimeException" message="UI Automation Failed via JUnitCore Trigger">
      <![CDATA[java.lang.RuntimeException: UI Automation Failed via JUnitCore Trigger
at com.mryoda.diagnostics.api.tests.COD_99_TriggerUITest.triggerUIAutomation(COD_99_TriggerUITest.java:34)
at java.base/java.util.ArrayList.forEach(ArrayList.java:1511)
... Removed 31 stack frames]]>
    </failure>
  </testcase> <!-- triggerUIAutomation -->
  <testcase classname="com.mryoda.diagnostics.api.tests.CreateOrderCODAPITest" name="testCOD_Flow_ForNewUser" time="0.0">
    <ignored/>
  </testcase> <!-- testCOD_Flow_ForNewUser -->
  <testcase classname="com.mryoda.diagnostics.api.tests.CreateOrderCODAPITest" name="testCOD_Flow_ForNonMember" time="0.0">
    <ignored/>
  </testcase> <!-- testCOD_Flow_ForNonMember -->
  <testcase classname="com.mryoda.diagnostics.api.tests.BrandAPITest" name="testGetBrands_ForNewUser" time="0.0">
    <ignored/>
  </testcase> <!-- testGetBrands_ForNewUser -->
  <testcase classname="com.mryoda.diagnostics.api.tests.CreateOrderCODAPITest" name="testCOD_Flow_ForNewUser" time="0.0">
    <ignored/>
  </testcase> <!-- testCOD_Flow_ForNewUser -->
  <testcase classname="com.mryoda.diagnostics.api.tests.CreateOrderCODAPITest" name="testCOD_Flow_ForNonMember" time="0.0">
    <ignored/>
  </testcase> <!-- testCOD_Flow_ForNonMember -->
  <testcase classname="com.mryoda.diagnostics.api.tests.CreateOrderCODAPITest" name="testCOD_Flow_ForNonMember" time="0.0">
    <ignored/>
  </testcase> <!-- testCOD_Flow_ForNonMember -->
  <testcase classname="com.mryoda.diagnostics.api.tests.CreateOrderCODAPITest" name="testCOD_Flow_ForMember" time="0.0">
    <ignored/>
  </testcase> <!-- testCOD_Flow_ForMember -->
  <testcase classname="com.mryoda.diagnostics.api.tests.CreateOrderCODAPITest" name="testCOD_Flow_ForNewUser" time="0.0">
    <ignored/>
  </testcase> <!-- testCOD_Flow_ForNewUser -->
  <testcase classname="com.mryoda.diagnostics.api.tests.BrandAPITest" name="testGetBrands_ForNonMember" time="0.0">
    <ignored/>
  </testcase> <!-- testGetBrands_ForNonMember -->
  <testcase classname="com.mryoda.diagnostics.api.tests.CreateOrderCODAPITest" name="testCOD_Flow_ForMember" time="0.0">
    <ignored/>
  </testcase> <!-- testCOD_Flow_ForMember -->
  <testcase classname="com.mryoda.diagnostics.api.tests.CreateOrderCODAPITest" name="testCOD_Flow_ForMember" time="0.0">
    <ignored/>
  </testcase> <!-- testCOD_Flow_ForMember -->
  <testcase classname="com.mryoda.diagnostics.api.tests.CreateOrderCODAPITest" name="testCOD_Flow_ForNewUser" time="0.0">
    <ignored/>
  </testcase> <!-- testCOD_Flow_ForNewUser -->
  <testcase classname="com.mryoda.diagnostics.api.tests.GlobalSearchAPITest" name="testGlobalSearch_ForNewUser" time="0.0">
    <ignored/>
  </testcase> <!-- testGlobalSearch_ForNewUser -->
  <testcase classname="com.mryoda.diagnostics.api.tests.GlobalSearchAPITest" name="testGlobalSearch_ForNonMember" time="0.0">
    <ignored/>
  </testcase> <!-- testGlobalSearch_ForNonMember -->
  <testcase classname="com.mryoda.diagnostics.api.tests.CreateOrderCODAPITest" name="testCOD_Flow_ForNonMember" time="0.0">
    <ignored/>
  </testcase> <!-- testCOD_Flow_ForNonMember -->
  <testcase classname="com.mryoda.diagnostics.api.tests.CreateOrderCODAPITest" name="testCOD_Flow_ForNewUser" time="0.0">
    <ignored/>
  </testcase> <!-- testCOD_Flow_ForNewUser -->
  <testcase classname="com.mryoda.diagnostics.api.tests.CreateOrderCODAPITest" name="testCOD_Flow_ForNewUser" time="0.0">
    <ignored/>
  </testcase> <!-- testCOD_Flow_ForNewUser -->
  <testcase classname="com.mryoda.diagnostics.api.tests.LoginAPITest" name="testLoginWithOTP_NewlyRegisteredUser" time="0.0">
    <ignored/>
  </testcase> <!-- testLoginWithOTP_NewlyRegisteredUser -->
  <testcase classname="com.mryoda.diagnostics.api.tests.CreateOrderCODAPITest" name="testCOD_Flow_ForNewUser" time="0.0">
    <ignored/>
  </testcase> <!-- testCOD_Flow_ForNewUser -->
  <testcase classname="com.mryoda.diagnostics.api.tests.CreateOrderCODAPITest" name="testCOD_Flow_ForMember" time="0.0">
    <ignored/>
  </testcase> <!-- testCOD_Flow_ForMember -->
  <testcase classname="com.mryoda.diagnostics.api.tests.CreateOrderCODAPITest" name="testCOD_Flow_ForNonMember" time="0.0">
    <ignored/>
  </testcase> <!-- testCOD_Flow_ForNonMember -->
  <testcase classname="com.mryoda.diagnostics.api.tests.CreateOrderCODAPITest" name="testCOD_Flow_ForNonMember" time="0.0">
    <ignored/>
  </testcase> <!-- testCOD_Flow_ForNonMember -->
  <testcase classname="com.mryoda.diagnostics.api.tests.CreateOrderCODAPITest" name="testCOD_Flow_ForNewUser" time="0.0">
    <ignored/>
  </testcase> <!-- testCOD_Flow_ForNewUser -->
  <testcase classname="com.mryoda.diagnostics.api.tests.CreateOrderCODAPITest" name="testCOD_Flow_ForMember" time="0.0">
    <ignored/>
  </testcase> <!-- testCOD_Flow_ForMember -->
  <testcase classname="com.mryoda.diagnostics.api.tests.AddToCartAPITest" name="testAddToCart_ForNewUser" time="0.0">
    <ignored/>
  </testcase> <!-- testAddToCart_ForNewUser -->
  <testcase classname="com.mryoda.diagnostics.api.tests.CreateOrderCODAPITest" name="testCOD_Flow_ForNonMember" time="0.0">
    <ignored/>
  </testcase> <!-- testCOD_Flow_ForNonMember -->
  <testcase classname="com.mryoda.diagnostics.api.tests.CreateOrderCODAPITest" name="testCOD_Flow_ForMember" time="0.0">
    <ignored/>
  </testcase> <!-- testCOD_Flow_ForMember -->
  <testcase classname="com.mryoda.diagnostics.api.tests.CreateOrderCODAPITest" name="testCOD_Flow_ForNonMember" time="0.0">
    <ignored/>
  </testcase> <!-- testCOD_Flow_ForNonMember -->
  <testcase classname="com.mryoda.diagnostics.api.tests.LocationAPITest" name="testGetLocations_ForNonMember" time="0.0">
    <ignored/>
  </testcase> <!-- testGetLocations_ForNonMember -->
  <testcase classname="com.mryoda.diagnostics.api.tests.CreateOrderCODAPITest" name="testCOD_Flow_ForMember" time="0.0">
    <ignored/>
  </testcase> <!-- testCOD_Flow_ForMember -->
  <testcase classname="com.mryoda.diagnostics.api.tests.CreateOrderCODAPITest" name="testCOD_Flow_ForNonMember" time="0.0">
    <ignored/>
  </testcase> <!-- testCOD_Flow_ForNonMember -->
  <testcase classname="com.mryoda.diagnostics.api.tests.CreateOrderCODAPITest" name="testCOD_Flow_ForMember" time="0.0">
    <ignored/>
  </testcase> <!-- testCOD_Flow_ForMember -->
  <testcase classname="com.mryoda.diagnostics.api.tests.CreateOrderCODAPITest" name="testCOD_Flow_ForNewUser" time="0.0">
    <ignored/>
  </testcase> <!-- testCOD_Flow_ForNewUser -->
  <testcase classname="com.mryoda.diagnostics.api.tests.AddToCartAPITest" name="testAddToCart_ForNonMember" time="0.0">
    <ignored/>
  </testcase> <!-- testAddToCart_ForNonMember -->
  <testcase classname="com.mryoda.diagnostics.api.tests.CreateOrderCODAPITest" name="testCOD_Flow_ForNewUser" time="0.0">
    <ignored/>
  </testcase> <!-- testCOD_Flow_ForNewUser -->
  <testcase classname="com.mryoda.diagnostics.api.tests.LoginAPITest" name="testLoginWithOTP_NonMember" time="0.0">
    <ignored/>
  </testcase> <!-- testLoginWithOTP_NonMember -->
  <testcase classname="com.mryoda.diagnostics.api.tests.CreateOrderCODAPITest" name="testCOD_Flow_ForMember" time="0.0">
    <ignored/>
  </testcase> <!-- testCOD_Flow_ForMember -->
  <testcase classname="com.mryoda.diagnostics.api.tests.CreateOrderCODAPITest" name="testCOD_Flow_ForNonMember" time="0.0">
    <ignored/>
  </testcase> <!-- testCOD_Flow_ForNonMember -->
  <testcase classname="com.mryoda.diagnostics.api.tests.LocationAPITest" name="testGetLocations_ForNewUser" time="0.0">
    <ignored/>
  </testcase> <!-- testGetLocations_ForNewUser -->
  <testcase classname="com.mryoda.diagnostics.api.tests.CreateOrderCODAPITest" name="testCOD_Flow_ForMember" time="0.0">
    <ignored/>
  </testcase> <!-- testCOD_Flow_ForMember -->
  <testcase classname="com.mryoda.diagnostics.api.tests.CreateOrderCODAPITest" name="testCOD_Flow_ForNewUser" time="0.0">
    <ignored/>
  </testcase> <!-- testCOD_Flow_ForNewUser -->
  <testcase classname="com.mryoda.diagnostics.api.tests.CreateOrderCODAPITest" name="testCOD_Flow_ForNonMember" time="0.0">
    <ignored/>
  </testcase> <!-- testCOD_Flow_ForNonMember -->
  <testcase classname="com.mryoda.diagnostics.api.tests.CreateOrderCODAPITest" name="testCOD_Flow_ForNewUser" time="0.0">
    <ignored/>
  </testcase> <!-- testCOD_Flow_ForNewUser -->
  <testcase classname="com.mryoda.diagnostics.api.tests.CreateOrderCODAPITest" name="testCOD_Flow_ForMember" time="0.0">
    <ignored/>
  </testcase> <!-- testCOD_Flow_ForMember -->
  <testcase classname="com.mryoda.diagnostics.api.tests.CreateOrderCODAPITest" name="testCOD_Flow_ForNonMember" time="0.0">
    <ignored/>
  </testcase> <!-- testCOD_Flow_ForNonMember -->
  <testcase classname="com.mryoda.diagnostics.api.tests.CreateOrderCODAPITest" name="testCOD_Flow_ForNonMember" time="0.0">
    <ignored/>
  </testcase> <!-- testCOD_Flow_ForNonMember -->
  <testcase classname="com.mryoda.diagnostics.api.tests.CreateOrderCODAPITest" name="testCOD_Flow_ForMember" time="0.0">
    <ignored/>
  </testcase> <!-- testCOD_Flow_ForMember -->
  <testcase classname="com.mryoda.diagnostics.api.tests.CreateOrderCODAPITest" name="testCOD_Flow_ForMember" time="0.0">
    <ignored/>
  </testcase> <!-- testCOD_Flow_ForMember -->
  <testcase classname="com.mryoda.diagnostics.api.tests.CreateOrderCODAPITest" name="testCOD_Flow_ForNonMember" time="0.0">
    <ignored/>
  </testcase> <!-- testCOD_Flow_ForNonMember -->
  <testcase classname="com.mryoda.diagnostics.api.tests.CreateOrderCODAPITest" name="testCOD_Flow_ForMember" time="0.0">
    <ignored/>
  </testcase> <!-- testCOD_Flow_ForMember -->
  <testcase classname="com.mryoda.diagnostics.api.tests.CreateOrderCODAPITest" name="testCOD_Flow_ForNewUser" time="0.0">
    <ignored/>
  </testcase> <!-- testCOD_Flow_ForNewUser -->
  <testcase classname="com.mryoda.diagnostics.api.tests.CreateOrderCODAPITest" name="testCOD_Flow_ForMember" time="0.0">
    <ignored/>
  </testcase> <!-- testCOD_Flow_ForMember -->
  <testcase classname="com.mryoda.diagnostics.api.tests.CreateOrderCODAPITest" name="testCOD_Flow_ForNonMember" time="0.0">
    <ignored/>
  </testcase> <!-- testCOD_Flow_ForNonMember -->
  <testcase classname="com.mryoda.diagnostics.api.tests.CreateOrderCODAPITest" name="testCOD_Flow_ForNewUser" time="0.0">
    <ignored/>
  </testcase> <!-- testCOD_Flow_ForNewUser -->
  <testcase classname="com.mryoda.diagnostics.api.tests.CreateOrderCODAPITest" name="testCOD_Flow_ForNewUser" time="0.0">
    <ignored/>
  </testcase> <!-- testCOD_Flow_ForNewUser -->
</testsuite> <!-- Member Modular COD Flow Steps -->
