<?xml version="1.0" encoding="UTF-8"?>
<!-- Generated by org.testng.reporters.JUnitXMLReporter -->
<testsuite ignored="3" hostname="1FJD5W3" failures="0" tests="30" name="Detailed COD Steps" time="21.707" errors="0" timestamp="2026-01-02T21:39:50 IST">
  <testcase classname="com.mryoda.diagnostics.api.tests.UserCreateAPITest" name="testUserRegistration_CreateNewUser" time="3.585"/>
  <testcase classname="com.mryoda.diagnostics.api.tests.LoginAPITest" name="testLoginWithOTP" time="0.872"/>
  <testcase classname="com.mryoda.diagnostics.api.tests.LoginAPITest" name="testLoginWithOTP_NonMember" time="0.687"/>
  <testcase classname="com.mryoda.diagnostics.api.tests.LoginAPITest" name="testLoginWithOTP_NewlyRegisteredUser" time="0.43"/>
  <testcase classname="com.mryoda.diagnostics.api.tests.LocationAPITest" name="testGetLocations_ForMember" time="1.357"/>
  <testcase classname="com.mryoda.diagnostics.api.tests.LocationAPITest" name="testGetLocations_ForNonMember" time="0.896"/>
  <testcase classname="com.mryoda.diagnostics.api.tests.LocationAPITest" name="testGetLocations_ForNewUser" time="1.137"/>
  <testcase classname="com.mryoda.diagnostics.api.tests.BrandAPITest" name="testGetBrands_ForMember" time="0.706"/>
  <testcase classname="com.mryoda.diagnostics.api.tests.BrandAPITest" name="testGetBrands_ForNonMember" time="0.122"/>
  <testcase classname="com.mryoda.diagnostics.api.tests.BrandAPITest" name="testGetBrands_ForNewUser" time="0.119"/>
  <testcase classname="com.mryoda.diagnostics.api.tests.GlobalSearchAPITest" name="testGlobalSearch_ForMember" time="2.363"/>
  <testcase classname="com.mryoda.diagnostics.api.tests.GlobalSearchAPITest" name="testGlobalSearch_ForNonMember" time="0.729"/>
  <testcase classname="com.mryoda.diagnostics.api.tests.GlobalSearchAPITest" name="testGlobalSearch_ForNewUser" time="0.763"/>
  <testcase classname="com.mryoda.diagnostics.api.tests.AddToCartAPITest" name="testAddToCart_ForMember" time="0.308"/>
  <testcase classname="com.mryoda.diagnostics.api.tests.AddToCartAPITest" name="testAddToCart_ForNonMember" time="0.306"/>
  <testcase classname="com.mryoda.diagnostics.api.tests.AddToCartAPITest" name="testAddToCart_ForNewUser" time="0.513"/>
  <testcase classname="com.mryoda.diagnostics.api.tests.DetailedCODFlowTest" name="step01_LoginAndSetup" time="0.345"/>
  <testcase classname="com.mryoda.diagnostics.api.tests.DetailedCODFlowTest" name="step02_VerifyCartAndPrice" time="0.663"/>
  <testcase classname="com.mryoda.diagnostics.api.tests.DetailedCODFlowTest" name="step03_AddAddressAndSlot" time="0.989"/>
  <testcase classname="com.mryoda.diagnostics.api.tests.DetailedCODFlowTest" name="step04_VerifyPaymentPreCheck" time="1.346"/>
  <testcase classname="com.mryoda.diagnostics.api.tests.DetailedCODFlowTest" name="step05_CrossApiValidation" time="0.326"/>
  <testcase classname="com.mryoda.diagnostics.api.tests.DetailedCODFlowTest" name="step06_PhlebotomistLogin" time="0.361"/>
  <testcase classname="com.mryoda.diagnostics.api.tests.DetailedCODFlowTest" name="step07_AssignOrder" time="0.419"/>
  <testcase classname="com.mryoda.diagnostics.api.tests.DetailedCODFlowTest" name="step08_VerifyStatusAssigned" time="0.111"/>
  <testcase classname="com.mryoda.diagnostics.api.tests.DetailedCODFlowTest" name="step09_UpdateOrderTracking" time="0.095"/>
  <testcase classname="com.mryoda.diagnostics.api.tests.DetailedCODFlowTest" name="step10_FinalVerification" time="0.333"/>
  <testcase classname="com.mryoda.diagnostics.api.tests.DetailedCODFlowTest" name="step11_AdminVerifyOtp" time="0.26"/>
  <testcase classname="com.mryoda.diagnostics.api.tests.DetailedCODFlowTest" name="step12_GetSampleType" time="0.095"/>
  <testcase classname="com.mryoda.diagnostics.api.tests.DetailedCODFlowTest" name="step13_UpdateStatusSamplesCollected" time="0.129"/>
  <testcase classname="com.mryoda.diagnostics.api.tests.DetailedCODFlowTest" name="step14_VerifySamplesCollectedStatus" time="0.208"/>
  <testcase classname="com.mryoda.diagnostics.api.tests.DetailedCODFlowTest" name="testCOD_Flow_ForNonMember" time="0.0">
    <ignored/>
  </testcase> <!-- testCOD_Flow_ForNonMember -->
  <testcase classname="com.mryoda.diagnostics.api.tests.DetailedCODFlowTest" name="testCOD_Flow_ForMember" time="0.0">
    <ignored/>
  </testcase> <!-- testCOD_Flow_ForMember -->
  <testcase classname="com.mryoda.diagnostics.api.tests.DetailedCODFlowTest" name="testCOD_Flow_ForNewUser" time="0.0">
    <ignored/>
  </testcase> <!-- testCOD_Flow_ForNewUser -->
</testsuite> <!-- Detailed COD Steps -->
