<?xml version="1.0" encoding="UTF-8"?>
<!-- Generated by org.testng.reporters.JUnitXMLReporter -->
<testsuite ignored="0" hostname="1FJD5W3" failures="1" tests="3" name="CreateOrderCODAPITest" time="0.54" errors="0" timestamp="2025-12-30T16:05:41 IST">
  <testcase classname="com.mryoda.diagnostics.api.tests.CreateOrderCODAPITest" name="testCOD_Flow_ForNewUser" time="0.047">
    <failure type="java.lang.RuntimeException" message="Token or UserId not found in RequestContext. Ensure previous steps (Login) ran successfully.">
      <![CDATA[java.lang.RuntimeException: Token or UserId not found in RequestContext. Ensure previous steps (Login) ran successfully.
at com.mryoda.diagnostics.api.tests.CreateOrderCODAPITest.executeCODFlow(CreateOrderCODAPITest.java:445)
at com.mryoda.diagnostics.api.tests.CreateOrderCODAPITest.testCOD_Flow_ForNewUser(CreateOrderCODAPITest.java:414)
at java.base/java.util.ArrayList.forEach(ArrayList.java:1511)
... Removed 31 stack frames]]>
    </failure>
  </testcase> <!-- testCOD_Flow_ForNewUser -->
  <testcase classname="com.mryoda.diagnostics.api.tests.CreateOrderCODAPITest" name="testCOD_Flow_ForMember" time="0.004"/>
  <testcase classname="com.mryoda.diagnostics.api.tests.CreateOrderCODAPITest" name="testCOD_Flow_ForNonMember" time="0.002"/>
</testsuite> <!-- CreateOrderCODAPITest -->
