Apache Maven 3.9.11 (3e54c93a704957b63ee3494413a2b544fd3d825b)
Maven home: C:\Users\RANJITH\Downloads\apache-maven-3.9.11-bin\apache-maven-3.9.11
Java version: 17.0.12, vendor: Oracle Corporation, runtime: C:\Program Files\jdk-17.0.12
Default locale: en_IN, platform encoding: Cp1252
OS name: "windows 11", version: "10.0", arch: "amd64", family: "windows"
[DEBUG] Created new class realm maven.api
[DEBUG] Importing foreign packages into class realm maven.api
[DEBUG]   Imported: javax.annotation.* < plexus.core
[DEBUG]   Imported: javax.annotation.security.* < plexus.core
[DEBUG]   Imported: javax.inject.* < plexus.core
[DEBUG]   Imported: org.apache.maven.* < plexus.core
[DEBUG]   Imported: org.apache.maven.artifact < plexus.core
[DEBUG]   Imported: org.apache.maven.classrealm < plexus.core
[DEBUG]   Imported: org.apache.maven.cli < plexus.core
[DEBUG]   Imported: org.apache.maven.configuration < plexus.core
[DEBUG]   Imported: org.apache.maven.exception < plexus.core
[DEBUG]   Imported: org.apache.maven.execution < plexus.core
[DEBUG]   Imported: org.apache.maven.execution.scope < plexus.core
[DEBUG]   Imported: org.apache.maven.graph < plexus.core
[DEBUG]   Imported: org.apache.maven.lifecycle < plexus.core
[DEBUG]   Imported: org.apache.maven.model < plexus.core
[DEBUG]   Imported: org.apache.maven.monitor < plexus.core
[DEBUG]   Imported: org.apache.maven.plugin < plexus.core
[DEBUG]   Imported: org.apache.maven.profiles < plexus.core
[DEBUG]   Imported: org.apache.maven.project < plexus.core
[DEBUG]   Imported: org.apache.maven.reporting < plexus.core
[DEBUG]   Imported: org.apache.maven.repository < plexus.core
[DEBUG]   Imported: org.apache.maven.rtinfo < plexus.core
[DEBUG]   Imported: org.apache.maven.settings < plexus.core
[DEBUG]   Imported: org.apache.maven.toolchain < plexus.core
[DEBUG]   Imported: org.apache.maven.usability < plexus.core
[DEBUG]   Imported: org.apache.maven.wagon.* < plexus.core
[DEBUG]   Imported: org.apache.maven.wagon.authentication < plexus.core
[DEBUG]   Imported: org.apache.maven.wagon.authorization < plexus.core
[DEBUG]   Imported: org.apache.maven.wagon.events < plexus.core
[DEBUG]   Imported: org.apache.maven.wagon.observers < plexus.core
[DEBUG]   Imported: org.apache.maven.wagon.proxy < plexus.core
[DEBUG]   Imported: org.apache.maven.wagon.repository < plexus.core
[DEBUG]   Imported: org.apache.maven.wagon.resource < plexus.core
[DEBUG]   Imported: org.codehaus.classworlds < plexus.core
[DEBUG]   Imported: org.codehaus.plexus.* < plexus.core
[DEBUG]   Imported: org.codehaus.plexus.classworlds < plexus.core
[DEBUG]   Imported: org.codehaus.plexus.component < plexus.core
[DEBUG]   Imported: org.codehaus.plexus.configuration < plexus.core
[DEBUG]   Imported: org.codehaus.plexus.container < plexus.core
[DEBUG]   Imported: org.codehaus.plexus.context < plexus.core
[DEBUG]   Imported: org.codehaus.plexus.lifecycle < plexus.core
[DEBUG]   Imported: org.codehaus.plexus.logging < plexus.core
[DEBUG]   Imported: org.codehaus.plexus.personality < plexus.core
[DEBUG]   Imported: org.codehaus.plexus.util.xml.Xpp3Dom < plexus.core
[DEBUG]   Imported: org.codehaus.plexus.util.xml.pull.XmlPullParser < plexus.core
[DEBUG]   Imported: org.codehaus.plexus.util.xml.pull.XmlPullParserException < plexus.core
[DEBUG]   Imported: org.codehaus.plexus.util.xml.pull.XmlSerializer < plexus.core
[DEBUG]   Imported: org.eclipse.aether.* < plexus.core
[DEBUG]   Imported: org.eclipse.aether.artifact < plexus.core
[DEBUG]   Imported: org.eclipse.aether.collection < plexus.core
[DEBUG]   Imported: org.eclipse.aether.deployment < plexus.core
[DEBUG]   Imported: org.eclipse.aether.graph < plexus.core
[DEBUG]   Imported: org.eclipse.aether.impl < plexus.core
[DEBUG]   Imported: org.eclipse.aether.installation < plexus.core
[DEBUG]   Imported: org.eclipse.aether.internal.impl < plexus.core
[DEBUG]   Imported: org.eclipse.aether.metadata < plexus.core
[DEBUG]   Imported: org.eclipse.aether.repository < plexus.core
[DEBUG]   Imported: org.eclipse.aether.resolution < plexus.core
[DEBUG]   Imported: org.eclipse.aether.spi < plexus.core
[DEBUG]   Imported: org.eclipse.aether.transfer < plexus.core
[DEBUG]   Imported: org.eclipse.aether.util < plexus.core
[DEBUG]   Imported: org.eclipse.aether.version < plexus.core
[DEBUG]   Imported: org.fusesource.jansi.* < plexus.core
[DEBUG]   Imported: org.slf4j.* < plexus.core
[DEBUG]   Imported: org.slf4j.event.* < plexus.core
[DEBUG]   Imported: org.slf4j.helpers.* < plexus.core
[DEBUG]   Imported: org.slf4j.spi.* < plexus.core
[DEBUG] Populating class realm maven.api
[DEBUG] Created adapter factory; available factories [file-lock, rwlock-local, semaphore-local, noop]; available name mappers [discriminating, file-gav, file-hgav, file-static, gav, static]
[INFO] Error stacktraces are turned on.
[DEBUG] Message scheme: color
[DEBUG] Message styles: debug info warning error success failure strong mojo project
[DEBUG] Reading global settings from C:\Users\RANJITH\Downloads\apache-maven-3.9.11-bin\apache-maven-3.9.11\conf\settings.xml
[DEBUG] Reading user settings from C:\Users\RANJITH\.m2\settings.xml
[DEBUG] Reading global toolchains from C:\Users\RANJITH\Downloads\apache-maven-3.9.11-bin\apache-maven-3.9.11\conf\toolchains.xml
[DEBUG] Reading user toolchains from C:\Users\RANJITH\.m2\toolchains.xml
[DEBUG] Using local repository at C:\Users\RANJITH\.m2\repository
[DEBUG] Using manager EnhancedLocalRepositoryManager with priority 10.0 for C:\Users\RANJITH\.m2\repository
[INFO] Scanning for projects...
[DEBUG] Extension realms for project MrYodaAPINew:MrYodaAPINew:jar:0.0.1-SNAPSHOT: (none)
[DEBUG] Looking up lifecycle mappings for packaging jar from ClassRealm[plexus.core, parent: null]
[DEBUG] === REACTOR BUILD PLAN ================================================
[DEBUG] Project: MrYodaAPINew:MrYodaAPINew:jar:0.0.1-SNAPSHOT
[DEBUG] Tasks:   [test]
[DEBUG] Style:   Regular
[DEBUG] =======================================================================
[INFO] 
[INFO] ---------------------< MrYodaAPINew:MrYodaAPINew >----------------------
[INFO] Building MrYodaAPINew 0.0.1-SNAPSHOT
[INFO]   from pom.xml
[INFO] --------------------------------[ jar ]---------------------------------
[DEBUG] Lifecycle clean -> [pre-clean, clean, post-clean]
[DEBUG] Lifecycle default -> [validate, initialize, generate-sources, process-sources, generate-resources, process-resources, compile, process-classes, generate-test-sources, process-test-sources, generate-test-resources, process-test-resources, test-compile, process-test-classes, test, prepare-package, package, pre-integration-test, integration-test, post-integration-test, verify, install, deploy]
[DEBUG] Lifecycle site -> [pre-site, site, post-site, site-deploy]
[DEBUG] Creating adapter using nameMapper 'gav' and factory 'rwlock-local'
[DEBUG] Lifecycle clean -> [pre-clean, clean, post-clean]
[DEBUG] Lifecycle default -> [validate, initialize, generate-sources, process-sources, generate-resources, process-resources, compile, process-classes, generate-test-sources, process-test-sources, generate-test-resources, process-test-resources, test-compile, process-test-classes, test, prepare-package, package, pre-integration-test, integration-test, post-integration-test, verify, install, deploy]
[DEBUG] Lifecycle site -> [pre-site, site, post-site, site-deploy]
[DEBUG] Lifecycle clean -> [pre-clean, clean, post-clean]
[DEBUG] Lifecycle default -> [validate, initialize, generate-sources, process-sources, generate-resources, process-resources, compile, process-classes, generate-test-sources, process-test-sources, generate-test-resources, process-test-resources, test-compile, process-test-classes, test, prepare-package, package, pre-integration-test, integration-test, post-integration-test, verify, install, deploy]
[DEBUG] Lifecycle site -> [pre-site, site, post-site, site-deploy]
[DEBUG] Lifecycle clean -> [pre-clean, clean, post-clean]
[DEBUG] Lifecycle default -> [validate, initialize, generate-sources, process-sources, generate-resources, process-resources, compile, process-classes, generate-test-sources, process-test-sources, generate-test-resources, process-test-resources, test-compile, process-test-classes, test, prepare-package, package, pre-integration-test, integration-test, post-integration-test, verify, install, deploy]
[DEBUG] Lifecycle site -> [pre-site, site, post-site, site-deploy]
[DEBUG] Lifecycle clean -> [pre-clean, clean, post-clean]
[DEBUG] Lifecycle default -> [validate, initialize, generate-sources, process-sources, generate-resources, process-resources, compile, process-classes, generate-test-sources, process-test-sources, generate-test-resources, process-test-resources, test-compile, process-test-classes, test, prepare-package, package, pre-integration-test, integration-test, post-integration-test, verify, install, deploy]
[DEBUG] Lifecycle site -> [pre-site, site, post-site, site-deploy]
[DEBUG] Lifecycle clean -> [pre-clean, clean, post-clean]
[DEBUG] Lifecycle default -> [validate, initialize, generate-sources, process-sources, generate-resources, process-resources, compile, process-classes, generate-test-sources, process-test-sources, generate-test-resources, process-test-resources, test-compile, process-test-classes, test, prepare-package, package, pre-integration-test, integration-test, post-integration-test, verify, install, deploy]
[DEBUG] Lifecycle site -> [pre-site, site, post-site, site-deploy]
[DEBUG] === PROJECT BUILD PLAN ================================================
[DEBUG] Project:       MrYodaAPINew:MrYodaAPINew:0.0.1-SNAPSHOT
[DEBUG] Dependencies (collect): []
[DEBUG] Dependencies (resolve): [compile, test]
[DEBUG] Repositories (dependencies): [central (https://repo.maven.apache.org/maven2, default, releases)]
[DEBUG] Repositories (plugins)     : [central (https://repo.maven.apache.org/maven2, default, releases)]
[DEBUG] -----------------------------------------------------------------------
[DEBUG] Goal:          org.apache.maven.plugins:maven-resources-plugin:3.3.1:resources (default-resources)
[DEBUG] Style:         Regular
[DEBUG] Configuration: <?xml version="1.0" encoding="UTF-8"?>
<configuration>
  <addDefaultExcludes default-value="true"/>
  <buildFilters default-value="${project.build.filters}"/>
  <encoding default-value="${project.build.sourceEncoding}"/>
  <escapeWindowsPaths default-value="true"/>
  <fileNameFiltering default-value="false"/>
  <includeEmptyDirs default-value="false"/>
  <outputDirectory default-value="${project.build.outputDirectory}"/>
  <overwrite default-value="false"/>
  <project default-value="${project}"/>
  <resources default-value="${project.resources}"/>
  <session default-value="${session}"/>
  <skip default-value="false">${maven.resources.skip}</skip>
  <supportMultiLineFiltering default-value="false"/>
  <useBuildFilters default-value="true"/>
  <useDefaultDelimiters default-value="true"/>
</configuration>
[DEBUG] -----------------------------------------------------------------------
[DEBUG] Goal:          org.apache.maven.plugins:maven-compiler-plugin:3.11.0:compile (default-compile)
[DEBUG] Style:         Regular
[DEBUG] Configuration: <?xml version="1.0" encoding="UTF-8"?>
<configuration>
  <basedir default-value="${basedir}"/>
  <buildDirectory default-value="${project.build.directory}"/>
  <compilePath default-value="${project.compileClasspathElements}"/>
  <compileSourceRoots default-value="${project.compileSourceRoots}"/>
  <compilerArgs>
    <arg>-Xlint:deprecation</arg>
    <arg>-Xlint:unchecked</arg>
  </compilerArgs>
  <compilerId default-value="javac">${maven.compiler.compilerId}</compilerId>
  <compilerReuseStrategy default-value="${reuseCreated}">${maven.compiler.compilerReuseStrategy}</compilerReuseStrategy>
  <compilerVersion>${maven.compiler.compilerVersion}</compilerVersion>
  <createMissingPackageInfoClass default-value="true">${maven.compiler.createMissingPackageInfoClass}</createMissingPackageInfoClass>
  <debug default-value="true">${maven.compiler.debug}</debug>
  <debugFileName default-value="javac"/>
  <debuglevel>${maven.compiler.debuglevel}</debuglevel>
  <enablePreview default-value="false">${maven.compiler.enablePreview}</enablePreview>
  <encoding default-value="${project.build.sourceEncoding}">${encoding}</encoding>
  <executable>${maven.compiler.executable}</executable>
  <failOnError default-value="true">${maven.compiler.failOnError}</failOnError>
  <failOnWarning default-value="false">${maven.compiler.failOnWarning}</failOnWarning>
  <forceJavacCompilerUse default-value="false">${maven.compiler.forceJavacCompilerUse}</forceJavacCompilerUse>
  <fork default-value="false">${maven.compiler.fork}</fork>
  <generatedSourcesDirectory default-value="${project.build.directory}/generated-sources/annotations"/>
  <implicit>${maven.compiler.implicit}</implicit>
  <maxmem>${maven.compiler.maxmem}</maxmem>
  <meminitial>${maven.compiler.meminitial}</meminitial>
  <mojoExecution default-value="${mojoExecution}"/>
  <optimize default-value="false">${maven.compiler.optimize}</optimize>
  <outputDirectory default-value="${project.build.outputDirectory}"/>
  <parameters default-value="false">${maven.compiler.parameters}</parameters>
  <project default-value="${project}"/>
  <projectArtifact default-value="${project.artifact}"/>
  <release>11</release>
  <session default-value="${session}"/>
  <showCompilationChanges default-value="false">${maven.compiler.showCompilationChanges}</showCompilationChanges>
  <showDeprecation default-value="false">${maven.compiler.showDeprecation}</showDeprecation>
  <showWarnings default-value="true">${maven.compiler.showWarnings}</showWarnings>
  <skipMain>${maven.main.skip}</skipMain>
  <skipMultiThreadWarning default-value="false">${maven.compiler.skipMultiThreadWarning}</skipMultiThreadWarning>
  <source default-value="1.8">11</source>
  <staleMillis default-value="0">${lastModGranularityMs}</staleMillis>
  <target default-value="1.8">11</target>
  <useIncrementalCompilation default-value="true">${maven.compiler.useIncrementalCompilation}</useIncrementalCompilation>
  <verbose default-value="false">${maven.compiler.verbose}</verbose>
</configuration>
[DEBUG] -----------------------------------------------------------------------
[DEBUG] Goal:          org.apache.maven.plugins:maven-resources-plugin:3.3.1:testResources (default-testResources)
[DEBUG] Style:         Regular
[DEBUG] Configuration: <?xml version="1.0" encoding="UTF-8"?>
<configuration>
  <addDefaultExcludes default-value="true"/>
  <buildFilters default-value="${project.build.filters}"/>
  <encoding default-value="${project.build.sourceEncoding}"/>
  <escapeWindowsPaths default-value="true"/>
  <fileNameFiltering default-value="false"/>
  <includeEmptyDirs default-value="false"/>
  <outputDirectory default-value="${project.build.testOutputDirectory}"/>
  <overwrite default-value="false"/>
  <project default-value="${project}"/>
  <resources default-value="${project.testResources}"/>
  <session default-value="${session}"/>
  <skip default-value="false">${maven.test.skip}</skip>
  <supportMultiLineFiltering default-value="false"/>
  <useBuildFilters default-value="true"/>
  <useDefaultDelimiters default-value="true"/>
</configuration>
[DEBUG] -----------------------------------------------------------------------
[DEBUG] Goal:          org.apache.maven.plugins:maven-compiler-plugin:3.11.0:testCompile (default-testCompile)
[DEBUG] Style:         Regular
[DEBUG] Configuration: <?xml version="1.0" encoding="UTF-8"?>
<configuration>
  <basedir default-value="${basedir}"/>
  <buildDirectory default-value="${project.build.directory}"/>
  <compileSourceRoots default-value="${project.testCompileSourceRoots}"/>
  <compilerArgs>
    <arg>-Xlint:deprecation</arg>
    <arg>-Xlint:unchecked</arg>
  </compilerArgs>
  <compilerId default-value="javac">${maven.compiler.compilerId}</compilerId>
  <compilerReuseStrategy default-value="${reuseCreated}">${maven.compiler.compilerReuseStrategy}</compilerReuseStrategy>
  <compilerVersion>${maven.compiler.compilerVersion}</compilerVersion>
  <createMissingPackageInfoClass default-value="true">${maven.compiler.createMissingPackageInfoClass}</createMissingPackageInfoClass>
  <debug default-value="true">${maven.compiler.debug}</debug>
  <debugFileName default-value="javac-test"/>
  <debuglevel>${maven.compiler.debuglevel}</debuglevel>
  <enablePreview default-value="false">${maven.compiler.enablePreview}</enablePreview>
  <encoding default-value="${project.build.sourceEncoding}">${encoding}</encoding>
  <executable>${maven.compiler.executable}</executable>
  <failOnError default-value="true">${maven.compiler.failOnError}</failOnError>
  <failOnWarning default-value="false">${maven.compiler.failOnWarning}</failOnWarning>
  <forceJavacCompilerUse default-value="false">${maven.compiler.forceJavacCompilerUse}</forceJavacCompilerUse>
  <fork default-value="false">${maven.compiler.fork}</fork>
  <generatedTestSourcesDirectory default-value="${project.build.directory}/generated-test-sources/test-annotations"/>
  <implicit>${maven.compiler.implicit}</implicit>
  <maxmem>${maven.compiler.maxmem}</maxmem>
  <meminitial>${maven.compiler.meminitial}</meminitial>
  <mojoExecution default-value="${mojoExecution}"/>
  <optimize default-value="false">${maven.compiler.optimize}</optimize>
  <outputDirectory default-value="${project.build.testOutputDirectory}"/>
  <parameters default-value="false">${maven.compiler.parameters}</parameters>
  <project default-value="${project}"/>
  <release>11</release>
  <session default-value="${session}"/>
  <showCompilationChanges default-value="false">${maven.compiler.showCompilationChanges}</showCompilationChanges>
  <showDeprecation default-value="false">${maven.compiler.showDeprecation}</showDeprecation>
  <showWarnings default-value="true">${maven.compiler.showWarnings}</showWarnings>
  <skip>${maven.test.skip}</skip>
  <skipMultiThreadWarning default-value="false">${maven.compiler.skipMultiThreadWarning}</skipMultiThreadWarning>
  <source default-value="1.8">11</source>
  <staleMillis default-value="0">${lastModGranularityMs}</staleMillis>
  <target default-value="1.8">11</target>
  <testPath default-value="${project.testClasspathElements}"/>
  <testRelease>${maven.compiler.testRelease}</testRelease>
  <testSource>${maven.compiler.testSource}</testSource>
  <testTarget>${maven.compiler.testTarget}</testTarget>
  <useIncrementalCompilation default-value="true">${maven.compiler.useIncrementalCompilation}</useIncrementalCompilation>
  <useModulePath default-value="true"/>
  <verbose default-value="false">${maven.compiler.verbose}</verbose>
</configuration>
[DEBUG] -----------------------------------------------------------------------
[DEBUG] Goal:          org.apache.maven.plugins:maven-surefire-plugin:3.1.2:test (default-test)
[DEBUG] Style:         Regular
[DEBUG] Configuration: <?xml version="1.0" encoding="UTF-8"?>
<configuration>
  <additionalClasspathElements>${maven.test.additionalClasspath}</additionalClasspathElements>
  <argLine>${argLine}</argLine>
  <basedir default-value="${basedir}"/>
  <childDelegation default-value="false">${childDelegation}</childDelegation>
  <classesDirectory default-value="${project.build.outputDirectory}"/>
  <classpathDependencyExcludes>${maven.test.dependency.excludes}</classpathDependencyExcludes>
  <debugForkedProcess>${maven.surefire.debug}</debugForkedProcess>
  <dependenciesToScan>${dependenciesToScan}</dependenciesToScan>
  <disableXmlReport default-value="false">${disableXmlReport}</disableXmlReport>
  <enableAssertions default-value="true">${enableAssertions}</enableAssertions>
  <enableProcessChecker>${surefire.enableProcessChecker}</enableProcessChecker>
  <encoding default-value="${project.reporting.outputEncoding}">${surefire.encoding}</encoding>
  <excludeJUnit5Engines>${surefire.excludeJUnit5Engines}</excludeJUnit5Engines>
  <excludedEnvironmentVariables>${surefire.excludedEnvironmentVariables}</excludedEnvironmentVariables>
  <excludedGroups>${excludedGroups}</excludedGroups>
  <excludes>${surefire.excludes}</excludes>
  <excludesFile>${surefire.excludesFile}</excludesFile>
  <failIfNoSpecifiedTests default-value="true">${surefire.failIfNoSpecifiedTests}</failIfNoSpecifiedTests>
  <failIfNoTests default-value="false">${failIfNoTests}</failIfNoTests>
  <failOnFlakeCount default-value="0">${surefire.failOnFlakeCount}</failOnFlakeCount>
  <forkCount default-value="1">${forkCount}</forkCount>
  <forkNode>${surefire.forkNode}</forkNode>
  <forkedProcessExitTimeoutInSeconds default-value="30">${surefire.exitTimeout}</forkedProcessExitTimeoutInSeconds>
  <forkedProcessTimeoutInSeconds>${surefire.timeout}</forkedProcessTimeoutInSeconds>
  <groups>${groups}</groups>
  <includeJUnit5Engines>${surefire.includeJUnit5Engines}</includeJUnit5Engines>
  <includes>${surefire.includes}</includes>
  <includesFile>${surefire.includesFile}</includesFile>
  <junitArtifactName default-value="junit:junit">${junitArtifactName}</junitArtifactName>
  <jvm>${jvm}</jvm>
  <objectFactory>${objectFactory}</objectFactory>
  <parallel>${parallel}</parallel>
  <parallelMavenExecution default-value="${session.parallel}"/>
  <parallelOptimized default-value="true">${parallelOptimized}</parallelOptimized>
  <parallelTestsTimeoutForcedInSeconds>${surefire.parallel.forcedTimeout}</parallelTestsTimeoutForcedInSeconds>
  <parallelTestsTimeoutInSeconds>${surefire.parallel.timeout}</parallelTestsTimeoutInSeconds>
  <perCoreThreadCount default-value="true">${perCoreThreadCount}</perCoreThreadCount>
  <pluginArtifactMap>${plugin.artifactMap}</pluginArtifactMap>
  <pluginDescriptor default-value="${plugin}"/>
  <printSummary default-value="true">${surefire.printSummary}</printSummary>
  <project default-value="${project}"/>
  <projectArtifactMap>${project.artifactMap}</projectArtifactMap>
  <projectBuildDirectory default-value="${project.build.directory}"/>
  <redirectTestOutputToFile default-value="false">${maven.test.redirectTestOutputToFile}</redirectTestOutputToFile>
  <reportFormat default-value="brief">${surefire.reportFormat}</reportFormat>
  <reportNameSuffix default-value="">${surefire.reportNameSuffix}</reportNameSuffix>
  <reportsDirectory default-value="${project.build.directory}/surefire-reports"/>
  <rerunFailingTestsCount default-value="0">${surefire.rerunFailingTestsCount}</rerunFailingTestsCount>
  <reuseForks default-value="true">${reuseForks}</reuseForks>
  <runOrder default-value="filesystem">${surefire.runOrder}</runOrder>
  <runOrderRandomSeed>${surefire.runOrder.random.seed}</runOrderRandomSeed>
  <session default-value="${session}"/>
  <shutdown default-value="exit">${surefire.shutdown}</shutdown>
  <skip default-value="false">${maven.test.skip}</skip>
  <skipAfterFailureCount default-value="0">${surefire.skipAfterFailureCount}</skipAfterFailureCount>
  <skipExec>${maven.test.skip.exec}</skipExec>
  <skipTests default-value="false">${skipTests}</skipTests>
  <suiteXmlFiles>
    <suiteXmlFile>testng_new_user.xml</suiteXmlFile>${surefire.suiteXmlFiles}</suiteXmlFiles>
  <systemPropertiesFile>${surefire.systemPropertiesFile}</systemPropertiesFile>
  <tempDir default-value="surefire">${tempDir}</tempDir>
  <test>${test}</test>
  <testClassesDirectory default-value="${project.build.testOutputDirectory}"/>
  <testFailureIgnore default-value="false">false</testFailureIgnore>
  <testNGArtifactName default-value="org.testng:testng">${testNGArtifactName}</testNGArtifactName>
  <testSourceDirectory default-value="${project.build.testSourceDirectory}"/>
  <threadCount>${threadCount}</threadCount>
  <threadCountClasses default-value="0">${threadCountClasses}</threadCountClasses>
  <threadCountMethods default-value="0">${threadCountMethods}</threadCountMethods>
  <threadCountSuites default-value="0">${threadCountSuites}</threadCountSuites>
  <trimStackTrace default-value="false">${trimStackTrace}</trimStackTrace>
  <useFile default-value="true">${surefire.useFile}</useFile>
  <useManifestOnlyJar default-value="true">false</useManifestOnlyJar>
  <useModulePath default-value="true">${surefire.useModulePath}</useModulePath>
  <useSystemClassLoader default-value="true">true</useSystemClassLoader>
  <useUnlimitedThreads default-value="false">${useUnlimitedThreads}</useUnlimitedThreads>
  <workingDirectory>${basedir}</workingDirectory>
</configuration>
[DEBUG] =======================================================================
[DEBUG] Using mirror maven-default-http-blocker (http://0.0.0.0/) for apache.snapshots (http://repository.apache.org/snapshots).
[DEBUG] Dependency collection stats {ConflictMarker.analyzeTime=1348900, ConflictMarker.markTime=245700, ConflictMarker.nodeCount=158, ConflictIdSorter.graphTime=634500, ConflictIdSorter.topsortTime=555600, ConflictIdSorter.conflictIdCount=81, ConflictIdSorter.conflictIdCycleCount=0, ConflictResolver.totalTime=10637400, ConflictResolver.conflictItemCount=133, DfDependencyCollector.collectTime=641424000, DfDependencyCollector.transformTime=16250600}
[DEBUG] MrYodaAPINew:MrYodaAPINew:jar:0.0.1-SNAPSHOT
[DEBUG]    io.rest-assured:rest-assured:jar:5.3.2:compile
[DEBUG]       org.apache.groovy:groovy:jar:4.0.11:compile
[DEBUG]       org.apache.groovy:groovy-xml:jar:4.0.11:compile
[DEBUG]       org.apache.httpcomponents:httpclient:jar:4.5.13:compile
[DEBUG]          org.apache.httpcomponents:httpcore:jar:4.4.13:compile
[DEBUG]          commons-logging:commons-logging:jar:1.2:compile
[DEBUG]       org.apache.httpcomponents:httpmime:jar:4.5.13:compile
[DEBUG]       org.ccil.cowan.tagsoup:tagsoup:jar:1.2.1:compile
[DEBUG]    io.rest-assured:json-path:jar:5.3.2:compile
[DEBUG]       org.apache.groovy:groovy-json:jar:4.0.11:compile
[DEBUG]       io.rest-assured:rest-assured-common:jar:5.3.2:compile
[DEBUG]    io.rest-assured:xml-path:jar:5.3.2:compile
[DEBUG]       org.apache.commons:commons-lang3:jar:3.11:compile
[DEBUG]    org.json:json:jar:20231013:compile
[DEBUG]    io.rest-assured:json-schema-validator:jar:5.3.2:compile
[DEBUG]       com.github.java-json-tools:json-schema-validator:jar:2.2.14:compile
[DEBUG]          com.github.java-json-tools:jackson-coreutils-equivalence:jar:1.0:compile
[DEBUG]             com.github.java-json-tools:jackson-coreutils:jar:2.0:compile
[DEBUG]                com.github.java-json-tools:msg-simple:jar:1.2:compile
[DEBUG]                   com.github.java-json-tools:btf:jar:1.3:compile
[DEBUG]          com.github.java-json-tools:json-schema-core:jar:1.2.14:compile
[DEBUG]             com.github.java-json-tools:uri-template:jar:0.10:compile
[DEBUG]             org.mozilla:rhino:jar:1.7.7.2:compile
[DEBUG]          com.sun.mail:mailapi:jar:1.6.2:compile
[DEBUG]          joda-time:joda-time:jar:2.10.5:compile
[DEBUG]          com.googlecode.libphonenumber:libphonenumber:jar:8.11.1:compile
[DEBUG]          com.google.code.findbugs:jsr305:jar:3.0.2:compile
[DEBUG]          net.sf.jopt-simple:jopt-simple:jar:5.0.4:compile
[DEBUG]       com.google.guava:guava:jar:32.0.1-jre:compile
[DEBUG]          com.google.guava:failureaccess:jar:1.0.1:compile
[DEBUG]          com.google.guava:listenablefuture:jar:9999.0-empty-to-avoid-conflict-with-guava:compile
[DEBUG]          org.checkerframework:checker-qual:jar:3.33.0:compile
[DEBUG]          com.google.errorprone:error_prone_annotations:jar:2.18.0:compile
[DEBUG]          com.google.j2objc:j2objc-annotations:jar:2.8:compile
[DEBUG]    org.testng:testng:jar:7.8.0:compile
[DEBUG]       org.slf4j:slf4j-api:jar:1.7.36:compile
[DEBUG]       com.beust:jcommander:jar:1.82:compile
[DEBUG]       org.webjars:jquery:jar:3.6.1:runtime
[DEBUG]    com.fasterxml.jackson.core:jackson-databind:jar:2.15.3:compile
[DEBUG]    com.fasterxml.jackson.core:jackson-core:jar:2.15.3:compile
[DEBUG]    com.fasterxml.jackson.core:jackson-annotations:jar:2.15.3:compile
[DEBUG]    com.google.code.gson:gson:jar:2.10.1:compile
[DEBUG]    com.aventstack:extentreports:jar:5.1.1:compile
[DEBUG]       io.reactivex.rxjava3:rxjava:jar:3.1.6:compile
[DEBUG]          org.reactivestreams:reactive-streams:jar:1.0.4:compile
[DEBUG]       org.freemarker:freemarker:jar:2.3.32:compile
[DEBUG]    io.qameta.allure:allure-testng:jar:2.24.0:compile
[DEBUG]       io.qameta.allure:allure-java-commons:jar:2.24.0:compile
[DEBUG]          io.qameta.allure:allure-model:jar:2.24.0:compile
[DEBUG]       io.qameta.allure:allure-test-filter:jar:2.24.0:runtime
[DEBUG]    io.qameta.allure:allure-rest-assured:jar:2.24.0:compile
[DEBUG]       io.qameta.allure:allure-attachments:jar:2.24.0:compile
[DEBUG]    org.apache.logging.log4j:log4j-core:jar:2.20.0:compile
[DEBUG]    org.apache.logging.log4j:log4j-api:jar:2.20.0:compile
[DEBUG]    org.apache.logging.log4j:log4j-slf4j-impl:jar:2.20.0:compile
[DEBUG]    org.apache.poi:poi:jar:5.2.4:compile
[DEBUG]       commons-codec:commons-codec:jar:1.16.0:compile
[DEBUG]       org.apache.commons:commons-collections4:jar:4.4:compile
[DEBUG]       org.apache.commons:commons-math3:jar:3.6.1:compile
[DEBUG]       commons-io:commons-io:jar:2.13.0:compile
[DEBUG]       com.zaxxer:SparseBitSet:jar:1.3:compile
[DEBUG]    org.apache.poi:poi-ooxml:jar:5.2.4:compile
[DEBUG]       org.apache.poi:poi-ooxml-lite:jar:5.2.4:compile
[DEBUG]       org.apache.xmlbeans:xmlbeans:jar:5.1.1:compile
[DEBUG]       org.apache.commons:commons-compress:jar:1.24.0:compile
[DEBUG]       com.github.virtuald:curvesapi:jar:1.08:compile
[DEBUG]    com.github.javafaker:javafaker:jar:1.0.2:compile
[DEBUG]       org.yaml:snakeyaml:jar:android:1.23:compile
[DEBUG]       com.github.mifmif:generex:jar:1.0.2:compile
[DEBUG]          dk.brics.automaton:automaton:jar:1.11-8:compile
[DEBUG]    org.projectlombok:lombok:jar:1.18.30:provided
[DEBUG]    org.aeonbits.owner:owner:jar:1.0.12:compile
[DEBUG]    org.assertj:assertj-core:jar:3.24.2:compile
[DEBUG]       net.bytebuddy:byte-buddy:jar:1.12.21:compile
[DEBUG]    org.hamcrest:hamcrest:jar:2.2:compile
[DEBUG]    com.razorpay:razorpay-java:jar:1.4.6:compile
[DEBUG]       com.squareup.okhttp3:okhttp:jar:3.10.0:compile
[DEBUG]          com.squareup.okio:okio:jar:1.14.0:compile
[DEBUG]       com.squareup.okhttp3:logging-interceptor:jar:3.10.0:compile
[DEBUG]       org.apache.commons:commons-text:jar:1.3:compile
[INFO] 
[INFO] --- resources:3.3.1:resources (default-resources) @ MrYodaAPINew ---
[DEBUG] Dependency collection stats {ConflictMarker.analyzeTime=52000, ConflictMarker.markTime=68800, ConflictMarker.nodeCount=13, ConflictIdSorter.graphTime=15600, ConflictIdSorter.topsortTime=13700, ConflictIdSorter.conflictIdCount=9, ConflictIdSorter.conflictIdCycleCount=0, ConflictResolver.totalTime=246900, ConflictResolver.conflictItemCount=13, DfDependencyCollector.collectTime=50031800, DfDependencyCollector.transformTime=415500}
[DEBUG] org.apache.maven.plugins:maven-resources-plugin:jar:3.3.1
[DEBUG]    org.codehaus.plexus:plexus-interpolation:jar:1.26:runtime
[DEBUG]    org.codehaus.plexus:plexus-utils:jar:3.5.1:compile
[DEBUG]    org.apache.maven.shared:maven-filtering:jar:3.3.1:compile
[DEBUG]       javax.inject:javax.inject:jar:1:compile
[DEBUG]       org.slf4j:slf4j-api:jar:1.7.36:compile
[DEBUG]       org.sonatype.plexus:plexus-build-api:jar:0.0.7:compile
[DEBUG]    commons-io:commons-io:jar:2.11.0:compile
[DEBUG]    org.apache.commons:commons-lang3:jar:3.12.0:compile
[DEBUG] Created new class realm plugin>org.apache.maven.plugins:maven-resources-plugin:3.3.1
[DEBUG] Importing foreign packages into class realm plugin>org.apache.maven.plugins:maven-resources-plugin:3.3.1
[DEBUG]   Imported:  < maven.api
[DEBUG] Populating class realm plugin>org.apache.maven.plugins:maven-resources-plugin:3.3.1
[DEBUG]   Included: org.apache.maven.plugins:maven-resources-plugin:jar:3.3.1
[DEBUG]   Included: org.codehaus.plexus:plexus-interpolation:jar:1.26
[DEBUG]   Included: org.codehaus.plexus:plexus-utils:jar:3.5.1
[DEBUG]   Included: org.apache.maven.shared:maven-filtering:jar:3.3.1
[DEBUG]   Included: org.sonatype.plexus:plexus-build-api:jar:0.0.7
[DEBUG]   Included: commons-io:commons-io:jar:2.11.0
[DEBUG]   Included: org.apache.commons:commons-lang3:jar:3.12.0
[DEBUG] Loading mojo org.apache.maven.plugins:maven-resources-plugin:3.3.1:resources from plugin realm ClassRealm[plugin>org.apache.maven.plugins:maven-resources-plugin:3.3.1, parent: jdk.internal.loader.ClassLoaders$AppClassLoader@73d16e93]
[DEBUG] Configuring mojo execution 'org.apache.maven.plugins:maven-resources-plugin:3.3.1:resources:default-resources' with basic configurator -->
[DEBUG]   (f) addDefaultExcludes = true
[DEBUG]   (f) buildFilters = []
[DEBUG]   (f) encoding = UTF-8
[DEBUG]   (f) escapeWindowsPaths = true
[DEBUG]   (f) fileNameFiltering = false
[DEBUG]   (s) includeEmptyDirs = false
[DEBUG]   (s) outputDirectory = C:\Users\RANJITH\Pictures\MrYodaAPINew\target\classes
[DEBUG]   (s) overwrite = false
[DEBUG]   (f) project = MavenProject: MrYodaAPINew:MrYodaAPINew:0.0.1-SNAPSHOT @ C:\Users\RANJITH\Pictures\MrYodaAPINew\pom.xml
[DEBUG]   (s) resources = [Resource {targetPath: null, filtering: false, FileSet {directory: C:\Users\RANJITH\Pictures\MrYodaAPINew\src\main\resources, PatternSet [includes: {}, excludes: {}]}}]
[DEBUG]   (f) session = org.apache.maven.execution.MavenSession@7fb29ca9
[DEBUG]   (f) skip = false
[DEBUG]   (f) supportMultiLineFiltering = false
[DEBUG]   (f) useBuildFilters = true
[DEBUG]   (s) useDefaultDelimiters = true
[DEBUG] -- end configuration --
[DEBUG] properties used:
[DEBUG] allure.version: 2.24.0
[DEBUG] classworlds.conf: C:\Users\RANJITH\Downloads\apache-maven-3.9.11-bin\apache-maven-3.9.11\bin\m2.conf
[DEBUG] env.=C:: C:\Users\RANJITH\Pictures\MrYodaAPINew
[DEBUG] env.=EXITCODE: 00000000
[DEBUG] env.ALLUSERSPROFILE: C:\ProgramData
[DEBUG] env.ANDROID_HOME: C:\Users\RANJITH\AppData\Local\Android\Sdk
[DEBUG] env.ANTIGRAVITY_AGENT: 1
[DEBUG] env.ANTIGRAVITY_CLI_ALIAS: agy
[DEBUG] env.APPDATA: C:\Users\RANJITH\AppData\Roaming
[DEBUG] env.CHOCOLATEYINSTALL: C:\ProgramData\chocolatey
[DEBUG] env.CHOCOLATEYLASTPATHUPDATE: 134068475517799184
[DEBUG] env.CHROME_CRASHPAD_PIPE_NAME: \\.\pipe\crashpad_9524_JPYPIVVYUCAZSOHJ
[DEBUG] env.CLASSWORLDS_JAR: "C:\Users\RANJITH\Downloads\apache-maven-3.9.11-bin\apache-maven-3.9.11\boot\plexus-classworlds-2.9.0.jar"
[DEBUG] env.CLASSWORLDS_LAUNCHER: org.codehaus.plexus.classworlds.launcher.Launcher
[DEBUG] env.COLORTERM: truecolor
[DEBUG] env.COMMONPROGRAMFILES: C:\Program Files\Common Files
[DEBUG] env.COMMONPROGRAMFILES(X86): C:\Program Files (x86)\Common Files
[DEBUG] env.COMMONPROGRAMW6432: C:\Program Files\Common Files
[DEBUG] env.COMPUTERNAME: 1FJD5W3
[DEBUG] env.COMSPEC: C:\WINDOWS\system32\cmd.exe
[DEBUG] env.DRIVERDATA: C:\Windows\System32\Drivers\DriverData
[DEBUG] env.EFC_9564_1262719628: 1
[DEBUG] env.EFC_9564_1592913036: 1
[DEBUG] env.EFC_9564_2283032206: 1
[DEBUG] env.EFC_9564_2775293581: 1
[DEBUG] env.EFC_9564_3789132940: 1
[DEBUG] env.ERROR_CODE: 0
[DEBUG] env.EXEC_DIR: C:\Users\RANJITH\Pictures\MrYodaAPINew
[DEBUG] env.FPS_BROWSER_APP_PROFILE_STRING: Internet Explorer
[DEBUG] env.FPS_BROWSER_USER_PROFILE_STRING: Default
[DEBUG] env.GIT_ASKPASS: c:\Users\RANJITH\AppData\Local\Programs\Antigravity\resources\app\extensions\git\dist\askpass.sh
[DEBUG] env.HOMEDRIVE: C:
[DEBUG] env.HOMEPATH: \Users\RANJITH
[DEBUG] env.JAVACMD: C:\Program Files\jdk-17.0.12\bin\java.exe
[DEBUG] env.JVMCONFIG: \.mvn\jvm.config
[DEBUG] env.LANG: en_US.UTF-8
[DEBUG] env.LOCALAPPDATA: C:\Users\RANJITH\AppData\Local
[DEBUG] env.LOGONSERVER: \\1FJD5W3
[DEBUG] env.MAVEN_CMD_LINE_ARGS: test -DsuiteXmlFile=testng_new_user.xml -X
[DEBUG] env.MAVEN_HOME: C:\Users\RANJITH\Downloads\apache-maven-3.9.11-bin\apache-maven-3.9.11
[DEBUG] env.MAVEN_OPTS: --enable-native-access=ALL-UNNAMED 
[DEBUG] env.MAVEN_PROJECTBASEDIR: C:\Users\RANJITH\Pictures\MrYodaAPINew
[DEBUG] env.NUMBER_OF_PROCESSORS: 8
[DEBUG] env.ONEDRIVE: C:\Users\RANJITH\OneDrive - Labsquire Inc
[DEBUG] env.ONEDRIVECOMMERCIAL: C:\Users\RANJITH\OneDrive - Labsquire Inc
[DEBUG] env.ORIGINAL_XDG_CURRENT_DESKTOP: undefined
[DEBUG] env.OS: Windows_NT
[DEBUG] env.PAGER: cat
[DEBUG] env.PATH: C:\Program Files\PowerShell\7;C:\Python314\Scripts\;C:\Python314\;C:\WINDOWS\system32;C:\WINDOWS;C:\WINDOWS\System32\Wbem;C:\WINDOWS\System32\WindowsPowerShell\v1.0\;C:\WINDOWS\System32\OpenSSH\;C:\Program Files\dotnet\;C:\Users\VISHNU\Downloads\flutter\bin;C:\Program Files\jdk-17.0.12\bin;C:\Users\RANJITH\Downloads\VSCode-win32-x64-1.105.1;C:\ProgramData\chocolatey\bin;C:\Program Files\nodejs\;C:\Users\RANJITH\Downloads\apache-maven-3.9.11-bin\apache-maven-3.9.11\bin;C:\Users\RANJITH\AppData\Local\Android\Sdk\platform-tools;C:\Users\RANJITH\AppData\Local\Android\Sdk\platform-tools;C:\Users\RANJITH\AppData\Local\Android\Sdk\tools;C:\Program Files\GitHub CLI\;C:\Program Files\PowerShell\7\;C:\Program Files (x86)\Microsoft SQL Server\160\Tools\Binn\;C:\Program Files\Microsoft SQL Server\160\Tools\Binn\;C:\Program Files\Microsoft SQL Server\Client SDK\ODBC\170\Tools\Binn\;C:\Program Files\Microsoft SQL Server\160\DTS\Binn\;C:/Users/RANJITH/.p2/pool/plugins/org.eclipse.justj.openjdk.hotspot.jre.full.win32.x86_64_21.0.9.v20251105-0741/jre/bin/server;C:/Users/RANJITH/.p2/pool/plugins/org.eclipse.justj.openjdk.hotspot.jre.full.win32.x86_64_21.0.9.v20251105-0741/jre/bin;C:\Python314\Scripts\;C:\Python314\;C:\WINDOWS\system32;C:\WINDOWS;C:\WINDOWS\System32\Wbem;C:\WINDOWS\System32\WindowsPowerShell\v1.0\;C:\WINDOWS\System32\OpenSSH\;C:\Program Files\dotnet\;C:\Users\VISHNU\Downloads\flutter\bin;C:\Program Files\jdk-17.0.12\bin;C:\Users\RANJITH\Downloads\VSCode-win32-x64-1.105.1;C:\ProgramData\chocolatey\bin;C:\Program Files\nodejs\;C:\Users\RANJITH\AppData\Local\Microsoft\WindowsApps;C:\Users\RANJITH\AppData\Roaming\npm;C:\Users\RANJITH\eclipse\java-2025-09\eclipse;;C:\Users\RANJITH\AppData\Roaming\Python\Python314\Scripts;C:\Users\RANJITH\AppData\Local\Pandoc\;C:\Users\RANJITH\AppData\Local\Microsoft\WinGet\Packages\GitHub.Copilot_Microsoft.Winget.Source_8wekyb3d8bbwe;C:\Users\RANJITH\AppData\Local\Programs\Antigravity\bin;c:\Users\RANJITH\.antigravity\extensions\vscjava.vscode-java-debug-0.58.4-universal\bundled\scripts\noConfigScripts
[DEBUG] env.PATHEXT: .COM;.EXE;.BAT;.CMD;.VBS;.VBE;.JS;.JSE;.WSF;.WSH;.MSC;.PY;.PYW;.CPL
[DEBUG] env.POWERSHELL_DISTRIBUTION_CHANNEL: MSI:Windows 10 Home Single Language
[DEBUG] env.PROCESSOR_ARCHITECTURE: AMD64
[DEBUG] env.PROCESSOR_IDENTIFIER: Intel64 Family 6 Model 140 Stepping 1, GenuineIntel
[DEBUG] env.PROCESSOR_LEVEL: 6
[DEBUG] env.PROCESSOR_REVISION: 8c01
[DEBUG] env.PROGRAMDATA: C:\ProgramData
[DEBUG] env.PROGRAMFILES: C:\Program Files
[DEBUG] env.PROGRAMFILES(X86): C:\Program Files (x86)
[DEBUG] env.PROGRAMW6432: C:\Program Files
[DEBUG] env.PROMPT: $P$G
[DEBUG] env.PSMODULEPATH: C:\Users\RANJITH\Documents\PowerShell\Modules;C:\Program Files\PowerShell\Modules;c:\program files\powershell\7\Modules;C:\Program Files\WindowsPowerShell\Modules;C:\WINDOWS\system32\WindowsPowerShell\v1.0\Modules;C:\Program Files (x86)\Microsoft SQL Server\160\Tools\PowerShell\Modules\
[DEBUG] env.PUBLIC: C:\Users\Public
[DEBUG] env.SESSIONNAME: Console
[DEBUG] env.SYSTEMDRIVE: C:
[DEBUG] env.SYSTEMROOT: C:\WINDOWS
[DEBUG] env.TEMP: C:\Users\RANJITH\AppData\Local\Temp
[DEBUG] env.TERM_PROGRAM: vscode
[DEBUG] env.TERM_PROGRAM_VERSION: 1.104.0
[DEBUG] env.TMP: C:\Users\RANJITH\AppData\Local\Temp
[DEBUG] env.USERDOMAIN: 1FJD5W3
[DEBUG] env.USERDOMAIN_ROAMINGPROFILE: 1FJD5W3
[DEBUG] env.USERNAME: RANJITH
[DEBUG] env.USERPROFILE: C:\Users\RANJITH
[DEBUG] env.VSCODE_GIT_ASKPASS_EXTRA_ARGS: 
[DEBUG] env.VSCODE_GIT_ASKPASS_MAIN: c:\Users\RANJITH\AppData\Local\Programs\Antigravity\resources\app\extensions\git\dist\askpass-main.js
[DEBUG] env.VSCODE_GIT_ASKPASS_NODE: C:\Users\RANJITH\AppData\Local\Programs\Antigravity\Antigravity.exe
[DEBUG] env.VSCODE_GIT_IPC_HANDLE: \\.\pipe\vscode-git-4cd3aa90f9-sock
[DEBUG] env.VSCODE_INJECTION: 1
[DEBUG] env.VSCODE_JAVA_EXEC: C:\Program Files\jdk-17.0.12\bin\java
[DEBUG] env.VSCODE_JDWP_ADAPTER_ENDPOINTS: c:\Users\RANJITH\.antigravity\extensions\vscjava.vscode-java-debug-0.58.4-universal\.noConfigDebugAdapterEndpoints\endpoint-5508efd3f5cd7d42.txt
[DEBUG] env.VSCODE_PYTHON_AUTOACTIVATE_GUARD: 1
[DEBUG] env.WDIR: C:\
[DEBUG] env.WINDIR: C:\WINDOWS
[DEBUG] env.ZES_ENABLE_SYSMAN: 1
[DEBUG] extentreports.version: 5.1.1
[DEBUG] file.encoding: Cp1252
[DEBUG] file.separator: \
[DEBUG] jackson.version: 2.15.3
[DEBUG] java.class.path: C:\Users\RANJITH\Downloads\apache-maven-3.9.11-bin\apache-maven-3.9.11\boot\plexus-classworlds-2.9.0.jar
[DEBUG] java.class.version: 61.0
[DEBUG] java.home: C:\Program Files\jdk-17.0.12
[DEBUG] java.io.tmpdir: C:\Users\RANJITH\AppData\Local\Temp\
[DEBUG] java.library.path: C:\Program Files\jdk-17.0.12\bin;C:\WINDOWS\Sun\Java\bin;C:\WINDOWS\system32;C:\WINDOWS;C:\Program Files\PowerShell\7;C:\Python314\Scripts\;C:\Python314\;C:\WINDOWS\system32;C:\WINDOWS;C:\WINDOWS\System32\Wbem;C:\WINDOWS\System32\WindowsPowerShell\v1.0\;C:\WINDOWS\System32\OpenSSH\;C:\Program Files\dotnet\;C:\Users\VISHNU\Downloads\flutter\bin;C:\Program Files\jdk-17.0.12\bin;C:\Users\RANJITH\Downloads\VSCode-win32-x64-1.105.1;C:\ProgramData\chocolatey\bin;C:\Program Files\nodejs\;C:\Users\RANJITH\Downloads\apache-maven-3.9.11-bin\apache-maven-3.9.11\bin;C:\Users\RANJITH\AppData\Local\Android\Sdk\platform-tools;C:\Users\RANJITH\AppData\Local\Android\Sdk\platform-tools;C:\Users\RANJITH\AppData\Local\Android\Sdk\tools;C:\Program Files\GitHub CLI\;C:\Program Files\PowerShell\7\;C:\Program Files (x86)\Microsoft SQL Server\160\Tools\Binn\;C:\Program Files\Microsoft SQL Server\160\Tools\Binn\;C:\Program Files\Microsoft SQL Server\Client SDK\ODBC\170\Tools\Binn\;C:\Program Files\Microsoft SQL Server\160\DTS\Binn\;C:/Users/RANJITH/.p2/pool/plugins/org.eclipse.justj.openjdk.hotspot.jre.full.win32.x86_64_21.0.9.v20251105-0741/jre/bin/server;C:/Users/RANJITH/.p2/pool/plugins/org.eclipse.justj.openjdk.hotspot.jre.full.win32.x86_64_21.0.9.v20251105-0741/jre/bin;C:\Python314\Scripts\;C:\Python314\;C:\WINDOWS\system32;C:\WINDOWS;C:\WINDOWS\System32\Wbem;C:\WINDOWS\System32\WindowsPowerShell\v1.0\;C:\WINDOWS\System32\OpenSSH\;C:\Program Files\dotnet\;C:\Users\VISHNU\Downloads\flutter\bin;C:\Program Files\jdk-17.0.12\bin;C:\Users\RANJITH\Downloads\VSCode-win32-x64-1.105.1;C:\ProgramData\chocolatey\bin;C:\Program Files\nodejs\;C:\Users\RANJITH\AppData\Local\Microsoft\WindowsApps;C:\Users\RANJITH\AppData\Roaming\npm;C:\Users\RANJITH\eclipse\java-2025-09\eclipse;;C:\Users\RANJITH\AppData\Roaming\Python\Python314\Scripts;C:\Users\RANJITH\AppData\Local\Pandoc\;C:\Users\RANJITH\AppData\Local\Microsoft\WinGet\Packages\GitHub.Copilot_Microsoft.Winget.Source_8wekyb3d8bbwe;C:\Users\RANJITH\AppData\Local\Programs\Antigravity\bin;c:\Users\RANJITH\.antigravity\extensions\vscjava.vscode-java-debug-0.58.4-universal\bundled\scripts\noConfigScripts;.
[DEBUG] java.runtime.name: Java(TM) SE Runtime Environment
[DEBUG] java.runtime.version: 17.0.12+8-LTS-286
[DEBUG] java.specification.name: Java Platform API Specification
[DEBUG] java.specification.vendor: Oracle Corporation
[DEBUG] java.specification.version: 17
[DEBUG] java.vendor: Oracle Corporation
[DEBUG] java.vendor.url: https://java.oracle.com/
[DEBUG] java.vendor.url.bug: https://bugreport.java.com/bugreport/
[DEBUG] java.version: 17.0.12
[DEBUG] java.version.date: 2024-07-16
[DEBUG] java.vm.compressedOopsMode: Zero based
[DEBUG] java.vm.info: mixed mode, sharing
[DEBUG] java.vm.name: Java HotSpot(TM) 64-Bit Server VM
[DEBUG] java.vm.specification.name: Java Virtual Machine Specification
[DEBUG] java.vm.specification.vendor: Oracle Corporation
[DEBUG] java.vm.specification.version: 17
[DEBUG] java.vm.vendor: Oracle Corporation
[DEBUG] java.vm.version: 17.0.12+8-LTS-286
[DEBUG] jdk.debug: release
[DEBUG] library.jansi.path: C:\Users\RANJITH\Downloads\apache-maven-3.9.11-bin\apache-maven-3.9.11\lib\jansi-native
[DEBUG] line.separator: 

[DEBUG] log4j.version: 2.20.0
[DEBUG] maven.build.timestamp: 2025-12-26T17:37:07Z
[DEBUG] maven.build.version: Apache Maven 3.9.11 (3e54c93a704957b63ee3494413a2b544fd3d825b)
[DEBUG] maven.compiler.source: 11
[DEBUG] maven.compiler.target: 11
[DEBUG] maven.conf: C:\Users\RANJITH\Downloads\apache-maven-3.9.11-bin\apache-maven-3.9.11/conf
[DEBUG] maven.home: C:\Users\RANJITH\Downloads\apache-maven-3.9.11-bin\apache-maven-3.9.11
[DEBUG] maven.multiModuleProjectDirectory: C:\Users\RANJITH\Pictures\MrYodaAPINew
[DEBUG] maven.version: 3.9.11
[DEBUG] native.encoding: Cp1252
[DEBUG] os.arch: amd64
[DEBUG] os.name: Windows 11
[DEBUG] os.version: 10.0
[DEBUG] path.separator: ;
[DEBUG] project.baseUri: file:/C:/Users/RANJITH/Pictures/MrYodaAPINew/
[DEBUG] project.build.sourceEncoding: UTF-8
[DEBUG] restassured.version: 5.3.2
[DEBUG] suiteXmlFile: testng_new_user.xml
[DEBUG] sun.arch.data.model: 64
[DEBUG] sun.boot.library.path: C:\Program Files\jdk-17.0.12\bin
[DEBUG] sun.cpu.endian: little
[DEBUG] sun.cpu.isalist: amd64
[DEBUG] sun.io.unicode.encoding: UnicodeLittle
[DEBUG] sun.java.command: org.codehaus.plexus.classworlds.launcher.Launcher test -DsuiteXmlFile=testng_new_user.xml -X
[DEBUG] sun.java.launcher: SUN_STANDARD
[DEBUG] sun.jnu.encoding: Cp1252
[DEBUG] sun.management.compiler: HotSpot 64-Bit Tiered Compilers
[DEBUG] sun.os.patch.level: 
[DEBUG] testng.version: 7.8.0
[DEBUG] user.country: IN
[DEBUG] user.dir: C:\Users\RANJITH\Pictures\MrYodaAPINew
[DEBUG] user.home: C:\Users\RANJITH
[DEBUG] user.language: en
[DEBUG] user.name: RANJITH
[DEBUG] user.script: 
[DEBUG] user.variant: 
[DEBUG] Using 'UTF-8' encoding to copy filtered resources.
[DEBUG] Using 'UTF-8' encoding to copy filtered properties files.
[DEBUG] resource with targetPath null
directory C:\Users\RANJITH\Pictures\MrYodaAPINew\src\main\resources
excludes []
includes []
[INFO] skip non existing resourceDirectory C:\Users\RANJITH\Pictures\MrYodaAPINew\src\main\resources
[DEBUG] no user filter components
[INFO] 
[INFO] --- compiler:3.11.0:compile (default-compile) @ MrYodaAPINew ---
[DEBUG] Dependency collection stats {ConflictMarker.analyzeTime=38900, ConflictMarker.markTime=22400, ConflictMarker.nodeCount=17, ConflictIdSorter.graphTime=14300, ConflictIdSorter.topsortTime=12100, ConflictIdSorter.conflictIdCount=12, ConflictIdSorter.conflictIdCycleCount=0, ConflictResolver.totalTime=208900, ConflictResolver.conflictItemCount=17, DfDependencyCollector.collectTime=60810700, DfDependencyCollector.transformTime=311100}
[DEBUG] org.apache.maven.plugins:maven-compiler-plugin:jar:3.11.0
[DEBUG]    org.apache.maven.shared:maven-shared-utils:jar:3.3.4:compile
[DEBUG]       commons-io:commons-io:jar:2.6:compile
[DEBUG]    org.apache.maven.shared:maven-shared-incremental:jar:1.1:compile
[DEBUG]       org.codehaus.plexus:plexus-component-annotations:jar:1.5.5:compile
[DEBUG]    org.codehaus.plexus:plexus-java:jar:1.1.2:compile
[DEBUG]       org.ow2.asm:asm:jar:9.4:compile
[DEBUG]       com.thoughtworks.qdox:qdox:jar:2.0.3:compile (version managed from default)
[DEBUG]    org.codehaus.plexus:plexus-compiler-api:jar:2.13.0:compile
[DEBUG]       org.codehaus.plexus:plexus-utils:jar:3.5.0:compile (version managed from default)
[DEBUG]    org.codehaus.plexus:plexus-compiler-manager:jar:2.13.0:compile
[DEBUG]    org.codehaus.plexus:plexus-compiler-javac:jar:2.13.0:runtime
[DEBUG] Created new class realm plugin>org.apache.maven.plugins:maven-compiler-plugin:3.11.0
[DEBUG] Importing foreign packages into class realm plugin>org.apache.maven.plugins:maven-compiler-plugin:3.11.0
[DEBUG]   Imported:  < maven.api
[DEBUG] Populating class realm plugin>org.apache.maven.plugins:maven-compiler-plugin:3.11.0
[DEBUG]   Included: org.apache.maven.plugins:maven-compiler-plugin:jar:3.11.0
[DEBUG]   Included: org.apache.maven.shared:maven-shared-utils:jar:3.3.4
[DEBUG]   Included: commons-io:commons-io:jar:2.6
[DEBUG]   Included: org.apache.maven.shared:maven-shared-incremental:jar:1.1
[DEBUG]   Included: org.codehaus.plexus:plexus-component-annotations:jar:1.5.5
[DEBUG]   Included: org.codehaus.plexus:plexus-java:jar:1.1.2
[DEBUG]   Included: org.ow2.asm:asm:jar:9.4
[DEBUG]   Included: com.thoughtworks.qdox:qdox:jar:2.0.3
[DEBUG]   Included: org.codehaus.plexus:plexus-compiler-api:jar:2.13.0
[DEBUG]   Included: org.codehaus.plexus:plexus-utils:jar:3.5.0
[DEBUG]   Included: org.codehaus.plexus:plexus-compiler-manager:jar:2.13.0
[DEBUG]   Included: org.codehaus.plexus:plexus-compiler-javac:jar:2.13.0
[DEBUG] Loading mojo org.apache.maven.plugins:maven-compiler-plugin:3.11.0:compile from plugin realm ClassRealm[plugin>org.apache.maven.plugins:maven-compiler-plugin:3.11.0, parent: jdk.internal.loader.ClassLoaders$AppClassLoader@73d16e93]
[DEBUG] Configuring mojo execution 'org.apache.maven.plugins:maven-compiler-plugin:3.11.0:compile:default-compile' with basic configurator -->
[DEBUG]   (f) basedir = C:\Users\RANJITH\Pictures\MrYodaAPINew
[DEBUG]   (f) buildDirectory = C:\Users\RANJITH\Pictures\MrYodaAPINew\target
[DEBUG]   (f) compilePath = [C:\Users\RANJITH\Pictures\MrYodaAPINew\target\classes, C:\Users\RANJITH\.m2\repository\io\rest-assured\rest-assured\5.3.2\rest-assured-5.3.2.jar, C:\Users\RANJITH\.m2\repository\org\apache\groovy\groovy\4.0.11\groovy-4.0.11.jar, C:\Users\RANJITH\.m2\repository\org\apache\groovy\groovy-xml\4.0.11\groovy-xml-4.0.11.jar, C:\Users\RANJITH\.m2\repository\org\apache\httpcomponents\httpclient\4.5.13\httpclient-4.5.13.jar, C:\Users\RANJITH\.m2\repository\org\apache\httpcomponents\httpcore\4.4.13\httpcore-4.4.13.jar, C:\Users\RANJITH\.m2\repository\commons-logging\commons-logging\1.2\commons-logging-1.2.jar, C:\Users\RANJITH\.m2\repository\org\apache\httpcomponents\httpmime\4.5.13\httpmime-4.5.13.jar, C:\Users\RANJITH\.m2\repository\org\ccil\cowan\tagsoup\tagsoup\1.2.1\tagsoup-1.2.1.jar, C:\Users\RANJITH\.m2\repository\io\rest-assured\json-path\5.3.2\json-path-5.3.2.jar, C:\Users\RANJITH\.m2\repository\org\apache\groovy\groovy-json\4.0.11\groovy-json-4.0.11.jar, C:\Users\RANJITH\.m2\repository\io\rest-assured\rest-assured-common\5.3.2\rest-assured-common-5.3.2.jar, C:\Users\RANJITH\.m2\repository\io\rest-assured\xml-path\5.3.2\xml-path-5.3.2.jar, C:\Users\RANJITH\.m2\repository\org\apache\commons\commons-lang3\3.11\commons-lang3-3.11.jar, C:\Users\RANJITH\.m2\repository\org\json\json\20231013\json-20231013.jar, C:\Users\RANJITH\.m2\repository\io\rest-assured\json-schema-validator\5.3.2\json-schema-validator-5.3.2.jar, C:\Users\RANJITH\.m2\repository\com\github\java-json-tools\json-schema-validator\2.2.14\json-schema-validator-2.2.14.jar, C:\Users\RANJITH\.m2\repository\com\github\java-json-tools\jackson-coreutils-equivalence\1.0\jackson-coreutils-equivalence-1.0.jar, C:\Users\RANJITH\.m2\repository\com\github\java-json-tools\jackson-coreutils\2.0\jackson-coreutils-2.0.jar, C:\Users\RANJITH\.m2\repository\com\github\java-json-tools\msg-simple\1.2\msg-simple-1.2.jar, C:\Users\RANJITH\.m2\repository\com\github\java-json-tools\btf\1.3\btf-1.3.jar, C:\Users\RANJITH\.m2\repository\com\github\java-json-tools\json-schema-core\1.2.14\json-schema-core-1.2.14.jar, C:\Users\RANJITH\.m2\repository\com\github\java-json-tools\uri-template\0.10\uri-template-0.10.jar, C:\Users\RANJITH\.m2\repository\org\mozilla\rhino\1.7.7.2\rhino-1.7.7.2.jar, C:\Users\RANJITH\.m2\repository\com\sun\mail\mailapi\1.6.2\mailapi-1.6.2.jar, C:\Users\RANJITH\.m2\repository\joda-time\joda-time\2.10.5\joda-time-2.10.5.jar, C:\Users\RANJITH\.m2\repository\com\googlecode\libphonenumber\libphonenumber\8.11.1\libphonenumber-8.11.1.jar, C:\Users\RANJITH\.m2\repository\com\google\code\findbugs\jsr305\3.0.2\jsr305-3.0.2.jar, C:\Users\RANJITH\.m2\repository\net\sf\jopt-simple\jopt-simple\5.0.4\jopt-simple-5.0.4.jar, C:\Users\RANJITH\.m2\repository\com\google\guava\guava\32.0.1-jre\guava-32.0.1-jre.jar, C:\Users\RANJITH\.m2\repository\com\google\guava\failureaccess\1.0.1\failureaccess-1.0.1.jar, C:\Users\RANJITH\.m2\repository\com\google\guava\listenablefuture\9999.0-empty-to-avoid-conflict-with-guava\listenablefuture-9999.0-empty-to-avoid-conflict-with-guava.jar, C:\Users\RANJITH\.m2\repository\org\checkerframework\checker-qual\3.33.0\checker-qual-3.33.0.jar, C:\Users\RANJITH\.m2\repository\com\google\errorprone\error_prone_annotations\2.18.0\error_prone_annotations-2.18.0.jar, C:\Users\RANJITH\.m2\repository\com\google\j2objc\j2objc-annotations\2.8\j2objc-annotations-2.8.jar, C:\Users\RANJITH\.m2\repository\org\testng\testng\7.8.0\testng-7.8.0.jar, C:\Users\RANJITH\.m2\repository\org\slf4j\slf4j-api\1.7.36\slf4j-api-1.7.36.jar, C:\Users\RANJITH\.m2\repository\com\beust\jcommander\1.82\jcommander-1.82.jar, C:\Users\RANJITH\.m2\repository\com\fasterxml\jackson\core\jackson-databind\2.15.3\jackson-databind-2.15.3.jar, C:\Users\RANJITH\.m2\repository\com\fasterxml\jackson\core\jackson-core\2.15.3\jackson-core-2.15.3.jar, C:\Users\RANJITH\.m2\repository\com\fasterxml\jackson\core\jackson-annotations\2.15.3\jackson-annotations-2.15.3.jar, C:\Users\RANJITH\.m2\repository\com\google\code\gson\gson\2.10.1\gson-2.10.1.jar, C:\Users\RANJITH\.m2\repository\com\aventstack\extentreports\5.1.1\extentreports-5.1.1.jar, C:\Users\RANJITH\.m2\repository\io\reactivex\rxjava3\rxjava\3.1.6\rxjava-3.1.6.jar, C:\Users\RANJITH\.m2\repository\org\reactivestreams\reactive-streams\1.0.4\reactive-streams-1.0.4.jar, C:\Users\RANJITH\.m2\repository\org\freemarker\freemarker\2.3.32\freemarker-2.3.32.jar, C:\Users\RANJITH\.m2\repository\io\qameta\allure\allure-testng\2.24.0\allure-testng-2.24.0.jar, C:\Users\RANJITH\.m2\repository\io\qameta\allure\allure-java-commons\2.24.0\allure-java-commons-2.24.0.jar, C:\Users\RANJITH\.m2\repository\io\qameta\allure\allure-model\2.24.0\allure-model-2.24.0.jar, C:\Users\RANJITH\.m2\repository\io\qameta\allure\allure-rest-assured\2.24.0\allure-rest-assured-2.24.0.jar, C:\Users\RANJITH\.m2\repository\io\qameta\allure\allure-attachments\2.24.0\allure-attachments-2.24.0.jar, C:\Users\RANJITH\.m2\repository\org\apache\logging\log4j\log4j-core\2.20.0\log4j-core-2.20.0.jar, C:\Users\RANJITH\.m2\repository\org\apache\logging\log4j\log4j-api\2.20.0\log4j-api-2.20.0.jar, C:\Users\RANJITH\.m2\repository\org\apache\logging\log4j\log4j-slf4j-impl\2.20.0\log4j-slf4j-impl-2.20.0.jar, C:\Users\RANJITH\.m2\repository\org\apache\poi\poi\5.2.4\poi-5.2.4.jar, C:\Users\RANJITH\.m2\repository\commons-codec\commons-codec\1.16.0\commons-codec-1.16.0.jar, C:\Users\RANJITH\.m2\repository\org\apache\commons\commons-collections4\4.4\commons-collections4-4.4.jar, C:\Users\RANJITH\.m2\repository\org\apache\commons\commons-math3\3.6.1\commons-math3-3.6.1.jar, C:\Users\RANJITH\.m2\repository\commons-io\commons-io\2.13.0\commons-io-2.13.0.jar, C:\Users\RANJITH\.m2\repository\com\zaxxer\SparseBitSet\1.3\SparseBitSet-1.3.jar, C:\Users\RANJITH\.m2\repository\org\apache\poi\poi-ooxml\5.2.4\poi-ooxml-5.2.4.jar, C:\Users\RANJITH\.m2\repository\org\apache\poi\poi-ooxml-lite\5.2.4\poi-ooxml-lite-5.2.4.jar, C:\Users\RANJITH\.m2\repository\org\apache\xmlbeans\xmlbeans\5.1.1\xmlbeans-5.1.1.jar, C:\Users\RANJITH\.m2\repository\org\apache\commons\commons-compress\1.24.0\commons-compress-1.24.0.jar, C:\Users\RANJITH\.m2\repository\com\github\virtuald\curvesapi\1.08\curvesapi-1.08.jar, C:\Users\RANJITH\.m2\repository\com\github\javafaker\javafaker\1.0.2\javafaker-1.0.2.jar, C:\Users\RANJITH\.m2\repository\org\yaml\snakeyaml\1.23\snakeyaml-1.23-android.jar, C:\Users\RANJITH\.m2\repository\com\github\mifmif\generex\1.0.2\generex-1.0.2.jar, C:\Users\RANJITH\.m2\repository\dk\brics\automaton\automaton\1.11-8\automaton-1.11-8.jar, C:\Users\RANJITH\.m2\repository\org\projectlombok\lombok\1.18.30\lombok-1.18.30.jar, C:\Users\RANJITH\.m2\repository\org\aeonbits\owner\owner\1.0.12\owner-1.0.12.jar, C:\Users\RANJITH\.m2\repository\org\assertj\assertj-core\3.24.2\assertj-core-3.24.2.jar, C:\Users\RANJITH\.m2\repository\net\bytebuddy\byte-buddy\1.12.21\byte-buddy-1.12.21.jar, C:\Users\RANJITH\.m2\repository\org\hamcrest\hamcrest\2.2\hamcrest-2.2.jar, C:\Users\RANJITH\.m2\repository\com\razorpay\razorpay-java\1.4.6\razorpay-java-1.4.6.jar, C:\Users\RANJITH\.m2\repository\com\squareup\okhttp3\okhttp\3.10.0\okhttp-3.10.0.jar, C:\Users\RANJITH\.m2\repository\com\squareup\okio\okio\1.14.0\okio-1.14.0.jar, C:\Users\RANJITH\.m2\repository\com\squareup\okhttp3\logging-interceptor\3.10.0\logging-interceptor-3.10.0.jar, C:\Users\RANJITH\.m2\repository\org\apache\commons\commons-text\1.3\commons-text-1.3.jar]
[DEBUG]   (f) compileSourceRoots = [C:\Users\RANJITH\Pictures\MrYodaAPINew\src\main\java]
[DEBUG]   (f) compilerArgs = [-Xlint:deprecation, -Xlint:unchecked]
[DEBUG]   (f) compilerId = javac
[DEBUG]   (f) createMissingPackageInfoClass = true
[DEBUG]   (f) debug = true
[DEBUG]   (f) debugFileName = javac
[DEBUG]   (f) enablePreview = false
[DEBUG]   (f) encoding = UTF-8
[DEBUG]   (f) failOnError = true
[DEBUG]   (f) failOnWarning = false
[DEBUG]   (f) forceJavacCompilerUse = false
[DEBUG]   (f) fork = false
[DEBUG]   (f) generatedSourcesDirectory = C:\Users\RANJITH\Pictures\MrYodaAPINew\target\generated-sources\annotations
[DEBUG]   (f) mojoExecution = org.apache.maven.plugins:maven-compiler-plugin:3.11.0:compile {execution: default-compile}
[DEBUG]   (f) optimize = false
[DEBUG]   (f) outputDirectory = C:\Users\RANJITH\Pictures\MrYodaAPINew\target\classes
[DEBUG]   (f) parameters = false
[DEBUG]   (f) project = MavenProject: MrYodaAPINew:MrYodaAPINew:0.0.1-SNAPSHOT @ C:\Users\RANJITH\Pictures\MrYodaAPINew\pom.xml
[DEBUG]   (f) projectArtifact = MrYodaAPINew:MrYodaAPINew:jar:0.0.1-SNAPSHOT
[DEBUG]   (s) release = 11
[DEBUG]   (f) session = org.apache.maven.execution.MavenSession@7fb29ca9
[DEBUG]   (f) showCompilationChanges = false
[DEBUG]   (f) showDeprecation = false
[DEBUG]   (f) showWarnings = true
[DEBUG]   (f) skipMultiThreadWarning = false
[DEBUG]   (f) source = 11
[DEBUG]   (f) staleMillis = 0
[DEBUG]   (s) target = 11
[DEBUG]   (f) useIncrementalCompilation = true
[DEBUG]   (f) verbose = false
[DEBUG] -- end configuration --
[DEBUG] Using compiler 'javac'.
[DEBUG] Adding C:\Users\RANJITH\Pictures\MrYodaAPINew\target\generated-sources\annotations to compile source roots:
  C:\Users\RANJITH\Pictures\MrYodaAPINew\src\main\java
[DEBUG] New compile source roots:
  C:\Users\RANJITH\Pictures\MrYodaAPINew\src\main\java
  C:\Users\RANJITH\Pictures\MrYodaAPINew\target\generated-sources\annotations
[DEBUG] CompilerReuseStrategy: reuseCreated
[DEBUG] useIncrementalCompilation enabled
[INFO] Nothing to compile - all classes are up to date
[INFO] 
[INFO] --- resources:3.3.1:testResources (default-testResources) @ MrYodaAPINew ---
[DEBUG] Loading mojo org.apache.maven.plugins:maven-resources-plugin:3.3.1:testResources from plugin realm ClassRealm[plugin>org.apache.maven.plugins:maven-resources-plugin:3.3.1, parent: jdk.internal.loader.ClassLoaders$AppClassLoader@73d16e93]
[DEBUG] Configuring mojo execution 'org.apache.maven.plugins:maven-resources-plugin:3.3.1:testResources:default-testResources' with basic configurator -->
[DEBUG]   (f) addDefaultExcludes = true
[DEBUG]   (f) buildFilters = []
[DEBUG]   (f) encoding = UTF-8
[DEBUG]   (f) escapeWindowsPaths = true
[DEBUG]   (f) fileNameFiltering = false
[DEBUG]   (s) includeEmptyDirs = false
[DEBUG]   (s) outputDirectory = C:\Users\RANJITH\Pictures\MrYodaAPINew\target\test-classes
[DEBUG]   (s) overwrite = false
[DEBUG]   (f) project = MavenProject: MrYodaAPINew:MrYodaAPINew:0.0.1-SNAPSHOT @ C:\Users\RANJITH\Pictures\MrYodaAPINew\pom.xml
[DEBUG]   (s) resources = [Resource {targetPath: null, filtering: false, FileSet {directory: C:\Users\RANJITH\Pictures\MrYodaAPINew\src\test\resources, PatternSet [includes: {}, excludes: {}]}}]
[DEBUG]   (f) session = org.apache.maven.execution.MavenSession@7fb29ca9
[DEBUG]   (f) skip = false
[DEBUG]   (f) supportMultiLineFiltering = false
[DEBUG]   (f) useBuildFilters = true
[DEBUG]   (s) useDefaultDelimiters = true
[DEBUG] -- end configuration --
[DEBUG] properties used:
[DEBUG] allure.version: 2.24.0
[DEBUG] classworlds.conf: C:\Users\RANJITH\Downloads\apache-maven-3.9.11-bin\apache-maven-3.9.11\bin\m2.conf
[DEBUG] env.=C:: C:\Users\RANJITH\Pictures\MrYodaAPINew
[DEBUG] env.=EXITCODE: 00000000
[DEBUG] env.ALLUSERSPROFILE: C:\ProgramData
[DEBUG] env.ANDROID_HOME: C:\Users\RANJITH\AppData\Local\Android\Sdk
[DEBUG] env.ANTIGRAVITY_AGENT: 1
[DEBUG] env.ANTIGRAVITY_CLI_ALIAS: agy
[DEBUG] env.APPDATA: C:\Users\RANJITH\AppData\Roaming
[DEBUG] env.CHOCOLATEYINSTALL: C:\ProgramData\chocolatey
[DEBUG] env.CHOCOLATEYLASTPATHUPDATE: 134068475517799184
[DEBUG] env.CHROME_CRASHPAD_PIPE_NAME: \\.\pipe\crashpad_9524_JPYPIVVYUCAZSOHJ
[DEBUG] env.CLASSWORLDS_JAR: "C:\Users\RANJITH\Downloads\apache-maven-3.9.11-bin\apache-maven-3.9.11\boot\plexus-classworlds-2.9.0.jar"
[DEBUG] env.CLASSWORLDS_LAUNCHER: org.codehaus.plexus.classworlds.launcher.Launcher
[DEBUG] env.COLORTERM: truecolor
[DEBUG] env.COMMONPROGRAMFILES: C:\Program Files\Common Files
[DEBUG] env.COMMONPROGRAMFILES(X86): C:\Program Files (x86)\Common Files
[DEBUG] env.COMMONPROGRAMW6432: C:\Program Files\Common Files
[DEBUG] env.COMPUTERNAME: 1FJD5W3
[DEBUG] env.COMSPEC: C:\WINDOWS\system32\cmd.exe
[DEBUG] env.DRIVERDATA: C:\Windows\System32\Drivers\DriverData
[DEBUG] env.EFC_9564_1262719628: 1
[DEBUG] env.EFC_9564_1592913036: 1
[DEBUG] env.EFC_9564_2283032206: 1
[DEBUG] env.EFC_9564_2775293581: 1
[DEBUG] env.EFC_9564_3789132940: 1
[DEBUG] env.ERROR_CODE: 0
[DEBUG] env.EXEC_DIR: C:\Users\RANJITH\Pictures\MrYodaAPINew
[DEBUG] env.FPS_BROWSER_APP_PROFILE_STRING: Internet Explorer
[DEBUG] env.FPS_BROWSER_USER_PROFILE_STRING: Default
[DEBUG] env.GIT_ASKPASS: c:\Users\RANJITH\AppData\Local\Programs\Antigravity\resources\app\extensions\git\dist\askpass.sh
[DEBUG] env.HOMEDRIVE: C:
[DEBUG] env.HOMEPATH: \Users\RANJITH
[DEBUG] env.JAVACMD: C:\Program Files\jdk-17.0.12\bin\java.exe
[DEBUG] env.JVMCONFIG: \.mvn\jvm.config
[DEBUG] env.LANG: en_US.UTF-8
[DEBUG] env.LOCALAPPDATA: C:\Users\RANJITH\AppData\Local
[DEBUG] env.LOGONSERVER: \\1FJD5W3
[DEBUG] env.MAVEN_CMD_LINE_ARGS: test -DsuiteXmlFile=testng_new_user.xml -X
[DEBUG] env.MAVEN_HOME: C:\Users\RANJITH\Downloads\apache-maven-3.9.11-bin\apache-maven-3.9.11
[DEBUG] env.MAVEN_OPTS: --enable-native-access=ALL-UNNAMED 
[DEBUG] env.MAVEN_PROJECTBASEDIR: C:\Users\RANJITH\Pictures\MrYodaAPINew
[DEBUG] env.NUMBER_OF_PROCESSORS: 8
[DEBUG] env.ONEDRIVE: C:\Users\RANJITH\OneDrive - Labsquire Inc
[DEBUG] env.ONEDRIVECOMMERCIAL: C:\Users\RANJITH\OneDrive - Labsquire Inc
[DEBUG] env.ORIGINAL_XDG_CURRENT_DESKTOP: undefined
[DEBUG] env.OS: Windows_NT
[DEBUG] env.PAGER: cat
[DEBUG] env.PATH: C:\Program Files\PowerShell\7;C:\Python314\Scripts\;C:\Python314\;C:\WINDOWS\system32;C:\WINDOWS;C:\WINDOWS\System32\Wbem;C:\WINDOWS\System32\WindowsPowerShell\v1.0\;C:\WINDOWS\System32\OpenSSH\;C:\Program Files\dotnet\;C:\Users\VISHNU\Downloads\flutter\bin;C:\Program Files\jdk-17.0.12\bin;C:\Users\RANJITH\Downloads\VSCode-win32-x64-1.105.1;C:\ProgramData\chocolatey\bin;C:\Program Files\nodejs\;C:\Users\RANJITH\Downloads\apache-maven-3.9.11-bin\apache-maven-3.9.11\bin;C:\Users\RANJITH\AppData\Local\Android\Sdk\platform-tools;C:\Users\RANJITH\AppData\Local\Android\Sdk\platform-tools;C:\Users\RANJITH\AppData\Local\Android\Sdk\tools;C:\Program Files\GitHub CLI\;C:\Program Files\PowerShell\7\;C:\Program Files (x86)\Microsoft SQL Server\160\Tools\Binn\;C:\Program Files\Microsoft SQL Server\160\Tools\Binn\;C:\Program Files\Microsoft SQL Server\Client SDK\ODBC\170\Tools\Binn\;C:\Program Files\Microsoft SQL Server\160\DTS\Binn\;C:/Users/RANJITH/.p2/pool/plugins/org.eclipse.justj.openjdk.hotspot.jre.full.win32.x86_64_21.0.9.v20251105-0741/jre/bin/server;C:/Users/RANJITH/.p2/pool/plugins/org.eclipse.justj.openjdk.hotspot.jre.full.win32.x86_64_21.0.9.v20251105-0741/jre/bin;C:\Python314\Scripts\;C:\Python314\;C:\WINDOWS\system32;C:\WINDOWS;C:\WINDOWS\System32\Wbem;C:\WINDOWS\System32\WindowsPowerShell\v1.0\;C:\WINDOWS\System32\OpenSSH\;C:\Program Files\dotnet\;C:\Users\VISHNU\Downloads\flutter\bin;C:\Program Files\jdk-17.0.12\bin;C:\Users\RANJITH\Downloads\VSCode-win32-x64-1.105.1;C:\ProgramData\chocolatey\bin;C:\Program Files\nodejs\;C:\Users\RANJITH\AppData\Local\Microsoft\WindowsApps;C:\Users\RANJITH\AppData\Roaming\npm;C:\Users\RANJITH\eclipse\java-2025-09\eclipse;;C:\Users\RANJITH\AppData\Roaming\Python\Python314\Scripts;C:\Users\RANJITH\AppData\Local\Pandoc\;C:\Users\RANJITH\AppData\Local\Microsoft\WinGet\Packages\GitHub.Copilot_Microsoft.Winget.Source_8wekyb3d8bbwe;C:\Users\RANJITH\AppData\Local\Programs\Antigravity\bin;c:\Users\RANJITH\.antigravity\extensions\vscjava.vscode-java-debug-0.58.4-universal\bundled\scripts\noConfigScripts
[DEBUG] env.PATHEXT: .COM;.EXE;.BAT;.CMD;.VBS;.VBE;.JS;.JSE;.WSF;.WSH;.MSC;.PY;.PYW;.CPL
[DEBUG] env.POWERSHELL_DISTRIBUTION_CHANNEL: MSI:Windows 10 Home Single Language
[DEBUG] env.PROCESSOR_ARCHITECTURE: AMD64
[DEBUG] env.PROCESSOR_IDENTIFIER: Intel64 Family 6 Model 140 Stepping 1, GenuineIntel
[DEBUG] env.PROCESSOR_LEVEL: 6
[DEBUG] env.PROCESSOR_REVISION: 8c01
[DEBUG] env.PROGRAMDATA: C:\ProgramData
[DEBUG] env.PROGRAMFILES: C:\Program Files
[DEBUG] env.PROGRAMFILES(X86): C:\Program Files (x86)
[DEBUG] env.PROGRAMW6432: C:\Program Files
[DEBUG] env.PROMPT: $P$G
[DEBUG] env.PSMODULEPATH: C:\Users\RANJITH\Documents\PowerShell\Modules;C:\Program Files\PowerShell\Modules;c:\program files\powershell\7\Modules;C:\Program Files\WindowsPowerShell\Modules;C:\WINDOWS\system32\WindowsPowerShell\v1.0\Modules;C:\Program Files (x86)\Microsoft SQL Server\160\Tools\PowerShell\Modules\
[DEBUG] env.PUBLIC: C:\Users\Public
[DEBUG] env.SESSIONNAME: Console
[DEBUG] env.SYSTEMDRIVE: C:
[DEBUG] env.SYSTEMROOT: C:\WINDOWS
[DEBUG] env.TEMP: C:\Users\RANJITH\AppData\Local\Temp
[DEBUG] env.TERM_PROGRAM: vscode
[DEBUG] env.TERM_PROGRAM_VERSION: 1.104.0
[DEBUG] env.TMP: C:\Users\RANJITH\AppData\Local\Temp
[DEBUG] env.USERDOMAIN: 1FJD5W3
[DEBUG] env.USERDOMAIN_ROAMINGPROFILE: 1FJD5W3
[DEBUG] env.USERNAME: RANJITH
[DEBUG] env.USERPROFILE: C:\Users\RANJITH
[DEBUG] env.VSCODE_GIT_ASKPASS_EXTRA_ARGS: 
[DEBUG] env.VSCODE_GIT_ASKPASS_MAIN: c:\Users\RANJITH\AppData\Local\Programs\Antigravity\resources\app\extensions\git\dist\askpass-main.js
[DEBUG] env.VSCODE_GIT_ASKPASS_NODE: C:\Users\RANJITH\AppData\Local\Programs\Antigravity\Antigravity.exe
[DEBUG] env.VSCODE_GIT_IPC_HANDLE: \\.\pipe\vscode-git-4cd3aa90f9-sock
[DEBUG] env.VSCODE_INJECTION: 1
[DEBUG] env.VSCODE_JAVA_EXEC: C:\Program Files\jdk-17.0.12\bin\java
[DEBUG] env.VSCODE_JDWP_ADAPTER_ENDPOINTS: c:\Users\RANJITH\.antigravity\extensions\vscjava.vscode-java-debug-0.58.4-universal\.noConfigDebugAdapterEndpoints\endpoint-5508efd3f5cd7d42.txt
[DEBUG] env.VSCODE_PYTHON_AUTOACTIVATE_GUARD: 1
[DEBUG] env.WDIR: C:\
[DEBUG] env.WINDIR: C:\WINDOWS
[DEBUG] env.ZES_ENABLE_SYSMAN: 1
[DEBUG] extentreports.version: 5.1.1
[DEBUG] file.encoding: Cp1252
[DEBUG] file.separator: \
[DEBUG] jackson.version: 2.15.3
[DEBUG] java.class.path: C:\Users\RANJITH\Downloads\apache-maven-3.9.11-bin\apache-maven-3.9.11\boot\plexus-classworlds-2.9.0.jar
[DEBUG] java.class.version: 61.0
[DEBUG] java.home: C:\Program Files\jdk-17.0.12
[DEBUG] java.io.tmpdir: C:\Users\RANJITH\AppData\Local\Temp\
[DEBUG] java.library.path: C:\Program Files\jdk-17.0.12\bin;C:\WINDOWS\Sun\Java\bin;C:\WINDOWS\system32;C:\WINDOWS;C:\Program Files\PowerShell\7;C:\Python314\Scripts\;C:\Python314\;C:\WINDOWS\system32;C:\WINDOWS;C:\WINDOWS\System32\Wbem;C:\WINDOWS\System32\WindowsPowerShell\v1.0\;C:\WINDOWS\System32\OpenSSH\;C:\Program Files\dotnet\;C:\Users\VISHNU\Downloads\flutter\bin;C:\Program Files\jdk-17.0.12\bin;C:\Users\RANJITH\Downloads\VSCode-win32-x64-1.105.1;C:\ProgramData\chocolatey\bin;C:\Program Files\nodejs\;C:\Users\RANJITH\Downloads\apache-maven-3.9.11-bin\apache-maven-3.9.11\bin;C:\Users\RANJITH\AppData\Local\Android\Sdk\platform-tools;C:\Users\RANJITH\AppData\Local\Android\Sdk\platform-tools;C:\Users\RANJITH\AppData\Local\Android\Sdk\tools;C:\Program Files\GitHub CLI\;C:\Program Files\PowerShell\7\;C:\Program Files (x86)\Microsoft SQL Server\160\Tools\Binn\;C:\Program Files\Microsoft SQL Server\160\Tools\Binn\;C:\Program Files\Microsoft SQL Server\Client SDK\ODBC\170\Tools\Binn\;C:\Program Files\Microsoft SQL Server\160\DTS\Binn\;C:/Users/RANJITH/.p2/pool/plugins/org.eclipse.justj.openjdk.hotspot.jre.full.win32.x86_64_21.0.9.v20251105-0741/jre/bin/server;C:/Users/RANJITH/.p2/pool/plugins/org.eclipse.justj.openjdk.hotspot.jre.full.win32.x86_64_21.0.9.v20251105-0741/jre/bin;C:\Python314\Scripts\;C:\Python314\;C:\WINDOWS\system32;C:\WINDOWS;C:\WINDOWS\System32\Wbem;C:\WINDOWS\System32\WindowsPowerShell\v1.0\;C:\WINDOWS\System32\OpenSSH\;C:\Program Files\dotnet\;C:\Users\VISHNU\Downloads\flutter\bin;C:\Program Files\jdk-17.0.12\bin;C:\Users\RANJITH\Downloads\VSCode-win32-x64-1.105.1;C:\ProgramData\chocolatey\bin;C:\Program Files\nodejs\;C:\Users\RANJITH\AppData\Local\Microsoft\WindowsApps;C:\Users\RANJITH\AppData\Roaming\npm;C:\Users\RANJITH\eclipse\java-2025-09\eclipse;;C:\Users\RANJITH\AppData\Roaming\Python\Python314\Scripts;C:\Users\RANJITH\AppData\Local\Pandoc\;C:\Users\RANJITH\AppData\Local\Microsoft\WinGet\Packages\GitHub.Copilot_Microsoft.Winget.Source_8wekyb3d8bbwe;C:\Users\RANJITH\AppData\Local\Programs\Antigravity\bin;c:\Users\RANJITH\.antigravity\extensions\vscjava.vscode-java-debug-0.58.4-universal\bundled\scripts\noConfigScripts;.
[DEBUG] java.runtime.name: Java(TM) SE Runtime Environment
[DEBUG] java.runtime.version: 17.0.12+8-LTS-286
[DEBUG] java.specification.name: Java Platform API Specification
[DEBUG] java.specification.vendor: Oracle Corporation
[DEBUG] java.specification.version: 17
[DEBUG] java.vendor: Oracle Corporation
[DEBUG] java.vendor.url: https://java.oracle.com/
[DEBUG] java.vendor.url.bug: https://bugreport.java.com/bugreport/
[DEBUG] java.version: 17.0.12
[DEBUG] java.version.date: 2024-07-16
[DEBUG] java.vm.compressedOopsMode: Zero based
[DEBUG] java.vm.info: mixed mode, sharing
[DEBUG] java.vm.name: Java HotSpot(TM) 64-Bit Server VM
[DEBUG] java.vm.specification.name: Java Virtual Machine Specification
[DEBUG] java.vm.specification.vendor: Oracle Corporation
[DEBUG] java.vm.specification.version: 17
[DEBUG] java.vm.vendor: Oracle Corporation
[DEBUG] java.vm.version: 17.0.12+8-LTS-286
[DEBUG] jdk.debug: release
[DEBUG] library.jansi.path: C:\Users\RANJITH\Downloads\apache-maven-3.9.11-bin\apache-maven-3.9.11\lib\jansi-native
[DEBUG] line.separator: 

[DEBUG] log4j.version: 2.20.0
[DEBUG] maven.build.timestamp: 2025-12-26T17:37:07Z
[DEBUG] maven.build.version: Apache Maven 3.9.11 (3e54c93a704957b63ee3494413a2b544fd3d825b)
[DEBUG] maven.compiler.source: 11
[DEBUG] maven.compiler.target: 11
[DEBUG] maven.conf: C:\Users\RANJITH\Downloads\apache-maven-3.9.11-bin\apache-maven-3.9.11/conf
[DEBUG] maven.home: C:\Users\RANJITH\Downloads\apache-maven-3.9.11-bin\apache-maven-3.9.11
[DEBUG] maven.multiModuleProjectDirectory: C:\Users\RANJITH\Pictures\MrYodaAPINew
[DEBUG] maven.version: 3.9.11
[DEBUG] native.encoding: Cp1252
[DEBUG] os.arch: amd64
[DEBUG] os.name: Windows 11
[DEBUG] os.version: 10.0
[DEBUG] path.separator: ;
[DEBUG] project.baseUri: file:/C:/Users/RANJITH/Pictures/MrYodaAPINew/
[DEBUG] project.build.sourceEncoding: UTF-8
[DEBUG] restassured.version: 5.3.2
[DEBUG] suiteXmlFile: testng_new_user.xml
[DEBUG] sun.arch.data.model: 64
[DEBUG] sun.boot.library.path: C:\Program Files\jdk-17.0.12\bin
[DEBUG] sun.cpu.endian: little
[DEBUG] sun.cpu.isalist: amd64
[DEBUG] sun.io.unicode.encoding: UnicodeLittle
[DEBUG] sun.java.command: org.codehaus.plexus.classworlds.launcher.Launcher test -DsuiteXmlFile=testng_new_user.xml -X
[DEBUG] sun.java.launcher: SUN_STANDARD
[DEBUG] sun.jnu.encoding: Cp1252
[DEBUG] sun.management.compiler: HotSpot 64-Bit Tiered Compilers
[DEBUG] sun.os.patch.level: 
[DEBUG] testng.version: 7.8.0
[DEBUG] user.country: IN
[DEBUG] user.dir: C:\Users\RANJITH\Pictures\MrYodaAPINew
[DEBUG] user.home: C:\Users\RANJITH
[DEBUG] user.language: en
[DEBUG] user.name: RANJITH
[DEBUG] user.script: 
[DEBUG] user.variant: 
[DEBUG] Using 'UTF-8' encoding to copy filtered resources.
[DEBUG] Using 'UTF-8' encoding to copy filtered properties files.
[DEBUG] resource with targetPath null
directory C:\Users\RANJITH\Pictures\MrYodaAPINew\src\test\resources
excludes []
includes []
[DEBUG] ignoreDelta true
[INFO] Copying 1 resource from src\test\resources to target\test-classes
[DEBUG] Copying file config.properties
[DEBUG] file config.properties has a filtered file extension
[DEBUG] Using 'UTF-8' encoding to copy filtered resource 'config.properties'.
[DEBUG] copy C:\Users\RANJITH\Pictures\MrYodaAPINew\src\test\resources\config.properties to C:\Users\RANJITH\Pictures\MrYodaAPINew\target\test-classes\config.properties
[DEBUG] no user filter components
[INFO] 
[INFO] --- compiler:3.11.0:testCompile (default-testCompile) @ MrYodaAPINew ---
[DEBUG] Loading mojo org.apache.maven.plugins:maven-compiler-plugin:3.11.0:testCompile from plugin realm ClassRealm[plugin>org.apache.maven.plugins:maven-compiler-plugin:3.11.0, parent: jdk.internal.loader.ClassLoaders$AppClassLoader@73d16e93]
[DEBUG] Configuring mojo execution 'org.apache.maven.plugins:maven-compiler-plugin:3.11.0:testCompile:default-testCompile' with basic configurator -->
[DEBUG]   (f) basedir = C:\Users\RANJITH\Pictures\MrYodaAPINew
[DEBUG]   (f) buildDirectory = C:\Users\RANJITH\Pictures\MrYodaAPINew\target
[DEBUG]   (f) compileSourceRoots = [C:\Users\RANJITH\Pictures\MrYodaAPINew\src\test\java]
[DEBUG]   (f) compilerArgs = [-Xlint:deprecation, -Xlint:unchecked]
[DEBUG]   (f) compilerId = javac
[DEBUG]   (f) createMissingPackageInfoClass = true
[DEBUG]   (f) debug = true
[DEBUG]   (f) debugFileName = javac-test
[DEBUG]   (f) enablePreview = false
[DEBUG]   (f) encoding = UTF-8
[DEBUG]   (f) failOnError = true
[DEBUG]   (f) failOnWarning = false
[DEBUG]   (f) forceJavacCompilerUse = false
[DEBUG]   (f) fork = false
[DEBUG]   (f) generatedTestSourcesDirectory = C:\Users\RANJITH\Pictures\MrYodaAPINew\target\generated-test-sources\test-annotations
[DEBUG]   (f) mojoExecution = org.apache.maven.plugins:maven-compiler-plugin:3.11.0:testCompile {execution: default-testCompile}
[DEBUG]   (f) optimize = false
[DEBUG]   (f) outputDirectory = C:\Users\RANJITH\Pictures\MrYodaAPINew\target\test-classes
[DEBUG]   (f) parameters = false
[DEBUG]   (f) project = MavenProject: MrYodaAPINew:MrYodaAPINew:0.0.1-SNAPSHOT @ C:\Users\RANJITH\Pictures\MrYodaAPINew\pom.xml
[DEBUG]   (s) release = 11
[DEBUG]   (f) session = org.apache.maven.execution.MavenSession@7fb29ca9
[DEBUG]   (f) showCompilationChanges = false
[DEBUG]   (f) showDeprecation = false
[DEBUG]   (f) showWarnings = true
[DEBUG]   (f) skipMultiThreadWarning = false
[DEBUG]   (f) source = 11
[DEBUG]   (f) staleMillis = 0
[DEBUG]   (s) target = 11
[DEBUG]   (f) testPath = [C:\Users\RANJITH\Pictures\MrYodaAPINew\target\test-classes, C:\Users\RANJITH\Pictures\MrYodaAPINew\target\classes, C:\Users\RANJITH\.m2\repository\io\rest-assured\rest-assured\5.3.2\rest-assured-5.3.2.jar, C:\Users\RANJITH\.m2\repository\org\apache\groovy\groovy\4.0.11\groovy-4.0.11.jar, C:\Users\RANJITH\.m2\repository\org\apache\groovy\groovy-xml\4.0.11\groovy-xml-4.0.11.jar, C:\Users\RANJITH\.m2\repository\org\apache\httpcomponents\httpclient\4.5.13\httpclient-4.5.13.jar, C:\Users\RANJITH\.m2\repository\org\apache\httpcomponents\httpcore\4.4.13\httpcore-4.4.13.jar, C:\Users\RANJITH\.m2\repository\commons-logging\commons-logging\1.2\commons-logging-1.2.jar, C:\Users\RANJITH\.m2\repository\org\apache\httpcomponents\httpmime\4.5.13\httpmime-4.5.13.jar, C:\Users\RANJITH\.m2\repository\org\ccil\cowan\tagsoup\tagsoup\1.2.1\tagsoup-1.2.1.jar, C:\Users\RANJITH\.m2\repository\io\rest-assured\json-path\5.3.2\json-path-5.3.2.jar, C:\Users\RANJITH\.m2\repository\org\apache\groovy\groovy-json\4.0.11\groovy-json-4.0.11.jar, C:\Users\RANJITH\.m2\repository\io\rest-assured\rest-assured-common\5.3.2\rest-assured-common-5.3.2.jar, C:\Users\RANJITH\.m2\repository\io\rest-assured\xml-path\5.3.2\xml-path-5.3.2.jar, C:\Users\RANJITH\.m2\repository\org\apache\commons\commons-lang3\3.11\commons-lang3-3.11.jar, C:\Users\RANJITH\.m2\repository\org\json\json\20231013\json-20231013.jar, C:\Users\RANJITH\.m2\repository\io\rest-assured\json-schema-validator\5.3.2\json-schema-validator-5.3.2.jar, C:\Users\RANJITH\.m2\repository\com\github\java-json-tools\json-schema-validator\2.2.14\json-schema-validator-2.2.14.jar, C:\Users\RANJITH\.m2\repository\com\github\java-json-tools\jackson-coreutils-equivalence\1.0\jackson-coreutils-equivalence-1.0.jar, C:\Users\RANJITH\.m2\repository\com\github\java-json-tools\jackson-coreutils\2.0\jackson-coreutils-2.0.jar, C:\Users\RANJITH\.m2\repository\com\github\java-json-tools\msg-simple\1.2\msg-simple-1.2.jar, C:\Users\RANJITH\.m2\repository\com\github\java-json-tools\btf\1.3\btf-1.3.jar, C:\Users\RANJITH\.m2\repository\com\github\java-json-tools\json-schema-core\1.2.14\json-schema-core-1.2.14.jar, C:\Users\RANJITH\.m2\repository\com\github\java-json-tools\uri-template\0.10\uri-template-0.10.jar, C:\Users\RANJITH\.m2\repository\org\mozilla\rhino\1.7.7.2\rhino-1.7.7.2.jar, C:\Users\RANJITH\.m2\repository\com\sun\mail\mailapi\1.6.2\mailapi-1.6.2.jar, C:\Users\RANJITH\.m2\repository\joda-time\joda-time\2.10.5\joda-time-2.10.5.jar, C:\Users\RANJITH\.m2\repository\com\googlecode\libphonenumber\libphonenumber\8.11.1\libphonenumber-8.11.1.jar, C:\Users\RANJITH\.m2\repository\com\google\code\findbugs\jsr305\3.0.2\jsr305-3.0.2.jar, C:\Users\RANJITH\.m2\repository\net\sf\jopt-simple\jopt-simple\5.0.4\jopt-simple-5.0.4.jar, C:\Users\RANJITH\.m2\repository\com\google\guava\guava\32.0.1-jre\guava-32.0.1-jre.jar, C:\Users\RANJITH\.m2\repository\com\google\guava\failureaccess\1.0.1\failureaccess-1.0.1.jar, C:\Users\RANJITH\.m2\repository\com\google\guava\listenablefuture\9999.0-empty-to-avoid-conflict-with-guava\listenablefuture-9999.0-empty-to-avoid-conflict-with-guava.jar, C:\Users\RANJITH\.m2\repository\org\checkerframework\checker-qual\3.33.0\checker-qual-3.33.0.jar, C:\Users\RANJITH\.m2\repository\com\google\errorprone\error_prone_annotations\2.18.0\error_prone_annotations-2.18.0.jar, C:\Users\RANJITH\.m2\repository\com\google\j2objc\j2objc-annotations\2.8\j2objc-annotations-2.8.jar, C:\Users\RANJITH\.m2\repository\org\testng\testng\7.8.0\testng-7.8.0.jar, C:\Users\RANJITH\.m2\repository\org\slf4j\slf4j-api\1.7.36\slf4j-api-1.7.36.jar, C:\Users\RANJITH\.m2\repository\com\beust\jcommander\1.82\jcommander-1.82.jar, C:\Users\RANJITH\.m2\repository\org\webjars\jquery\3.6.1\jquery-3.6.1.jar, C:\Users\RANJITH\.m2\repository\com\fasterxml\jackson\core\jackson-databind\2.15.3\jackson-databind-2.15.3.jar, C:\Users\RANJITH\.m2\repository\com\fasterxml\jackson\core\jackson-core\2.15.3\jackson-core-2.15.3.jar, C:\Users\RANJITH\.m2\repository\com\fasterxml\jackson\core\jackson-annotations\2.15.3\jackson-annotations-2.15.3.jar, C:\Users\RANJITH\.m2\repository\com\google\code\gson\gson\2.10.1\gson-2.10.1.jar, C:\Users\RANJITH\.m2\repository\com\aventstack\extentreports\5.1.1\extentreports-5.1.1.jar, C:\Users\RANJITH\.m2\repository\io\reactivex\rxjava3\rxjava\3.1.6\rxjava-3.1.6.jar, C:\Users\RANJITH\.m2\repository\org\reactivestreams\reactive-streams\1.0.4\reactive-streams-1.0.4.jar, C:\Users\RANJITH\.m2\repository\org\freemarker\freemarker\2.3.32\freemarker-2.3.32.jar, C:\Users\RANJITH\.m2\repository\io\qameta\allure\allure-testng\2.24.0\allure-testng-2.24.0.jar, C:\Users\RANJITH\.m2\repository\io\qameta\allure\allure-java-commons\2.24.0\allure-java-commons-2.24.0.jar, C:\Users\RANJITH\.m2\repository\io\qameta\allure\allure-model\2.24.0\allure-model-2.24.0.jar, C:\Users\RANJITH\.m2\repository\io\qameta\allure\allure-test-filter\2.24.0\allure-test-filter-2.24.0.jar, C:\Users\RANJITH\.m2\repository\io\qameta\allure\allure-rest-assured\2.24.0\allure-rest-assured-2.24.0.jar, C:\Users\RANJITH\.m2\repository\io\qameta\allure\allure-attachments\2.24.0\allure-attachments-2.24.0.jar, C:\Users\RANJITH\.m2\repository\org\apache\logging\log4j\log4j-core\2.20.0\log4j-core-2.20.0.jar, C:\Users\RANJITH\.m2\repository\org\apache\logging\log4j\log4j-api\2.20.0\log4j-api-2.20.0.jar, C:\Users\RANJITH\.m2\repository\org\apache\logging\log4j\log4j-slf4j-impl\2.20.0\log4j-slf4j-impl-2.20.0.jar, C:\Users\RANJITH\.m2\repository\org\apache\poi\poi\5.2.4\poi-5.2.4.jar, C:\Users\RANJITH\.m2\repository\commons-codec\commons-codec\1.16.0\commons-codec-1.16.0.jar, C:\Users\RANJITH\.m2\repository\org\apache\commons\commons-collections4\4.4\commons-collections4-4.4.jar, C:\Users\RANJITH\.m2\repository\org\apache\commons\commons-math3\3.6.1\commons-math3-3.6.1.jar, C:\Users\RANJITH\.m2\repository\commons-io\commons-io\2.13.0\commons-io-2.13.0.jar, C:\Users\RANJITH\.m2\repository\com\zaxxer\SparseBitSet\1.3\SparseBitSet-1.3.jar, C:\Users\RANJITH\.m2\repository\org\apache\poi\poi-ooxml\5.2.4\poi-ooxml-5.2.4.jar, C:\Users\RANJITH\.m2\repository\org\apache\poi\poi-ooxml-lite\5.2.4\poi-ooxml-lite-5.2.4.jar, C:\Users\RANJITH\.m2\repository\org\apache\xmlbeans\xmlbeans\5.1.1\xmlbeans-5.1.1.jar, C:\Users\RANJITH\.m2\repository\org\apache\commons\commons-compress\1.24.0\commons-compress-1.24.0.jar, C:\Users\RANJITH\.m2\repository\com\github\virtuald\curvesapi\1.08\curvesapi-1.08.jar, C:\Users\RANJITH\.m2\repository\com\github\javafaker\javafaker\1.0.2\javafaker-1.0.2.jar, C:\Users\RANJITH\.m2\repository\org\yaml\snakeyaml\1.23\snakeyaml-1.23-android.jar, C:\Users\RANJITH\.m2\repository\com\github\mifmif\generex\1.0.2\generex-1.0.2.jar, C:\Users\RANJITH\.m2\repository\dk\brics\automaton\automaton\1.11-8\automaton-1.11-8.jar, C:\Users\RANJITH\.m2\repository\org\projectlombok\lombok\1.18.30\lombok-1.18.30.jar, C:\Users\RANJITH\.m2\repository\org\aeonbits\owner\owner\1.0.12\owner-1.0.12.jar, C:\Users\RANJITH\.m2\repository\org\assertj\assertj-core\3.24.2\assertj-core-3.24.2.jar, C:\Users\RANJITH\.m2\repository\net\bytebuddy\byte-buddy\1.12.21\byte-buddy-1.12.21.jar, C:\Users\RANJITH\.m2\repository\org\hamcrest\hamcrest\2.2\hamcrest-2.2.jar, C:\Users\RANJITH\.m2\repository\com\razorpay\razorpay-java\1.4.6\razorpay-java-1.4.6.jar, C:\Users\RANJITH\.m2\repository\com\squareup\okhttp3\okhttp\3.10.0\okhttp-3.10.0.jar, C:\Users\RANJITH\.m2\repository\com\squareup\okio\okio\1.14.0\okio-1.14.0.jar, C:\Users\RANJITH\.m2\repository\com\squareup\okhttp3\logging-interceptor\3.10.0\logging-interceptor-3.10.0.jar, C:\Users\RANJITH\.m2\repository\org\apache\commons\commons-text\1.3\commons-text-1.3.jar]
[DEBUG]   (f) useIncrementalCompilation = true
[DEBUG]   (f) useModulePath = true
[DEBUG]   (f) verbose = false
[DEBUG] -- end configuration --
[DEBUG] Using compiler 'javac'.
[DEBUG] Adding C:\Users\RANJITH\Pictures\MrYodaAPINew\target\generated-test-sources\test-annotations to test-compile source roots:
  C:\Users\RANJITH\Pictures\MrYodaAPINew\src\test\java
[DEBUG] New test-compile source roots:
  C:\Users\RANJITH\Pictures\MrYodaAPINew\src\test\java
  C:\Users\RANJITH\Pictures\MrYodaAPINew\target\generated-test-sources\test-annotations
[DEBUG] CompilerReuseStrategy: reuseCreated
[DEBUG] useIncrementalCompilation enabled
[INFO] Nothing to compile - all classes are up to date
[INFO] 
[INFO] --- surefire:3.1.2:test (default-test) @ MrYodaAPINew ---
[DEBUG] Using mirror maven-default-http-blocker (http://0.0.0.0/) for jboss-public-repository-group (http://repository.jboss.org/nexus/content/groups/public).
[DEBUG] Dependency collection stats {ConflictMarker.analyzeTime=214400, ConflictMarker.markTime=119600, ConflictMarker.nodeCount=78, ConflictIdSorter.graphTime=112300, ConflictIdSorter.topsortTime=44500, ConflictIdSorter.conflictIdCount=39, ConflictIdSorter.conflictIdCycleCount=0, ConflictResolver.totalTime=1059000, ConflictResolver.conflictItemCount=76, DfDependencyCollector.collectTime=202742600, DfDependencyCollector.transformTime=1579300}
[DEBUG] org.apache.maven.plugins:maven-surefire-plugin:jar:3.1.2
[DEBUG]    org.apache.maven.surefire:maven-surefire-common:jar:3.1.2:compile
[DEBUG]       org.apache.maven.surefire:surefire-api:jar:3.1.2:compile
[DEBUG]          org.apache.maven.surefire:surefire-logger-api:jar:3.1.2:compile
[DEBUG]       org.apache.maven.surefire:surefire-extensions-api:jar:3.1.2:compile
[DEBUG]       org.apache.maven.surefire:surefire-booter:jar:3.1.2:compile
[DEBUG]          org.apache.maven.surefire:surefire-extensions-spi:jar:3.1.2:compile
[DEBUG]       org.eclipse.aether:aether-util:jar:1.0.0.v20140518:compile
[DEBUG]          org.eclipse.aether:aether-api:jar:1.0.0.v20140518:compile
[DEBUG]       org.apache.maven.shared:maven-common-artifact-filters:jar:3.1.1:compile (version managed from default) (exclusions managed from default)
[DEBUG]          org.apache.maven:maven-artifact:jar:3.2.5:provided (scope managed from default) (version managed from default)
[DEBUG]             org.codehaus.plexus:plexus-utils:jar:3.5.0:provided (version managed from default)
[DEBUG]          org.apache.maven:maven-core:jar:3.2.5:provided (scope managed from default) (version managed from default)
[DEBUG]             org.apache.maven:maven-settings:jar:3.2.5:provided (version managed from default)
[DEBUG]             org.apache.maven:maven-settings-builder:jar:3.2.5:provided
[DEBUG]             org.apache.maven:maven-repository-metadata:jar:3.2.5:provided
[DEBUG]             org.apache.maven:maven-model-builder:jar:3.2.5:provided
[DEBUG]             org.apache.maven:maven-aether-provider:jar:3.2.5:provided
[DEBUG]                org.eclipse.aether:aether-spi:jar:1.0.0.v20140518:provided
[DEBUG]             org.eclipse.aether:aether-impl:jar:1.0.0.v20140518:provided
[DEBUG]             org.eclipse.sisu:org.eclipse.sisu.plexus:jar:0.3.5:provided (version managed from default)
[DEBUG]                javax.annotation:javax.annotation-api:jar:1.2:provided
[DEBUG]                javax.enterprise:cdi-api:jar:1.2:provided
[DEBUG]                org.eclipse.sisu:org.eclipse.sisu.inject:jar:0.3.5:provided (version managed from default)
[DEBUG]             org.sonatype.sisu:sisu-guice:jar:no_aop:3.2.3:provided
[DEBUG]                javax.inject:javax.inject:jar:1:provided
[DEBUG]                aopalliance:aopalliance:jar:1.0:provided
[DEBUG]                com.google.guava:guava:jar:16.0.1:provided
[DEBUG]             org.codehaus.plexus:plexus-interpolation:jar:1.21:provided
[DEBUG]             org.codehaus.plexus:plexus-classworlds:jar:2.5.2:provided
[DEBUG]             org.codehaus.plexus:plexus-component-annotations:jar:1.5.5:provided
[DEBUG]             org.sonatype.plexus:plexus-sec-dispatcher:jar:1.3:provided
[DEBUG]                org.sonatype.plexus:plexus-cipher:jar:1.4:provided
[DEBUG]          org.apache.maven:maven-plugin-api:jar:3.2.5:provided (scope managed from default) (version managed from default)
[DEBUG]          commons-io:commons-io:jar:2.12.0:compile (version managed from default)
[DEBUG]       org.codehaus.plexus:plexus-java:jar:1.1.2:compile (version managed from default)
[DEBUG]          org.ow2.asm:asm:jar:9.4:compile
[DEBUG]          com.thoughtworks.qdox:qdox:jar:2.0.3:compile
[DEBUG]       org.apache.maven.surefire:surefire-shared-utils:jar:3.1.2:compile
[DEBUG] Created new class realm plugin>org.apache.maven.plugins:maven-surefire-plugin:3.1.2
[DEBUG] Importing foreign packages into class realm plugin>org.apache.maven.plugins:maven-surefire-plugin:3.1.2
[DEBUG]   Imported:  < maven.api
[DEBUG] Populating class realm plugin>org.apache.maven.plugins:maven-surefire-plugin:3.1.2
[DEBUG]   Included: org.apache.maven.plugins:maven-surefire-plugin:jar:3.1.2
[DEBUG]   Included: org.apache.maven.surefire:maven-surefire-common:jar:3.1.2
[DEBUG]   Included: org.apache.maven.surefire:surefire-api:jar:3.1.2
[DEBUG]   Included: org.apache.maven.surefire:surefire-logger-api:jar:3.1.2
[DEBUG]   Included: org.apache.maven.surefire:surefire-extensions-api:jar:3.1.2
[DEBUG]   Included: org.apache.maven.surefire:surefire-booter:jar:3.1.2
[DEBUG]   Included: org.apache.maven.surefire:surefire-extensions-spi:jar:3.1.2
[DEBUG]   Included: org.apache.maven.shared:maven-common-artifact-filters:jar:3.1.1
[DEBUG]   Included: commons-io:commons-io:jar:2.12.0
[DEBUG]   Included: org.codehaus.plexus:plexus-java:jar:1.1.2
[DEBUG]   Included: org.ow2.asm:asm:jar:9.4
[DEBUG]   Included: com.thoughtworks.qdox:qdox:jar:2.0.3
[DEBUG]   Included: org.apache.maven.surefire:surefire-shared-utils:jar:3.1.2
[DEBUG] Loading mojo org.apache.maven.plugins:maven-surefire-plugin:3.1.2:test from plugin realm ClassRealm[plugin>org.apache.maven.plugins:maven-surefire-plugin:3.1.2, parent: jdk.internal.loader.ClassLoaders$AppClassLoader@73d16e93]
[DEBUG] Configuring mojo execution 'org.apache.maven.plugins:maven-surefire-plugin:3.1.2:test:default-test' with basic configurator -->
[DEBUG]   (s) additionalClasspathElements = []
[DEBUG]   (s) basedir = C:\Users\RANJITH\Pictures\MrYodaAPINew
[DEBUG]   (s) childDelegation = false
[DEBUG]   (f) classesDirectory = C:\Users\RANJITH\Pictures\MrYodaAPINew\target\classes
[DEBUG]   (s) classpathDependencyExcludes = []
[DEBUG]   (s) dependenciesToScan = []
[DEBUG]   (s) disableXmlReport = false
[DEBUG]   (s) enableAssertions = true
[DEBUG]   (s) excludeJUnit5Engines = []
[DEBUG]   (f) excludedEnvironmentVariables = []
[DEBUG]   (s) excludes = []
[DEBUG]   (s) failIfNoSpecifiedTests = true
[DEBUG]   (s) failIfNoTests = false
[DEBUG]   (s) failOnFlakeCount = 0
[DEBUG]   (f) forkCount = 1
[DEBUG]   (s) forkedProcessExitTimeoutInSeconds = 30
[DEBUG]   (s) includeJUnit5Engines = []
[DEBUG]   (s) includes = []
[DEBUG]   (s) junitArtifactName = junit:junit
[DEBUG]   (f) parallelMavenExecution = false
[DEBUG]   (s) parallelOptimized = true
[DEBUG]   (s) perCoreThreadCount = true
[DEBUG]   (s) pluginArtifactMap = {org.apache.maven.plugins:maven-surefire-plugin=org.apache.maven.plugins:maven-surefire-plugin:maven-plugin:3.1.2:, org.apache.maven.surefire:maven-surefire-common=org.apache.maven.surefire:maven-surefire-common:jar:3.1.2:compile, org.apache.maven.surefire:surefire-api=org.apache.maven.surefire:surefire-api:jar:3.1.2:compile, org.apache.maven.surefire:surefire-logger-api=org.apache.maven.surefire:surefire-logger-api:jar:3.1.2:compile, org.apache.maven.surefire:surefire-extensions-api=org.apache.maven.surefire:surefire-extensions-api:jar:3.1.2:compile, org.apache.maven.surefire:surefire-booter=org.apache.maven.surefire:surefire-booter:jar:3.1.2:compile, org.apache.maven.surefire:surefire-extensions-spi=org.apache.maven.surefire:surefire-extensions-spi:jar:3.1.2:compile, org.eclipse.aether:aether-util=org.eclipse.aether:aether-util:jar:1.0.0.v20140518:compile, org.eclipse.aether:aether-api=org.eclipse.aether:aether-api:jar:1.0.0.v20140518:compile, org.apache.maven.shared:maven-common-artifact-filters=org.apache.maven.shared:maven-common-artifact-filters:jar:3.1.1:compile, commons-io:commons-io=commons-io:commons-io:jar:2.12.0:compile, org.codehaus.plexus:plexus-java=org.codehaus.plexus:plexus-java:jar:1.1.2:compile, org.ow2.asm:asm=org.ow2.asm:asm:jar:9.4:compile, com.thoughtworks.qdox:qdox=com.thoughtworks.qdox:qdox:jar:2.0.3:compile, org.apache.maven.surefire:surefire-shared-utils=org.apache.maven.surefire:surefire-shared-utils:jar:3.1.2:compile}
[DEBUG]   (f) pluginDescriptor = Component Descriptor: role: 'org.apache.maven.plugin.Mojo', implementation: 'org.apache.maven.plugins.maven_surefire_plugin.HelpMojo', role hint: 'org.apache.maven.plugins:maven-surefire-plugin:3.1.2:help'
role: 'org.apache.maven.plugin.Mojo', implementation: 'org.apache.maven.plugin.surefire.SurefirePlugin', role hint: 'org.apache.maven.plugins:maven-surefire-plugin:3.1.2:test'
---
[DEBUG]   (s) printSummary = true
[DEBUG]   (s) project = MavenProject: MrYodaAPINew:MrYodaAPINew:0.0.1-SNAPSHOT @ C:\Users\RANJITH\Pictures\MrYodaAPINew\pom.xml
[DEBUG]   (s) projectArtifactMap = {io.rest-assured:rest-assured=io.rest-assured:rest-assured:jar:5.3.2:compile, org.apache.groovy:groovy=org.apache.groovy:groovy:jar:4.0.11:compile, org.apache.groovy:groovy-xml=org.apache.groovy:groovy-xml:jar:4.0.11:compile, org.apache.httpcomponents:httpclient=org.apache.httpcomponents:httpclient:jar:4.5.13:compile, org.apache.httpcomponents:httpcore=org.apache.httpcomponents:httpcore:jar:4.4.13:compile, commons-logging:commons-logging=commons-logging:commons-logging:jar:1.2:compile, org.apache.httpcomponents:httpmime=org.apache.httpcomponents:httpmime:jar:4.5.13:compile, org.ccil.cowan.tagsoup:tagsoup=org.ccil.cowan.tagsoup:tagsoup:jar:1.2.1:compile, io.rest-assured:json-path=io.rest-assured:json-path:jar:5.3.2:compile, org.apache.groovy:groovy-json=org.apache.groovy:groovy-json:jar:4.0.11:compile, io.rest-assured:rest-assured-common=io.rest-assured:rest-assured-common:jar:5.3.2:compile, io.rest-assured:xml-path=io.rest-assured:xml-path:jar:5.3.2:compile, org.apache.commons:commons-lang3=org.apache.commons:commons-lang3:jar:3.11:compile, org.json:json=org.json:json:jar:20231013:compile, io.rest-assured:json-schema-validator=io.rest-assured:json-schema-validator:jar:5.3.2:compile, com.github.java-json-tools:json-schema-validator=com.github.java-json-tools:json-schema-validator:jar:2.2.14:compile, com.github.java-json-tools:jackson-coreutils-equivalence=com.github.java-json-tools:jackson-coreutils-equivalence:jar:1.0:compile, com.github.java-json-tools:jackson-coreutils=com.github.java-json-tools:jackson-coreutils:jar:2.0:compile, com.github.java-json-tools:msg-simple=com.github.java-json-tools:msg-simple:jar:1.2:compile, com.github.java-json-tools:btf=com.github.java-json-tools:btf:jar:1.3:compile, com.github.java-json-tools:json-schema-core=com.github.java-json-tools:json-schema-core:jar:1.2.14:compile, com.github.java-json-tools:uri-template=com.github.java-json-tools:uri-template:jar:0.10:compile, org.mozilla:rhino=org.mozilla:rhino:jar:1.7.7.2:compile, com.sun.mail:mailapi=com.sun.mail:mailapi:jar:1.6.2:compile, joda-time:joda-time=joda-time:joda-time:jar:2.10.5:compile, com.googlecode.libphonenumber:libphonenumber=com.googlecode.libphonenumber:libphonenumber:jar:8.11.1:compile, com.google.code.findbugs:jsr305=com.google.code.findbugs:jsr305:jar:3.0.2:compile, net.sf.jopt-simple:jopt-simple=net.sf.jopt-simple:jopt-simple:jar:5.0.4:compile, com.google.guava:guava=com.google.guava:guava:jar:32.0.1-jre:compile, com.google.guava:failureaccess=com.google.guava:failureaccess:jar:1.0.1:compile, com.google.guava:listenablefuture=com.google.guava:listenablefuture:jar:9999.0-empty-to-avoid-conflict-with-guava:compile, org.checkerframework:checker-qual=org.checkerframework:checker-qual:jar:3.33.0:compile, com.google.errorprone:error_prone_annotations=com.google.errorprone:error_prone_annotations:jar:2.18.0:compile, com.google.j2objc:j2objc-annotations=com.google.j2objc:j2objc-annotations:jar:2.8:compile, org.testng:testng=org.testng:testng:jar:7.8.0:compile, org.slf4j:slf4j-api=org.slf4j:slf4j-api:jar:1.7.36:compile, com.beust:jcommander=com.beust:jcommander:jar:1.82:compile, org.webjars:jquery=org.webjars:jquery:jar:3.6.1:runtime, com.fasterxml.jackson.core:jackson-databind=com.fasterxml.jackson.core:jackson-databind:jar:2.15.3:compile, com.fasterxml.jackson.core:jackson-core=com.fasterxml.jackson.core:jackson-core:jar:2.15.3:compile, com.fasterxml.jackson.core:jackson-annotations=com.fasterxml.jackson.core:jackson-annotations:jar:2.15.3:compile, com.google.code.gson:gson=com.google.code.gson:gson:jar:2.10.1:compile, com.aventstack:extentreports=com.aventstack:extentreports:jar:5.1.1:compile, io.reactivex.rxjava3:rxjava=io.reactivex.rxjava3:rxjava:jar:3.1.6:compile, org.reactivestreams:reactive-streams=org.reactivestreams:reactive-streams:jar:1.0.4:compile, org.freemarker:freemarker=org.freemarker:freemarker:jar:2.3.32:compile, io.qameta.allure:allure-testng=io.qameta.allure:allure-testng:jar:2.24.0:compile, io.qameta.allure:allure-java-commons=io.qameta.allure:allure-java-commons:jar:2.24.0:compile, io.qameta.allure:allure-model=io.qameta.allure:allure-model:jar:2.24.0:compile, io.qameta.allure:allure-test-filter=io.qameta.allure:allure-test-filter:jar:2.24.0:runtime, io.qameta.allure:allure-rest-assured=io.qameta.allure:allure-rest-assured:jar:2.24.0:compile, io.qameta.allure:allure-attachments=io.qameta.allure:allure-attachments:jar:2.24.0:compile, org.apache.logging.log4j:log4j-core=org.apache.logging.log4j:log4j-core:jar:2.20.0:compile, org.apache.logging.log4j:log4j-api=org.apache.logging.log4j:log4j-api:jar:2.20.0:compile, org.apache.logging.log4j:log4j-slf4j-impl=org.apache.logging.log4j:log4j-slf4j-impl:jar:2.20.0:compile, org.apache.poi:poi=org.apache.poi:poi:jar:5.2.4:compile, commons-codec:commons-codec=commons-codec:commons-codec:jar:1.16.0:compile, org.apache.commons:commons-collections4=org.apache.commons:commons-collections4:jar:4.4:compile, org.apache.commons:commons-math3=org.apache.commons:commons-math3:jar:3.6.1:compile, commons-io:commons-io=commons-io:commons-io:jar:2.13.0:compile, com.zaxxer:SparseBitSet=com.zaxxer:SparseBitSet:jar:1.3:compile, org.apache.poi:poi-ooxml=org.apache.poi:poi-ooxml:jar:5.2.4:compile, org.apache.poi:poi-ooxml-lite=org.apache.poi:poi-ooxml-lite:jar:5.2.4:compile, org.apache.xmlbeans:xmlbeans=org.apache.xmlbeans:xmlbeans:jar:5.1.1:compile, org.apache.commons:commons-compress=org.apache.commons:commons-compress:jar:1.24.0:compile, com.github.virtuald:curvesapi=com.github.virtuald:curvesapi:jar:1.08:compile, com.github.javafaker:javafaker=com.github.javafaker:javafaker:jar:1.0.2:compile, org.yaml:snakeyaml=org.yaml:snakeyaml:jar:android:1.23:compile, com.github.mifmif:generex=com.github.mifmif:generex:jar:1.0.2:compile, dk.brics.automaton:automaton=dk.brics.automaton:automaton:jar:1.11-8:compile, org.projectlombok:lombok=org.projectlombok:lombok:jar:1.18.30:provided, org.aeonbits.owner:owner=org.aeonbits.owner:owner:jar:1.0.12:compile, org.assertj:assertj-core=org.assertj:assertj-core:jar:3.24.2:compile, net.bytebuddy:byte-buddy=net.bytebuddy:byte-buddy:jar:1.12.21:compile, org.hamcrest:hamcrest=org.hamcrest:hamcrest:jar:2.2:compile, com.razorpay:razorpay-java=com.razorpay:razorpay-java:jar:1.4.6:compile, com.squareup.okhttp3:okhttp=com.squareup.okhttp3:okhttp:jar:3.10.0:compile, com.squareup.okio:okio=com.squareup.okio:okio:jar:1.14.0:compile, com.squareup.okhttp3:logging-interceptor=com.squareup.okhttp3:logging-interceptor:jar:3.10.0:compile, org.apache.commons:commons-text=org.apache.commons:commons-text:jar:1.3:compile}
[DEBUG]   (s) projectBuildDirectory = C:\Users\RANJITH\Pictures\MrYodaAPINew\target
[DEBUG]   (s) redirectTestOutputToFile = false
[DEBUG]   (s) reportFormat = brief
[DEBUG]   (s) reportsDirectory = C:\Users\RANJITH\Pictures\MrYodaAPINew\target\surefire-reports
[DEBUG]   (f) rerunFailingTestsCount = 0
[DEBUG]   (f) reuseForks = true
[DEBUG]   (s) runOrder = filesystem
[DEBUG]   (s) session = org.apache.maven.execution.MavenSession@7fb29ca9
[DEBUG]   (f) shutdown = exit
[DEBUG]   (s) skip = false
[DEBUG]   (f) skipAfterFailureCount = 0
[DEBUG]   (s) skipTests = false
[DEBUG]   (s) suiteXmlFiles = [C:\Users\RANJITH\Pictures\MrYodaAPINew\testng_new_user.xml]
[DEBUG]   (s) tempDir = surefire
[DEBUG]   (s) testClassesDirectory = C:\Users\RANJITH\Pictures\MrYodaAPINew\target\test-classes
[DEBUG]   (s) testFailureIgnore = false
[DEBUG]   (s) testNGArtifactName = org.testng:testng
[DEBUG]   (s) testSourceDirectory = C:\Users\RANJITH\Pictures\MrYodaAPINew\src\test\java
[DEBUG]   (s) threadCountClasses = 0
[DEBUG]   (s) threadCountMethods = 0
[DEBUG]   (s) threadCountSuites = 0
[DEBUG]   (s) trimStackTrace = false
[DEBUG]   (s) useFile = true
[DEBUG]   (s) useManifestOnlyJar = false
[DEBUG]   (f) useModulePath = true
[DEBUG]   (s) useSystemClassLoader = true
[DEBUG]   (s) useUnlimitedThreads = false
[DEBUG]   (s) workingDirectory = C:\Users\RANJITH\Pictures\MrYodaAPINew
[DEBUG] -- end configuration --
[DEBUG] Using JVM: C:\Program Files\jdk-17.0.12\bin\java with Java version 17.0
[DEBUG] Resolved included and excluded patterns: **/Test*.java, **/*Test.java, **/*Tests.java, **/*TestCase.java, !**/*$*
[DEBUG] Surefire report directory: C:\Users\RANJITH\Pictures\MrYodaAPINew\target\surefire-reports
[INFO] Using auto detected provider org.apache.maven.surefire.testng.TestNGProvider
[DEBUG] Using the provider org.apache.maven.surefire.testng.TestNGProvider
[DEBUG] Setting system property [basedir]=[C:\Users\RANJITH\Pictures\MrYodaAPINew]
[DEBUG] Setting system property [suiteXmlFile]=[testng_new_user.xml]
[DEBUG] Setting system property [localRepository]=[C:\Users\RANJITH\.m2\repository]
[DEBUG] Dependency collection stats {ConflictMarker.analyzeTime=56100, ConflictMarker.markTime=19500, ConflictMarker.nodeCount=6, ConflictIdSorter.graphTime=11500, ConflictIdSorter.topsortTime=12700, ConflictIdSorter.conflictIdCount=5, ConflictIdSorter.conflictIdCycleCount=0, ConflictResolver.totalTime=213800, ConflictResolver.conflictItemCount=6, DfDependencyCollector.collectTime=4928500, DfDependencyCollector.transformTime=332400}
[DEBUG] Found implementation of fork node factory: org.apache.maven.plugin.surefire.extensions.LegacyForkNodeFactory
[DEBUG] Dependency collection stats {ConflictMarker.analyzeTime=40000, ConflictMarker.markTime=19900, ConflictMarker.nodeCount=10, ConflictIdSorter.graphTime=18600, ConflictIdSorter.topsortTime=11900, ConflictIdSorter.conflictIdCount=7, ConflictIdSorter.conflictIdCycleCount=0, ConflictResolver.totalTime=134200, ConflictResolver.conflictItemCount=10, DfDependencyCollector.collectTime=30727000, DfDependencyCollector.transformTime=243800}
[DEBUG] test classpath:  C:\Users\RANJITH\Pictures\MrYodaAPINew\target\test-classes  C:\Users\RANJITH\Pictures\MrYodaAPINew\target\classes  C:\Users\RANJITH\.m2\repository\io\rest-assured\rest-assured\5.3.2\rest-assured-5.3.2.jar  C:\Users\RANJITH\.m2\repository\org\apache\groovy\groovy\4.0.11\groovy-4.0.11.jar  C:\Users\RANJITH\.m2\repository\org\apache\groovy\groovy-xml\4.0.11\groovy-xml-4.0.11.jar  C:\Users\RANJITH\.m2\repository\org\apache\httpcomponents\httpclient\4.5.13\httpclient-4.5.13.jar  C:\Users\RANJITH\.m2\repository\org\apache\httpcomponents\httpcore\4.4.13\httpcore-4.4.13.jar  C:\Users\RANJITH\.m2\repository\commons-logging\commons-logging\1.2\commons-logging-1.2.jar  C:\Users\RANJITH\.m2\repository\org\apache\httpcomponents\httpmime\4.5.13\httpmime-4.5.13.jar  C:\Users\RANJITH\.m2\repository\org\ccil\cowan\tagsoup\tagsoup\1.2.1\tagsoup-1.2.1.jar  C:\Users\RANJITH\.m2\repository\io\rest-assured\json-path\5.3.2\json-path-5.3.2.jar  C:\Users\RANJITH\.m2\repository\org\apache\groovy\groovy-json\4.0.11\groovy-json-4.0.11.jar  C:\Users\RANJITH\.m2\repository\io\rest-assured\rest-assured-common\5.3.2\rest-assured-common-5.3.2.jar  C:\Users\RANJITH\.m2\repository\io\rest-assured\xml-path\5.3.2\xml-path-5.3.2.jar  C:\Users\RANJITH\.m2\repository\org\apache\commons\commons-lang3\3.11\commons-lang3-3.11.jar  C:\Users\RANJITH\.m2\repository\org\json\json\20231013\json-20231013.jar  C:\Users\RANJITH\.m2\repository\io\rest-assured\json-schema-validator\5.3.2\json-schema-validator-5.3.2.jar  C:\Users\RANJITH\.m2\repository\com\github\java-json-tools\json-schema-validator\2.2.14\json-schema-validator-2.2.14.jar  C:\Users\RANJITH\.m2\repository\com\github\java-json-tools\jackson-coreutils-equivalence\1.0\jackson-coreutils-equivalence-1.0.jar  C:\Users\RANJITH\.m2\repository\com\github\java-json-tools\jackson-coreutils\2.0\jackson-coreutils-2.0.jar  C:\Users\RANJITH\.m2\repository\com\github\java-json-tools\msg-simple\1.2\msg-simple-1.2.jar  C:\Users\RANJITH\.m2\repository\com\github\java-json-tools\btf\1.3\btf-1.3.jar  C:\Users\RANJITH\.m2\repository\com\github\java-json-tools\json-schema-core\1.2.14\json-schema-core-1.2.14.jar  C:\Users\RANJITH\.m2\repository\com\github\java-json-tools\uri-template\0.10\uri-template-0.10.jar  C:\Users\RANJITH\.m2\repository\org\mozilla\rhino\1.7.7.2\rhino-1.7.7.2.jar  C:\Users\RANJITH\.m2\repository\com\sun\mail\mailapi\1.6.2\mailapi-1.6.2.jar  C:\Users\RANJITH\.m2\repository\joda-time\joda-time\2.10.5\joda-time-2.10.5.jar  C:\Users\RANJITH\.m2\repository\com\googlecode\libphonenumber\libphonenumber\8.11.1\libphonenumber-8.11.1.jar  C:\Users\RANJITH\.m2\repository\com\google\code\findbugs\jsr305\3.0.2\jsr305-3.0.2.jar  C:\Users\RANJITH\.m2\repository\net\sf\jopt-simple\jopt-simple\5.0.4\jopt-simple-5.0.4.jar  C:\Users\RANJITH\.m2\repository\com\google\guava\guava\32.0.1-jre\guava-32.0.1-jre.jar  C:\Users\RANJITH\.m2\repository\com\google\guava\failureaccess\1.0.1\failureaccess-1.0.1.jar  C:\Users\RANJITH\.m2\repository\com\google\guava\listenablefuture\9999.0-empty-to-avoid-conflict-with-guava\listenablefuture-9999.0-empty-to-avoid-conflict-with-guava.jar  C:\Users\RANJITH\.m2\repository\org\checkerframework\checker-qual\3.33.0\checker-qual-3.33.0.jar  C:\Users\RANJITH\.m2\repository\com\google\errorprone\error_prone_annotations\2.18.0\error_prone_annotations-2.18.0.jar  C:\Users\RANJITH\.m2\repository\com\google\j2objc\j2objc-annotations\2.8\j2objc-annotations-2.8.jar  C:\Users\RANJITH\.m2\repository\org\testng\testng\7.8.0\testng-7.8.0.jar  C:\Users\RANJITH\.m2\repository\org\slf4j\slf4j-api\1.7.36\slf4j-api-1.7.36.jar  C:\Users\RANJITH\.m2\repository\com\beust\jcommander\1.82\jcommander-1.82.jar  C:\Users\RANJITH\.m2\repository\org\webjars\jquery\3.6.1\jquery-3.6.1.jar  C:\Users\RANJITH\.m2\repository\com\fasterxml\jackson\core\jackson-databind\2.15.3\jackson-databind-2.15.3.jar  C:\Users\RANJITH\.m2\repository\com\fasterxml\jackson\core\jackson-core\2.15.3\jackson-core-2.15.3.jar  C:\Users\RANJITH\.m2\repository\com\fasterxml\jackson\core\jackson-annotations\2.15.3\jackson-annotations-2.15.3.jar  C:\Users\RANJITH\.m2\repository\com\google\code\gson\gson\2.10.1\gson-2.10.1.jar  C:\Users\RANJITH\.m2\repository\com\aventstack\extentreports\5.1.1\extentreports-5.1.1.jar  C:\Users\RANJITH\.m2\repository\io\reactivex\rxjava3\rxjava\3.1.6\rxjava-3.1.6.jar  C:\Users\RANJITH\.m2\repository\org\reactivestreams\reactive-streams\1.0.4\reactive-streams-1.0.4.jar  C:\Users\RANJITH\.m2\repository\org\freemarker\freemarker\2.3.32\freemarker-2.3.32.jar  C:\Users\RANJITH\.m2\repository\io\qameta\allure\allure-testng\2.24.0\allure-testng-2.24.0.jar  C:\Users\RANJITH\.m2\repository\io\qameta\allure\allure-java-commons\2.24.0\allure-java-commons-2.24.0.jar  C:\Users\RANJITH\.m2\repository\io\qameta\allure\allure-model\2.24.0\allure-model-2.24.0.jar  C:\Users\RANJITH\.m2\repository\io\qameta\allure\allure-test-filter\2.24.0\allure-test-filter-2.24.0.jar  C:\Users\RANJITH\.m2\repository\io\qameta\allure\allure-rest-assured\2.24.0\allure-rest-assured-2.24.0.jar  C:\Users\RANJITH\.m2\repository\io\qameta\allure\allure-attachments\2.24.0\allure-attachments-2.24.0.jar  C:\Users\RANJITH\.m2\repository\org\apache\logging\log4j\log4j-core\2.20.0\log4j-core-2.20.0.jar  C:\Users\RANJITH\.m2\repository\org\apache\logging\log4j\log4j-api\2.20.0\log4j-api-2.20.0.jar  C:\Users\RANJITH\.m2\repository\org\apache\logging\log4j\log4j-slf4j-impl\2.20.0\log4j-slf4j-impl-2.20.0.jar  C:\Users\RANJITH\.m2\repository\org\apache\poi\poi\5.2.4\poi-5.2.4.jar  C:\Users\RANJITH\.m2\repository\commons-codec\commons-codec\1.16.0\commons-codec-1.16.0.jar  C:\Users\RANJITH\.m2\repository\org\apache\commons\commons-collections4\4.4\commons-collections4-4.4.jar  C:\Users\RANJITH\.m2\repository\org\apache\commons\commons-math3\3.6.1\commons-math3-3.6.1.jar  C:\Users\RANJITH\.m2\repository\commons-io\commons-io\2.13.0\commons-io-2.13.0.jar  C:\Users\RANJITH\.m2\repository\com\zaxxer\SparseBitSet\1.3\SparseBitSet-1.3.jar  C:\Users\RANJITH\.m2\repository\org\apache\poi\poi-ooxml\5.2.4\poi-ooxml-5.2.4.jar  C:\Users\RANJITH\.m2\repository\org\apache\poi\poi-ooxml-lite\5.2.4\poi-ooxml-lite-5.2.4.jar  C:\Users\RANJITH\.m2\repository\org\apache\xmlbeans\xmlbeans\5.1.1\xmlbeans-5.1.1.jar  C:\Users\RANJITH\.m2\repository\org\apache\commons\commons-compress\1.24.0\commons-compress-1.24.0.jar  C:\Users\RANJITH\.m2\repository\com\github\virtuald\curvesapi\1.08\curvesapi-1.08.jar  C:\Users\RANJITH\.m2\repository\com\github\javafaker\javafaker\1.0.2\javafaker-1.0.2.jar  C:\Users\RANJITH\.m2\repository\org\yaml\snakeyaml\1.23\snakeyaml-1.23-android.jar  C:\Users\RANJITH\.m2\repository\com\github\mifmif\generex\1.0.2\generex-1.0.2.jar  C:\Users\RANJITH\.m2\repository\dk\brics\automaton\automaton\1.11-8\automaton-1.11-8.jar  C:\Users\RANJITH\.m2\repository\org\projectlombok\lombok\1.18.30\lombok-1.18.30.jar  C:\Users\RANJITH\.m2\repository\org\aeonbits\owner\owner\1.0.12\owner-1.0.12.jar  C:\Users\RANJITH\.m2\repository\org\assertj\assertj-core\3.24.2\assertj-core-3.24.2.jar  C:\Users\RANJITH\.m2\repository\net\bytebuddy\byte-buddy\1.12.21\byte-buddy-1.12.21.jar  C:\Users\RANJITH\.m2\repository\org\hamcrest\hamcrest\2.2\hamcrest-2.2.jar  C:\Users\RANJITH\.m2\repository\com\razorpay\razorpay-java\1.4.6\razorpay-java-1.4.6.jar  C:\Users\RANJITH\.m2\repository\com\squareup\okhttp3\okhttp\3.10.0\okhttp-3.10.0.jar  C:\Users\RANJITH\.m2\repository\com\squareup\okio\okio\1.14.0\okio-1.14.0.jar  C:\Users\RANJITH\.m2\repository\com\squareup\okhttp3\logging-interceptor\3.10.0\logging-interceptor-3.10.0.jar  C:\Users\RANJITH\.m2\repository\org\apache\commons\commons-text\1.3\commons-text-1.3.jar
[DEBUG] provider classpath:  C:\Users\RANJITH\.m2\repository\org\apache\maven\surefire\surefire-testng\3.1.2\surefire-testng-3.1.2.jar  C:\Users\RANJITH\.m2\repository\org\apache\maven\surefire\surefire-api\3.1.2\surefire-api-3.1.2.jar  C:\Users\RANJITH\.m2\repository\org\apache\maven\surefire\surefire-logger-api\3.1.2\surefire-logger-api-3.1.2.jar  C:\Users\RANJITH\.m2\repository\org\apache\maven\surefire\surefire-shared-utils\3.1.2\surefire-shared-utils-3.1.2.jar  C:\Users\RANJITH\.m2\repository\org\apache\maven\surefire\common-java5\3.1.2\common-java5-3.1.2.jar  C:\Users\RANJITH\.m2\repository\org\apache\maven\surefire\surefire-grouper\3.1.2\surefire-grouper-3.1.2.jar  C:\Users\RANJITH\.m2\repository\org\apache\maven\surefire\surefire-testng-utils\3.1.2\surefire-testng-utils-3.1.2.jar
[DEBUG] test(compact) classpath:  test-classes  classes  rest-assured-5.3.2.jar  groovy-4.0.11.jar  groovy-xml-4.0.11.jar  httpclient-4.5.13.jar  httpcore-4.4.13.jar  commons-logging-1.2.jar  httpmime-4.5.13.jar  tagsoup-1.2.1.jar  json-path-5.3.2.jar  groovy-json-4.0.11.jar  rest-assured-common-5.3.2.jar  xml-path-5.3.2.jar  commons-lang3-3.11.jar  json-20231013.jar  json-schema-validator-5.3.2.jar  json-schema-validator-2.2.14.jar  jackson-coreutils-equivalence-1.0.jar  jackson-coreutils-2.0.jar  msg-simple-1.2.jar  btf-1.3.jar  json-schema-core-1.2.14.jar  uri-template-0.10.jar  rhino-1.7.7.2.jar  mailapi-1.6.2.jar  joda-time-2.10.5.jar  libphonenumber-8.11.1.jar  jsr305-3.0.2.jar  jopt-simple-5.0.4.jar  guava-32.0.1-jre.jar  failureaccess-1.0.1.jar  listenablefuture-9999.0-empty-to-avoid-conflict-with-guava.jar  checker-qual-3.33.0.jar  error_prone_annotations-2.18.0.jar  j2objc-annotations-2.8.jar  testng-7.8.0.jar  slf4j-api-1.7.36.jar  jcommander-1.82.jar  jquery-3.6.1.jar  jackson-databind-2.15.3.jar  jackson-core-2.15.3.jar  jackson-annotations-2.15.3.jar  gson-2.10.1.jar  extentreports-5.1.1.jar  rxjava-3.1.6.jar  reactive-streams-1.0.4.jar  freemarker-2.3.32.jar  allure-testng-2.24.0.jar  allure-java-commons-2.24.0.jar  allure-model-2.24.0.jar  allure-test-filter-2.24.0.jar  allure-rest-assured-2.24.0.jar  allure-attachments-2.24.0.jar  log4j-core-2.20.0.jar  log4j-api-2.20.0.jar  log4j-slf4j-impl-2.20.0.jar  poi-5.2.4.jar  commons-codec-1.16.0.jar  commons-collections4-4.4.jar  commons-math3-3.6.1.jar  commons-io-2.13.0.jar  SparseBitSet-1.3.jar  poi-ooxml-5.2.4.jar  poi-ooxml-lite-5.2.4.jar  xmlbeans-5.1.1.jar  commons-compress-1.24.0.jar  curvesapi-1.08.jar  javafaker-1.0.2.jar  snakeyaml-1.23-android.jar  generex-1.0.2.jar  automaton-1.11-8.jar  lombok-1.18.30.jar  owner-1.0.12.jar  assertj-core-3.24.2.jar  byte-buddy-1.12.21.jar  hamcrest-2.2.jar  razorpay-java-1.4.6.jar  okhttp-3.10.0.jar  okio-1.14.0.jar  logging-interceptor-3.10.0.jar  commons-text-1.3.jar
[DEBUG] provider(compact) classpath:  surefire-testng-3.1.2.jar  surefire-api-3.1.2.jar  surefire-logger-api-3.1.2.jar  surefire-shared-utils-3.1.2.jar  common-java5-3.1.2.jar  surefire-grouper-3.1.2.jar  surefire-testng-utils-3.1.2.jar
[DEBUG] in-process classpath:  C:\Users\RANJITH\.m2\repository\org\apache\maven\surefire\surefire-testng\3.1.2\surefire-testng-3.1.2.jar  C:\Users\RANJITH\.m2\repository\org\apache\maven\surefire\surefire-api\3.1.2\surefire-api-3.1.2.jar  C:\Users\RANJITH\.m2\repository\org\apache\maven\surefire\surefire-logger-api\3.1.2\surefire-logger-api-3.1.2.jar  C:\Users\RANJITH\.m2\repository\org\apache\maven\surefire\surefire-shared-utils\3.1.2\surefire-shared-utils-3.1.2.jar  C:\Users\RANJITH\.m2\repository\org\apache\maven\surefire\common-java5\3.1.2\common-java5-3.1.2.jar  C:\Users\RANJITH\.m2\repository\org\apache\maven\surefire\surefire-grouper\3.1.2\surefire-grouper-3.1.2.jar  C:\Users\RANJITH\.m2\repository\org\apache\maven\surefire\surefire-testng-utils\3.1.2\surefire-testng-utils-3.1.2.jar  C:\Users\RANJITH\.m2\repository\org\apache\maven\surefire\maven-surefire-common\3.1.2\maven-surefire-common-3.1.2.jar  C:\Users\RANJITH\.m2\repository\org\apache\maven\surefire\surefire-booter\3.1.2\surefire-booter-3.1.2.jar  C:\Users\RANJITH\.m2\repository\org\apache\maven\surefire\surefire-extensions-api\3.1.2\surefire-extensions-api-3.1.2.jar  C:\Users\RANJITH\.m2\repository\org\apache\maven\surefire\surefire-extensions-spi\3.1.2\surefire-extensions-spi-3.1.2.jar
[DEBUG] in-process(compact) classpath:  surefire-testng-3.1.2.jar  surefire-api-3.1.2.jar  surefire-logger-api-3.1.2.jar  surefire-shared-utils-3.1.2.jar  common-java5-3.1.2.jar  surefire-grouper-3.1.2.jar  surefire-testng-utils-3.1.2.jar  maven-surefire-common-3.1.2.jar  surefire-booter-3.1.2.jar  surefire-extensions-api-3.1.2.jar  surefire-extensions-spi-3.1.2.jar
[INFO] 
[INFO] -------------------------------------------------------
[INFO]  T E S T S
[INFO] -------------------------------------------------------
[DEBUG] Determined Maven Process ID 30920
[DEBUG] Fork Channel [1] connection string 'pipe://1' for the implementation class org.apache.maven.plugin.surefire.extensions.LegacyForkChannel
[DEBUG] boot classpath:  C:\Users\RANJITH\.m2\repository\org\apache\maven\surefire\surefire-api\3.1.2\surefire-api-3.1.2.jar  C:\Users\RANJITH\.m2\repository\org\apache\maven\surefire\surefire-booter\3.1.2\surefire-booter-3.1.2.jar  C:\Users\RANJITH\.m2\repository\org\apache\maven\surefire\surefire-extensions-spi\3.1.2\surefire-extensions-spi-3.1.2.jar  C:\Users\RANJITH\.m2\repository\org\apache\maven\surefire\surefire-logger-api\3.1.2\surefire-logger-api-3.1.2.jar  C:\Users\RANJITH\.m2\repository\org\apache\maven\surefire\surefire-shared-utils\3.1.2\surefire-shared-utils-3.1.2.jar  C:\Users\RANJITH\Pictures\MrYodaAPINew\target\test-classes  C:\Users\RANJITH\Pictures\MrYodaAPINew\target\classes  C:\Users\RANJITH\.m2\repository\io\rest-assured\rest-assured\5.3.2\rest-assured-5.3.2.jar  C:\Users\RANJITH\.m2\repository\org\apache\groovy\groovy\4.0.11\groovy-4.0.11.jar  C:\Users\RANJITH\.m2\repository\org\apache\groovy\groovy-xml\4.0.11\groovy-xml-4.0.11.jar  C:\Users\RANJITH\.m2\repository\org\apache\httpcomponents\httpclient\4.5.13\httpclient-4.5.13.jar  C:\Users\RANJITH\.m2\repository\org\apache\httpcomponents\httpcore\4.4.13\httpcore-4.4.13.jar  C:\Users\RANJITH\.m2\repository\commons-logging\commons-logging\1.2\commons-logging-1.2.jar  C:\Users\RANJITH\.m2\repository\org\apache\httpcomponents\httpmime\4.5.13\httpmime-4.5.13.jar  C:\Users\RANJITH\.m2\repository\org\ccil\cowan\tagsoup\tagsoup\1.2.1\tagsoup-1.2.1.jar  C:\Users\RANJITH\.m2\repository\io\rest-assured\json-path\5.3.2\json-path-5.3.2.jar  C:\Users\RANJITH\.m2\repository\org\apache\groovy\groovy-json\4.0.11\groovy-json-4.0.11.jar  C:\Users\RANJITH\.m2\repository\io\rest-assured\rest-assured-common\5.3.2\rest-assured-common-5.3.2.jar  C:\Users\RANJITH\.m2\repository\io\rest-assured\xml-path\5.3.2\xml-path-5.3.2.jar  C:\Users\RANJITH\.m2\repository\org\apache\commons\commons-lang3\3.11\commons-lang3-3.11.jar  C:\Users\RANJITH\.m2\repository\org\json\json\20231013\json-20231013.jar  C:\Users\RANJITH\.m2\repository\io\rest-assured\json-schema-validator\5.3.2\json-schema-validator-5.3.2.jar  C:\Users\RANJITH\.m2\repository\com\github\java-json-tools\json-schema-validator\2.2.14\json-schema-validator-2.2.14.jar  C:\Users\RANJITH\.m2\repository\com\github\java-json-tools\jackson-coreutils-equivalence\1.0\jackson-coreutils-equivalence-1.0.jar  C:\Users\RANJITH\.m2\repository\com\github\java-json-tools\jackson-coreutils\2.0\jackson-coreutils-2.0.jar  C:\Users\RANJITH\.m2\repository\com\github\java-json-tools\msg-simple\1.2\msg-simple-1.2.jar  C:\Users\RANJITH\.m2\repository\com\github\java-json-tools\btf\1.3\btf-1.3.jar  C:\Users\RANJITH\.m2\repository\com\github\java-json-tools\json-schema-core\1.2.14\json-schema-core-1.2.14.jar  C:\Users\RANJITH\.m2\repository\com\github\java-json-tools\uri-template\0.10\uri-template-0.10.jar  C:\Users\RANJITH\.m2\repository\org\mozilla\rhino\1.7.7.2\rhino-1.7.7.2.jar  C:\Users\RANJITH\.m2\repository\com\sun\mail\mailapi\1.6.2\mailapi-1.6.2.jar  C:\Users\RANJITH\.m2\repository\joda-time\joda-time\2.10.5\joda-time-2.10.5.jar  C:\Users\RANJITH\.m2\repository\com\googlecode\libphonenumber\libphonenumber\8.11.1\libphonenumber-8.11.1.jar  C:\Users\RANJITH\.m2\repository\com\google\code\findbugs\jsr305\3.0.2\jsr305-3.0.2.jar  C:\Users\RANJITH\.m2\repository\net\sf\jopt-simple\jopt-simple\5.0.4\jopt-simple-5.0.4.jar  C:\Users\RANJITH\.m2\repository\com\google\guava\guava\32.0.1-jre\guava-32.0.1-jre.jar  C:\Users\RANJITH\.m2\repository\com\google\guava\failureaccess\1.0.1\failureaccess-1.0.1.jar  C:\Users\RANJITH\.m2\repository\com\google\guava\listenablefuture\9999.0-empty-to-avoid-conflict-with-guava\listenablefuture-9999.0-empty-to-avoid-conflict-with-guava.jar  C:\Users\RANJITH\.m2\repository\org\checkerframework\checker-qual\3.33.0\checker-qual-3.33.0.jar  C:\Users\RANJITH\.m2\repository\com\google\errorprone\error_prone_annotations\2.18.0\error_prone_annotations-2.18.0.jar  C:\Users\RANJITH\.m2\repository\com\google\j2objc\j2objc-annotations\2.8\j2objc-annotations-2.8.jar  C:\Users\RANJITH\.m2\repository\org\testng\testng\7.8.0\testng-7.8.0.jar  C:\Users\RANJITH\.m2\repository\org\slf4j\slf4j-api\1.7.36\slf4j-api-1.7.36.jar  C:\Users\RANJITH\.m2\repository\com\beust\jcommander\1.82\jcommander-1.82.jar  C:\Users\RANJITH\.m2\repository\org\webjars\jquery\3.6.1\jquery-3.6.1.jar  C:\Users\RANJITH\.m2\repository\com\fasterxml\jackson\core\jackson-databind\2.15.3\jackson-databind-2.15.3.jar  C:\Users\RANJITH\.m2\repository\com\fasterxml\jackson\core\jackson-core\2.15.3\jackson-core-2.15.3.jar  C:\Users\RANJITH\.m2\repository\com\fasterxml\jackson\core\jackson-annotations\2.15.3\jackson-annotations-2.15.3.jar  C:\Users\RANJITH\.m2\repository\com\google\code\gson\gson\2.10.1\gson-2.10.1.jar  C:\Users\RANJITH\.m2\repository\com\aventstack\extentreports\5.1.1\extentreports-5.1.1.jar  C:\Users\RANJITH\.m2\repository\io\reactivex\rxjava3\rxjava\3.1.6\rxjava-3.1.6.jar  C:\Users\RANJITH\.m2\repository\org\reactivestreams\reactive-streams\1.0.4\reactive-streams-1.0.4.jar  C:\Users\RANJITH\.m2\repository\org\freemarker\freemarker\2.3.32\freemarker-2.3.32.jar  C:\Users\RANJITH\.m2\repository\io\qameta\allure\allure-testng\2.24.0\allure-testng-2.24.0.jar  C:\Users\RANJITH\.m2\repository\io\qameta\allure\allure-java-commons\2.24.0\allure-java-commons-2.24.0.jar  C:\Users\RANJITH\.m2\repository\io\qameta\allure\allure-model\2.24.0\allure-model-2.24.0.jar  C:\Users\RANJITH\.m2\repository\io\qameta\allure\allure-test-filter\2.24.0\allure-test-filter-2.24.0.jar  C:\Users\RANJITH\.m2\repository\io\qameta\allure\allure-rest-assured\2.24.0\allure-rest-assured-2.24.0.jar  C:\Users\RANJITH\.m2\repository\io\qameta\allure\allure-attachments\2.24.0\allure-attachments-2.24.0.jar  C:\Users\RANJITH\.m2\repository\org\apache\logging\log4j\log4j-core\2.20.0\log4j-core-2.20.0.jar  C:\Users\RANJITH\.m2\repository\org\apache\logging\log4j\log4j-api\2.20.0\log4j-api-2.20.0.jar  C:\Users\RANJITH\.m2\repository\org\apache\logging\log4j\log4j-slf4j-impl\2.20.0\log4j-slf4j-impl-2.20.0.jar  C:\Users\RANJITH\.m2\repository\org\apache\poi\poi\5.2.4\poi-5.2.4.jar  C:\Users\RANJITH\.m2\repository\commons-codec\commons-codec\1.16.0\commons-codec-1.16.0.jar  C:\Users\RANJITH\.m2\repository\org\apache\commons\commons-collections4\4.4\commons-collections4-4.4.jar  C:\Users\RANJITH\.m2\repository\org\apache\commons\commons-math3\3.6.1\commons-math3-3.6.1.jar  C:\Users\RANJITH\.m2\repository\commons-io\commons-io\2.13.0\commons-io-2.13.0.jar  C:\Users\RANJITH\.m2\repository\com\zaxxer\SparseBitSet\1.3\SparseBitSet-1.3.jar  C:\Users\RANJITH\.m2\repository\org\apache\poi\poi-ooxml\5.2.4\poi-ooxml-5.2.4.jar  C:\Users\RANJITH\.m2\repository\org\apache\poi\poi-ooxml-lite\5.2.4\poi-ooxml-lite-5.2.4.jar  C:\Users\RANJITH\.m2\repository\org\apache\xmlbeans\xmlbeans\5.1.1\xmlbeans-5.1.1.jar  C:\Users\RANJITH\.m2\repository\org\apache\commons\commons-compress\1.24.0\commons-compress-1.24.0.jar  C:\Users\RANJITH\.m2\repository\com\github\virtuald\curvesapi\1.08\curvesapi-1.08.jar  C:\Users\RANJITH\.m2\repository\com\github\javafaker\javafaker\1.0.2\javafaker-1.0.2.jar  C:\Users\RANJITH\.m2\repository\org\yaml\snakeyaml\1.23\snakeyaml-1.23-android.jar  C:\Users\RANJITH\.m2\repository\com\github\mifmif\generex\1.0.2\generex-1.0.2.jar  C:\Users\RANJITH\.m2\repository\dk\brics\automaton\automaton\1.11-8\automaton-1.11-8.jar  C:\Users\RANJITH\.m2\repository\org\projectlombok\lombok\1.18.30\lombok-1.18.30.jar  C:\Users\RANJITH\.m2\repository\org\aeonbits\owner\owner\1.0.12\owner-1.0.12.jar  C:\Users\RANJITH\.m2\repository\org\assertj\assertj-core\3.24.2\assertj-core-3.24.2.jar  C:\Users\RANJITH\.m2\repository\net\bytebuddy\byte-buddy\1.12.21\byte-buddy-1.12.21.jar  C:\Users\RANJITH\.m2\repository\org\hamcrest\hamcrest\2.2\hamcrest-2.2.jar  C:\Users\RANJITH\.m2\repository\com\razorpay\razorpay-java\1.4.6\razorpay-java-1.4.6.jar  C:\Users\RANJITH\.m2\repository\com\squareup\okhttp3\okhttp\3.10.0\okhttp-3.10.0.jar  C:\Users\RANJITH\.m2\repository\com\squareup\okio\okio\1.14.0\okio-1.14.0.jar  C:\Users\RANJITH\.m2\repository\com\squareup\okhttp3\logging-interceptor\3.10.0\logging-interceptor-3.10.0.jar  C:\Users\RANJITH\.m2\repository\org\apache\commons\commons-text\1.3\commons-text-1.3.jar  C:\Users\RANJITH\.m2\repository\org\apache\maven\surefire\surefire-testng\3.1.2\surefire-testng-3.1.2.jar  C:\Users\RANJITH\.m2\repository\org\apache\maven\surefire\common-java5\3.1.2\common-java5-3.1.2.jar  C:\Users\RANJITH\.m2\repository\org\apache\maven\surefire\surefire-grouper\3.1.2\surefire-grouper-3.1.2.jar  C:\Users\RANJITH\.m2\repository\org\apache\maven\surefire\surefire-testng-utils\3.1.2\surefire-testng-utils-3.1.2.jar
[DEBUG] boot(compact) classpath:  surefire-api-3.1.2.jar  surefire-booter-3.1.2.jar  surefire-extensions-spi-3.1.2.jar  surefire-logger-api-3.1.2.jar  surefire-shared-utils-3.1.2.jar  test-classes  classes  rest-assured-5.3.2.jar  groovy-4.0.11.jar  groovy-xml-4.0.11.jar  httpclient-4.5.13.jar  httpcore-4.4.13.jar  commons-logging-1.2.jar  httpmime-4.5.13.jar  tagsoup-1.2.1.jar  json-path-5.3.2.jar  groovy-json-4.0.11.jar  rest-assured-common-5.3.2.jar  xml-path-5.3.2.jar  commons-lang3-3.11.jar  json-20231013.jar  json-schema-validator-5.3.2.jar  json-schema-validator-2.2.14.jar  jackson-coreutils-equivalence-1.0.jar  jackson-coreutils-2.0.jar  msg-simple-1.2.jar  btf-1.3.jar  json-schema-core-1.2.14.jar  uri-template-0.10.jar  rhino-1.7.7.2.jar  mailapi-1.6.2.jar  joda-time-2.10.5.jar  libphonenumber-8.11.1.jar  jsr305-3.0.2.jar  jopt-simple-5.0.4.jar  guava-32.0.1-jre.jar  failureaccess-1.0.1.jar  listenablefuture-9999.0-empty-to-avoid-conflict-with-guava.jar  checker-qual-3.33.0.jar  error_prone_annotations-2.18.0.jar  j2objc-annotations-2.8.jar  testng-7.8.0.jar  slf4j-api-1.7.36.jar  jcommander-1.82.jar  jquery-3.6.1.jar  jackson-databind-2.15.3.jar  jackson-core-2.15.3.jar  jackson-annotations-2.15.3.jar  gson-2.10.1.jar  extentreports-5.1.1.jar  rxjava-3.1.6.jar  reactive-streams-1.0.4.jar  freemarker-2.3.32.jar  allure-testng-2.24.0.jar  allure-java-commons-2.24.0.jar  allure-model-2.24.0.jar  allure-test-filter-2.24.0.jar  allure-rest-assured-2.24.0.jar  allure-attachments-2.24.0.jar  log4j-core-2.20.0.jar  log4j-api-2.20.0.jar  log4j-slf4j-impl-2.20.0.jar  poi-5.2.4.jar  commons-codec-1.16.0.jar  commons-collections4-4.4.jar  commons-math3-3.6.1.jar  commons-io-2.13.0.jar  SparseBitSet-1.3.jar  poi-ooxml-5.2.4.jar  poi-ooxml-lite-5.2.4.jar  xmlbeans-5.1.1.jar  commons-compress-1.24.0.jar  curvesapi-1.08.jar  javafaker-1.0.2.jar  snakeyaml-1.23-android.jar  generex-1.0.2.jar  automaton-1.11-8.jar  lombok-1.18.30.jar  owner-1.0.12.jar  assertj-core-3.24.2.jar  byte-buddy-1.12.21.jar  hamcrest-2.2.jar  razorpay-java-1.4.6.jar  okhttp-3.10.0.jar  okio-1.14.0.jar  logging-interceptor-3.10.0.jar  commons-text-1.3.jar  surefire-testng-3.1.2.jar  common-java5-3.1.2.jar  surefire-grouper-3.1.2.jar  surefire-testng-utils-3.1.2.jar
[DEBUG] Forking command line: cmd.exe /X /C ""C:\Program Files\jdk-17.0.12\bin\java" org.apache.maven.surefire.booter.ForkedBooter C:\Users\RANJITH\AppData\Local\Temp\surefire17612701396696536442 2025-12-26T23-07-07_586-jvmRun1 surefire-20251226230707764_1tmp surefire_0-20251226230707764_2tmp"
[DEBUG] Fork Channel [1] connected to the client.
[INFO] Running TestSuite
...
... TestNG 7.8.0 by Cdric Beust (cedric@beust.com)
...

[ERROR] 
com.mryoda.diagnostics.api.tests.GlobalSearchAPITest.testGlobalSearch_ForNewUser() is depending on method public void com.mryoda.diagnostics.api.tests.BrandAPITest.testGetBrands_ForNewUser(), which is not annotated with @Test or not included.
[DEBUG] Closing the fork 1 after saying GoodBye.
[INFO] 
[INFO] Results:
[INFO] 
[INFO] Tests run: 0, Failures: 0, Errors: 0, Skipped: 0
[INFO] 
[INFO] ------------------------------------------------------------------------
[INFO] BUILD FAILURE
[INFO] ------------------------------------------------------------------------
[INFO] Total time:  3.384 s
[INFO] Finished at: 2025-12-26T23:07:09+05:30
[INFO] ------------------------------------------------------------------------
[ERROR] Failed to execute goal org.apache.maven.plugins:maven-surefire-plugin:3.1.2:test (default-test) on project MrYodaAPINew: 
[ERROR] 
[ERROR] Please refer to C:\Users\RANJITH\Pictures\MrYodaAPINew\target\surefire-reports for the individual test results.
[ERROR] Please refer to dump files (if any exist) [date].dump, [date]-jvmRun[N].dump and [date].dumpstream.
[ERROR] There was an error in the forked process
[ERROR] 
[ERROR] com.mryoda.diagnostics.api.tests.GlobalSearchAPITest.testGlobalSearch_ForNewUser() is depending on method public void com.mryoda.diagnostics.api.tests.BrandAPITest.testGetBrands_ForNewUser(), which is not annotated with @Test or not included.
[ERROR] org.testng.TestNGException: 
[ERROR] com.mryoda.diagnostics.api.tests.GlobalSearchAPITest.testGlobalSearch_ForNewUser() is depending on method public void com.mryoda.diagnostics.api.tests.BrandAPITest.testGetBrands_ForNewUser(), which is not annotated with @Test or not included.
[ERROR] 	at org.testng.internal.MethodHelper.findDependedUponMethods(MethodHelper.java:203)
[ERROR] 	at org.testng.internal.MethodHelper.topologicalSort(MethodHelper.java:349)
[ERROR] 	at org.testng.internal.MethodHelper.sortMethods(MethodHelper.java:447)
[ERROR] 	at org.testng.internal.MethodHelper.lambda$collectAndOrderMethods$1(MethodHelper.java:76)
[ERROR] 	at org.testng.util.TimeUtils.computeAndShowTime(TimeUtils.java:45)
[ERROR] 	at org.testng.internal.MethodHelper.collectAndOrderMethods(MethodHelper.java:72)
[ERROR] 	at org.testng.TestRunner.computeAndGetAllTestMethods(TestRunner.java:577)
[ERROR] 	at org.testng.internal.TestMethodContainer.getItems(TestMethodContainer.java:32)
[ERROR] 	at org.testng.internal.TestMethodContainer.getItems(TestMethodContainer.java:14)
[ERROR] 	at org.testng.TestRunner.initMethods(TestRunner.java:546)
[ERROR] 	at org.testng.TestRunner.init(TestRunner.java:356)
[ERROR] 	at org.testng.TestRunner.init(TestRunner.java:309)
[ERROR] 	at org.testng.TestRunner.<init>(TestRunner.java:184)
[ERROR] 	at org.testng.SuiteRunner$DefaultTestRunnerFactory.newTestRunner(SuiteRunner.java:652)
[ERROR] 	at org.testng.SuiteRunner.init(SuiteRunner.java:224)
[ERROR] 	at org.testng.SuiteRunner.<init>(SuiteRunner.java:116)
[ERROR] 	at org.testng.TestNG.createSuiteRunner(TestNG.java:1375)
[ERROR] 	at org.testng.TestNG.createSuiteRunners(TestNG.java:1349)
[ERROR] 	at org.testng.TestNG.runSuitesLocally(TestNG.java:1191)
[ERROR] 	at org.testng.TestNG.runSuites(TestNG.java:1114)
[ERROR] 	at org.testng.TestNG.run(TestNG.java:1082)
[ERROR] 	at org.apache.maven.surefire.testng.TestNGExecutor.run(TestNGExecutor.java:308)
[ERROR] 	at org.apache.maven.surefire.testng.TestNGXmlTestSuite.execute(TestNGXmlTestSuite.java:71)
[ERROR] 	at org.apache.maven.surefire.testng.TestNGProvider.invoke(TestNGProvider.java:113)
[ERROR] 	at org.apache.maven.surefire.booter.ForkedBooter.runSuitesInProcess(ForkedBooter.java:385)
[ERROR] 	at org.apache.maven.surefire.booter.ForkedBooter.execute(ForkedBooter.java:162)
[ERROR] 	at org.apache.maven.surefire.booter.ForkedBooter.run(ForkedBooter.java:507)
[ERROR] 	at org.apache.maven.surefire.booter.ForkedBooter.main(ForkedBooter.java:495)
[ERROR] 
[ERROR] org.apache.maven.surefire.booter.SurefireBooterForkException: There was an error in the forked process
[ERROR] 
[ERROR] com.mryoda.diagnostics.api.tests.GlobalSearchAPITest.testGlobalSearch_ForNewUser() is depending on method public void com.mryoda.diagnostics.api.tests.BrandAPITest.testGetBrands_ForNewUser(), which is not annotated with @Test or not included.
[ERROR] org.testng.TestNGException: 
[ERROR] com.mryoda.diagnostics.api.tests.GlobalSearchAPITest.testGlobalSearch_ForNewUser() is depending on method public void com.mryoda.diagnostics.api.tests.BrandAPITest.testGetBrands_ForNewUser(), which is not annotated with @Test or not included.
[ERROR] 	at org.testng.internal.MethodHelper.findDependedUponMethods(MethodHelper.java:203)
[ERROR] 	at org.testng.internal.MethodHelper.topologicalSort(MethodHelper.java:349)
[ERROR] 	at org.testng.internal.MethodHelper.sortMethods(MethodHelper.java:447)
[ERROR] 	at org.testng.internal.MethodHelper.lambda$collectAndOrderMethods$1(MethodHelper.java:76)
[ERROR] 	at org.testng.util.TimeUtils.computeAndShowTime(TimeUtils.java:45)
[ERROR] 	at org.testng.internal.MethodHelper.collectAndOrderMethods(MethodHelper.java:72)
[ERROR] 	at org.testng.TestRunner.computeAndGetAllTestMethods(TestRunner.java:577)
[ERROR] 	at org.testng.internal.TestMethodContainer.getItems(TestMethodContainer.java:32)
[ERROR] 	at org.testng.internal.TestMethodContainer.getItems(TestMethodContainer.java:14)
[ERROR] 	at org.testng.TestRunner.initMethods(TestRunner.java:546)
[ERROR] 	at org.testng.TestRunner.init(TestRunner.java:356)
[ERROR] 	at org.testng.TestRunner.init(TestRunner.java:309)
[ERROR] 	at org.testng.TestRunner.<init>(TestRunner.java:184)
[ERROR] 	at org.testng.SuiteRunner$DefaultTestRunnerFactory.newTestRunner(SuiteRunner.java:652)
[ERROR] 	at org.testng.SuiteRunner.init(SuiteRunner.java:224)
[ERROR] 	at org.testng.SuiteRunner.<init>(SuiteRunner.java:116)
[ERROR] 	at org.testng.TestNG.createSuiteRunner(TestNG.java:1375)
[ERROR] 	at org.testng.TestNG.createSuiteRunners(TestNG.java:1349)
[ERROR] 	at org.testng.TestNG.runSuitesLocally(TestNG.java:1191)
[ERROR] 	at org.testng.TestNG.runSuites(TestNG.java:1114)
[ERROR] 	at org.testng.TestNG.run(TestNG.java:1082)
[ERROR] 	at org.apache.maven.surefire.testng.TestNGExecutor.run(TestNGExecutor.java:308)
[ERROR] 	at org.apache.maven.surefire.testng.TestNGXmlTestSuite.execute(TestNGXmlTestSuite.java:71)
[ERROR] 	at org.apache.maven.surefire.testng.TestNGProvider.invoke(TestNGProvider.java:113)
[ERROR] 	at org.apache.maven.surefire.booter.ForkedBooter.runSuitesInProcess(ForkedBooter.java:385)
[ERROR] 	at org.apache.maven.surefire.booter.ForkedBooter.execute(ForkedBooter.java:162)
[ERROR] 	at org.apache.maven.surefire.booter.ForkedBooter.run(ForkedBooter.java:507)
[ERROR] 	at org.apache.maven.surefire.booter.ForkedBooter.main(ForkedBooter.java:495)
[ERROR] 
[ERROR] 	at org.apache.maven.plugin.surefire.booterclient.ForkStarter.fork(ForkStarter.java:628)
[ERROR] 	at org.apache.maven.plugin.surefire.booterclient.ForkStarter.run(ForkStarter.java:285)
[ERROR] 	at org.apache.maven.plugin.surefire.booterclient.ForkStarter.run(ForkStarter.java:250)
[ERROR] 	at org.apache.maven.plugin.surefire.AbstractSurefireMojo.executeProvider(AbstractSurefireMojo.java:1203)
[ERROR] 	at org.apache.maven.plugin.surefire.AbstractSurefireMojo.executeAfterPreconditionsChecked(AbstractSurefireMojo.java:1055)
[ERROR] 	at org.apache.maven.plugin.surefire.AbstractSurefireMojo.execute(AbstractSurefireMojo.java:871)
[ERROR] 	at org.apache.maven.plugin.DefaultBuildPluginManager.executeMojo(DefaultBuildPluginManager.java:126)
[ERROR] 	at org.apache.maven.lifecycle.internal.MojoExecutor.doExecute2(MojoExecutor.java:328)
[ERROR] 	at org.apache.maven.lifecycle.internal.MojoExecutor.doExecute(MojoExecutor.java:316)
[ERROR] 	at org.apache.maven.lifecycle.internal.MojoExecutor.execute(MojoExecutor.java:212)
[ERROR] 	at org.apache.maven.lifecycle.internal.MojoExecutor.execute(MojoExecutor.java:174)
[ERROR] 	at org.apache.maven.lifecycle.internal.MojoExecutor.access$000(MojoExecutor.java:75)
[ERROR] 	at org.apache.maven.lifecycle.internal.MojoExecutor$1.run(MojoExecutor.java:162)
[ERROR] 	at org.apache.maven.plugin.DefaultMojosExecutionStrategy.execute(DefaultMojosExecutionStrategy.java:39)
[ERROR] 	at org.apache.maven.lifecycle.internal.MojoExecutor.execute(MojoExecutor.java:159)
[ERROR] 	at org.apache.maven.lifecycle.internal.LifecycleModuleBuilder.buildProject(LifecycleModuleBuilder.java:105)
[ERROR] 	at org.apache.maven.lifecycle.internal.LifecycleModuleBuilder.buildProject(LifecycleModuleBuilder.java:73)
[ERROR] 	at org.apache.maven.lifecycle.internal.builder.singlethreaded.SingleThreadedBuilder.build(SingleThreadedBuilder.java:53)
[ERROR] 	at org.apache.maven.lifecycle.internal.LifecycleStarter.execute(LifecycleStarter.java:118)
[ERROR] 	at org.apache.maven.DefaultMaven.doExecute(DefaultMaven.java:261)
[ERROR] 	at org.apache.maven.DefaultMaven.doExecute(DefaultMaven.java:173)
[ERROR] 	at org.apache.maven.DefaultMaven.execute(DefaultMaven.java:101)
[ERROR] 	at org.apache.maven.cli.MavenCli.execute(MavenCli.java:906)
[ERROR] 	at org.apache.maven.cli.MavenCli.doMain(MavenCli.java:283)
[ERROR] 	at org.apache.maven.cli.MavenCli.main(MavenCli.java:206)
[ERROR] 	at java.base/jdk.internal.reflect.NativeMethodAccessorImpl.invoke0(Native Method)
[ERROR] 	at java.base/jdk.internal.reflect.NativeMethodAccessorImpl.invoke(NativeMethodAccessorImpl.java:77)
[ERROR] 	at java.base/jdk.internal.reflect.DelegatingMethodAccessorImpl.invoke(DelegatingMethodAccessorImpl.java:43)
[ERROR] 	at java.base/java.lang.reflect.Method.invoke(Method.java:568)
[ERROR] 	at org.codehaus.plexus.classworlds.launcher.Launcher.launchEnhanced(Launcher.java:255)
[ERROR] 	at org.codehaus.plexus.classworlds.launcher.Launcher.launch(Launcher.java:201)
[ERROR] 	at org.codehaus.plexus.classworlds.launcher.Launcher.mainWithExitCode(Launcher.java:361)
[ERROR] 	at org.codehaus.plexus.classworlds.launcher.Launcher.main(Launcher.java:314)
[ERROR] 
[ERROR] -> [Help 1]
org.apache.maven.lifecycle.LifecycleExecutionException: Failed to execute goal org.apache.maven.plugins:maven-surefire-plugin:3.1.2:test (default-test) on project MrYodaAPINew: 

Please refer to C:\Users\RANJITH\Pictures\MrYodaAPINew\target\surefire-reports for the individual test results.
Please refer to dump files (if any exist) [date].dump, [date]-jvmRun[N].dump and [date].dumpstream.
There was an error in the forked process

com.mryoda.diagnostics.api.tests.GlobalSearchAPITest.testGlobalSearch_ForNewUser() is depending on method public void com.mryoda.diagnostics.api.tests.BrandAPITest.testGetBrands_ForNewUser(), which is not annotated with @Test or not included.
org.testng.TestNGException: 
com.mryoda.diagnostics.api.tests.GlobalSearchAPITest.testGlobalSearch_ForNewUser() is depending on method public void com.mryoda.diagnostics.api.tests.BrandAPITest.testGetBrands_ForNewUser(), which is not annotated with @Test or not included.
	at org.testng.internal.MethodHelper.findDependedUponMethods(MethodHelper.java:203)
	at org.testng.internal.MethodHelper.topologicalSort(MethodHelper.java:349)
	at org.testng.internal.MethodHelper.sortMethods(MethodHelper.java:447)
	at org.testng.internal.MethodHelper.lambda$collectAndOrderMethods$1(MethodHelper.java:76)
	at org.testng.util.TimeUtils.computeAndShowTime(TimeUtils.java:45)
	at org.testng.internal.MethodHelper.collectAndOrderMethods(MethodHelper.java:72)
	at org.testng.TestRunner.computeAndGetAllTestMethods(TestRunner.java:577)
	at org.testng.internal.TestMethodContainer.getItems(TestMethodContainer.java:32)
	at org.testng.internal.TestMethodContainer.getItems(TestMethodContainer.java:14)
	at org.testng.TestRunner.initMethods(TestRunner.java:546)
	at org.testng.TestRunner.init(TestRunner.java:356)
	at org.testng.TestRunner.init(TestRunner.java:309)
	at org.testng.TestRunner.<init>(TestRunner.java:184)
	at org.testng.SuiteRunner$DefaultTestRunnerFactory.newTestRunner(SuiteRunner.java:652)
	at org.testng.SuiteRunner.init(SuiteRunner.java:224)
	at org.testng.SuiteRunner.<init>(SuiteRunner.java:116)
	at org.testng.TestNG.createSuiteRunner(TestNG.java:1375)
	at org.testng.TestNG.createSuiteRunners(TestNG.java:1349)
	at org.testng.TestNG.runSuitesLocally(TestNG.java:1191)
	at org.testng.TestNG.runSuites(TestNG.java:1114)
	at org.testng.TestNG.run(TestNG.java:1082)
	at org.apache.maven.surefire.testng.TestNGExecutor.run(TestNGExecutor.java:308)
	at org.apache.maven.surefire.testng.TestNGXmlTestSuite.execute(TestNGXmlTestSuite.java:71)
	at org.apache.maven.surefire.testng.TestNGProvider.invoke(TestNGProvider.java:113)
	at org.apache.maven.surefire.booter.ForkedBooter.runSuitesInProcess(ForkedBooter.java:385)
	at org.apache.maven.surefire.booter.ForkedBooter.execute(ForkedBooter.java:162)
	at org.apache.maven.surefire.booter.ForkedBooter.run(ForkedBooter.java:507)
	at org.apache.maven.surefire.booter.ForkedBooter.main(ForkedBooter.java:495)

org.apache.maven.surefire.booter.SurefireBooterForkException: There was an error in the forked process

com.mryoda.diagnostics.api.tests.GlobalSearchAPITest.testGlobalSearch_ForNewUser() is depending on method public void com.mryoda.diagnostics.api.tests.BrandAPITest.testGetBrands_ForNewUser(), which is not annotated with @Test or not included.
org.testng.TestNGException: 
com.mryoda.diagnostics.api.tests.GlobalSearchAPITest.testGlobalSearch_ForNewUser() is depending on method public void com.mryoda.diagnostics.api.tests.BrandAPITest.testGetBrands_ForNewUser(), which is not annotated with @Test or not included.
	at org.testng.internal.MethodHelper.findDependedUponMethods(MethodHelper.java:203)
	at org.testng.internal.MethodHelper.topologicalSort(MethodHelper.java:349)
	at org.testng.internal.MethodHelper.sortMethods(MethodHelper.java:447)
	at org.testng.internal.MethodHelper.lambda$collectAndOrderMethods$1(MethodHelper.java:76)
	at org.testng.util.TimeUtils.computeAndShowTime(TimeUtils.java:45)
	at org.testng.internal.MethodHelper.collectAndOrderMethods(MethodHelper.java:72)
	at org.testng.TestRunner.computeAndGetAllTestMethods(TestRunner.java:577)
	at org.testng.internal.TestMethodContainer.getItems(TestMethodContainer.java:32)
	at org.testng.internal.TestMethodContainer.getItems(TestMethodContainer.java:14)
	at org.testng.TestRunner.initMethods(TestRunner.java:546)
	at org.testng.TestRunner.init(TestRunner.java:356)
	at org.testng.TestRunner.init(TestRunner.java:309)
	at org.testng.TestRunner.<init>(TestRunner.java:184)
	at org.testng.SuiteRunner$DefaultTestRunnerFactory.newTestRunner(SuiteRunner.java:652)
	at org.testng.SuiteRunner.init(SuiteRunner.java:224)
	at org.testng.SuiteRunner.<init>(SuiteRunner.java:116)
	at org.testng.TestNG.createSuiteRunner(TestNG.java:1375)
	at org.testng.TestNG.createSuiteRunners(TestNG.java:1349)
	at org.testng.TestNG.runSuitesLocally(TestNG.java:1191)
	at org.testng.TestNG.runSuites(TestNG.java:1114)
	at org.testng.TestNG.run(TestNG.java:1082)
	at org.apache.maven.surefire.testng.TestNGExecutor.run(TestNGExecutor.java:308)
	at org.apache.maven.surefire.testng.TestNGXmlTestSuite.execute(TestNGXmlTestSuite.java:71)
	at org.apache.maven.surefire.testng.TestNGProvider.invoke(TestNGProvider.java:113)
	at org.apache.maven.surefire.booter.ForkedBooter.runSuitesInProcess(ForkedBooter.java:385)
	at org.apache.maven.surefire.booter.ForkedBooter.execute(ForkedBooter.java:162)
	at org.apache.maven.surefire.booter.ForkedBooter.run(ForkedBooter.java:507)
	at org.apache.maven.surefire.booter.ForkedBooter.main(ForkedBooter.java:495)

	at org.apache.maven.plugin.surefire.booterclient.ForkStarter.fork(ForkStarter.java:628)
	at org.apache.maven.plugin.surefire.booterclient.ForkStarter.run(ForkStarter.java:285)
	at org.apache.maven.plugin.surefire.booterclient.ForkStarter.run(ForkStarter.java:250)
	at org.apache.maven.plugin.surefire.AbstractSurefireMojo.executeProvider(AbstractSurefireMojo.java:1203)
	at org.apache.maven.plugin.surefire.AbstractSurefireMojo.executeAfterPreconditionsChecked(AbstractSurefireMojo.java:1055)
	at org.apache.maven.plugin.surefire.AbstractSurefireMojo.execute(AbstractSurefireMojo.java:871)
	at org.apache.maven.plugin.DefaultBuildPluginManager.executeMojo(DefaultBuildPluginManager.java:126)
	at org.apache.maven.lifecycle.internal.MojoExecutor.doExecute2(MojoExecutor.java:328)
	at org.apache.maven.lifecycle.internal.MojoExecutor.doExecute(MojoExecutor.java:316)
	at org.apache.maven.lifecycle.internal.MojoExecutor.execute(MojoExecutor.java:212)
	at org.apache.maven.lifecycle.internal.MojoExecutor.execute(MojoExecutor.java:174)
	at org.apache.maven.lifecycle.internal.MojoExecutor.access$000(MojoExecutor.java:75)
	at org.apache.maven.lifecycle.internal.MojoExecutor$1.run(MojoExecutor.java:162)
	at org.apache.maven.plugin.DefaultMojosExecutionStrategy.execute(DefaultMojosExecutionStrategy.java:39)
	at org.apache.maven.lifecycle.internal.MojoExecutor.execute(MojoExecutor.java:159)
	at org.apache.maven.lifecycle.internal.LifecycleModuleBuilder.buildProject(LifecycleModuleBuilder.java:105)
	at org.apache.maven.lifecycle.internal.LifecycleModuleBuilder.buildProject(LifecycleModuleBuilder.java:73)
	at org.apache.maven.lifecycle.internal.builder.singlethreaded.SingleThreadedBuilder.build(SingleThreadedBuilder.java:53)
	at org.apache.maven.lifecycle.internal.LifecycleStarter.execute(LifecycleStarter.java:118)
	at org.apache.maven.DefaultMaven.doExecute(DefaultMaven.java:261)
	at org.apache.maven.DefaultMaven.doExecute(DefaultMaven.java:173)
	at org.apache.maven.DefaultMaven.execute(DefaultMaven.java:101)
	at org.apache.maven.cli.MavenCli.execute(MavenCli.java:906)
	at org.apache.maven.cli.MavenCli.doMain(MavenCli.java:283)
	at org.apache.maven.cli.MavenCli.main(MavenCli.java:206)
	at java.base/jdk.internal.reflect.NativeMethodAccessorImpl.invoke0(Native Method)
	at java.base/jdk.internal.reflect.NativeMethodAccessorImpl.invoke(NativeMethodAccessorImpl.java:77)
	at java.base/jdk.internal.reflect.DelegatingMethodAccessorImpl.invoke(DelegatingMethodAccessorImpl.java:43)
	at java.base/java.lang.reflect.Method.invoke(Method.java:568)
	at org.codehaus.plexus.classworlds.launcher.Launcher.launchEnhanced(Launcher.java:255)
	at org.codehaus.plexus.classworlds.launcher.Launcher.launch(Launcher.java:201)
	at org.codehaus.plexus.classworlds.launcher.Launcher.mainWithExitCode(Launcher.java:361)
	at org.codehaus.plexus.classworlds.launcher.Launcher.main(Launcher.java:314)

    at org.apache.maven.lifecycle.internal.MojoExecutor.doExecute2 (MojoExecutor.java:333)
    at org.apache.maven.lifecycle.internal.MojoExecutor.doExecute (MojoExecutor.java:316)
    at org.apache.maven.lifecycle.internal.MojoExecutor.execute (MojoExecutor.java:212)
    at org.apache.maven.lifecycle.internal.MojoExecutor.execute (MojoExecutor.java:174)
    at org.apache.maven.lifecycle.internal.MojoExecutor.access$000 (MojoExecutor.java:75)
    at org.apache.maven.lifecycle.internal.MojoExecutor$1.run (MojoExecutor.java:162)
    at org.apache.maven.plugin.DefaultMojosExecutionStrategy.execute (DefaultMojosExecutionStrategy.java:39)
    at org.apache.maven.lifecycle.internal.MojoExecutor.execute (MojoExecutor.java:159)
    at org.apache.maven.lifecycle.internal.LifecycleModuleBuilder.buildProject (LifecycleModuleBuilder.java:105)
    at org.apache.maven.lifecycle.internal.LifecycleModuleBuilder.buildProject (LifecycleModuleBuilder.java:73)
    at org.apache.maven.lifecycle.internal.builder.singlethreaded.SingleThreadedBuilder.build (SingleThreadedBuilder.java:53)
    at org.apache.maven.lifecycle.internal.LifecycleStarter.execute (LifecycleStarter.java:118)
    at org.apache.maven.DefaultMaven.doExecute (DefaultMaven.java:261)
    at org.apache.maven.DefaultMaven.doExecute (DefaultMaven.java:173)
    at org.apache.maven.DefaultMaven.execute (DefaultMaven.java:101)
    at org.apache.maven.cli.MavenCli.execute (MavenCli.java:906)
    at org.apache.maven.cli.MavenCli.doMain (MavenCli.java:283)
    at org.apache.maven.cli.MavenCli.main (MavenCli.java:206)
    at jdk.internal.reflect.NativeMethodAccessorImpl.invoke0 (Native Method)
    at jdk.internal.reflect.NativeMethodAccessorImpl.invoke (NativeMethodAccessorImpl.java:77)
    at jdk.internal.reflect.DelegatingMethodAccessorImpl.invoke (DelegatingMethodAccessorImpl.java:43)
    at java.lang.reflect.Method.invoke (Method.java:568)
    at org.codehaus.plexus.classworlds.launcher.Launcher.launchEnhanced (Launcher.java:255)
    at org.codehaus.plexus.classworlds.launcher.Launcher.launch (Launcher.java:201)
    at org.codehaus.plexus.classworlds.launcher.Launcher.mainWithExitCode (Launcher.java:361)
    at org.codehaus.plexus.classworlds.launcher.Launcher.main (Launcher.java:314)
Caused by: org.apache.maven.plugin.MojoExecutionException: 

Please refer to C:\Users\RANJITH\Pictures\MrYodaAPINew\target\surefire-reports for the individual test results.
Please refer to dump files (if any exist) [date].dump, [date]-jvmRun[N].dump and [date].dumpstream.
There was an error in the forked process

com.mryoda.diagnostics.api.tests.GlobalSearchAPITest.testGlobalSearch_ForNewUser() is depending on method public void com.mryoda.diagnostics.api.tests.BrandAPITest.testGetBrands_ForNewUser(), which is not annotated with @Test or not included.
org.testng.TestNGException: 
com.mryoda.diagnostics.api.tests.GlobalSearchAPITest.testGlobalSearch_ForNewUser() is depending on method public void com.mryoda.diagnostics.api.tests.BrandAPITest.testGetBrands_ForNewUser(), which is not annotated with @Test or not included.
	at org.testng.internal.MethodHelper.findDependedUponMethods(MethodHelper.java:203)
	at org.testng.internal.MethodHelper.topologicalSort(MethodHelper.java:349)
	at org.testng.internal.MethodHelper.sortMethods(MethodHelper.java:447)
	at org.testng.internal.MethodHelper.lambda$collectAndOrderMethods$1(MethodHelper.java:76)
	at org.testng.util.TimeUtils.computeAndShowTime(TimeUtils.java:45)
	at org.testng.internal.MethodHelper.collectAndOrderMethods(MethodHelper.java:72)
	at org.testng.TestRunner.computeAndGetAllTestMethods(TestRunner.java:577)
	at org.testng.internal.TestMethodContainer.getItems(TestMethodContainer.java:32)
	at org.testng.internal.TestMethodContainer.getItems(TestMethodContainer.java:14)
	at org.testng.TestRunner.initMethods(TestRunner.java:546)
	at org.testng.TestRunner.init(TestRunner.java:356)
	at org.testng.TestRunner.init(TestRunner.java:309)
	at org.testng.TestRunner.<init>(TestRunner.java:184)
	at org.testng.SuiteRunner$DefaultTestRunnerFactory.newTestRunner(SuiteRunner.java:652)
	at org.testng.SuiteRunner.init(SuiteRunner.java:224)
	at org.testng.SuiteRunner.<init>(SuiteRunner.java:116)
	at org.testng.TestNG.createSuiteRunner(TestNG.java:1375)
	at org.testng.TestNG.createSuiteRunners(TestNG.java:1349)
	at org.testng.TestNG.runSuitesLocally(TestNG.java:1191)
	at org.testng.TestNG.runSuites(TestNG.java:1114)
	at org.testng.TestNG.run(TestNG.java:1082)
	at org.apache.maven.surefire.testng.TestNGExecutor.run(TestNGExecutor.java:308)
	at org.apache.maven.surefire.testng.TestNGXmlTestSuite.execute(TestNGXmlTestSuite.java:71)
	at org.apache.maven.surefire.testng.TestNGProvider.invoke(TestNGProvider.java:113)
	at org.apache.maven.surefire.booter.ForkedBooter.runSuitesInProcess(ForkedBooter.java:385)
	at org.apache.maven.surefire.booter.ForkedBooter.execute(ForkedBooter.java:162)
	at org.apache.maven.surefire.booter.ForkedBooter.run(ForkedBooter.java:507)
	at org.apache.maven.surefire.booter.ForkedBooter.main(ForkedBooter.java:495)

org.apache.maven.surefire.booter.SurefireBooterForkException: There was an error in the forked process

com.mryoda.diagnostics.api.tests.GlobalSearchAPITest.testGlobalSearch_ForNewUser() is depending on method public void com.mryoda.diagnostics.api.tests.BrandAPITest.testGetBrands_ForNewUser(), which is not annotated with @Test or not included.
org.testng.TestNGException: 
com.mryoda.diagnostics.api.tests.GlobalSearchAPITest.testGlobalSearch_ForNewUser() is depending on method public void com.mryoda.diagnostics.api.tests.BrandAPITest.testGetBrands_ForNewUser(), which is not annotated with @Test or not included.
	at org.testng.internal.MethodHelper.findDependedUponMethods(MethodHelper.java:203)
	at org.testng.internal.MethodHelper.topologicalSort(MethodHelper.java:349)
	at org.testng.internal.MethodHelper.sortMethods(MethodHelper.java:447)
	at org.testng.internal.MethodHelper.lambda$collectAndOrderMethods$1(MethodHelper.java:76)
	at org.testng.util.TimeUtils.computeAndShowTime(TimeUtils.java:45)
	at org.testng.internal.MethodHelper.collectAndOrderMethods(MethodHelper.java:72)
	at org.testng.TestRunner.computeAndGetAllTestMethods(TestRunner.java:577)
	at org.testng.internal.TestMethodContainer.getItems(TestMethodContainer.java:32)
	at org.testng.internal.TestMethodContainer.getItems(TestMethodContainer.java:14)
	at org.testng.TestRunner.initMethods(TestRunner.java:546)
	at org.testng.TestRunner.init(TestRunner.java:356)
	at org.testng.TestRunner.init(TestRunner.java:309)
	at org.testng.TestRunner.<init>(TestRunner.java:184)
	at org.testng.SuiteRunner$DefaultTestRunnerFactory.newTestRunner(SuiteRunner.java:652)
	at org.testng.SuiteRunner.init(SuiteRunner.java:224)
	at org.testng.SuiteRunner.<init>(SuiteRunner.java:116)
	at org.testng.TestNG.createSuiteRunner(TestNG.java:1375)
	at org.testng.TestNG.createSuiteRunners(TestNG.java:1349)
	at org.testng.TestNG.runSuitesLocally(TestNG.java:1191)
	at org.testng.TestNG.runSuites(TestNG.java:1114)
	at org.testng.TestNG.run(TestNG.java:1082)
	at org.apache.maven.surefire.testng.TestNGExecutor.run(TestNGExecutor.java:308)
	at org.apache.maven.surefire.testng.TestNGXmlTestSuite.execute(TestNGXmlTestSuite.java:71)
	at org.apache.maven.surefire.testng.TestNGProvider.invoke(TestNGProvider.java:113)
	at org.apache.maven.surefire.booter.ForkedBooter.runSuitesInProcess(ForkedBooter.java:385)
	at org.apache.maven.surefire.booter.ForkedBooter.execute(ForkedBooter.java:162)
	at org.apache.maven.surefire.booter.ForkedBooter.run(ForkedBooter.java:507)
	at org.apache.maven.surefire.booter.ForkedBooter.main(ForkedBooter.java:495)

	at org.apache.maven.plugin.surefire.booterclient.ForkStarter.fork(ForkStarter.java:628)
	at org.apache.maven.plugin.surefire.booterclient.ForkStarter.run(ForkStarter.java:285)
	at org.apache.maven.plugin.surefire.booterclient.ForkStarter.run(ForkStarter.java:250)
	at org.apache.maven.plugin.surefire.AbstractSurefireMojo.executeProvider(AbstractSurefireMojo.java:1203)
	at org.apache.maven.plugin.surefire.AbstractSurefireMojo.executeAfterPreconditionsChecked(AbstractSurefireMojo.java:1055)
	at org.apache.maven.plugin.surefire.AbstractSurefireMojo.execute(AbstractSurefireMojo.java:871)
	at org.apache.maven.plugin.DefaultBuildPluginManager.executeMojo(DefaultBuildPluginManager.java:126)
	at org.apache.maven.lifecycle.internal.MojoExecutor.doExecute2(MojoExecutor.java:328)
	at org.apache.maven.lifecycle.internal.MojoExecutor.doExecute(MojoExecutor.java:316)
	at org.apache.maven.lifecycle.internal.MojoExecutor.execute(MojoExecutor.java:212)
	at org.apache.maven.lifecycle.internal.MojoExecutor.execute(MojoExecutor.java:174)
	at org.apache.maven.lifecycle.internal.MojoExecutor.access$000(MojoExecutor.java:75)
	at org.apache.maven.lifecycle.internal.MojoExecutor$1.run(MojoExecutor.java:162)
	at org.apache.maven.plugin.DefaultMojosExecutionStrategy.execute(DefaultMojosExecutionStrategy.java:39)
	at org.apache.maven.lifecycle.internal.MojoExecutor.execute(MojoExecutor.java:159)
	at org.apache.maven.lifecycle.internal.LifecycleModuleBuilder.buildProject(LifecycleModuleBuilder.java:105)
	at org.apache.maven.lifecycle.internal.LifecycleModuleBuilder.buildProject(LifecycleModuleBuilder.java:73)
	at org.apache.maven.lifecycle.internal.builder.singlethreaded.SingleThreadedBuilder.build(SingleThreadedBuilder.java:53)
	at org.apache.maven.lifecycle.internal.LifecycleStarter.execute(LifecycleStarter.java:118)
	at org.apache.maven.DefaultMaven.doExecute(DefaultMaven.java:261)
	at org.apache.maven.DefaultMaven.doExecute(DefaultMaven.java:173)
	at org.apache.maven.DefaultMaven.execute(DefaultMaven.java:101)
	at org.apache.maven.cli.MavenCli.execute(MavenCli.java:906)
	at org.apache.maven.cli.MavenCli.doMain(MavenCli.java:283)
	at org.apache.maven.cli.MavenCli.main(MavenCli.java:206)
	at java.base/jdk.internal.reflect.NativeMethodAccessorImpl.invoke0(Native Method)
	at java.base/jdk.internal.reflect.NativeMethodAccessorImpl.invoke(NativeMethodAccessorImpl.java:77)
	at java.base/jdk.internal.reflect.DelegatingMethodAccessorImpl.invoke(DelegatingMethodAccessorImpl.java:43)
	at java.base/java.lang.reflect.Method.invoke(Method.java:568)
	at org.codehaus.plexus.classworlds.launcher.Launcher.launchEnhanced(Launcher.java:255)
	at org.codehaus.plexus.classworlds.launcher.Launcher.launch(Launcher.java:201)
	at org.codehaus.plexus.classworlds.launcher.Launcher.mainWithExitCode(Launcher.java:361)
	at org.codehaus.plexus.classworlds.launcher.Launcher.main(Launcher.java:314)

    at org.apache.maven.plugin.surefire.SurefireHelper.throwException (SurefireHelper.java:244)
    at org.apache.maven.plugin.surefire.SurefireHelper.reportExecution (SurefireHelper.java:159)
    at org.apache.maven.plugin.surefire.SurefirePlugin.handleSummary (SurefirePlugin.java:542)
    at org.apache.maven.plugin.surefire.AbstractSurefireMojo.executeAfterPreconditionsChecked (AbstractSurefireMojo.java:1067)
    at org.apache.maven.plugin.surefire.AbstractSurefireMojo.execute (AbstractSurefireMojo.java:871)
    at org.apache.maven.plugin.DefaultBuildPluginManager.executeMojo (DefaultBuildPluginManager.java:126)
    at org.apache.maven.lifecycle.internal.MojoExecutor.doExecute2 (MojoExecutor.java:328)
    at org.apache.maven.lifecycle.internal.MojoExecutor.doExecute (MojoExecutor.java:316)
    at org.apache.maven.lifecycle.internal.MojoExecutor.execute (MojoExecutor.java:212)
    at org.apache.maven.lifecycle.internal.MojoExecutor.execute (MojoExecutor.java:174)
    at org.apache.maven.lifecycle.internal.MojoExecutor.access$000 (MojoExecutor.java:75)
    at org.apache.maven.lifecycle.internal.MojoExecutor$1.run (MojoExecutor.java:162)
    at org.apache.maven.plugin.DefaultMojosExecutionStrategy.execute (DefaultMojosExecutionStrategy.java:39)
    at org.apache.maven.lifecycle.internal.MojoExecutor.execute (MojoExecutor.java:159)
    at org.apache.maven.lifecycle.internal.LifecycleModuleBuilder.buildProject (LifecycleModuleBuilder.java:105)
    at org.apache.maven.lifecycle.internal.LifecycleModuleBuilder.buildProject (LifecycleModuleBuilder.java:73)
    at org.apache.maven.lifecycle.internal.builder.singlethreaded.SingleThreadedBuilder.build (SingleThreadedBuilder.java:53)
    at org.apache.maven.lifecycle.internal.LifecycleStarter.execute (LifecycleStarter.java:118)
    at org.apache.maven.DefaultMaven.doExecute (DefaultMaven.java:261)
    at org.apache.maven.DefaultMaven.doExecute (DefaultMaven.java:173)
    at org.apache.maven.DefaultMaven.execute (DefaultMaven.java:101)
    at org.apache.maven.cli.MavenCli.execute (MavenCli.java:906)
    at org.apache.maven.cli.MavenCli.doMain (MavenCli.java:283)
    at org.apache.maven.cli.MavenCli.main (MavenCli.java:206)
    at jdk.internal.reflect.NativeMethodAccessorImpl.invoke0 (Native Method)
    at jdk.internal.reflect.NativeMethodAccessorImpl.invoke (NativeMethodAccessorImpl.java:77)
    at jdk.internal.reflect.DelegatingMethodAccessorImpl.invoke (DelegatingMethodAccessorImpl.java:43)
    at java.lang.reflect.Method.invoke (Method.java:568)
    at org.codehaus.plexus.classworlds.launcher.Launcher.launchEnhanced (Launcher.java:255)
    at org.codehaus.plexus.classworlds.launcher.Launcher.launch (Launcher.java:201)
    at org.codehaus.plexus.classworlds.launcher.Launcher.mainWithExitCode (Launcher.java:361)
    at org.codehaus.plexus.classworlds.launcher.Launcher.main (Launcher.java:314)
Caused by: org.apache.maven.surefire.booter.SurefireBooterForkException: There was an error in the forked process

com.mryoda.diagnostics.api.tests.GlobalSearchAPITest.testGlobalSearch_ForNewUser() is depending on method public void com.mryoda.diagnostics.api.tests.BrandAPITest.testGetBrands_ForNewUser(), which is not annotated with @Test or not included.
org.testng.TestNGException: 
com.mryoda.diagnostics.api.tests.GlobalSearchAPITest.testGlobalSearch_ForNewUser() is depending on method public void com.mryoda.diagnostics.api.tests.BrandAPITest.testGetBrands_ForNewUser(), which is not annotated with @Test or not included.
	at org.testng.internal.MethodHelper.findDependedUponMethods(MethodHelper.java:203)
	at org.testng.internal.MethodHelper.topologicalSort(MethodHelper.java:349)
	at org.testng.internal.MethodHelper.sortMethods(MethodHelper.java:447)
	at org.testng.internal.MethodHelper.lambda$collectAndOrderMethods$1(MethodHelper.java:76)
	at org.testng.util.TimeUtils.computeAndShowTime(TimeUtils.java:45)
	at org.testng.internal.MethodHelper.collectAndOrderMethods(MethodHelper.java:72)
	at org.testng.TestRunner.computeAndGetAllTestMethods(TestRunner.java:577)
	at org.testng.internal.TestMethodContainer.getItems(TestMethodContainer.java:32)
	at org.testng.internal.TestMethodContainer.getItems(TestMethodContainer.java:14)
	at org.testng.TestRunner.initMethods(TestRunner.java:546)
	at org.testng.TestRunner.init(TestRunner.java:356)
	at org.testng.TestRunner.init(TestRunner.java:309)
	at org.testng.TestRunner.<init>(TestRunner.java:184)
	at org.testng.SuiteRunner$DefaultTestRunnerFactory.newTestRunner(SuiteRunner.java:652)
	at org.testng.SuiteRunner.init(SuiteRunner.java:224)
	at org.testng.SuiteRunner.<init>(SuiteRunner.java:116)
	at org.testng.TestNG.createSuiteRunner(TestNG.java:1375)
	at org.testng.TestNG.createSuiteRunners(TestNG.java:1349)
	at org.testng.TestNG.runSuitesLocally(TestNG.java:1191)
	at org.testng.TestNG.runSuites(TestNG.java:1114)
	at org.testng.TestNG.run(TestNG.java:1082)
	at org.apache.maven.surefire.testng.TestNGExecutor.run(TestNGExecutor.java:308)
	at org.apache.maven.surefire.testng.TestNGXmlTestSuite.execute(TestNGXmlTestSuite.java:71)
	at org.apache.maven.surefire.testng.TestNGProvider.invoke(TestNGProvider.java:113)
	at org.apache.maven.surefire.booter.ForkedBooter.runSuitesInProcess(ForkedBooter.java:385)
	at org.apache.maven.surefire.booter.ForkedBooter.execute(ForkedBooter.java:162)
	at org.apache.maven.surefire.booter.ForkedBooter.run(ForkedBooter.java:507)
	at org.apache.maven.surefire.booter.ForkedBooter.main(ForkedBooter.java:495)

    at org.apache.maven.plugin.surefire.booterclient.ForkStarter.fork (ForkStarter.java:628)
    at org.apache.maven.plugin.surefire.booterclient.ForkStarter.run (ForkStarter.java:285)
    at org.apache.maven.plugin.surefire.booterclient.ForkStarter.run (ForkStarter.java:250)
    at org.apache.maven.plugin.surefire.AbstractSurefireMojo.executeProvider (AbstractSurefireMojo.java:1203)
    at org.apache.maven.plugin.surefire.AbstractSurefireMojo.executeAfterPreconditionsChecked (AbstractSurefireMojo.java:1055)
    at org.apache.maven.plugin.surefire.AbstractSurefireMojo.execute (AbstractSurefireMojo.java:871)
    at org.apache.maven.plugin.DefaultBuildPluginManager.executeMojo (DefaultBuildPluginManager.java:126)
    at org.apache.maven.lifecycle.internal.MojoExecutor.doExecute2 (MojoExecutor.java:328)
    at org.apache.maven.lifecycle.internal.MojoExecutor.doExecute (MojoExecutor.java:316)
    at org.apache.maven.lifecycle.internal.MojoExecutor.execute (MojoExecutor.java:212)
    at org.apache.maven.lifecycle.internal.MojoExecutor.execute (MojoExecutor.java:174)
    at org.apache.maven.lifecycle.internal.MojoExecutor.access$000 (MojoExecutor.java:75)
    at org.apache.maven.lifecycle.internal.MojoExecutor$1.run (MojoExecutor.java:162)
    at org.apache.maven.plugin.DefaultMojosExecutionStrategy.execute (DefaultMojosExecutionStrategy.java:39)
    at org.apache.maven.lifecycle.internal.MojoExecutor.execute (MojoExecutor.java:159)
    at org.apache.maven.lifecycle.internal.LifecycleModuleBuilder.buildProject (LifecycleModuleBuilder.java:105)
    at org.apache.maven.lifecycle.internal.LifecycleModuleBuilder.buildProject (LifecycleModuleBuilder.java:73)
    at org.apache.maven.lifecycle.internal.builder.singlethreaded.SingleThreadedBuilder.build (SingleThreadedBuilder.java:53)
    at org.apache.maven.lifecycle.internal.LifecycleStarter.execute (LifecycleStarter.java:118)
    at org.apache.maven.DefaultMaven.doExecute (DefaultMaven.java:261)
    at org.apache.maven.DefaultMaven.doExecute (DefaultMaven.java:173)
    at org.apache.maven.DefaultMaven.execute (DefaultMaven.java:101)
    at org.apache.maven.cli.MavenCli.execute (MavenCli.java:906)
    at org.apache.maven.cli.MavenCli.doMain (MavenCli.java:283)
    at org.apache.maven.cli.MavenCli.main (MavenCli.java:206)
    at jdk.internal.reflect.NativeMethodAccessorImpl.invoke0 (Native Method)
    at jdk.internal.reflect.NativeMethodAccessorImpl.invoke (NativeMethodAccessorImpl.java:77)
    at jdk.internal.reflect.DelegatingMethodAccessorImpl.invoke (DelegatingMethodAccessorImpl.java:43)
    at java.lang.reflect.Method.invoke (Method.java:568)
    at org.codehaus.plexus.classworlds.launcher.Launcher.launchEnhanced (Launcher.java:255)
    at org.codehaus.plexus.classworlds.launcher.Launcher.launch (Launcher.java:201)
    at org.codehaus.plexus.classworlds.launcher.Launcher.mainWithExitCode (Launcher.java:361)
    at org.codehaus.plexus.classworlds.launcher.Launcher.main (Launcher.java:314)
[ERROR] 
[ERROR] 
[ERROR] For more information about the errors and possible solutions, please read the following articles:
[ERROR] [Help 1] http://cwiki.apache.org/confluence/display/MAVEN/MojoExecutionException
[DEBUG] Shutting down adapter factory; available factories [file-lock, rwlock-local, semaphore-local, noop]; available name mappers [discriminating, file-gav, file-hgav, file-static, gav, static]
[DEBUG] Shutting down 'file-lock' factory
[DEBUG] Shutting down 'rwlock-local' factory
[DEBUG] Shutting down 'semaphore-local' factory
[DEBUG] Shutting down 'noop' factory
