<?xml version="1.0" encoding="UTF-8"?>
<testsuite xmlns:xsi="http://www.w3.org/2001/XMLSchema-instance" xsi:noNamespaceSchemaLocation="https://maven.apache.org/surefire/maven-surefire-plugin/xsd/surefire-test-report-3.0.xsd" version="3.0" name="TestSuite" time="32.188" tests="19" errors="0" skipped="0" failures="0">
  <properties>
[...]
</properties>
  <testcase name="testUserRegistration_CreateNewUser" classname="com.mryoda.diagnostics.api.tests.UserCreateAPITest" time="2.206">
    <system-out><![CDATA[...
... TestNG 7.8.0 by Cédric Beust (cedric@beust.com)
...


==========================================================
           USER REGISTRATION TEST
==========================================================

📱 Generated Mobile: 9304926559

➡️ USER REGISTRATION REQUEST:
{
  "country_code": "+91",
  "gender": "male",
  "dob": "1994-11-13",
  "mobile": "9304926559",
  "profile_pic": "https://cdn.test.com/img/0b2d5d.png",
  "last_name": "Doe",
  "middle_name": "V",
  "first_name": "Chris",
  "alt_mobile": "9454533984",
  "email": "auto_644972fa@test.com"
}
Request method:	POST
Request URI:	https://dev-api-yodadiagnostics.yodaprojects.com/users/addUser
Proxy:			<none>
Request params:	<none>
Query params:	<none>
Form params:	<none>
Path params:	<none>
Headers:		Accept=*/*
				Content-Type=application/json
Cookies:		<none>
Multiparts:		<none>
Body:
{
    "country_code": "+91",
    "gender": "male",
    "dob": "1994-11-13",
    "mobile": "9304926559",
    "profile_pic": "https://cdn.test.com/img/0b2d5d.png",
    "last_name": "Doe",
    "middle_name": "V",
    "first_name": "Chris",
    "alt_mobile": "9454533984",
    "email": "auto_644972fa@test.com"
}

--- 📈 PERFORMANCE STATS ---
   Method  : POST
   Endpoint: /users/addUser
   Time    : ⚡ 654 ms
----------------------------


✅ USER REGISTRATION RESPONSE RECEIVED

🔍 ===== EXTRACTED USER REGISTRATION DATA =====
🆔 User ID (GUID)  : 1b4f8474-6bc9-4fcc-8377-bd14b985ded7
👤 First Name      : Chris
👤 Last Name       : Doe
📧 Email           : auto_644972fa@test.com
⚧  Gender          : male
🎂 DOB             : 1994-11-13
📱 Mobile          : 9304926559
🌍 Country Code    : +91
📍 Status          : null
📅 Created At      : null
📅 Updated At      : null
==============================================

💾 STORED IN RequestContext (GENERIC):
✔ User ID: 1b4f8474-6bc9-4fcc-8377-bd14b985ded7
✔ First Name: Chris
✔ Last Name: Doe
✔ Mobile: 9304926559 (already stored)

==========================================================
        USER REGISTRATION COMPLETED
==========================================================
]]></system-out>
  </testcase>
  <testcase name="testLoginWithOTP" classname="com.mryoda.diagnostics.api.tests.LoginAPITest" time="0.473">
    <system-out><![CDATA[
==========================================================
            MEMBER LOGIN TEST (Paid Member)
==========================================================

==================================================
========== TOKEN GENERATION START (MEMBER) ==========
==================================================
Request method:	POST
Request URI:	https://dev-api-yodadiagnostics.yodaprojects.com/otps/getOtp
Proxy:			<none>
Request params:	<none>
Query params:	<none>
Form params:	<none>
Path params:	<none>
Headers:		Accept=*/*
				Content-Type=application/json
Cookies:		<none>
Multiparts:		<none>
Body:
{
    "country_code": "+91",
    "mobile": "9003730394"
}

--- 📈 PERFORMANCE STATS ---
   Method  : POST
   Endpoint: /otps/getOtp
   Time    : ⚡ 188 ms
----------------------------

Request method:	POST
Request URI:	https://dev-api-yodadiagnostics.yodaprojects.com/otps/getOtp
Proxy:			<none>
Request params:	<none>
Query params:	<none>
Form params:	<none>
Path params:	<none>
Headers:		Accept=*/*
				Content-Type=application/json
Cookies:		<none>
Multiparts:		<none>
Body:
{
    "country_code": "+91",
    "mobile": "9003730394",
    "otp": "123456"
}

--- 📈 PERFORMANCE STATS ---
   Method  : POST
   Endpoint: /otps/getOtp
   Time    : ⚡ 173 ms
----------------------------

Token generated for MEMBER: eyJhbGciOiJIUzI1NiIsInR5cCI6IkpXVCJ9.eyJ1c2VyR3VpZCI6IjZhN2IwMjE0LWI1ZjAtNGU5Yi1iNmM0LWNkNjEyMzg5OGVkMyIsIm1vYmlsZSI6IjkwMDM3MzAzOTQiLCJmaXJzdF9uYW1lIjoiUmFuaml0aCIsImxhc3RfbmFtZSI6Ikt1bWFyIiwiZW1haWwiOiIiLCJyb2xlIjoidXNlcl9vbmx5IiwiaWF0IjoxNzY3MzUyNTI0LCJleHAiOjE3ODMxMzg3NjR9.Sl673chyzo4hxI6_2Ov9JUorCSiPIqSvXr0f-2N5-pA
🟢 MEMBER LOGIN SUCCESS
   Token: eyJhbGciOiJIUzI1NiIsInR5cCI6IkpXVCJ9.eyJ1c2VyR3VpZCI6IjZhN2IwMjE0LWI1ZjAtNGU5Yi1iNmM0LWNkNjEyMzg5OGVkMyIsIm1vYmlsZSI6IjkwMDM3MzAzOTQiLCJmaXJzdF9uYW1lIjoiUmFuaml0aCIsImxhc3RfbmFtZSI6Ikt1bWFyIiwiZW1haWwiOiIiLCJyb2xlIjoidXNlcl9vbmx5IiwiaWF0IjoxNzY3MzUyNTI0LCJleHAiOjE3ODMxMzg3NjR9.Sl673chyzo4hxI6_2Ov9JUorCSiPIqSvXr0f-2N5-pA
   Mobile: 9003730394 (Member Benefits Enabled)
   Stored in: RequestContext.getMemberToken()
   First Name: Ranjith
   Last Name: Kumar
   User ID: 6a7b0214-b5f0-4e9b-b6c4-cd6123898ed3
]]></system-out>
  </testcase>
  <testcase name="testLoginWithOTP_NonMember" classname="com.mryoda.diagnostics.api.tests.LoginAPITest" time="0.433">
    <system-out><![CDATA[
==========================================================
         NON-MEMBER LOGIN TEST (No Membership)
==========================================================

==================================================
========== TOKEN GENERATION START (NON_MEMBER) ==========
==================================================
Request method:	POST
Request URI:	https://dev-api-yodadiagnostics.yodaprojects.com/otps/getOtp
Proxy:			<none>
Request params:	<none>
Query params:	<none>
Form params:	<none>
Path params:	<none>
Headers:		Accept=*/*
				Content-Type=application/json
Cookies:		<none>
Multiparts:		<none>
Body:
{
    "country_code": "+91",
    "mobile": "9666666665"
}

--- 📈 PERFORMANCE STATS ---
   Method  : POST
   Endpoint: /otps/getOtp
   Time    : ⚡ 169 ms
----------------------------

Request method:	POST
Request URI:	https://dev-api-yodadiagnostics.yodaprojects.com/otps/getOtp
Proxy:			<none>
Request params:	<none>
Query params:	<none>
Form params:	<none>
Path params:	<none>
Headers:		Accept=*/*
				Content-Type=application/json
Cookies:		<none>
Multiparts:		<none>
Body:
{
    "country_code": "+91",
    "mobile": "9666666665",
    "otp": "123456"
}

--- 📈 PERFORMANCE STATS ---
   Method  : POST
   Endpoint: /otps/getOtp
   Time    : ⚡ 178 ms
----------------------------

Token generated for NON_MEMBER: eyJhbGciOiJIUzI1NiIsInR5cCI6IkpXVCJ9.eyJ1c2VyR3VpZCI6ImRiNjgyYWJiLTMxZDEtNDRkZi1iZjE5LTU1N2IwMDNhNWM2OSIsIm1vYmlsZSI6Ijk2NjY2NjY2NjUiLCJmaXJzdF9uYW1lIjoiUmFuaml0aCIsImxhc3RfbmFtZSI6Imt1bWFyIiwiZW1haWwiOiIiLCJyb2xlIjoidXNlcl9vbmx5IiwiaWF0IjoxNzY3MzUyNTI0LCJleHAiOjE3ODMxMzg3NjR9.l5Di3mLqwsO4XZdh-JaXio91H1fh7vWstQ8vBuwKVz0
🟢 NON-MEMBER LOGIN SUCCESS
   Token: eyJhbGciOiJIUzI1NiIsInR5cCI6IkpXVCJ9.eyJ1c2VyR3VpZCI6ImRiNjgyYWJiLTMxZDEtNDRkZi1iZjE5LTU1N2IwMDNhNWM2OSIsIm1vYmlsZSI6Ijk2NjY2NjY2NjUiLCJmaXJzdF9uYW1lIjoiUmFuaml0aCIsImxhc3RfbmFtZSI6Imt1bWFyIiwiZW1haWwiOiIiLCJyb2xlIjoidXNlcl9vbmx5IiwiaWF0IjoxNzY3MzUyNTI0LCJleHAiOjE3ODMxMzg3NjR9.l5Di3mLqwsO4XZdh-JaXio91H1fh7vWstQ8vBuwKVz0
   Mobile: 8220220227 (NOT a paid member)
   Stored in: RequestContext.getNonMemberToken()
   First Name: Ranjith
   Last Name: kumar
   User ID: db682abb-31d1-44df-bf19-557b003a5c69
]]></system-out>
  </testcase>
  <testcase name="testLoginWithOTP_NewlyRegisteredUser" classname="com.mryoda.diagnostics.api.tests.LoginAPITest" time="0.409">
    <system-out><![CDATA[
==========================================================
            NEW USER LOGIN TEST
==========================================================

==================================================
========== TOKEN GENERATION START (NEW_USER) ==========
==================================================
Request method:	POST
Request URI:	https://dev-api-yodadiagnostics.yodaprojects.com/otps/getOtp
Proxy:			<none>
Request params:	<none>
Query params:	<none>
Form params:	<none>
Path params:	<none>
Headers:		Accept=*/*
				Content-Type=application/json
Cookies:		<none>
Multiparts:		<none>
Body:
{
    "country_code": "+91",
    "mobile": "9304926559"
}

--- 📈 PERFORMANCE STATS ---
   Method  : POST
   Endpoint: /otps/getOtp
   Time    : ⚡ 165 ms
----------------------------

Request method:	POST
Request URI:	https://dev-api-yodadiagnostics.yodaprojects.com/otps/getOtp
Proxy:			<none>
Request params:	<none>
Query params:	<none>
Form params:	<none>
Path params:	<none>
Headers:		Accept=*/*
				Content-Type=application/json
Cookies:		<none>
Multiparts:		<none>
Body:
{
    "country_code": "+91",
    "mobile": "9304926559",
    "otp": "123456"
}

--- 📈 PERFORMANCE STATS ---
   Method  : POST
   Endpoint: /otps/getOtp
   Time    : ⚡ 163 ms
----------------------------

Token generated for NEW_USER: eyJhbGciOiJIUzI1NiIsInR5cCI6IkpXVCJ9.eyJ1c2VyR3VpZCI6IjFiNGY4NDc0LTZiYzktNGZjYy04Mzc3LWJkMTRiOTg1ZGVkNyIsIm1vYmlsZSI6IjkzMDQ5MjY1NTkiLCJmaXJzdF9uYW1lIjoiQ2hyaXMiLCJsYXN0X25hbWUiOiJEb2UiLCJlbWFpbCI6ImF1dG9fNjQ0OTcyZmFAdGVzdC5jb20iLCJyb2xlIjoidXNlcl9vbmx5IiwiaWF0IjoxNzY3MzUyNTI1LCJleHAiOjE3ODMxMzg3NjV9.voh5JgXKQUQGheYxRsxTTRrvMoKIDBl92Ac0aKi0DnU
🟢 NEW USER LOGIN SUCCESS
   Token: eyJhbGciOiJIUzI1NiIsInR5cCI6IkpXVCJ9.eyJ1c2VyR3VpZCI6IjFiNGY4NDc0LTZiYzktNGZjYy04Mzc3LWJkMTRiOTg1ZGVkNyIsIm1vYmlsZSI6IjkzMDQ5MjY1NTkiLCJmaXJzdF9uYW1lIjoiQ2hyaXMiLCJsYXN0X25hbWUiOiJEb2UiLCJlbWFpbCI6ImF1dG9fNjQ0OTcyZmFAdGVzdC5jb20iLCJyb2xlIjoidXNlcl9vbmx5IiwiaWF0IjoxNzY3MzUyNTI1LCJleHAiOjE3ODMxMzg3NjV9.voh5JgXKQUQGheYxRsxTTRrvMoKIDBl92Ac0aKi0DnU
   Stored in: RequestContext.getNewUserToken()
   First Name: Chris
   Last Name: Doe
   User ID: 1b4f8474-6bc9-4fcc-8377-bd14b985ded7
]]></system-out>
  </testcase>
  <testcase name="testGetLocations_ForMember" classname="com.mryoda.diagnostics.api.tests.LocationAPITest" time="0.881">
    <system-out><![CDATA[
===== LOCATION API — MEMBER =====
Request method:	POST
Request URI:	https://dev-api-yodadiagnostics.yodaprojects.com/tests/getlocations
Proxy:			<none>
Request params:	<none>
Query params:	<none>
Form params:	<none>
Path params:	<none>
Headers:		Authorization=eyJhbGciOiJIUzI1NiIsInR5cCI6IkpXVCJ9.eyJ1c2VyR3VpZCI6IjZhN2IwMjE0LWI1ZjAtNGU5Yi1iNmM0LWNkNjEyMzg5OGVkMyIsIm1vYmlsZSI6IjkwMDM3MzAzOTQiLCJmaXJzdF9uYW1lIjoiUmFuaml0aCIsImxhc3RfbmFtZSI6Ikt1bWFyIiwiZW1haWwiOiIiLCJyb2xlIjoidXNlcl9vbmx5IiwiaWF0IjoxNzY3MzUyNTI0LCJleHAiOjE3ODMxMzg3NjR9.Sl673chyzo4hxI6_2Ov9JUorCSiPIqSvXr0f-2N5-pA
				Accept=*/*
				Content-Type=application/x-www-form-urlencoded; charset=ISO-8859-1
Cookies:		<none>
Multiparts:		<none>
Body:			<none>

--- 📈 PERFORMANCE STATS ---
   Method  : POST
   Endpoint: /tests/getlocations
   Time    : ⚡ 160 ms
----------------------------


📍 Total Locations Found: 6
   Location: Ameerpet (HQ) | City: Hyderabad | State: Telangana | Status: ACTIVE | ID: 64870066842708a0d5ae6c77
   📍 Coordinates: Lat=17.4358447, Long=78.452737
✔ Stored: Ameerpet (HQ) → ID: 64870066842708a0d5ae6c77 | City: Hyderabad | State: Telangana | Coordinates: (17.4358447, 78.452737)
   Location: Guntur | City: Guntur | State: Andhra Pradesh | Status: ACTIVE | ID: 64870066842708a0d5ae6c74
   📍 Coordinates: Lat=16.2992859, Long=80.4515523
✔ Stored: Guntur → ID: 64870066842708a0d5ae6c74 | City: Guntur | State: Andhra Pradesh | Coordinates: (16.2992859, 80.4515523)
   Location: Khammam | City: Khammam | State: Telangana | Status: ACTIVE | ID: 68ecce703d573db19b650c76
   📍 Coordinates: Lat=17.248727, Long=80.1668882
✔ Stored: Khammam → ID: 68ecce703d573db19b650c76 | City: Khammam | State: Telangana | Coordinates: (17.248727, 80.1668882)
   Location: Madhapur | City: Hyderabad | State: Telangana | Status: ACTIVE | ID: 676a5fa720093d2807af03a5
   📍 Coordinates: Lat=17.4406327, Long=78.3900194
✔ Stored: Madhapur → ID: 676a5fa720093d2807af03a5 | City: Hyderabad | State: Telangana | Coordinates: (17.4406327, 78.3900194)
   Location: Tirupati | City: Tirupati | State: Andhra Pradesh | Status: ACTIVE | ID: 64870066842708a0d5ae6c75
   📍 Coordinates: Lat=13.6350832, Long=79.42642049999999
✔ Stored: Tirupati → ID: 64870066842708a0d5ae6c75 | City: Tirupati | State: Andhra Pradesh | Coordinates: (13.6350832, 79.42642049999999)
   Location: Visakhapatnam | City: Visakhapatnam | State: Andhra Pradesh | Status: ACTIVE | ID: 67346a7655a51ec8ef586bb1
   📍 Coordinates: Lat=17.7087874, Long=83.3106882
✔ Stored: Visakhapatnam → ID: 67346a7655a51ec8ef586bb1 | City: Visakhapatnam | State: Andhra Pradesh | Coordinates: (17.7087874, 83.3106882)

✅ Critical Location 'Ameerpet (HQ)' found and stored: 64870066842708a0d5ae6c77
   📍 Ameerpet (HQ) Coordinates: Lat=17.4358447, Long=78.452737
   This location will be used in GlobalSearch and AddToCart APIs

🟢 Locations stored for reuse in next APIs

]]></system-out>
  </testcase>
  <testcase name="testGetLocations_ForNonMember" classname="com.mryoda.diagnostics.api.tests.LocationAPITest" time="0.669">
    <system-out><![CDATA[
===== LOCATION API — NON-MEMBER (8220220227 - NOT a paid member) =====
Request method:	POST
Request URI:	https://dev-api-yodadiagnostics.yodaprojects.com/tests/getlocations
Proxy:			<none>
Request params:	<none>
Query params:	<none>
Form params:	<none>
Path params:	<none>
Headers:		Authorization=eyJhbGciOiJIUzI1NiIsInR5cCI6IkpXVCJ9.eyJ1c2VyR3VpZCI6ImRiNjgyYWJiLTMxZDEtNDRkZi1iZjE5LTU1N2IwMDNhNWM2OSIsIm1vYmlsZSI6Ijk2NjY2NjY2NjUiLCJmaXJzdF9uYW1lIjoiUmFuaml0aCIsImxhc3RfbmFtZSI6Imt1bWFyIiwiZW1haWwiOiIiLCJyb2xlIjoidXNlcl9vbmx5IiwiaWF0IjoxNzY3MzUyNTI0LCJleHAiOjE3ODMxMzg3NjR9.l5Di3mLqwsO4XZdh-JaXio91H1fh7vWstQ8vBuwKVz0
				Accept=*/*
				Content-Type=application/x-www-form-urlencoded; charset=ISO-8859-1
Cookies:		<none>
Multiparts:		<none>
Body:			<none>

--- 📈 PERFORMANCE STATS ---
   Method  : POST
   Endpoint: /tests/getlocations
   Time    : ⚡ 148 ms
----------------------------


📍 Total Locations Found: 6
   Location: Ameerpet (HQ) | City: Hyderabad | State: Telangana | Status: ACTIVE | ID: 64870066842708a0d5ae6c77
   📍 Coordinates: Lat=17.4358447, Long=78.452737
✔ Stored: Ameerpet (HQ) → ID: 64870066842708a0d5ae6c77 | City: Hyderabad | State: Telangana | Coordinates: (17.4358447, 78.452737)
   Location: Guntur | City: Guntur | State: Andhra Pradesh | Status: ACTIVE | ID: 64870066842708a0d5ae6c74
   📍 Coordinates: Lat=16.2992859, Long=80.4515523
✔ Stored: Guntur → ID: 64870066842708a0d5ae6c74 | City: Guntur | State: Andhra Pradesh | Coordinates: (16.2992859, 80.4515523)
   Location: Khammam | City: Khammam | State: Telangana | Status: ACTIVE | ID: 68ecce703d573db19b650c76
   📍 Coordinates: Lat=17.248727, Long=80.1668882
✔ Stored: Khammam → ID: 68ecce703d573db19b650c76 | City: Khammam | State: Telangana | Coordinates: (17.248727, 80.1668882)
   Location: Madhapur | City: Hyderabad | State: Telangana | Status: ACTIVE | ID: 676a5fa720093d2807af03a5
   📍 Coordinates: Lat=17.4406327, Long=78.3900194
✔ Stored: Madhapur → ID: 676a5fa720093d2807af03a5 | City: Hyderabad | State: Telangana | Coordinates: (17.4406327, 78.3900194)
   Location: Tirupati | City: Tirupati | State: Andhra Pradesh | Status: ACTIVE | ID: 64870066842708a0d5ae6c75
   📍 Coordinates: Lat=13.6350832, Long=79.42642049999999
✔ Stored: Tirupati → ID: 64870066842708a0d5ae6c75 | City: Tirupati | State: Andhra Pradesh | Coordinates: (13.6350832, 79.42642049999999)
   Location: Visakhapatnam | City: Visakhapatnam | State: Andhra Pradesh | Status: ACTIVE | ID: 67346a7655a51ec8ef586bb1
   📍 Coordinates: Lat=17.7087874, Long=83.3106882
✔ Stored: Visakhapatnam → ID: 67346a7655a51ec8ef586bb1 | City: Visakhapatnam | State: Andhra Pradesh | Coordinates: (17.7087874, 83.3106882)

✅ Critical Location 'Ameerpet (HQ)' found and stored: 64870066842708a0d5ae6c77
   📍 Ameerpet (HQ) Coordinates: Lat=17.4358447, Long=78.452737
   This location will be used in GlobalSearch and AddToCart APIs

🟢 Locations stored for reuse in next APIs

]]></system-out>
  </testcase>
  <testcase name="testGetLocations_ForNewUser" classname="com.mryoda.diagnostics.api.tests.LocationAPITest" time="0.642">
    <system-out><![CDATA[
===== LOCATION API — NEW USER =====
Request method:	POST
Request URI:	https://dev-api-yodadiagnostics.yodaprojects.com/tests/getlocations
Proxy:			<none>
Request params:	<none>
Query params:	<none>
Form params:	<none>
Path params:	<none>
Headers:		Authorization=eyJhbGciOiJIUzI1NiIsInR5cCI6IkpXVCJ9.eyJ1c2VyR3VpZCI6IjFiNGY4NDc0LTZiYzktNGZjYy04Mzc3LWJkMTRiOTg1ZGVkNyIsIm1vYmlsZSI6IjkzMDQ5MjY1NTkiLCJmaXJzdF9uYW1lIjoiQ2hyaXMiLCJsYXN0X25hbWUiOiJEb2UiLCJlbWFpbCI6ImF1dG9fNjQ0OTcyZmFAdGVzdC5jb20iLCJyb2xlIjoidXNlcl9vbmx5IiwiaWF0IjoxNzY3MzUyNTI1LCJleHAiOjE3ODMxMzg3NjV9.voh5JgXKQUQGheYxRsxTTRrvMoKIDBl92Ac0aKi0DnU
				Accept=*/*
				Content-Type=application/x-www-form-urlencoded; charset=ISO-8859-1
Cookies:		<none>
Multiparts:		<none>
Body:			<none>

--- 📈 PERFORMANCE STATS ---
   Method  : POST
   Endpoint: /tests/getlocations
   Time    : ⚡ 156 ms
----------------------------


📍 Total Locations Found: 6
   Location: Ameerpet (HQ) | City: Hyderabad | State: Telangana | Status: ACTIVE | ID: 64870066842708a0d5ae6c77
   📍 Coordinates: Lat=17.4358447, Long=78.452737
✔ Stored: Ameerpet (HQ) → ID: 64870066842708a0d5ae6c77 | City: Hyderabad | State: Telangana | Coordinates: (17.4358447, 78.452737)
   Location: Guntur | City: Guntur | State: Andhra Pradesh | Status: ACTIVE | ID: 64870066842708a0d5ae6c74
   📍 Coordinates: Lat=16.2992859, Long=80.4515523
✔ Stored: Guntur → ID: 64870066842708a0d5ae6c74 | City: Guntur | State: Andhra Pradesh | Coordinates: (16.2992859, 80.4515523)
   Location: Khammam | City: Khammam | State: Telangana | Status: ACTIVE | ID: 68ecce703d573db19b650c76
   📍 Coordinates: Lat=17.248727, Long=80.1668882
✔ Stored: Khammam → ID: 68ecce703d573db19b650c76 | City: Khammam | State: Telangana | Coordinates: (17.248727, 80.1668882)
   Location: Madhapur | City: Hyderabad | State: Telangana | Status: ACTIVE | ID: 676a5fa720093d2807af03a5
   📍 Coordinates: Lat=17.4406327, Long=78.3900194
✔ Stored: Madhapur → ID: 676a5fa720093d2807af03a5 | City: Hyderabad | State: Telangana | Coordinates: (17.4406327, 78.3900194)
   Location: Tirupati | City: Tirupati | State: Andhra Pradesh | Status: ACTIVE | ID: 64870066842708a0d5ae6c75
   📍 Coordinates: Lat=13.6350832, Long=79.42642049999999
✔ Stored: Tirupati → ID: 64870066842708a0d5ae6c75 | City: Tirupati | State: Andhra Pradesh | Coordinates: (13.6350832, 79.42642049999999)
   Location: Visakhapatnam | City: Visakhapatnam | State: Andhra Pradesh | Status: ACTIVE | ID: 67346a7655a51ec8ef586bb1
   📍 Coordinates: Lat=17.7087874, Long=83.3106882
✔ Stored: Visakhapatnam → ID: 67346a7655a51ec8ef586bb1 | City: Visakhapatnam | State: Andhra Pradesh | Coordinates: (17.7087874, 83.3106882)

✅ Critical Location 'Ameerpet (HQ)' found and stored: 64870066842708a0d5ae6c77
   📍 Ameerpet (HQ) Coordinates: Lat=17.4358447, Long=78.452737
   This location will be used in GlobalSearch and AddToCart APIs

🟢 Locations stored for reuse in next APIs

]]></system-out>
  </testcase>
  <testcase name="testGetBrands_ForMember" classname="com.mryoda.diagnostics.api.tests.BrandAPITest" time="0.354">
    <system-out><![CDATA[
===== BRAND API — MEMBER =====

🛍️ FETCHING ALL BRANDS...
Request method:	GET
Request URI:	https://dev-api-yodamembership.yodaprojects.com/brand/getAllBrands
Proxy:			<none>
Request params:	<none>
Query params:	<none>
Form params:	<none>
Path params:	<none>
Headers:		Accept=*/*
Cookies:		<none>
Multiparts:		<none>
Body:			<none>

--- 📈 PERFORMANCE STATS ---
   Method  : GET
   Endpoint: https://dev-api-yodamembership.yodaprojects.com/brand/getAllBrands
   Time    : ⚡ 238 ms
----------------------------

⚠️ API Failed with status: 404
⚠️ Using HARDCODED Brand ID for 'Diagnostics'
]]></system-out>
  </testcase>
  <testcase name="testGetBrands_ForNonMember" classname="com.mryoda.diagnostics.api.tests.BrandAPITest" time="0.146">
    <system-out><![CDATA[
===== BRAND API — NON-MEMBER =====

🛍️ FETCHING ALL BRANDS...
Request method:	GET
Request URI:	https://dev-api-yodamembership.yodaprojects.com/brand/getAllBrands
Proxy:			<none>
Request params:	<none>
Query params:	<none>
Form params:	<none>
Path params:	<none>
Headers:		Accept=*/*
Cookies:		<none>
Multiparts:		<none>
Body:			<none>

--- 📈 PERFORMANCE STATS ---
   Method  : GET
   Endpoint: https://dev-api-yodamembership.yodaprojects.com/brand/getAllBrands
   Time    : ⚡ 133 ms
----------------------------

⚠️ API Failed with status: 404
⚠️ Using HARDCODED Brand ID for 'Diagnostics'
]]></system-out>
  </testcase>
  <testcase name="testGetBrands_ForNewUser" classname="com.mryoda.diagnostics.api.tests.BrandAPITest" time="0.151">
    <system-out><![CDATA[
===== BRAND API — NEW USER =====

🛍️ FETCHING ALL BRANDS...
Request method:	GET
Request URI:	https://dev-api-yodamembership.yodaprojects.com/brand/getAllBrands
Proxy:			<none>
Request params:	<none>
Query params:	<none>
Form params:	<none>
Path params:	<none>
Headers:		Accept=*/*
Cookies:		<none>
Multiparts:		<none>
Body:			<none>

--- 📈 PERFORMANCE STATS ---
   Method  : GET
   Endpoint: https://dev-api-yodamembership.yodaprojects.com/brand/getAllBrands
   Time    : ⚡ 140 ms
----------------------------

⚠️ API Failed with status: 404
⚠️ Using HARDCODED Brand ID for 'Diagnostics'
]]></system-out>
  </testcase>
  <testcase name="testGlobalSearch_ForMember" classname="com.mryoda.diagnostics.api.tests.GlobalSearchAPITest" time="1.063">
    <system-out><![CDATA[Running Global Search as part of MEMBER flow...

==========================================================
         GLOBAL SEARCH API TEST - COMPLETE FLOW
==========================================================
📌 DEBUG → STORED LOCATIONS: {Tirupati=64870066842708a0d5ae6c75, Visakhapatnam=67346a7655a51ec8ef586bb1, Khammam=68ecce703d573db19b650c76, Madhapur=676a5fa720093d2807af03a5, Ameerpet (HQ)=64870066842708a0d5ae6c77, Guntur=64870066842708a0d5ae6c74}

🔍 STEP 1: Validating Location from Previous API (LocationAPI)
   ✅ Location 'Ameerpet (HQ)' validated from LocationAPI: 64870066842708a0d5ae6c77
   ✅ This location will be used for Global Search

⚠️  IMPORTANT: We are NOT searching for CBC!
   If CBC appears in results, it's a bug in the search logic.

🎯 Tests to Search: Glucose (Urine), Diabetes Monitor
📊 Total Tests: 2

🔍 SEARCHING FOR 2 TESTS
📌 LOCATION: Ameerpet (HQ) → 64870066842708a0d5ae6c77

🔍 Searching: Glucose (Urine)

   🔄 Attempt 1/5
   Search String: "Glucose (Urine)"
Request method:	POST
Request URI:	https://dev-api-yodadiagnostics.yodaprojects.com/tests/adminTests
Proxy:			<none>
Request params:	<none>
Query params:	<none>
Form params:	<none>
Path params:	<none>
Headers:		Authorization=Bearer eyJhbGciOiJIUzI1NiIsInR5cCI6IkpXVCJ9.eyJ1c2VyR3VpZCI6IjZhN2IwMjE0LWI1ZjAtNGU5Yi1iNmM0LWNkNjEyMzg5OGVkMyIsIm1vYmlsZSI6IjkwMDM3MzAzOTQiLCJmaXJzdF9uYW1lIjoiUmFuaml0aCIsImxhc3RfbmFtZSI6Ikt1bWFyIiwiZW1haWwiOiIiLCJyb2xlIjoidXNlcl9vbmx5IiwiaWF0IjoxNzY3MzUyNTI0LCJleHAiOjE3ODMxMzg3NjR9.Sl673chyzo4hxI6_2Ov9JUorCSiPIqSvXr0f-2N5-pA
				Accept=*/*
				Content-Type=application/json
Cookies:		<none>
Multiparts:		<none>
Body:
{
    "limit": 50,
    "location": "64870066842708a0d5ae6c77",
    "page": 1,
    "sort_by": "Type",
    "search_string": "Glucose (Urine)"
}

--- 📈 PERFORMANCE STATS ---
   Method  : POST
   Endpoint: tests/adminTests
   Time    : ⚡ 287 ms
----------------------------

   📊 API returned 1 results

   🔍 DEBUG - ALL RESULTS for search "Glucose (Urine)":
      Result 1:
         test_name: Glucose (Urine)
         _id: 675921110856fe1e1e992d5a
         test_id: PATH006
         slug: glucose-urine
         Type: diagnostics

   ✅ EXACT MATCH FOUND: Glucose (Urine)
      Test ID: PATH006
      Product ID: 675921110856fe1e1e992d5a
      ✅ SUCCESS with search variation: "Glucose (Urine)"

🔍 Searching: Diabetes Monitor

   🔄 Attempt 1/5
   Search String: "Diabetes Monitor"
Request method:	POST
Request URI:	https://dev-api-yodadiagnostics.yodaprojects.com/tests/adminTests
Proxy:			<none>
Request params:	<none>
Query params:	<none>
Form params:	<none>
Path params:	<none>
Headers:		Authorization=Bearer eyJhbGciOiJIUzI1NiIsInR5cCI6IkpXVCJ9.eyJ1c2VyR3VpZCI6IjZhN2IwMjE0LWI1ZjAtNGU5Yi1iNmM0LWNkNjEyMzg5OGVkMyIsIm1vYmlsZSI6IjkwMDM3MzAzOTQiLCJmaXJzdF9uYW1lIjoiUmFuaml0aCIsImxhc3RfbmFtZSI6Ikt1bWFyIiwiZW1haWwiOiIiLCJyb2xlIjoidXNlcl9vbmx5IiwiaWF0IjoxNzY3MzUyNTI0LCJleHAiOjE3ODMxMzg3NjR9.Sl673chyzo4hxI6_2Ov9JUorCSiPIqSvXr0f-2N5-pA
				Accept=*/*
				Content-Type=application/json
Cookies:		<none>
Multiparts:		<none>
Body:
{
    "limit": 50,
    "location": "64870066842708a0d5ae6c77",
    "page": 1,
    "sort_by": "Type",
    "search_string": "Diabetes Monitor"
}

--- 📈 PERFORMANCE STATS ---
   Method  : POST
   Endpoint: tests/adminTests
   Time    : ⚡ 229 ms
----------------------------

   📊 API returned 1 results

   🔍 DEBUG - ALL RESULTS for search "Diabetes Monitor":
      Result 1:
         test_name: null
         _id: 675921b2ba6f16b8c0d7bee4
         test_id: null
         slug: diabetes-monitor
         Type: diagnostics

   ⚠️  test_name is NULL for ID: 675921b2ba6f16b8c0d7bee4
      Checking alternative fields...
      ℹ️  Constructed name from slug: Diabetes Monitor
      ✅ Found alternative name: Diabetes Monitor
   ✅ EXACT MATCH FOUND: Diabetes Monitor
      Test ID: null
      Product ID: 675921b2ba6f16b8c0d7bee4
      ✅ SUCCESS with search variation: "Diabetes Monitor"

📊 ========================================
   TOTAL TESTS FOUND: 2 / 2
   ========================================
Request method:	POST
Request URI:	https://dev-api-yodadiagnostics.yodaprojects.com/tests/adminTests
Proxy:			<none>
Request params:	<none>
Query params:	<none>
Form params:	<none>
Path params:	<none>
Headers:		Authorization=Bearer eyJhbGciOiJIUzI1NiIsInR5cCI6IkpXVCJ9.eyJ1c2VyR3VpZCI6IjZhN2IwMjE0LWI1ZjAtNGU5Yi1iNmM0LWNkNjEyMzg5OGVkMyIsIm1vYmlsZSI6IjkwMDM3MzAzOTQiLCJmaXJzdF9uYW1lIjoiUmFuaml0aCIsImxhc3RfbmFtZSI6Ikt1bWFyIiwiZW1haWwiOiIiLCJyb2xlIjoidXNlcl9vbmx5IiwiaWF0IjoxNzY3MzUyNTI0LCJleHAiOjE3ODMxMzg3NjR9.Sl673chyzo4hxI6_2Ov9JUorCSiPIqSvXr0f-2N5-pA
				Accept=*/*
				Content-Type=application/json
Cookies:		<none>
Multiparts:		<none>
Body:
{
    "limit": 50,
    "location": "64870066842708a0d5ae6c77",
    "page": 1,
    "sort_by": "Type",
    "search_string": "Diabetes Monitor"
}

--- 📈 PERFORMANCE STATS ---
   Method  : POST
   Endpoint: tests/adminTests
   Time    : ⚡ 252 ms
----------------------------


📦 EXTRACTING & STORING TEST DETAILS
   Tests already found: 2

🎯 MATCHED & STORED TEST: Glucose (Urine)
   Test ID       : PATH006
   Product ID    : 675921110856fe1e1e992d5a
   Price         : ₹3
   Original Price: ₹60
   Type          : diagnostics
   Status        : ACTIVE
   Home Collection: ✅ AVAILABLE

🎯 MATCHED & STORED TEST: Diabetes Monitor
   Test ID       : null
   Product ID    : 675921b2ba6f16b8c0d7bee4
   Price         : ₹800
   Original Price: ₹800
   Type          : diagnostics
   Status        : ACTIVE
   Home Collection: ✅ AVAILABLE

✅ All requested tests extracted and stored successfully!

🔍 VALIDATING: Checking we only got the tests we searched for...
   ✅ Expected test: Diabetes Monitor
   ✅ Expected test: Glucose (Urine)

🏠 ANALYZING HOME COLLECTION STATUS FOR ALL TESTS
   ✅ Diabetes Monitor - Home Collection: AVAILABLE (type='home')
   ✅ Glucose (Urine) - Home Collection: AVAILABLE (type='home')

📊 HOME COLLECTION ANALYSIS:
   Total tests found: 2
   Tests WITH home collection: 2
   Tests WITHOUT home collection: 0

✅ Validated stored test: Glucose (Urine)
   Test ID: PATH006
   Product ID: 675921110856fe1e1e992d5a

✅ Validated stored test: Diabetes Monitor
   Test ID: null
   Product ID: 675921b2ba6f16b8c0d7bee4

✅ GLOBAL SEARCH COMPLETE (Stored 2 tests)
]]></system-out>
  </testcase>
  <testcase name="testGlobalSearch_ForNonMember" classname="com.mryoda.diagnostics.api.tests.GlobalSearchAPITest" time="0.815">
    <system-out><![CDATA[Running Global Search as part of NON-MEMBER flow...

==========================================================
         GLOBAL SEARCH API TEST - COMPLETE FLOW
==========================================================
📌 DEBUG → STORED LOCATIONS: {Tirupati=64870066842708a0d5ae6c75, Visakhapatnam=67346a7655a51ec8ef586bb1, Khammam=68ecce703d573db19b650c76, Madhapur=676a5fa720093d2807af03a5, Ameerpet (HQ)=64870066842708a0d5ae6c77, Guntur=64870066842708a0d5ae6c74}

🔍 STEP 1: Validating Location from Previous API (LocationAPI)
   ✅ Location 'Ameerpet (HQ)' validated from LocationAPI: 64870066842708a0d5ae6c77
   ✅ This location will be used for Global Search

⚠️  IMPORTANT: We are NOT searching for CBC!
   If CBC appears in results, it's a bug in the search logic.

🎯 Tests to Search: Glucose (Urine), Diabetes Monitor
📊 Total Tests: 2

🔍 SEARCHING FOR 2 TESTS
📌 LOCATION: Ameerpet (HQ) → 64870066842708a0d5ae6c77

🔍 Searching: Glucose (Urine)

   🔄 Attempt 1/5
   Search String: "Glucose (Urine)"
Request method:	POST
Request URI:	https://dev-api-yodadiagnostics.yodaprojects.com/tests/adminTests
Proxy:			<none>
Request params:	<none>
Query params:	<none>
Form params:	<none>
Path params:	<none>
Headers:		Authorization=Bearer eyJhbGciOiJIUzI1NiIsInR5cCI6IkpXVCJ9.eyJ1c2VyR3VpZCI6IjZhN2IwMjE0LWI1ZjAtNGU5Yi1iNmM0LWNkNjEyMzg5OGVkMyIsIm1vYmlsZSI6IjkwMDM3MzAzOTQiLCJmaXJzdF9uYW1lIjoiUmFuaml0aCIsImxhc3RfbmFtZSI6Ikt1bWFyIiwiZW1haWwiOiIiLCJyb2xlIjoidXNlcl9vbmx5IiwiaWF0IjoxNzY3MzUyNTI0LCJleHAiOjE3ODMxMzg3NjR9.Sl673chyzo4hxI6_2Ov9JUorCSiPIqSvXr0f-2N5-pA
				Accept=*/*
				Content-Type=application/json
Cookies:		<none>
Multiparts:		<none>
Body:
{
    "limit": 50,
    "location": "64870066842708a0d5ae6c77",
    "page": 1,
    "sort_by": "Type",
    "search_string": "Glucose (Urine)"
}

--- 📈 PERFORMANCE STATS ---
   Method  : POST
   Endpoint: tests/adminTests
   Time    : ⚡ 224 ms
----------------------------

   📊 API returned 1 results

   🔍 DEBUG - ALL RESULTS for search "Glucose (Urine)":
      Result 1:
         test_name: Glucose (Urine)
         _id: 675921110856fe1e1e992d5a
         test_id: PATH006
         slug: glucose-urine
         Type: diagnostics

   ✅ EXACT MATCH FOUND: Glucose (Urine)
      Test ID: PATH006
      Product ID: 675921110856fe1e1e992d5a
      ✅ SUCCESS with search variation: "Glucose (Urine)"

🔍 Searching: Diabetes Monitor

   🔄 Attempt 1/5
   Search String: "Diabetes Monitor"
Request method:	POST
Request URI:	https://dev-api-yodadiagnostics.yodaprojects.com/tests/adminTests
Proxy:			<none>
Request params:	<none>
Query params:	<none>
Form params:	<none>
Path params:	<none>
Headers:		Authorization=Bearer eyJhbGciOiJIUzI1NiIsInR5cCI6IkpXVCJ9.eyJ1c2VyR3VpZCI6IjZhN2IwMjE0LWI1ZjAtNGU5Yi1iNmM0LWNkNjEyMzg5OGVkMyIsIm1vYmlsZSI6IjkwMDM3MzAzOTQiLCJmaXJzdF9uYW1lIjoiUmFuaml0aCIsImxhc3RfbmFtZSI6Ikt1bWFyIiwiZW1haWwiOiIiLCJyb2xlIjoidXNlcl9vbmx5IiwiaWF0IjoxNzY3MzUyNTI0LCJleHAiOjE3ODMxMzg3NjR9.Sl673chyzo4hxI6_2Ov9JUorCSiPIqSvXr0f-2N5-pA
				Accept=*/*
				Content-Type=application/json
Cookies:		<none>
Multiparts:		<none>
Body:
{
    "limit": 50,
    "location": "64870066842708a0d5ae6c77",
    "page": 1,
    "sort_by": "Type",
    "search_string": "Diabetes Monitor"
}

--- 📈 PERFORMANCE STATS ---
   Method  : POST
   Endpoint: tests/adminTests
   Time    : ⚡ 236 ms
----------------------------

   📊 API returned 1 results

   🔍 DEBUG - ALL RESULTS for search "Diabetes Monitor":
      Result 1:
         test_name: null
         _id: 675921b2ba6f16b8c0d7bee4
         test_id: null
         slug: diabetes-monitor
         Type: diagnostics

   ⚠️  test_name is NULL for ID: 675921b2ba6f16b8c0d7bee4
      Checking alternative fields...
      ℹ️  Constructed name from slug: Diabetes Monitor
      ✅ Found alternative name: Diabetes Monitor
   ✅ EXACT MATCH FOUND: Diabetes Monitor
      Test ID: null
      Product ID: 675921b2ba6f16b8c0d7bee4
      ✅ SUCCESS with search variation: "Diabetes Monitor"

📊 ========================================
   TOTAL TESTS FOUND: 2 / 2
   ========================================
Request method:	POST
Request URI:	https://dev-api-yodadiagnostics.yodaprojects.com/tests/adminTests
Proxy:			<none>
Request params:	<none>
Query params:	<none>
Form params:	<none>
Path params:	<none>
Headers:		Authorization=Bearer eyJhbGciOiJIUzI1NiIsInR5cCI6IkpXVCJ9.eyJ1c2VyR3VpZCI6IjZhN2IwMjE0LWI1ZjAtNGU5Yi1iNmM0LWNkNjEyMzg5OGVkMyIsIm1vYmlsZSI6IjkwMDM3MzAzOTQiLCJmaXJzdF9uYW1lIjoiUmFuaml0aCIsImxhc3RfbmFtZSI6Ikt1bWFyIiwiZW1haWwiOiIiLCJyb2xlIjoidXNlcl9vbmx5IiwiaWF0IjoxNzY3MzUyNTI0LCJleHAiOjE3ODMxMzg3NjR9.Sl673chyzo4hxI6_2Ov9JUorCSiPIqSvXr0f-2N5-pA
				Accept=*/*
				Content-Type=application/json
Cookies:		<none>
Multiparts:		<none>
Body:
{
    "limit": 50,
    "location": "64870066842708a0d5ae6c77",
    "page": 1,
    "sort_by": "Type",
    "search_string": "Diabetes Monitor"
}

--- 📈 PERFORMANCE STATS ---
   Method  : POST
   Endpoint: tests/adminTests
   Time    : ⚡ 309 ms
----------------------------


📦 EXTRACTING & STORING TEST DETAILS
   Tests already found: 2

🎯 MATCHED & STORED TEST: Glucose (Urine)
   Test ID       : PATH006
   Product ID    : 675921110856fe1e1e992d5a
   Price         : ₹3
   Original Price: ₹60
   Type          : diagnostics
   Status        : ACTIVE
   Home Collection: ✅ AVAILABLE

🎯 MATCHED & STORED TEST: Diabetes Monitor
   Test ID       : null
   Product ID    : 675921b2ba6f16b8c0d7bee4
   Price         : ₹800
   Original Price: ₹800
   Type          : diagnostics
   Status        : ACTIVE
   Home Collection: ✅ AVAILABLE

✅ All requested tests extracted and stored successfully!

🔍 VALIDATING: Checking we only got the tests we searched for...
   ✅ Expected test: Diabetes Monitor
   ✅ Expected test: Glucose (Urine)

🏠 ANALYZING HOME COLLECTION STATUS FOR ALL TESTS
   ✅ Diabetes Monitor - Home Collection: AVAILABLE (type='home')
   ✅ Glucose (Urine) - Home Collection: AVAILABLE (type='home')

📊 HOME COLLECTION ANALYSIS:
   Total tests found: 2
   Tests WITH home collection: 2
   Tests WITHOUT home collection: 0

✅ Validated stored test: Glucose (Urine)
   Test ID: PATH006
   Product ID: 675921110856fe1e1e992d5a

✅ Validated stored test: Diabetes Monitor
   Test ID: null
   Product ID: 675921b2ba6f16b8c0d7bee4

✅ GLOBAL SEARCH COMPLETE (Stored 2 tests)
]]></system-out>
  </testcase>
  <testcase name="testGlobalSearch_ForNewUser" classname="com.mryoda.diagnostics.api.tests.GlobalSearchAPITest" time="0.796">
    <system-out><![CDATA[Running Global Search as part of NEW USER flow...

==========================================================
         GLOBAL SEARCH API TEST - COMPLETE FLOW
==========================================================
📌 DEBUG → STORED LOCATIONS: {Tirupati=64870066842708a0d5ae6c75, Visakhapatnam=67346a7655a51ec8ef586bb1, Khammam=68ecce703d573db19b650c76, Madhapur=676a5fa720093d2807af03a5, Ameerpet (HQ)=64870066842708a0d5ae6c77, Guntur=64870066842708a0d5ae6c74}

🔍 STEP 1: Validating Location from Previous API (LocationAPI)
   ✅ Location 'Ameerpet (HQ)' validated from LocationAPI: 64870066842708a0d5ae6c77
   ✅ This location will be used for Global Search

⚠️  IMPORTANT: We are NOT searching for CBC!
   If CBC appears in results, it's a bug in the search logic.

🎯 Tests to Search: Glucose (Urine), Diabetes Monitor
📊 Total Tests: 2

🔍 SEARCHING FOR 2 TESTS
📌 LOCATION: Ameerpet (HQ) → 64870066842708a0d5ae6c77

🔍 Searching: Glucose (Urine)

   🔄 Attempt 1/5
   Search String: "Glucose (Urine)"
Request method:	POST
Request URI:	https://dev-api-yodadiagnostics.yodaprojects.com/tests/adminTests
Proxy:			<none>
Request params:	<none>
Query params:	<none>
Form params:	<none>
Path params:	<none>
Headers:		Authorization=Bearer eyJhbGciOiJIUzI1NiIsInR5cCI6IkpXVCJ9.eyJ1c2VyR3VpZCI6IjZhN2IwMjE0LWI1ZjAtNGU5Yi1iNmM0LWNkNjEyMzg5OGVkMyIsIm1vYmlsZSI6IjkwMDM3MzAzOTQiLCJmaXJzdF9uYW1lIjoiUmFuaml0aCIsImxhc3RfbmFtZSI6Ikt1bWFyIiwiZW1haWwiOiIiLCJyb2xlIjoidXNlcl9vbmx5IiwiaWF0IjoxNzY3MzUyNTI0LCJleHAiOjE3ODMxMzg3NjR9.Sl673chyzo4hxI6_2Ov9JUorCSiPIqSvXr0f-2N5-pA
				Accept=*/*
				Content-Type=application/json
Cookies:		<none>
Multiparts:		<none>
Body:
{
    "limit": 50,
    "location": "64870066842708a0d5ae6c77",
    "page": 1,
    "sort_by": "Type",
    "search_string": "Glucose (Urine)"
}

--- 📈 PERFORMANCE STATS ---
   Method  : POST
   Endpoint: tests/adminTests
   Time    : ⚡ 247 ms
----------------------------

   📊 API returned 1 results

   🔍 DEBUG - ALL RESULTS for search "Glucose (Urine)":
      Result 1:
         test_name: Glucose (Urine)
         _id: 675921110856fe1e1e992d5a
         test_id: PATH006
         slug: glucose-urine
         Type: diagnostics

   ✅ EXACT MATCH FOUND: Glucose (Urine)
      Test ID: PATH006
      Product ID: 675921110856fe1e1e992d5a
      ✅ SUCCESS with search variation: "Glucose (Urine)"

🔍 Searching: Diabetes Monitor

   🔄 Attempt 1/5
   Search String: "Diabetes Monitor"
Request method:	POST
Request URI:	https://dev-api-yodadiagnostics.yodaprojects.com/tests/adminTests
Proxy:			<none>
Request params:	<none>
Query params:	<none>
Form params:	<none>
Path params:	<none>
Headers:		Authorization=Bearer eyJhbGciOiJIUzI1NiIsInR5cCI6IkpXVCJ9.eyJ1c2VyR3VpZCI6IjZhN2IwMjE0LWI1ZjAtNGU5Yi1iNmM0LWNkNjEyMzg5OGVkMyIsIm1vYmlsZSI6IjkwMDM3MzAzOTQiLCJmaXJzdF9uYW1lIjoiUmFuaml0aCIsImxhc3RfbmFtZSI6Ikt1bWFyIiwiZW1haWwiOiIiLCJyb2xlIjoidXNlcl9vbmx5IiwiaWF0IjoxNzY3MzUyNTI0LCJleHAiOjE3ODMxMzg3NjR9.Sl673chyzo4hxI6_2Ov9JUorCSiPIqSvXr0f-2N5-pA
				Accept=*/*
				Content-Type=application/json
Cookies:		<none>
Multiparts:		<none>
Body:
{
    "limit": 50,
    "location": "64870066842708a0d5ae6c77",
    "page": 1,
    "sort_by": "Type",
    "search_string": "Diabetes Monitor"
}

--- 📈 PERFORMANCE STATS ---
   Method  : POST
   Endpoint: tests/adminTests
   Time    : ⚡ 246 ms
----------------------------

   📊 API returned 1 results

   🔍 DEBUG - ALL RESULTS for search "Diabetes Monitor":
      Result 1:
         test_name: null
         _id: 675921b2ba6f16b8c0d7bee4
         test_id: null
         slug: diabetes-monitor
         Type: diagnostics

   ⚠️  test_name is NULL for ID: 675921b2ba6f16b8c0d7bee4
      Checking alternative fields...
      ℹ️  Constructed name from slug: Diabetes Monitor
      ✅ Found alternative name: Diabetes Monitor
   ✅ EXACT MATCH FOUND: Diabetes Monitor
      Test ID: null
      Product ID: 675921b2ba6f16b8c0d7bee4
      ✅ SUCCESS with search variation: "Diabetes Monitor"

📊 ========================================
   TOTAL TESTS FOUND: 2 / 2
   ========================================
Request method:	POST
Request URI:	https://dev-api-yodadiagnostics.yodaprojects.com/tests/adminTests
Proxy:			<none>
Request params:	<none>
Query params:	<none>
Form params:	<none>
Path params:	<none>
Headers:		Authorization=Bearer eyJhbGciOiJIUzI1NiIsInR5cCI6IkpXVCJ9.eyJ1c2VyR3VpZCI6IjZhN2IwMjE0LWI1ZjAtNGU5Yi1iNmM0LWNkNjEyMzg5OGVkMyIsIm1vYmlsZSI6IjkwMDM3MzAzOTQiLCJmaXJzdF9uYW1lIjoiUmFuaml0aCIsImxhc3RfbmFtZSI6Ikt1bWFyIiwiZW1haWwiOiIiLCJyb2xlIjoidXNlcl9vbmx5IiwiaWF0IjoxNzY3MzUyNTI0LCJleHAiOjE3ODMxMzg3NjR9.Sl673chyzo4hxI6_2Ov9JUorCSiPIqSvXr0f-2N5-pA
				Accept=*/*
				Content-Type=application/json
Cookies:		<none>
Multiparts:		<none>
Body:
{
    "limit": 50,
    "location": "64870066842708a0d5ae6c77",
    "page": 1,
    "sort_by": "Type",
    "search_string": "Diabetes Monitor"
}

--- 📈 PERFORMANCE STATS ---
   Method  : POST
   Endpoint: tests/adminTests
   Time    : ⚡ 256 ms
----------------------------


📦 EXTRACTING & STORING TEST DETAILS
   Tests already found: 2

🎯 MATCHED & STORED TEST: Glucose (Urine)
   Test ID       : PATH006
   Product ID    : 675921110856fe1e1e992d5a
   Price         : ₹3
   Original Price: ₹60
   Type          : diagnostics
   Status        : ACTIVE
   Home Collection: ✅ AVAILABLE

🎯 MATCHED & STORED TEST: Diabetes Monitor
   Test ID       : null
   Product ID    : 675921b2ba6f16b8c0d7bee4
   Price         : ₹800
   Original Price: ₹800
   Type          : diagnostics
   Status        : ACTIVE
   Home Collection: ✅ AVAILABLE

✅ All requested tests extracted and stored successfully!

🔍 VALIDATING: Checking we only got the tests we searched for...
   ✅ Expected test: Diabetes Monitor
   ✅ Expected test: Glucose (Urine)

🏠 ANALYZING HOME COLLECTION STATUS FOR ALL TESTS
   ✅ Diabetes Monitor - Home Collection: AVAILABLE (type='home')
   ✅ Glucose (Urine) - Home Collection: AVAILABLE (type='home')

📊 HOME COLLECTION ANALYSIS:
   Total tests found: 2
   Tests WITH home collection: 2
   Tests WITHOUT home collection: 0

✅ Validated stored test: Glucose (Urine)
   Test ID: PATH006
   Product ID: 675921110856fe1e1e992d5a

✅ Validated stored test: Diabetes Monitor
   Test ID: null
   Product ID: 675921b2ba6f16b8c0d7bee4

✅ GLOBAL SEARCH COMPLETE (Stored 2 tests)
]]></system-out>
  </testcase>
  <testcase name="testAddToCart_ForMember" classname="com.mryoda.diagnostics.api.tests.AddToCartAPITest" time="0.367">
    <system-out><![CDATA[
--- AddToCart For Member ---

🧹 CLEARING PREVIOUS CART for User ID: 6a7b0214-b5f0-4e9b-b6c4-cd6123898ed3
Request method:	POST
Request URI:	https://dev-api-yodadiagnostics.yodaprojects.com/carts/v2/addCart
Proxy:			<none>
Request params:	<none>
Query params:	<none>
Form params:	<none>
Path params:	<none>
Headers:		Authorization=eyJhbGciOiJIUzI1NiIsInR5cCI6IkpXVCJ9.eyJ1c2VyR3VpZCI6IjZhN2IwMjE0LWI1ZjAtNGU5Yi1iNmM0LWNkNjEyMzg5OGVkMyIsIm1vYmlsZSI6IjkwMDM3MzAzOTQiLCJmaXJzdF9uYW1lIjoiUmFuaml0aCIsImxhc3RfbmFtZSI6Ikt1bWFyIiwiZW1haWwiOiIiLCJyb2xlIjoidXNlcl9vbmx5IiwiaWF0IjoxNzY3MzUyNTI0LCJleHAiOjE3ODMxMzg3NjR9.Sl673chyzo4hxI6_2Ov9JUorCSiPIqSvXr0f-2N5-pA
				Accept=*/*
				Content-Type=application/json
Cookies:		<none>
Multiparts:		<none>
Body:
{
    "user_id": "6a7b0214-b5f0-4e9b-b6c4-cd6123898ed3",
    "lab_location_id": "64870066842708a0d5ae6c77",
    "product_details": [
        
    ],
    "order_type": "home"
}

--- 📈 PERFORMANCE STATS ---
   Method  : POST
   Endpoint: /carts/v2/addCart
   Time    : ⚡ 149 ms
----------------------------

   ✅ Cart clear API call successful.
   📦 Response Body: {"status":200,"success":true,"msg":"Cart updated successfully","total_amount":0,"data":{"id":155,"guid":"d1455e07-a759-4598-8df6-1120e77dbae9","user_id":"6a7b0214-b5f0-4e9b-b6c4-cd6123898ed3","_user_id":null,"product_details":[{"product_id":"675921b2ba6f16b8c0d7bed1","quantity":1,"brand_id":"efb159ac-db7c-4b06-a79b-021a8b6d67e8","family_member_id":["6a7b0214-b5f0-4e9b-b6c4-cd6123898ed3"],"location_id":"676a5fa720093d2807af03a5"}],"screen_reason":"lab_location_screen","conversion_status":"no","reason_for_drop_order":null,"final_cart_status":"open","reason":null,"created_at":"2025-09-04T14:10:07.596Z","updated_at":"2026-01-02T11:15:31.060Z","deleted_at":null,"order_type":"home","coupon_guid":null,"slot_guid":null,"rewards_used":0,"lab_location_id":"64870066842708a0d5ae6c77","referal_doctor":null,"membership_id":null,"address_id":null,"total_orders":136}}

🔍 CUSTOM PAYLOAD BUILDER for 6a7b0214-b5f0-4e9b-b6c4-cd6123898ed3
      ✅ Added test to payload: Diabetes Monitor (Type: home)
      ✅ Added test to payload: Glucose (Urine) (Type: home)
Request method:	POST
Request URI:	https://dev-api-yodadiagnostics.yodaprojects.com/carts/v2/addCart
Proxy:			<none>
Request params:	<none>
Query params:	<none>
Form params:	<none>
Path params:	<none>
Headers:		Authorization=eyJhbGciOiJIUzI1NiIsInR5cCI6IkpXVCJ9.eyJ1c2VyR3VpZCI6IjZhN2IwMjE0LWI1ZjAtNGU5Yi1iNmM0LWNkNjEyMzg5OGVkMyIsIm1vYmlsZSI6IjkwMDM3MzAzOTQiLCJmaXJzdF9uYW1lIjoiUmFuaml0aCIsImxhc3RfbmFtZSI6Ikt1bWFyIiwiZW1haWwiOiIiLCJyb2xlIjoidXNlcl9vbmx5IiwiaWF0IjoxNzY3MzUyNTI0LCJleHAiOjE3ODMxMzg3NjR9.Sl673chyzo4hxI6_2Ov9JUorCSiPIqSvXr0f-2N5-pA
				Accept=*/*
				Content-Type=application/json
Cookies:		<none>
Multiparts:		<none>
Body:
{
    "user_id": "6a7b0214-b5f0-4e9b-b6c4-cd6123898ed3",
    "lab_location_id": "64870066842708a0d5ae6c77",
    "product_details": [
        {
            "quantity": 1,
            "product_id": "675921b2ba6f16b8c0d7bee4",
            "type": "home",
            "location_id": "64870066842708a0d5ae6c77",
            "brand_id": "efb159ac-db7c-4b06-a79b-021a8b6d67e8",
            "family_member_id": [
                "6a7b0214-b5f0-4e9b-b6c4-cd6123898ed3"
            ]
        },
        {
            "quantity": 1,
            "product_id": "675921110856fe1e1e992d5a",
            "type": "home",
            "location_id": "64870066842708a0d5ae6c77",
            "brand_id": "efb159ac-db7c-4b06-a79b-021a8b6d67e8",
            "family_member_id": [
                "6a7b0214-b5f0-4e9b-b6c4-cd6123898ed3"
            ]
        }
    ],
    "order_type": "home"
}

--- 📈 PERFORMANCE STATS ---
   Method  : POST
   Endpoint: /carts/v2/addCart
   Time    : ⚡ 159 ms
----------------------------

   ✅ Cart Data Stored for MEMBER (GUID: d1455e07-a759-4598-8df6-1120e77dbae9)
]]></system-out>
  </testcase>
  <testcase name="testAddToCart_ForNonMember" classname="com.mryoda.diagnostics.api.tests.AddToCartAPITest" time="0.388">
    <system-out><![CDATA[
--- AddToCart For Non-Member ---

🧹 CLEARING PREVIOUS CART for User ID: db682abb-31d1-44df-bf19-557b003a5c69
Request method:	POST
Request URI:	https://dev-api-yodadiagnostics.yodaprojects.com/carts/v2/addCart
Proxy:			<none>
Request params:	<none>
Query params:	<none>
Form params:	<none>
Path params:	<none>
Headers:		Authorization=eyJhbGciOiJIUzI1NiIsInR5cCI6IkpXVCJ9.eyJ1c2VyR3VpZCI6ImRiNjgyYWJiLTMxZDEtNDRkZi1iZjE5LTU1N2IwMDNhNWM2OSIsIm1vYmlsZSI6Ijk2NjY2NjY2NjUiLCJmaXJzdF9uYW1lIjoiUmFuaml0aCIsImxhc3RfbmFtZSI6Imt1bWFyIiwiZW1haWwiOiIiLCJyb2xlIjoidXNlcl9vbmx5IiwiaWF0IjoxNzY3MzUyNTI0LCJleHAiOjE3ODMxMzg3NjR9.l5Di3mLqwsO4XZdh-JaXio91H1fh7vWstQ8vBuwKVz0
				Accept=*/*
				Content-Type=application/json
Cookies:		<none>
Multiparts:		<none>
Body:
{
    "user_id": "db682abb-31d1-44df-bf19-557b003a5c69",
    "lab_location_id": "64870066842708a0d5ae6c77",
    "product_details": [
        
    ],
    "order_type": "home"
}

--- 📈 PERFORMANCE STATS ---
   Method  : POST
   Endpoint: /carts/v2/addCart
   Time    : ⚡ 151 ms
----------------------------

   ✅ Cart clear API call successful.
   📦 Response Body: {"status":200,"success":true,"msg":"Cart updated successfully","total_amount":0,"data":{"id":490,"guid":"bb89d801-01f3-4a57-9df0-a1be84bb12cd","user_id":"db682abb-31d1-44df-bf19-557b003a5c69","_user_id":null,"product_details":[{"product_id":"675921b2ba6f16b8c0d7bed1","quantity":1,"brand_id":"efb159ac-db7c-4b06-a79b-021a8b6d67e8","family_member_id":["db682abb-31d1-44df-bf19-557b003a5c69"],"location_id":"676a5fa720093d2807af03a5"}],"screen_reason":"home_or_lab_screen","conversion_status":"no","reason_for_drop_order":null,"final_cart_status":"open","reason":null,"created_at":"2025-12-01T14:08:26.496Z","updated_at":"2026-01-02T11:15:31.422Z","deleted_at":null,"order_type":"home","coupon_guid":null,"slot_guid":null,"rewards_used":0,"lab_location_id":"64870066842708a0d5ae6c77","referal_doctor":null,"membership_id":null,"address_id":null,"total_orders":136}}

🔍 CUSTOM PAYLOAD BUILDER for db682abb-31d1-44df-bf19-557b003a5c69
      ✅ Added test to payload: Diabetes Monitor (Type: home)
      ✅ Added test to payload: Glucose (Urine) (Type: home)
Request method:	POST
Request URI:	https://dev-api-yodadiagnostics.yodaprojects.com/carts/v2/addCart
Proxy:			<none>
Request params:	<none>
Query params:	<none>
Form params:	<none>
Path params:	<none>
Headers:		Authorization=eyJhbGciOiJIUzI1NiIsInR5cCI6IkpXVCJ9.eyJ1c2VyR3VpZCI6ImRiNjgyYWJiLTMxZDEtNDRkZi1iZjE5LTU1N2IwMDNhNWM2OSIsIm1vYmlsZSI6Ijk2NjY2NjY2NjUiLCJmaXJzdF9uYW1lIjoiUmFuaml0aCIsImxhc3RfbmFtZSI6Imt1bWFyIiwiZW1haWwiOiIiLCJyb2xlIjoidXNlcl9vbmx5IiwiaWF0IjoxNzY3MzUyNTI0LCJleHAiOjE3ODMxMzg3NjR9.l5Di3mLqwsO4XZdh-JaXio91H1fh7vWstQ8vBuwKVz0
				Accept=*/*
				Content-Type=application/json
Cookies:		<none>
Multiparts:		<none>
Body:
{
    "user_id": "db682abb-31d1-44df-bf19-557b003a5c69",
    "lab_location_id": "64870066842708a0d5ae6c77",
    "product_details": [
        {
            "quantity": 1,
            "product_id": "675921b2ba6f16b8c0d7bee4",
            "type": "home",
            "location_id": "64870066842708a0d5ae6c77",
            "brand_id": "efb159ac-db7c-4b06-a79b-021a8b6d67e8",
            "family_member_id": [
                "db682abb-31d1-44df-bf19-557b003a5c69"
            ]
        },
        {
            "quantity": 1,
            "product_id": "675921110856fe1e1e992d5a",
            "type": "home",
            "location_id": "64870066842708a0d5ae6c77",
            "brand_id": "efb159ac-db7c-4b06-a79b-021a8b6d67e8",
            "family_member_id": [
                "db682abb-31d1-44df-bf19-557b003a5c69"
            ]
        }
    ],
    "order_type": "home"
}

--- 📈 PERFORMANCE STATS ---
   Method  : POST
   Endpoint: /carts/v2/addCart
   Time    : ⚡ 172 ms
----------------------------

   ✅ Cart Data Stored for NON_MEMBER (GUID: bb89d801-01f3-4a57-9df0-a1be84bb12cd)
]]></system-out>
  </testcase>
  <testcase name="testAddToCart_ForNewUser" classname="com.mryoda.diagnostics.api.tests.AddToCartAPITest" time="0.348">
    <system-out><![CDATA[
--- AddToCart For New User ---

🧹 CLEARING PREVIOUS CART for User ID: 1b4f8474-6bc9-4fcc-8377-bd14b985ded7
Request method:	POST
Request URI:	https://dev-api-yodadiagnostics.yodaprojects.com/carts/v2/addCart
Proxy:			<none>
Request params:	<none>
Query params:	<none>
Form params:	<none>
Path params:	<none>
Headers:		Authorization=eyJhbGciOiJIUzI1NiIsInR5cCI6IkpXVCJ9.eyJ1c2VyR3VpZCI6IjFiNGY4NDc0LTZiYzktNGZjYy04Mzc3LWJkMTRiOTg1ZGVkNyIsIm1vYmlsZSI6IjkzMDQ5MjY1NTkiLCJmaXJzdF9uYW1lIjoiQ2hyaXMiLCJsYXN0X25hbWUiOiJEb2UiLCJlbWFpbCI6ImF1dG9fNjQ0OTcyZmFAdGVzdC5jb20iLCJyb2xlIjoidXNlcl9vbmx5IiwiaWF0IjoxNzY3MzUyNTI1LCJleHAiOjE3ODMxMzg3NjV9.voh5JgXKQUQGheYxRsxTTRrvMoKIDBl92Ac0aKi0DnU
				Accept=*/*
				Content-Type=application/json
Cookies:		<none>
Multiparts:		<none>
Body:
{
    "user_id": "1b4f8474-6bc9-4fcc-8377-bd14b985ded7",
    "lab_location_id": "64870066842708a0d5ae6c77",
    "product_details": [
        
    ],
    "order_type": "home"
}

--- 📈 PERFORMANCE STATS ---
   Method  : POST
   Endpoint: /carts/v2/addCart
   Time    : ⚡ 141 ms
----------------------------

   ✅ Cart clear API call successful.
   📦 Response Body: {"status":201,"success":true,"msg":"Cart saved successfully","total_amount":0,"data":{"id":1045,"guid":"51dec15f-a912-4b40-ab8d-77b882632fb2","user_id":"1b4f8474-6bc9-4fcc-8377-bd14b985ded7","_user_id":null,"product_details":[],"screen_reason":"home_or_lab_screen","conversion_status":"no","reason_for_drop_order":null,"final_cart_status":"open","reason":null,"created_at":"2026-01-02T11:15:31.829Z","updated_at":"2026-01-02T11:15:31.829Z","deleted_at":null,"order_type":"home","coupon_guid":null,"slot_guid":null,"rewards_used":0,"lab_location_id":"64870066842708a0d5ae6c77","referal_doctor":null,"membership_id":null,"address_id":null,"total_orders":0}}

🔍 CUSTOM PAYLOAD BUILDER for 1b4f8474-6bc9-4fcc-8377-bd14b985ded7
      ✅ Added test to payload: Diabetes Monitor (Type: home)
      ✅ Added test to payload: Glucose (Urine) (Type: home)
Request method:	POST
Request URI:	https://dev-api-yodadiagnostics.yodaprojects.com/carts/v2/addCart
Proxy:			<none>
Request params:	<none>
Query params:	<none>
Form params:	<none>
Path params:	<none>
Headers:		Authorization=eyJhbGciOiJIUzI1NiIsInR5cCI6IkpXVCJ9.eyJ1c2VyR3VpZCI6IjFiNGY4NDc0LTZiYzktNGZjYy04Mzc3LWJkMTRiOTg1ZGVkNyIsIm1vYmlsZSI6IjkzMDQ5MjY1NTkiLCJmaXJzdF9uYW1lIjoiQ2hyaXMiLCJsYXN0X25hbWUiOiJEb2UiLCJlbWFpbCI6ImF1dG9fNjQ0OTcyZmFAdGVzdC5jb20iLCJyb2xlIjoidXNlcl9vbmx5IiwiaWF0IjoxNzY3MzUyNTI1LCJleHAiOjE3ODMxMzg3NjV9.voh5JgXKQUQGheYxRsxTTRrvMoKIDBl92Ac0aKi0DnU
				Accept=*/*
				Content-Type=application/json
Cookies:		<none>
Multiparts:		<none>
Body:
{
    "user_id": "1b4f8474-6bc9-4fcc-8377-bd14b985ded7",
    "lab_location_id": "64870066842708a0d5ae6c77",
    "product_details": [
        {
            "quantity": 1,
            "product_id": "675921b2ba6f16b8c0d7bee4",
            "type": "home",
            "location_id": "64870066842708a0d5ae6c77",
            "brand_id": "efb159ac-db7c-4b06-a79b-021a8b6d67e8",
            "family_member_id": [
                "1b4f8474-6bc9-4fcc-8377-bd14b985ded7"
            ]
        },
        {
            "quantity": 1,
            "product_id": "675921110856fe1e1e992d5a",
            "type": "home",
            "location_id": "64870066842708a0d5ae6c77",
            "brand_id": "efb159ac-db7c-4b06-a79b-021a8b6d67e8",
            "family_member_id": [
                "1b4f8474-6bc9-4fcc-8377-bd14b985ded7"
            ]
        }
    ],
    "order_type": "home"
}

--- 📈 PERFORMANCE STATS ---
   Method  : POST
   Endpoint: /carts/v2/addCart
   Time    : ⚡ 158 ms
----------------------------

   ✅ Cart Data Stored for NEW_USER (GUID: 51dec15f-a912-4b40-ab8d-77b882632fb2)
]]></system-out>
  </testcase>
  <testcase name="testCOD_Flow_ForNewUser" classname="com.mryoda.diagnostics.api.tests.CreateOrderCODAPITest" time="6.924">
    <system-out><![CDATA[
>>> STARTING COD FLOW FOR NEW USER <<<

==========================================================
      CHECK MEMBERSHIP STATUS (getUser API)
==========================================================
Target URL: https://dev-api-yodadiagnostics.yodaprojects.com/users/getUser/1b4f8474-6bc9-4fcc-8377-bd14b985ded7
Request method:	GET
Request URI:	https://dev-api-yodadiagnostics.yodaprojects.com/users/getUser/1b4f8474-6bc9-4fcc-8377-bd14b985ded7
Proxy:			<none>
Request params:	<none>
Query params:	<none>
Form params:	<none>
Path params:	<none>
Headers:		Authorization=eyJhbGciOiJIUzI1NiIsInR5cCI6IkpXVCJ9.eyJ1c2VyR3VpZCI6IjFiNGY4NDc0LTZiYzktNGZjYy04Mzc3LWJkMTRiOTg1ZGVkNyIsIm1vYmlsZSI6IjkzMDQ5MjY1NTkiLCJmaXJzdF9uYW1lIjoiQ2hyaXMiLCJsYXN0X25hbWUiOiJEb2UiLCJlbWFpbCI6ImF1dG9fNjQ0OTcyZmFAdGVzdC5jb20iLCJyb2xlIjoidXNlcl9vbmx5IiwiaWF0IjoxNzY3MzUyNTI1LCJleHAiOjE3ODMxMzg3NjV9.voh5JgXKQUQGheYxRsxTTRrvMoKIDBl92Ac0aKi0DnU
				Accept=*/*
Cookies:		<none>
Multiparts:		<none>
Body:			<none>

--- 📈 PERFORMANCE STATS ---
   Method  : GET
   Endpoint: https://dev-api-yodadiagnostics.yodaprojects.com/users/getUser/1b4f8474-6bc9-4fcc-8377-bd14b985ded7
   Time    : ⚡ 165 ms
----------------------------

Response Status: 200
   Membership Expiry Date: null
   ✅ User is a NON-MEMBER
   Membership Verification: Confirmed Non-Member

==========================================================
      GET CART API (Check Total for COD)
==========================================================
Request method:	GET
Request URI:	https://dev-api-yodadiagnostics.yodaprojects.com/carts/v2/getCartById/1b4f8474-6bc9-4fcc-8377-bd14b985ded7?location=64870066842708a0d5ae6c77&order_type=home
Proxy:			<none>
Request params:	<none>
Query params:	location=64870066842708a0d5ae6c77
				order_type=home
Form params:	<none>
Path params:	<none>
Headers:		Authorization=eyJhbGciOiJIUzI1NiIsInR5cCI6IkpXVCJ9.eyJ1c2VyR3VpZCI6IjFiNGY4NDc0LTZiYzktNGZjYy04Mzc3LWJkMTRiOTg1ZGVkNyIsIm1vYmlsZSI6IjkzMDQ5MjY1NTkiLCJmaXJzdF9uYW1lIjoiQ2hyaXMiLCJsYXN0X25hbWUiOiJEb2UiLCJlbWFpbCI6ImF1dG9fNjQ0OTcyZmFAdGVzdC5jb20iLCJyb2xlIjoidXNlcl9vbmx5IiwiaWF0IjoxNzY3MzUyNTI1LCJleHAiOjE3ODMxMzg3NjV9.voh5JgXKQUQGheYxRsxTTRrvMoKIDBl92Ac0aKi0DnU
				Accept=*/*
Cookies:		<none>
Multiparts:		<none>
Body:			<none>

--- 📈 PERFORMANCE STATS ---
   Method  : GET
   Endpoint: /carts/v2/getCartById/1b4f8474-6bc9-4fcc-8377-bd14b985ded7
   Time    : ⚡ 327 ms
----------------------------

Response Status: 200
Cart Total Price: 1053
Cart ID: 51dec15f-a912-4b40-ab8d-77b882632fb2
Slot GUID: null
Lab Location ID: 64870066842708a0d5ae6c77
Order Type: home
Expected Product Names: []

==========================================================
      ADD ADDRESS API (Required for Home Order)
==========================================================
Request method:	POST
Request URI:	https://dev-api-yodadiagnostics.yodaprojects.com/address/addAddress
Proxy:			<none>
Request params:	<none>
Query params:	<none>
Form params:	<none>
Path params:	<none>
Headers:		Authorization=eyJhbGciOiJIUzI1NiIsInR5cCI6IkpXVCJ9.eyJ1c2VyR3VpZCI6IjFiNGY4NDc0LTZiYzktNGZjYy04Mzc3LWJkMTRiOTg1ZGVkNyIsIm1vYmlsZSI6IjkzMDQ5MjY1NTkiLCJmaXJzdF9uYW1lIjoiQ2hyaXMiLCJsYXN0X25hbWUiOiJEb2UiLCJlbWFpbCI6ImF1dG9fNjQ0OTcyZmFAdGVzdC5jb20iLCJyb2xlIjoidXNlcl9vbmx5IiwiaWF0IjoxNzY3MzUyNTI1LCJleHAiOjE3ODMxMzg3NjV9.voh5JgXKQUQGheYxRsxTTRrvMoKIDBl92Ac0aKi0DnU
				Accept=*/*
				Content-Type=application/json
Cookies:		<none>
Multiparts:		<none>
Body:
{
    "country": "India",
    "city": "Hyderabad",
    "recipient_mobile_number": "9999999999",
    "latitude": "17.4358447",
    "type": "home",
    "country_code": "+91",
    "user_id": "1b4f8474-6bc9-4fcc-8377-bd14b985ded7",
    "address_line1": "Hyderabad",
    "name": "Ameerpet (HQ)",
    "receiver_name": "Test User",
    "state": "Telangana",
    "postal_code": "500016",
    "longitude": "78.452737"
}

--- 📈 PERFORMANCE STATS ---
   Method  : POST
   Endpoint: /address/addAddress
   Time    : ⚡ 181 ms
----------------------------

Response Status: 201
Response Body: {"status":201,"success":true,"msg":"Address saved successfully","total_amount":0,"data":{"id":841,"guid":"3fe39059-99af-4fa5-9350-dcbe4702564e","user_id":"1b4f8474-6bc9-4fcc-8377-bd14b985ded7","_user_id":1056,"receiver_name":"Test User","recipient_mobile_number":"9999999999","address_line1":"Hyderabad","address_line2":null,"land_mark":null,"city":"Hyderabad","state":"Telangana","country":"India","postal_code":"500016","name":"Ameerpet (HQ)","type":"home","latitude":"17.4358447","longitude":"78.452737","is_default":true,"serving_location":true,"country_code":"+91","floor_number":null,"created_at":"2026-01-02T11:15:32.836Z","updated_at":"2026-01-02T11:15:32.836Z","deleted_at":null}}
Created Address ID: 841
? SEARCHING FOR AVAILABLE SLOTS...
Request method:	POST
Request URI:	https://dev-api-yodadiagnostics.yodaprojects.com/slot/getSlotCountByTime
Proxy:			<none>
Request params:	<none>
Query params:	<none>
Form params:	<none>
Path params:	<none>
Headers:		Authorization=eyJhbGciOiJIUzI1NiIsInR5cCI6IkpXVCJ9.eyJ1c2VyR3VpZCI6IjFiNGY4NDc0LTZiYzktNGZjYy04Mzc3LWJkMTRiOTg1ZGVkNyIsIm1vYmlsZSI6IjkzMDQ5MjY1NTkiLCJmaXJzdF9uYW1lIjoiQ2hyaXMiLCJsYXN0X25hbWUiOiJEb2UiLCJlbWFpbCI6ImF1dG9fNjQ0OTcyZmFAdGVzdC5jb20iLCJyb2xlIjoidXNlcl9vbmx5IiwiaWF0IjoxNzY3MzUyNTI1LCJleHAiOjE3ODMxMzg3NjV9.voh5JgXKQUQGheYxRsxTTRrvMoKIDBl92Ac0aKi0DnU
				Accept=*/*
				Content-Type=application/json
Cookies:		<none>
Multiparts:		<none>
Body:
{
    "slot_start_time": "2026-01-02",
    "limit": 100,
    "page": 1,
    "type": "home",
    "addressguid": "3fe39059-99af-4fa5-9350-dcbe4702564e"
}

--- 📈 PERFORMANCE STATS ---
   Method  : POST
   Endpoint: /slot/getSlotCountByTime
   Time    : ⚡ 173 ms
----------------------------

--- Slot Search ---
Date Searched: 2026-01-02
Status Code: 200
Response Body: {"status":200,"success":true,"msg":"Slots Fetched Successfully","total":23,"page":1,"limit":100,"total_pages":1,"total_amount":0,"data":[{"guid":"331f6b5b-9051-4421-83c9-6c8fa7968d3a","type":"home","starttime":"2026-01-02 00:00:00","endtime":"2026-01-02 01:00:00","count":0,"centerid":"676e886d854c2069a0d47703"},{"guid":"5b97627b-d5be-4fe4-b556-bbe6d83cea2e","type":"home","starttime":"2026-01-02 01:00:00","endtime":"2026-01-02 02:00:00","count":0,"centerid":"676e886d854c2069a0d47703"},{"guid":"23fdeee6-aea1-4ae8-ada8-bd03d5c2b251","type":"home","starttime":"2026-01-02 02:00:00","endtime":"2026-01-02 03:00:00","count":0,"centerid":"676e886d854c2069a0d47703"},{"guid":"7f160b7c-31f7-45e2-a4af-a537bf9668c7","type":"home","starttime":"2026-01-02 03:00:00","endtime":"2026-01-02 04:00:00","count":0,"centerid":"676e886d854c2069a0d47703"},{"guid":"2a7a56a8-6fb3-49f9-8ba3-5a92004adb68","type":"home","starttime":"2026-01-02 04:00:00","endtime":"2026-01-02 05:00:00","count":0,"centerid":"676e886d854c2069a0d47703"},{"guid":"306923e9-b156-41fa-a5a7-89d416df2176","type":"home","starttime":"2026-01-02 05:00:00","endtime":"2026-01-02 06:00:00","count":0,"centerid":"676e886d854c2069a0d47703"},{"guid":"3edb0f34-6e34-4b09-8eec-19eb09c751e7","type":"home","starttime":"2026-01-02 06:00:00","endtime":"2026-01-02 07:00:00","count":0,"centerid":"676e886d854c2069a0d47703"},{"guid":"93aad125-1751-49fd-b915-bcbe202b0cff","type":"home","starttime":"2026-01-02 07:00:00","endtime":"2026-01-02 08:00:00","count":0,"centerid":"676e886d854c2069a0d47703"},{"guid":"ce1f4460-0106-4a89-8c8d-1fe7e78c4372","type":"home","starttime":"2026-01-02 08:00:00","endtime":"2026-01-02 09:00:00","count":0,"centerid":"676e886d854c2069a0d47703"},{"guid":"74ae3007-dbf2-425d-a8cb-0df98129c63a","type":"home","starttime":"2026-01-02 09:00:00","endtime":"2026-01-02 10:00:00","count":0,"centerid":"676e886d854c2069a0d47703"},{"guid":"35c5387b-6b26-4950-a44a-34a9019cbeee","type":"home","starttime":"2026-01-02 10:00:00","endtime":"2026-01-02 11:00:00","count":0,"centerid":"676e886d854c2069a0d47703"},{"guid":"05e627cc-1aff-4aec-8d30-c87493e5a8d5","type":"home","starttime":"2026-01-02 11:00:00","endtime":"2026-01-02 12:00:00","count":0,"centerid":"676e886d854c2069a0d47703"},{"guid":"57eb6868-717a-4285-b15e-b963be7d3830","type":"home","starttime":"2026-01-02 12:00:00","endtime":"2026-01-02 13:00:00","count":0,"centerid":"676e886d854c2069a0d47703"},{"guid":"b4126724-68dd-44c6-95be-3484a097e9a0","type":"home","starttime":"2026-01-02 13:00:00","endtime":"2026-01-02 14:00:00","count":0,"centerid":"676e886d854c2069a0d47703"},{"guid":"14d28180-60a9-4630-a9ab-9ba17065eb1b","type":"home","starttime":"2026-01-02 14:00:00","endtime":"2026-01-02 15:00:00","count":0,"centerid":"676e886d854c2069a0d47703"},{"guid":"be1c35ac-ca0c-42e6-8ec0-f4b8551e2fc9","type":"home","starttime":"2026-01-02 15:00:00","endtime":"2026-01-02 16:00:00","count":0,"centerid":"676e886d854c2069a0d47703"},{"guid":"5232a834-1ec0-400a-b7d3-ab1145985235","type":"home","starttime":"2026-01-02 16:00:00","endtime":"2026-01-02 17:00:00","count":0,"centerid":"676e886d854c2069a0d47703"},{"guid":"47f85e8d-1a6a-4874-9f9c-a84c4ed2b1ae","type":"home","starttime":"2026-01-02 17:00:00","endtime":"2026-01-02 18:00:00","count":0,"centerid":"676e886d854c2069a0d47703"},{"guid":"d46f9690-71a8-405e-aa09-1a13b79d750d","type":"home","starttime":"2026-01-02 18:00:00","endtime":"2026-01-02 19:00:00","count":14,"centerid":"676e886d854c2069a0d47703"},{"guid":"0538a07a-0999-4235-be52-b11b51512777","type":"home","starttime":"2026-01-02 19:00:00","endtime":"2026-01-02 20:00:00","count":29,"centerid":"676e886d854c2069a0d47703"},{"guid":"94632efb-4844-44a7-9072-564d1ec0a055","type":"home","starttime":"2026-01-02 20:00:00","endtime":"2026-01-02 21:00:00","count":30,"centerid":"676e886d854c2069a0d47703"},{"guid":"a61c989c-29bd-409e-a643-b659daddf243","type":"home","starttime":"2026-01-02 21:00:00","endtime":"2026-01-02 22:00:00","count":30,"centerid":"676e886d854c2069a0d47703"},{"guid":"e1072ddb-0dee-4473-96d4-88cb00f9b983","type":"home","starttime":"2026-01-02 22:00:00","endtime":"2026-01-02 23:00:00","count":30,"centerid":"676e886d854c2069a0d47703"}]}
--- End Slot Search ---
   ✅ Found Slot: 2026-01-02 18:00:00 - 2026-01-02 19:00:00

? UPDATING CART WITH SLOT...
Request method:	POST
Request URI:	https://dev-api-yodadiagnostics.yodaprojects.com/carts/v2/addCart
Proxy:			<none>
Request params:	<none>
Query params:	<none>
Form params:	<none>
Path params:	<none>
Headers:		Authorization=eyJhbGciOiJIUzI1NiIsInR5cCI6IkpXVCJ9.eyJ1c2VyR3VpZCI6IjFiNGY4NDc0LTZiYzktNGZjYy04Mzc3LWJkMTRiOTg1ZGVkNyIsIm1vYmlsZSI6IjkzMDQ5MjY1NTkiLCJmaXJzdF9uYW1lIjoiQ2hyaXMiLCJsYXN0X25hbWUiOiJEb2UiLCJlbWFpbCI6ImF1dG9fNjQ0OTcyZmFAdGVzdC5jb20iLCJyb2xlIjoidXNlcl9vbmx5IiwiaWF0IjoxNzY3MzUyNTI1LCJleHAiOjE3ODMxMzg3NjV9.voh5JgXKQUQGheYxRsxTTRrvMoKIDBl92Ac0aKi0DnU
				Accept=*/*
				Content-Type=application/json
Cookies:		<none>
Multiparts:		<none>
Body:
{
    "user_id": "1b4f8474-6bc9-4fcc-8377-bd14b985ded7",
    "slot_guid": "d46f9690-71a8-405e-aa09-1a13b79d750d",
    "address_id": "3fe39059-99af-4fa5-9350-dcbe4702564e",
    "lab_location_id": "64870066842708a0d5ae6c77",
    "product_details": [
        {
            "quantity": 1,
            "product_id": "675921b2ba6f16b8c0d7bee4",
            "type": "home",
            "location_id": "64870066842708a0d5ae6c77",
            "brand_id": "efb159ac-db7c-4b06-a79b-021a8b6d67e8",
            "family_member_id": [
                "1b4f8474-6bc9-4fcc-8377-bd14b985ded7"
            ]
        },
        {
            "quantity": 1,
            "product_id": "675921110856fe1e1e992d5a",
            "type": "home",
            "location_id": "64870066842708a0d5ae6c77",
            "brand_id": "efb159ac-db7c-4b06-a79b-021a8b6d67e8",
            "family_member_id": [
                "1b4f8474-6bc9-4fcc-8377-bd14b985ded7"
            ]
        }
    ],
    "order_type": "home"
}

--- 📈 PERFORMANCE STATS ---
   Method  : POST
   Endpoint: /carts/v2/addCart
   Time    : ⚡ 144 ms
----------------------------

Update Cart Response Body: {"status":200,"success":true,"msg":"Cart updated successfully","total_amount":0,"data":{"id":1045,"guid":"51dec15f-a912-4b40-ab8d-77b882632fb2","user_id":"1b4f8474-6bc9-4fcc-8377-bd14b985ded7","_user_id":null,"product_details":[{"product_id":"675921110856fe1e1e992d5a","quantity":1,"brand_id":"efb159ac-db7c-4b06-a79b-021a8b6d67e8","family_member_id":["1b4f8474-6bc9-4fcc-8377-bd14b985ded7"],"location_id":"64870066842708a0d5ae6c77"},{"product_id":"675921b2ba6f16b8c0d7bee4","quantity":1,"brand_id":"efb159ac-db7c-4b06-a79b-021a8b6d67e8","family_member_id":["1b4f8474-6bc9-4fcc-8377-bd14b985ded7"],"location_id":"64870066842708a0d5ae6c77"}],"screen_reason":"home_or_lab_screen","conversion_status":"no","reason_for_drop_order":null,"final_cart_status":"open","reason":null,"created_at":"2026-01-02T11:15:31.829Z","updated_at":"2026-01-02T11:15:33.230Z","deleted_at":null,"order_type":"home","coupon_guid":null,"slot_guid":"d46f9690-71a8-405e-aa09-1a13b79d750d","rewards_used":0,"lab_location_id":"64870066842708a0d5ae6c77","referal_doctor":null,"membership_id":null,"address_id":"3fe39059-99af-4fa5-9350-dcbe4702564e","total_orders":0}}
✅ Cart updated successfully with Slot: d46f9690-71a8-405e-aa09-1a13b79d750d

==========================================================
      VERIFY PAYMENT API (COD PRE-CHECK)
==========================================================
Request Payload: {user_id=1b4f8474-6bc9-4fcc-8377-bd14b985ded7}
Target URL: https://dev-api-yodadiagnostics.yodaprojects.com/gateway/v2/VerifyPayment
Request method:	POST
Request URI:	https://dev-api-yodadiagnostics.yodaprojects.com/gateway/v2/VerifyPayment
Proxy:			<none>
Request params:	<none>
Query params:	<none>
Form params:	<none>
Path params:	<none>
Headers:		Authorization=eyJhbGciOiJIUzI1NiIsInR5cCI6IkpXVCJ9.eyJ1c2VyR3VpZCI6IjFiNGY4NDc0LTZiYzktNGZjYy04Mzc3LWJkMTRiOTg1ZGVkNyIsIm1vYmlsZSI6IjkzMDQ5MjY1NTkiLCJmaXJzdF9uYW1lIjoiQ2hyaXMiLCJsYXN0X25hbWUiOiJEb2UiLCJlbWFpbCI6ImF1dG9fNjQ0OTcyZmFAdGVzdC5jb20iLCJyb2xlIjoidXNlcl9vbmx5IiwiaWF0IjoxNzY3MzUyNTI1LCJleHAiOjE3ODMxMzg3NjV9.voh5JgXKQUQGheYxRsxTTRrvMoKIDBl92Ac0aKi0DnU
				Accept=*/*
				Content-Type=application/json
Cookies:		<none>
Multiparts:		<none>
Body:
{
    "user_id": "1b4f8474-6bc9-4fcc-8377-bd14b985ded7"
}

--- 📈 PERFORMANCE STATS ---
   Method  : POST
   Endpoint: /gateway/v2/VerifyPayment
   Time    : 🐌 3314 ms
----------------------------

Response Status: 200
Response Body: {"status":200,"success":true,"msg":"Orders saved successfully.","total_amount":0,"data":[{"orderDetails":[{"id":3759,"guid":"40f36fcf-02d4-46dc-8115-3a317e096735","order_number":"01KDZ6Q0QR3TN3Q1JDYC8WNTE2","brand_id":"efb159ac-db7c-4b06-a79b-021a8b6d67e8","user_id":"1b4f8474-6bc9-4fcc-8377-bd14b985ded7","family_member_id":null,"total_price":"803","final_price":"803","rewards_used":"0","delivery_charge":"250","paid_amount":"1053","order_status":"Pending","membership_discount":0,"membership_mobile_number":null,"sample_collection_by":null,"sample_collection_date":null,"payment_id":"24cdf830-e8f2-425c-b03d-ff90e898f3e8","address_id":"3fe39059-99af-4fa5-9350-dcbe4702564e","lab_location_id":"64870066842708a0d5ae6c77","order_sample_number":"MY26AAA0037","visit_number":"","cancelled_date":null,"cancelled_by":null,"completed_date":null,"completed_by":null,"received_at":null,"slot_start_time":"2026-01-02T18:00:00.000Z","slot_end_time":"2026-01-02T19:00:00.000Z","slot_guid":"d46f9690-71a8-405e-aa09-1a13b79d750d","reschedule_count":0,"order_created_by":null,"order_created_at":"2026-01-02T11:15:33.809Z","referal_doctor":null,"phlebo_id":null,"admin_approval_status":null,"admin_approval_by":null,"admin_approval_at":null,"rewards_gain":"0","cancel_order_remarks":null,"tube_barcode":null,"cancelled_by_user_at":null,"it_dose_order_status":null,"it_dose_order_updated_at":"2026-01-02T11:15:33.810Z","it_dose_order_item_status":null,"phlebo_otp":null,"phlebo_assigned_at":null,"inaugural_discount":0,"cart_id":"pb_41406b1f_mjws2ek6","created_at":"2026-01-02T11:15:33.810Z","updated_at":"2026-01-02T11:15:33.810Z","deleted_at":null,"coupon_code":null,"coupon_guid":null,"coupon_discount_amount":"0","doctors_discount":null,"orderFrom":null,"cancel_delivery_deducted":false,"refund_amount":"0","is_clinic":false}],"OrderItems":[{"id":5879,"guid":"7eb1c065-ebb5-44e5-80c6-dfedaba8a234","order_id":"40f36fcf-02d4-46dc-8115-3a317e096735","product_id":"675921110856fe1e1e992d5a","product_name":"Glucose (Urine)","product_type":"{\"\\\"675697b0262d1460f8d55dab\\\"\"}","product_code":"PATH006","quantity":"1","actual_price":"3","final_price":"3","original_price":"60","order_status":"Pending","family_member_id":null,"membership_discount":0,"order_item_number":"MY26AAA0037-1","cancelled_at":null,"admin_approval_status":null,"admin_approval_by":null,"admin_approval_at":null,"cancel_order_remarks":null,"created_at":"2026-01-02T11:15:33.810Z","deleted_at":null},{"id":5880,"guid":"ab0efe68-f35e-4ddb-97c8-772f0c8822a7","order_id":"40f36fcf-02d4-46dc-8115-3a317e096735","product_id":"675921b2ba6f16b8c0d7bee4","product_name":"Diabetes Monitor","product_type":"{\"\\\"675697b0262d1460f8d55df2\\\"\"}","product_code":"YDPK035","quantity":"1","actual_price":"800","final_price":"800","original_price":"800","order_status":"Pending","family_member_id":null,"membership_discount":0,"order_item_number":"MY26AAA0037-2","cancelled_at":null,"admin_approval_status":null,"admin_approval_by":null,"admin_approval_at":null,"cancel_order_remarks":null,"created_at":"2026-01-02T11:15:33.810Z","deleted_at":null}],"membershipDetails":{"isMembershipOrder":false}}]}
Extracted Payment ID: 24cdf830-e8f2-425c-b03d-ff90e898f3e8
Extracted Order ID: 40f36fcf-02d4-46dc-8115-3a317e096735

==========================================================
      GET PAYMENT BY ID API (DEV)
==========================================================
Request Payload: {id=24cdf830-e8f2-425c-b03d-ff90e898f3e8}
Target URL: https://dev-api-yodadiagnostics.yodaprojects.com/gateway/getPaymentById
Request method:	POST
Request URI:	https://dev-api-yodadiagnostics.yodaprojects.com/gateway/getPaymentById
Proxy:			<none>
Request params:	<none>
Query params:	<none>
Form params:	<none>
Path params:	<none>
Headers:		Authorization=eyJhbGciOiJIUzI1NiIsInR5cCI6IkpXVCJ9.eyJ1c2VyR3VpZCI6IjFiNGY4NDc0LTZiYzktNGZjYy04Mzc3LWJkMTRiOTg1ZGVkNyIsIm1vYmlsZSI6IjkzMDQ5MjY1NTkiLCJmaXJzdF9uYW1lIjoiQ2hyaXMiLCJsYXN0X25hbWUiOiJEb2UiLCJlbWFpbCI6ImF1dG9fNjQ0OTcyZmFAdGVzdC5jb20iLCJyb2xlIjoidXNlcl9vbmx5IiwiaWF0IjoxNzY3MzUyNTI1LCJleHAiOjE3ODMxMzg3NjV9.voh5JgXKQUQGheYxRsxTTRrvMoKIDBl92Ac0aKi0DnU
				Accept=*/*
				Content-Type=application/json
Cookies:		<none>
Multiparts:		<none>
Body:
{
    "id": "24cdf830-e8f2-425c-b03d-ff90e898f3e8"
}

--- 📈 PERFORMANCE STATS ---
   Method  : POST
   Endpoint: https://dev-api-yodadiagnostics.yodaprojects.com/gateway/getPaymentById
   Time    : ⚡ 135 ms
----------------------------

Response Status: 200
Response Body: {"status":200,"success":true,"msg":"Payment details fetched successfully","total_amount":0,"data":{"payments":{"guid":"24cdf830-e8f2-425c-b03d-ff90e898f3e8","amount":"1053","payment_status":"Pending","payment_type":"COD","payment_details":null,"cod_approved_by":null,"cod_approved_date":null,"payment_gateway_id":null,"reference_id":null,"cancel_order_id":null,"delivery_charge":250,"paid_amount":1053,"rewards_used":0,"total_mrp":860,"membership_discount":0,"total_discount":57,"net_payable":803,"inaugural_discount":0,"coupon_discount":0},"order_items":[{"id":5879,"guid":"7eb1c065-ebb5-44e5-80c6-dfedaba8a234","order_id":"40f36fcf-02d4-46dc-8115-3a317e096735","payment_guid":"24cdf830-e8f2-425c-b03d-ff90e898f3e8","product_id":"675921110856fe1e1e992d5a","product_name":"Glucose (Urine)","product_type":"{\"\\\"675697b0262d1460f8d55dab\\\"\"}","product_code":"PATH006","quantity":1,"actual_price":3,"original_price":60,"final_price":3,"family_member_id":"00000000-0000-0000-0000-000000000000","firstName":"Chris","lastName":"Doe","order_sample_number":"MY26AAA0037","visit_number":""},{"id":5880,"guid":"ab0efe68-f35e-4ddb-97c8-772f0c8822a7","order_id":"40f36fcf-02d4-46dc-8115-3a317e096735","payment_guid":"24cdf830-e8f2-425c-b03d-ff90e898f3e8","product_id":"675921b2ba6f16b8c0d7bee4","product_name":"Diabetes Monitor","product_type":"{\"\\\"675697b0262d1460f8d55df2\\\"\"}","product_code":"YDPK035","quantity":1,"actual_price":800,"original_price":800,"final_price":800,"family_member_id":"00000000-0000-0000-0000-000000000000","firstName":"Chris","lastName":"Doe","order_sample_number":"MY26AAA0037","visit_number":""}]}}

==========================================================
      GET ORDER BY ID API
==========================================================
Target URL: https://dev-api-yodadiagnostics.yodaprojects.com/order/getOrderById/40f36fcf-02d4-46dc-8115-3a317e096735
Request method:	GET
Request URI:	https://dev-api-yodadiagnostics.yodaprojects.com/order/getOrderById/40f36fcf-02d4-46dc-8115-3a317e096735
Proxy:			<none>
Request params:	<none>
Query params:	<none>
Form params:	<none>
Path params:	<none>
Headers:		Authorization=eyJhbGciOiJIUzI1NiIsInR5cCI6IkpXVCJ9.eyJ1c2VyR3VpZCI6IjFiNGY4NDc0LTZiYzktNGZjYy04Mzc3LWJkMTRiOTg1ZGVkNyIsIm1vYmlsZSI6IjkzMDQ5MjY1NTkiLCJmaXJzdF9uYW1lIjoiQ2hyaXMiLCJsYXN0X25hbWUiOiJEb2UiLCJlbWFpbCI6ImF1dG9fNjQ0OTcyZmFAdGVzdC5jb20iLCJyb2xlIjoidXNlcl9vbmx5IiwiaWF0IjoxNzY3MzUyNTI1LCJleHAiOjE3ODMxMzg3NjV9.voh5JgXKQUQGheYxRsxTTRrvMoKIDBl92Ac0aKi0DnU
				Accept=*/*
Cookies:		<none>
Multiparts:		<none>
Body:			<none>

--- 📈 PERFORMANCE STATS ---
   Method  : GET
   Endpoint: /order/getOrderById/40f36fcf-02d4-46dc-8115-3a317e096735
   Time    : ⚡ 478 ms
----------------------------

Response Status: 200
Response Body: {"status":200,"success":true,"msg":"Order details fetched successfully","total_amount":0,"data":[{"id":3759,"guid":"40f36fcf-02d4-46dc-8115-3a317e096735","order_number":"01KDZ6Q0QR3TN3Q1JDYC8WNTE2","brand_id":"efb159ac-db7c-4b06-a79b-021a8b6d67e8","user_id":"1b4f8474-6bc9-4fcc-8377-bd14b985ded7","family_member_id":null,"total_price":"860","final_price":"803","rewards_used":"0","delivery_charge":"250","paid_amount":"0","order_status":"Pending","membership_discount":0,"membership_mobile_number":null,"sample_collection_by":null,"sample_collection_date":null,"payment_id":"24cdf830-e8f2-425c-b03d-ff90e898f3e8","address_id":"3fe39059-99af-4fa5-9350-dcbe4702564e","lab_location_id":"64870066842708a0d5ae6c77","order_sample_number":"MY26AAA0037","visit_number":"","cancelled_date":null,"cancelled_by":null,"completed_date":null,"completed_by":null,"received_at":null,"slot_start_time":"2026-01-02T18:00:00.000Z","slot_end_time":"2026-01-02T19:00:00.000Z","slot_guid":"d46f9690-71a8-405e-aa09-1a13b79d750d","reschedule_count":0,"order_created_by":null,"order_created_at":"2026-01-02T11:15:33.809Z","referal_doctor":null,"phlebo_id":null,"admin_approval_status":null,"admin_approval_by":null,"admin_approval_at":null,"rewards_gain":"0","cancel_order_remarks":null,"tube_barcode":null,"cancelled_by_user_at":null,"it_dose_order_status":"Order booked","it_dose_order_updated_at":"2026-01-02T11:15:33.810Z","it_dose_order_item_status":null,"phlebo_otp":null,"phlebo_assigned_at":null,"inaugural_discount":0,"cart_id":"pb_41406b1f_mjws2ek6","created_at":"2026-01-02T11:15:33.810Z","updated_at":"2026-01-02T11:15:36.260Z","deleted_at":null,"coupon_code":null,"coupon_guid":null,"coupon_discount_amount":"0","doctors_discount":null,"orderFrom":null,"cancel_delivery_deducted":false,"refund_amount":"0","is_clinic":false,"discount":"57","actual_discount":0,"otp_verified":null,"samples_picked":[],"tracking_status":null,"slot_start_times":"02-01-2026 06:00 PM","slot_end_times":"02-01-2026 07:00 PM","doctor_referral_amount":"0","doctor_name":null,"hospital_name":null,"order_items":[{"id":5879,"guid":"7eb1c065-ebb5-44e5-80c6-dfedaba8a234","order_id":"40f36fcf-02d4-46dc-8115-3a317e096735","product_id":"675921110856fe1e1e992d5a","product_name":"Glucose (Urine)","product_type":"{\"\\\"675697b0262d1460f8d55dab\\\"\"}","product_code":"PATH006","quantity":1,"actual_price":3,"final_price":3,"original_price":60,"order_status":"Pending","family_member_id":null,"membership_discount":0,"order_item_number":"MY26AAA0037-1","cancelled_at":null,"admin_approval_status":null,"admin_approval_by":null,"admin_approval_at":null,"cancel_order_remarks":null,"created_at":"2026-01-02T11:15:33.810Z","deleted_at":null,"order_quantity":1,"price":3,"family_member_details":null,"status":"ACTIVE","it_dose_order_items_status":"Order booked"},{"id":5880,"guid":"ab0efe68-f35e-4ddb-97c8-772f0c8822a7","order_id":"40f36fcf-02d4-46dc-8115-3a317e096735","product_id":"675921b2ba6f16b8c0d7bee4","product_name":"Diabetes Monitor","product_type":"{\"\\\"675697b0262d1460f8d55df2\\\"\"}","product_code":"YDPK035","quantity":1,"actual_price":800,"final_price":800,"original_price":800,"order_status":"Pending","family_member_id":null,"membership_discount":0,"order_item_number":"MY26AAA0037-2","cancelled_at":null,"admin_approval_status":null,"admin_approval_by":null,"admin_approval_at":null,"cancel_order_remarks":null,"created_at":"2026-01-02T11:15:33.810Z","deleted_at":null,"order_quantity":1,"price":800,"family_member_details":null,"status":"ACTIVE","it_dose_order_items_status":"Order booked"}],"user_details":{"id":1056,"guid":"1b4f8474-6bc9-4fcc-8377-bd14b985ded7","first_name":"Chris","last_name":"Doe","middle_name":"V","gender":"male","dob":"1994-11-13","country_code":"+91","mobile":"9304926559","alt_mobile":"9454533984","email":"auto_644972fa@test.com","user_type":"Customer","profile_pic":"https://cdn.test.com/img/0b2d5d.png","patient_id":"MY-UHID-0000000001","title":null,"fcm_token":null,"created_at":"2026-01-02T11:15:23.245Z","updated_at":"2026-01-02T11:15:23.245Z","deleted_at":null,"deleted_reason":null},"addresses":{"latitude":"17.4358447","longitude":"78.452737","address_name":"Hyderabad, Ameerpet (HQ), Hyderabad, Telangana, India, 500016","receiver_details":"Test User, 500016"},"payment":{"payment_type":"COD","payment_mode":null,"payment_status":"Pending","payment_details":null},"home_sample":true,"sample_types":[],"due_amount":"1053.00","lab_location_full_address":"6-3-862/A, Lal Bungalow, Greenlands, Ameerpet, Hyderabad, India, Hyderabad, Telangana, 500016","lab_lattitude":"17.4358447","lab_longitude":"78.452737","lab_title":"Ameerpet (HQ)"}]}
✅ Order details fetched successfully for Order ID: 40f36fcf-02d4-46dc-8115-3a317e096735

🔍 ==========================================================
         CROSS-API VALIDATION REPORT
🔍 ==========================================================

📊 1. TOTAL AMOUNT CONSISTENCY CHECK:
   Expected Total (Cart): ₹1053
   Payment Total (GetPayment): ₹1053
   ✅ PASS: Cart total matches Payment total
   (User ID and Address ID validations are covered in Assign Order step)

🆔 2. PAYMENT ID CONSISTENCY CHECK:
   Expected Payment ID: 24cdf830-e8f2-425c-b03d-ff90e898f3e8
   Actual Payment GUID: 24cdf830-e8f2-425c-b03d-ff90e898f3e8
   ✅ PASS: Payment ID matches across APIs
   Expected Slot GUID: d46f9690-71a8-405e-aa09-1a13b79d750d

💳 3. PAYMENT TYPE VALIDATION:
   Payment Type: COD
   ✅ PASS: Payment type is COD as expected

📦 4. ORDER ITEMS VALIDATION:
   Total Order Items: 2
[...]
✅ Order details fetched successfully for Order ID: af271c5e-9f90-44ca-9502-edded9046d71

🔍 ==========================================================
         CROSS-API VALIDATION REPORT
🔍 ==========================================================

📊 1. TOTAL AMOUNT CONSISTENCY CHECK:
   Expected Total (Cart): ₹1053
   Payment Total (GetPayment): ₹1053
   ✅ PASS: Cart total matches Payment total
   (User ID and Address ID validations are covered in Assign Order step)

🆔 2. PAYMENT ID CONSISTENCY CHECK:
   Expected Payment ID: 979719fc-935f-428d-8905-c8e9ba946dad
   Actual Payment GUID: 979719fc-935f-428d-8905-c8e9ba946dad
   ✅ PASS: Payment ID matches across APIs
   Expected Slot GUID: d46f9690-71a8-405e-aa09-1a13b79d750d

💳 3. PAYMENT TYPE VALIDATION:
   Payment Type: COD
   ✅ PASS: Payment type is COD as expected

📦 4. ORDER ITEMS VALIDATION:
   Total Order Items: 2
   Item 1: Glucose (Urine) | Qty: 1 | Price: ₹3 | Total: ₹3
   Item 2: Diabetes Monitor | Qty: 1 | Price: ₹800 | Total: ₹800
   Calculated Items Total: ₹803
   Net Payable (API): ₹803
   ✅ PASS: Calculated total matches net payable

📋 5. PAYMENT STATUS VALIDATION:
   Payment Status: Pending
   ✅ PASS: Payment status is Pending (expected for COD)

💰 6. DISCOUNT & MEMBERSHIP VALIDATION:
   Membership Discount: ₹0
   Total Discount: ₹57
   ✅ INFO: No membership discount (expected for non-members)
🎉 ==========================================================
         CROSS-API VALIDATION COMPLETED SUCCESSFULLY
🎉 ==========================================================

==========================================================
      PHLEBOTOMIST LOGIN API
==========================================================
Request Payload: {password=12345678, mobile=9360651932}
Target URL: https://dev-api-yodadiagnostics.yodaprojects.com/phlebo/loginPhlebo
Request method:	POST
Request URI:	https://dev-api-yodadiagnostics.yodaprojects.com/phlebo/loginPhlebo
Proxy:			<none>
Request params:	<none>
Query params:	<none>
Form params:	<none>
Path params:	<none>
Headers:		Accept=*/*
				Content-Type=application/json
Cookies:		<none>
Multiparts:		<none>
Body:
{
    "password": "12345678",
    "mobile": 9360651932
}

--- 📈 PERFORMANCE STATS ---
   Method  : POST
   Endpoint: https://dev-api-yodadiagnostics.yodaprojects.com/phlebo/loginPhlebo
   Time    : ⚡ 268 ms
----------------------------

Response Status: 200
Response Body: {"status":200,"success":true,"msg":"User login success","total_amount":0,"data":{"id":18,"guid":"01b109b7-7706-43b0-acc8-3278f721f34d","name":"Ranjith kumar","mobile_number":"9360651932","password":"$2b$10$CNghj57YMelubC6FOCsTQOv3qCyuGUFF4//shjv9Of5V75ec1sOxC","employee_id":null,"zone_id":"676e886d854c2069a0d47703","profile_pic":null,"email":"ranjith10021996@gmail.com","firebase_token":"dU9MpYFOSom9dcyvXG45d_:APA91bHQnzdTziy825lrjEQZ6BwBNQDBSTgnh8QJpelPj-ZNOzoXdsjLAPI6z-CsKXJ11IqqbZukQL_UFTAllMSQu-X_M8PZ0I3Qpu_THPOS2dWevqMXjxw","is_active":true,"type":["phlebo"],"created_at":"2025-12-26T09:55:37.008Z","updated_at":"2026-01-02T11:15:44.384Z","deleted_at":null,"access_token":"eyJhbGciOiJIUzI1NiIsInR5cCI6IkpXVCJ9.eyJ1c2VyR3VpZCI6IjAxYjEwOWI3LTc3MDYtNDNiMC1hY2M4LTMyNzhmNzIxZjM0ZCIsImVtYWlsIjoicmFuaml0aDEwMDIxOTk2QGdtYWlsLmNvbSIsInJvbGUiOiJ1c2VyX29ubHkiLCJpYXQiOjE3NjczNTI1NTEsImV4cCI6MTc4MzEzODc5MX0.zgjwzBQQoNStHpgSpGCVZZodj1mwbHrmWDeiU3Ni_mY","refresh_token":"eyJhbGciOiJIUzI1NiIsInR5cCI6IkpXVCJ9.eyJ1c2VyR3VpZCI6IjAxYjEwOWI3LTc3MDYtNDNiMC1hY2M4LTMyNzhmNzIxZjM0ZCIsImVtYWlsIjoicmFuaml0aDEwMDIxOTk2QGdtYWlsLmNvbSIsInJvbGUiOiJ1c2VyX29ubHkiLCJpYXQiOjE3NjczNTI1NTEsImV4cCI6MTc5ODkxMDE1MX0.sZuDQqF1zsvmt0X9KqIxYLyKnCUU7c-pa4lrdHmp4mg"}}
✅ Phlebotomist Login Successful
   Phlebo Name: Ranjith kumar
   Phlebo ID: 01b109b7-7706-43b0-acc8-3278f721f34d
   Phlebo GUID: 01b109b7-7706-43b0-acc8-3278f721f34d
   Phlebo Token: null

==========================================================
      ASSIGN ORDER API
==========================================================
Request Payload: {phlebo_id=01b109b7-7706-43b0-acc8-3278f721f34d, order_id=[af271c5e-9f90-44ca-9502-edded9046d71]}
Target URL: https://dev-api-yodadiagnostics.yodaprojects.com/order_tracking/assignOrder
⚠️ Warning: No Phlebotomist Token found for Assign Order
Request method:	POST
Request URI:	https://dev-api-yodadiagnostics.yodaprojects.com/order_tracking/assignOrder
Proxy:			<none>
Request params:	<none>
Query params:	<none>
Form params:	<none>
Path params:	<none>
Headers:		Accept=*/*
				Content-Type=application/json
Cookies:		<none>
Multiparts:		<none>
Body:
{
    "phlebo_id": "01b109b7-7706-43b0-acc8-3278f721f34d",
    "order_id": [
        "af271c5e-9f90-44ca-9502-edded9046d71"
    ]
}

--- 📈 PERFORMANCE STATS ---
   Method  : POST
   Endpoint: https://dev-api-yodadiagnostics.yodaprojects.com/order_tracking/assignOrder
   Time    : ⚡ 419 ms
----------------------------

Response Status: 200
Response Body: {"status":200,"success":true,"msg":"Order has been successfully assigned to the phlebotomist.","total_amount":0,"data":{"updatedOrder":{"id":3761,"guid":"af271c5e-9f90-44ca-9502-edded9046d71","order_number":"01KDZ6QDZX7BR7JVTFXWPSANAC","brand_id":"efb159ac-db7c-4b06-a79b-021a8b6d67e8","user_id":"db682abb-31d1-44df-bf19-557b003a5c69","family_member_id":null,"total_price":"803","final_price":"803","rewards_used":"0","delivery_charge":"250","paid_amount":"1053","order_status":"Pending","membership_discount":0,"membership_mobile_number":null,"sample_collection_by":null,"sample_collection_date":null,"payment_id":"979719fc-935f-428d-8905-c8e9ba946dad","address_id":"99cfd160-72e2-4fcf-b2f4-56e5bbb49fea","lab_location_id":"64870066842708a0d5ae6c77","order_sample_number":"MY26AAA0039","visit_number":"","cancelled_date":null,"cancelled_by":null,"completed_date":null,"completed_by":null,"received_at":null,"slot_start_time":"2026-01-02T18:00:00.000Z","slot_end_time":"2026-01-02T19:00:00.000Z","slot_guid":"d46f9690-71a8-405e-aa09-1a13b79d750d","reschedule_count":0,"order_created_by":null,"order_created_at":"2026-01-02T11:15:47.360Z","referal_doctor":null,"phlebo_id":"01b109b7-7706-43b0-acc8-3278f721f34d","admin_approval_status":null,"admin_approval_by":null,"admin_approval_at":null,"rewards_gain":"0","cancel_order_remarks":null,"tube_barcode":null,"cancelled_by_user_at":null,"it_dose_order_status":null,"it_dose_order_updated_at":"2026-01-02T11:15:47.361Z","it_dose_order_item_status":null,"phlebo_otp":"256549","phlebo_assigned_at":"2026-01-02T11:15:51.285Z","inaugural_discount":0,"cart_id":"pb_e18746e9_mjws2p2h","created_at":"2026-01-02T11:15:47.361Z","updated_at":"2026-01-02T11:15:51.285Z","deleted_at":null,"coupon_code":null,"coupon_guid":null,"coupon_discount_amount":"0","doctors_discount":null,"orderFrom":null,"cancel_delivery_deducted":false,"refund_amount":"0","is_clinic":false},"orderTracking":{"id":578,"guid":"6b59f981-9ad8-47c6-8002-a9e88236e4f0","order_id":"af271c5e-9f90-44ca-9502-edded9046d71","address_id":"99cfd160-72e2-4fcf-b2f4-56e5bbb49fea","phlebo_id":"01b109b7-7706-43b0-acc8-3278f721f34d","assigned_date":"2026-01-02T11:15:51.291Z","pickup_location":"https://maps.google.com/?q=17.4406327,78.3900194","samples_picked":[],"samples_submitted":[],"status":[{"time":"2026-01-02T11:15:51.291Z","status":"open"}],"verifyOtpRemarks":null,"received_by":null,"otp_verified":false,"created_at":"2026-01-02T11:15:51.291Z","updated_at":"2026-01-02T11:15:51.291Z","deleted_at":null}}}
✅ Order Assignment Successful
   Order ID: af271c5e-9f90-44ca-9502-edded9046d71
   Assigned to Phlebo GUID: 01b109b7-7706-43b0-acc8-3278f721f34d

🔍 Verifying Assigned Order Details...
   ✅ Slot Time Verified: 2026-01-02T18:00:00.000Z - 2026-01-02T19:00:00.000Z
✅ All Order Details Verified Successfully in AssignOrder Response
   Order Tracking ID: 6b59f981-9ad8-47c6-8002-a9e88236e4f0

==========================================================
      GET ORDER TRACKING STATUS API
==========================================================
Target URL: https://dev-api-yodadiagnostics.yodaprojects.com/order_tracking/getOrderTrackingStatus/6b59f981-9ad8-47c6-8002-a9e88236e4f0
Expected Status: Phlebotomist assigned
Request method:	GET
Request URI:	https://dev-api-yodadiagnostics.yodaprojects.com/order_tracking/getOrderTrackingStatus/6b59f981-9ad8-47c6-8002-a9e88236e4f0
Proxy:			<none>
Request params:	<none>
Query params:	<none>
Form params:	<none>
Path params:	<none>
Headers:		Accept=*/*
Cookies:		<none>
Multiparts:		<none>
Body:			<none>

--- 📈 PERFORMANCE STATS ---
   Method  : GET
   Endpoint: https://dev-api-yodadiagnostics.yodaprojects.com/order_tracking/getOrderTrackingStatus/6b59f981-9ad8-47c6-8002-a9e88236e4f0
   Time    : ⚡ 136 ms
----------------------------

Response Status: 200
Response Body: {"status":200,"success":true,"msg":"Order Tracking Status successfully","order_status":"open"}
   Current Status: open
   ⚠️ Warning: Expected 'Phlebotomist assigned' but got 'open'

==========================================================
      UPDATE ORDER TRACKING API
==========================================================
Request Payload: {start_location={lng=78.3900194, lat=17.4406327}, pickup_location={lng=78.3900194, name=Madhapur, lat=17.4406327}, order_tracking_id=6b59f981-9ad8-47c6-8002-a9e88236e4f0, order_id=af271c5e-9f90-44ca-9502-edded9046d71, status=inprogress, current_location={lng=78.3900194, lat=17.4406327}}
Target URL: https://dev-api-yodadiagnostics.yodaprojects.com/order_tracking/updateOrderTracking
Request method:	POST
Request URI:	https://dev-api-yodadiagnostics.yodaprojects.com/order_tracking/updateOrderTracking
Proxy:			<none>
Request params:	<none>
Query params:	<none>
Form params:	<none>
Path params:	<none>
Headers:		Accept=*/*
				Content-Type=application/json
Cookies:		<none>
Multiparts:		<none>
Body:
{
    "start_location": {
        "lng": "78.3900194",
        "lat": "17.4406327"
    },
    "pickup_location": {
        "lng": "78.3900194",
        "name": "Madhapur",
        "lat": "17.4406327"
    },
    "order_tracking_id": "6b59f981-9ad8-47c6-8002-a9e88236e4f0",
    "order_id": "af271c5e-9f90-44ca-9502-edded9046d71",
    "status": "inprogress",
    "current_location": {
        "lng": "78.3900194",
        "lat": "17.4406327"
    }
}

--- 📈 PERFORMANCE STATS ---
   Method  : POST
   Endpoint: https://dev-api-yodadiagnostics.yodaprojects.com/order_tracking/updateOrderTracking
   Time    : ⚡ 164 ms
----------------------------

Response Status: 200
Response Body: {"status":200,"success":true,"msg":"Order Status Updated Successfully","total_amount":0,"data":[{"id":578,"guid":"6b59f981-9ad8-47c6-8002-a9e88236e4f0","order_id":"af271c5e-9f90-44ca-9502-edded9046d71","address_id":"99cfd160-72e2-4fcf-b2f4-56e5bbb49fea","phlebo_id":"01b109b7-7706-43b0-acc8-3278f721f34d","assigned_date":"2026-01-02T11:15:51.291Z","pickup_location":"https://maps.google.com/?q=17.4406327,78.3900194","samples_picked":[],"samples_submitted":[],"status":[{"time":"2026-01-02T11:15:51.291Z","status":"open"},{"time":"2026-01-02T11:15:51.899Z","status":"inprogress"}],"verifyOtpRemarks":null,"received_by":null,"otp_verified":false,"created_at":"2026-01-02T11:15:51.291Z","updated_at":"2026-01-02T11:15:51.291Z","deleted_at":null}]}
✅ Order Tracking Updated Successfully

==========================================================
      GET ORDER TRACKING STATUS API
==========================================================
Target URL: https://dev-api-yodadiagnostics.yodaprojects.com/order_tracking/getOrderTrackingStatus/6b59f981-9ad8-47c6-8002-a9e88236e4f0
Expected Status: inprogress
Request method:	GET
Request URI:	https://dev-api-yodadiagnostics.yodaprojects.com/order_tracking/getOrderTrackingStatus/6b59f981-9ad8-47c6-8002-a9e88236e4f0
Proxy:			<none>
Request params:	<none>
Query params:	<none>
Form params:	<none>
Path params:	<none>
Headers:		Accept=*/*
Cookies:		<none>
Multiparts:		<none>
Body:			<none>

--- 📈 PERFORMANCE STATS ---
   Method  : GET
   Endpoint: https://dev-api-yodadiagnostics.yodaprojects.com/order_tracking/getOrderTrackingStatus/6b59f981-9ad8-47c6-8002-a9e88236e4f0
   Time    : ⚡ 125 ms
----------------------------

Response Status: 200
Response Body: {"status":200,"success":true,"msg":"Order Tracking Status successfully","order_status":"inprogress"}
   Current Status: inprogress
   ✅ Order Status Verified: inprogress

==========================================================
      VERIFY PHLEBOTOMIST ASSIGNMENT (Get Order By ID)
==========================================================

==========================================================
      GET ORDER BY ID API
==========================================================
Target URL: https://dev-api-yodadiagnostics.yodaprojects.com/order/getOrderById/af271c5e-9f90-44ca-9502-edded9046d71
Request method:	GET
Request URI:	https://dev-api-yodadiagnostics.yodaprojects.com/order/getOrderById/af271c5e-9f90-44ca-9502-edded9046d71
Proxy:			<none>
Request params:	<none>
Query params:	<none>
Form params:	<none>
Path params:	<none>
Headers:		Authorization=eyJhbGciOiJIUzI1NiIsInR5cCI6IkpXVCJ9.eyJ1c2VyR3VpZCI6ImRiNjgyYWJiLTMxZDEtNDRkZi1iZjE5LTU1N2IwMDNhNWM2OSIsIm1vYmlsZSI6Ijk2NjY2NjY2NjUiLCJmaXJzdF9uYW1lIjoiUmFuaml0aCIsImxhc3RfbmFtZSI6Imt1bWFyIiwiZW1haWwiOiIiLCJyb2xlIjoidXNlcl9vbmx5IiwiaWF0IjoxNzY3MzUyNTI0LCJleHAiOjE3ODMxMzg3NjR9.l5Di3mLqwsO4XZdh-JaXio91H1fh7vWstQ8vBuwKVz0
				Accept=*/*
Cookies:		<none>
Multiparts:		<none>
Body:			<none>

--- 📈 PERFORMANCE STATS ---
   Method  : GET
   Endpoint: /order/getOrderById/af271c5e-9f90-44ca-9502-edded9046d71
   Time    : ⚡ 280 ms
----------------------------

Response Status: 200
Response Body: {"status":200,"success":true,"msg":"Order details fetched successfully","total_amount":0,"data":[{"id":3761,"guid":"af271c5e-9f90-44ca-9502-edded9046d71","order_number":"01KDZ6QDZX7BR7JVTFXWPSANAC","brand_id":"efb159ac-db7c-4b06-a79b-021a8b6d67e8","user_id":"db682abb-31d1-44df-bf19-557b003a5c69","family_member_id":null,"total_price":"860","final_price":"803","rewards_used":"0","delivery_charge":"250","paid_amount":"0","order_status":"Phlebotomist assigned","membership_discount":0,"membership_mobile_number":null,"sample_collection_by":null,"sample_collection_date":null,"payment_id":"979719fc-935f-428d-8905-c8e9ba946dad","address_id":"99cfd160-72e2-4fcf-b2f4-56e5bbb49fea","lab_location_id":"64870066842708a0d5ae6c77","order_sample_number":"MY26AAA0039","visit_number":"","cancelled_date":null,"cancelled_by":null,"completed_date":null,"completed_by":null,"received_at":null,"slot_start_time":"2026-01-02T18:00:00.000Z","slot_end_time":"2026-01-02T19:00:00.000Z","slot_guid":"d46f9690-71a8-405e-aa09-1a13b79d750d","reschedule_count":0,"order_created_by":null,"order_created_at":"2026-01-02T11:15:47.360Z","referal_doctor":null,"phlebo_id":"01b109b7-7706-43b0-acc8-3278f721f34d","admin_approval_status":null,"admin_approval_by":null,"admin_approval_at":null,"rewards_gain":"0","cancel_order_remarks":null,"tube_barcode":null,"cancelled_by_user_at":null,"it_dose_order_status":"Phlebotomist assigned","it_dose_order_updated_at":"2026-01-02T11:15:47.361Z","it_dose_order_item_status":null,"phlebo_otp":"256549","phlebo_assigned_at":"2026-01-02T11:15:51.285Z","inaugural_discount":0,"cart_id":"pb_e18746e9_mjws2p2h","created_at":"2026-01-02T11:15:47.361Z","updated_at":"2026-01-02T11:15:51.285Z","deleted_at":null,"coupon_code":null,"coupon_guid":null,"coupon_discount_amount":"0","doctors_discount":null,"orderFrom":null,"cancel_delivery_deducted":false,"refund_amount":"0","is_clinic":false,"discount":"57","actual_discount":0,"otp_verified":false,"samples_picked":[],"tracking_status":[{"time":"2026-01-02T11:15:51.291Z","status":"open"},{"time":"2026-01-02T11:15:51.899Z","status":"inprogress"}],"slot_start_times":"02-01-2026 06:00 PM","slot_end_times":"02-01-2026 07:00 PM","doctor_referral_amount":"0","doctor_name":null,"hospital_name":null,"order_items":[{"id":5883,"guid":"a27c88e9-6a8f-4a13-ba6c-8a2fb1b68580","order_id":"af271c5e-9f90-44ca-9502-edded9046d71","product_id":"675921110856fe1e1e992d5a","product_name":"Glucose (Urine)","product_type":"{\"\\\"675697b0262d1460f8d55dab\\\"\"}","product_code":"PATH006","quantity":1,"actual_price":3,"final_price":3,"original_price":60,"order_status":"Phlebotomist assigned","family_member_id":null,"membership_discount":0,"order_item_number":"MY26AAA0039-1","cancelled_at":null,"admin_approval_status":null,"admin_approval_by":null,"admin_approval_at":null,"cancel_order_remarks":null,"created_at":"2026-01-02T11:15:47.361Z","deleted_at":null,"order_quantity":1,"price":3,"family_member_details":null,"status":"ACTIVE","it_dose_order_items_status":"Phlebotomist assigned"},{"id":5884,"guid":"1cd3d5c6-0933-4481-9577-f509e278aace","order_id":"af271c5e-9f90-44ca-9502-edded9046d71","product_id":"675921b2ba6f16b8c0d7bee4","product_name":"Diabetes Monitor","product_type":"{\"\\\"675697b0262d1460f8d55df2\\\"\"}","product_code":"YDPK035","quantity":1,"actual_price":800,"final_price":800,"original_price":800,"order_status":"Phlebotomist assigned","family_member_id":null,"membership_discount":0,"order_item_number":"MY26AAA0039-2","cancelled_at":null,"admin_approval_status":null,"admin_approval_by":null,"admin_approval_at":null,"cancel_order_remarks":null,"created_at":"2026-01-02T11:15:47.361Z","deleted_at":null,"order_quantity":1,"price":800,"family_member_details":null,"status":"ACTIVE","it_dose_order_items_status":"Phlebotomist assigned"}],"user_details":{"id":552,"guid":"db682abb-31d1-44df-bf19-557b003a5c69","first_name":"Ranjith","last_name":"kumar","middle_name":"","gender":"Male","dob":"1997-10-10","country_code":"+91","mobile":"9666666665","alt_mobile":"","email":"","user_type":"Customer","profile_pic":null,"patient_id":null,"title":"Mr.","fcm_token":null,"created_at":"2025-12-01T14:08:25.876Z","updated_at":"2025-12-23T13:39:29.567Z","deleted_at":null,"deleted_reason":null},"addresses":{"latitude":"17.4406327","longitude":"78.3900194","address_name":"Hyderabad, Madhapur, Hyderabad, Telangana, India, 500033","receiver_details":"Ranjith kumar, 500033"},"payment":{"payment_type":"COD","payment_mode":null,"payment_status":"Pending","payment_details":null},"home_sample":true,"sample_types":[],"due_amount":"1053.00","lab_location_full_address":"6-3-862/A, Lal Bungalow, Greenlands, Ameerpet, Hyderabad, India, Hyderabad, Telangana, 500016","lab_lattitude":"17.4358447","lab_longitude":"78.452737","lab_title":"Ameerpet (HQ)"}]}
✅ Order details fetched successfully for Order ID: af271c5e-9f90-44ca-9502-edded9046d71
   Expected Phlebo GUID: 01b109b7-7706-43b0-acc8-3278f721f34d
   Actual Phlebo GUID: 01b109b7-7706-43b0-acc8-3278f721f34d
   ✅ Phlebotomist Assignment Verified Successfully
✅ COD Flow Completed Successfully.
]]></system-out>
  </testcase>
</testsuite>