<?xml version="1.0" encoding="UTF-8"?>
<testsuite xmlns:xsi="http://www.w3.org/2001/XMLSchema-instance" xsi:noNamespaceSchemaLocation="https://maven.apache.org/surefire/maven-surefire-plugin/xsd/surefire-test-report-3.0.xsd" version="3.0" name="TestSuite" time="28.143" tests="19" errors="0" skipped="0" failures="0">
  <properties>
[...]
</properties>
  <testcase name="testUserRegistration_CreateNewUser" classname="com.mryoda.diagnostics.api.tests.UserCreateAPITest" time="3.667">
    <system-out><![CDATA[...
... TestNG 7.8.0 by Cédric Beust (cedric@beust.com)
...


==========================================================
           USER REGISTRATION TEST
==========================================================

📱 Generated Mobile: 9568824342

➡️ USER REGISTRATION REQUEST:
{
  "country_code": "+91",
  "gender": "male",
  "dob": "1989-10-16",
  "mobile": "9568824342",
  "profile_pic": "https://cdn.test.com/img/c2a034.png",
  "last_name": "Khan",
  "middle_name": "R",
  "first_name": "Arjun",
  "alt_mobile": "6680008361",
  "email": "auto_08f705a8@test.com"
}
Request method:	POST
Request URI:	https://dev-api-yodadiagnostics.yodaprojects.com/users/addUser
Proxy:			<none>
Request params:	<none>
Query params:	<none>
Form params:	<none>
Path params:	<none>
Headers:		Accept=*/*
				Content-Type=application/json
Cookies:		<none>
Multiparts:		<none>
Body:
{
    "country_code": "+91",
    "gender": "male",
    "dob": "1989-10-16",
    "mobile": "9568824342",
    "profile_pic": "https://cdn.test.com/img/c2a034.png",
    "last_name": "Khan",
    "middle_name": "R",
    "first_name": "Arjun",
    "alt_mobile": "6680008361",
    "email": "auto_08f705a8@test.com"
}

--- 📈 PERFORMANCE STATS ---
   Method  : POST
   Endpoint: /users/addUser
   Time    : ⚡ 830 ms
----------------------------


✅ USER REGISTRATION RESPONSE RECEIVED

🔍 ===== EXTRACTED USER REGISTRATION DATA =====
🆔 User ID (GUID)  : 079dae82-1078-4200-882b-075f46a8f1c1
👤 First Name      : Arjun
👤 Last Name       : Khan
📧 Email           : auto_08f705a8@test.com
⚧  Gender          : male
🎂 DOB             : 1989-10-16
📱 Mobile          : 9568824342
🌍 Country Code    : +91
📍 Status          : null
📅 Created At      : null
📅 Updated At      : null
==============================================

💾 STORED IN RequestContext (GENERIC):
✔ User ID: 079dae82-1078-4200-882b-075f46a8f1c1
✔ First Name: Arjun
✔ Last Name: Khan
✔ Mobile: 9568824342 (already stored)

==========================================================
        USER REGISTRATION COMPLETED
==========================================================
]]></system-out>
  </testcase>
  <testcase name="testLoginWithOTP" classname="com.mryoda.diagnostics.api.tests.LoginAPITest" time="0.601">
    <system-out><![CDATA[
==========================================================
            MEMBER LOGIN TEST (Paid Member)
==========================================================

==================================================
========== TOKEN GENERATION START (MEMBER) ==========
==================================================
Request method:	POST
Request URI:	https://dev-api-yodadiagnostics.yodaprojects.com/otps/getOtp
Proxy:			<none>
Request params:	<none>
Query params:	<none>
Form params:	<none>
Path params:	<none>
Headers:		Accept=*/*
				Content-Type=application/json
Cookies:		<none>
Multiparts:		<none>
Body:
{
    "country_code": "+91",
    "mobile": "9003730394"
}

--- 📈 PERFORMANCE STATS ---
   Method  : POST
   Endpoint: /otps/getOtp
   Time    : ⚡ 132 ms
----------------------------

Request method:	POST
Request URI:	https://dev-api-yodadiagnostics.yodaprojects.com/otps/getOtp
Proxy:			<none>
Request params:	<none>
Query params:	<none>
Form params:	<none>
Path params:	<none>
Headers:		Accept=*/*
				Content-Type=application/json
Cookies:		<none>
Multiparts:		<none>
Body:
{
    "country_code": "+91",
    "mobile": "9003730394",
    "otp": "123456"
}

--- 📈 PERFORMANCE STATS ---
   Method  : POST
   Endpoint: /otps/getOtp
   Time    : ⚡ 194 ms
----------------------------

Token generated for MEMBER: eyJhbGciOiJIUzI1NiIsInR5cCI6IkpXVCJ9.eyJ1c2VyR3VpZCI6IjZhN2IwMjE0LWI1ZjAtNGU5Yi1iNmM0LWNkNjEyMzg5OGVkMyIsIm1vYmlsZSI6IjkwMDM3MzAzOTQiLCJmaXJzdF9uYW1lIjoiUmFuaml0aCIsImxhc3RfbmFtZSI6Ikt1bWFyIiwiZW1haWwiOiIiLCJyb2xlIjoidXNlcl9vbmx5IiwiaWF0IjoxNzY3MTE3NzQzLCJleHAiOjE3ODI5MDM5ODN9.xfT81OwWI_azCiVyK7Jg1QTVSxlEo_R_b6mbvUvhCK4
🟢 MEMBER LOGIN SUCCESS
   Token: eyJhbGciOiJIUzI1NiIsInR5cCI6IkpXVCJ9.eyJ1c2VyR3VpZCI6IjZhN2IwMjE0LWI1ZjAtNGU5Yi1iNmM0LWNkNjEyMzg5OGVkMyIsIm1vYmlsZSI6IjkwMDM3MzAzOTQiLCJmaXJzdF9uYW1lIjoiUmFuaml0aCIsImxhc3RfbmFtZSI6Ikt1bWFyIiwiZW1haWwiOiIiLCJyb2xlIjoidXNlcl9vbmx5IiwiaWF0IjoxNzY3MTE3NzQzLCJleHAiOjE3ODI5MDM5ODN9.xfT81OwWI_azCiVyK7Jg1QTVSxlEo_R_b6mbvUvhCK4
   Mobile: 9003730394 (Member Benefits Enabled)
   Stored in: RequestContext.getMemberToken()
   First Name: Ranjith
   Last Name: Kumar
   User ID: 6a7b0214-b5f0-4e9b-b6c4-cd6123898ed3
]]></system-out>
  </testcase>
  <testcase name="testLoginWithOTP_NonMember" classname="com.mryoda.diagnostics.api.tests.LoginAPITest" time="0.618">
    <system-out><![CDATA[
==========================================================
         NON-MEMBER LOGIN TEST (No Membership)
==========================================================

==================================================
========== TOKEN GENERATION START (NON_MEMBER) ==========
==================================================
Request method:	POST
Request URI:	https://dev-api-yodadiagnostics.yodaprojects.com/otps/getOtp
Proxy:			<none>
Request params:	<none>
Query params:	<none>
Form params:	<none>
Path params:	<none>
Headers:		Accept=*/*
				Content-Type=application/json
Cookies:		<none>
Multiparts:		<none>
Body:
{
    "country_code": "+91",
    "mobile": "9666666665"
}

--- 📈 PERFORMANCE STATS ---
   Method  : POST
   Endpoint: /otps/getOtp
   Time    : ⚡ 121 ms
----------------------------

Request method:	POST
Request URI:	https://dev-api-yodadiagnostics.yodaprojects.com/otps/getOtp
Proxy:			<none>
Request params:	<none>
Query params:	<none>
Form params:	<none>
Path params:	<none>
Headers:		Accept=*/*
				Content-Type=application/json
Cookies:		<none>
Multiparts:		<none>
Body:
{
    "country_code": "+91",
    "mobile": "9666666665",
    "otp": "123456"
}

--- 📈 PERFORMANCE STATS ---
   Method  : POST
   Endpoint: /otps/getOtp
   Time    : ⚡ 111 ms
----------------------------

Token generated for NON_MEMBER: eyJhbGciOiJIUzI1NiIsInR5cCI6IkpXVCJ9.eyJ1c2VyR3VpZCI6ImRiNjgyYWJiLTMxZDEtNDRkZi1iZjE5LTU1N2IwMDNhNWM2OSIsIm1vYmlsZSI6Ijk2NjY2NjY2NjUiLCJmaXJzdF9uYW1lIjoiUmFuaml0aCIsImxhc3RfbmFtZSI6Imt1bWFyIiwiZW1haWwiOiIiLCJyb2xlIjoidXNlcl9vbmx5IiwiaWF0IjoxNzY3MTE3NzQzLCJleHAiOjE3ODI5MDM5ODN9.CWub7IKjr7RHVqMJOKdGsxUFTmFfg6amKFb-RgjkLzE
🟢 NON-MEMBER LOGIN SUCCESS
   Token: eyJhbGciOiJIUzI1NiIsInR5cCI6IkpXVCJ9.eyJ1c2VyR3VpZCI6ImRiNjgyYWJiLTMxZDEtNDRkZi1iZjE5LTU1N2IwMDNhNWM2OSIsIm1vYmlsZSI6Ijk2NjY2NjY2NjUiLCJmaXJzdF9uYW1lIjoiUmFuaml0aCIsImxhc3RfbmFtZSI6Imt1bWFyIiwiZW1haWwiOiIiLCJyb2xlIjoidXNlcl9vbmx5IiwiaWF0IjoxNzY3MTE3NzQzLCJleHAiOjE3ODI5MDM5ODN9.CWub7IKjr7RHVqMJOKdGsxUFTmFfg6amKFb-RgjkLzE
   Mobile: 8220220227 (NOT a paid member)
   Stored in: RequestContext.getNonMemberToken()
   First Name: Ranjith
   Last Name: kumar
   User ID: db682abb-31d1-44df-bf19-557b003a5c69
]]></system-out>
  </testcase>
  <testcase name="testLoginWithOTP_NewlyRegisteredUser" classname="com.mryoda.diagnostics.api.tests.LoginAPITest" time="0.333">
    <system-out><![CDATA[
==========================================================
            NEW USER LOGIN TEST
==========================================================

==================================================
========== TOKEN GENERATION START (NEW_USER) ==========
==================================================
Request method:	POST
Request URI:	https://dev-api-yodadiagnostics.yodaprojects.com/otps/getOtp
Proxy:			<none>
Request params:	<none>
Query params:	<none>
Form params:	<none>
Path params:	<none>
Headers:		Accept=*/*
				Content-Type=application/json
Cookies:		<none>
Multiparts:		<none>
Body:
{
    "country_code": "+91",
    "mobile": "9568824342"
}

--- 📈 PERFORMANCE STATS ---
   Method  : POST
   Endpoint: /otps/getOtp
   Time    : ⚡ 108 ms
----------------------------

Request method:	POST
Request URI:	https://dev-api-yodadiagnostics.yodaprojects.com/otps/getOtp
Proxy:			<none>
Request params:	<none>
Query params:	<none>
Form params:	<none>
Path params:	<none>
Headers:		Accept=*/*
				Content-Type=application/json
Cookies:		<none>
Multiparts:		<none>
Body:
{
    "country_code": "+91",
    "mobile": "9568824342",
    "otp": "123456"
}

--- 📈 PERFORMANCE STATS ---
   Method  : POST
   Endpoint: /otps/getOtp
   Time    : ⚡ 115 ms
----------------------------

Token generated for NEW_USER: eyJhbGciOiJIUzI1NiIsInR5cCI6IkpXVCJ9.eyJ1c2VyR3VpZCI6IjA3OWRhZTgyLTEwNzgtNDIwMC04ODJiLTA3NWY0NmE4ZjFjMSIsIm1vYmlsZSI6Ijk1Njg4MjQzNDIiLCJmaXJzdF9uYW1lIjoiQXJqdW4iLCJsYXN0X25hbWUiOiJLaGFuIiwiZW1haWwiOiJhdXRvXzA4ZjcwNWE4QHRlc3QuY29tIiwicm9sZSI6InVzZXJfb25seSIsImlhdCI6MTc2NzExNzc0NCwiZXhwIjoxNzgyOTAzOTg0fQ.iyc-bzZFj7o7Zo-HUBDnWUiaZbivzWmCn_jwjhE3_eA
🟢 NEW USER LOGIN SUCCESS
   Token: eyJhbGciOiJIUzI1NiIsInR5cCI6IkpXVCJ9.eyJ1c2VyR3VpZCI6IjA3OWRhZTgyLTEwNzgtNDIwMC04ODJiLTA3NWY0NmE4ZjFjMSIsIm1vYmlsZSI6Ijk1Njg4MjQzNDIiLCJmaXJzdF9uYW1lIjoiQXJqdW4iLCJsYXN0X25hbWUiOiJLaGFuIiwiZW1haWwiOiJhdXRvXzA4ZjcwNWE4QHRlc3QuY29tIiwicm9sZSI6InVzZXJfb25seSIsImlhdCI6MTc2NzExNzc0NCwiZXhwIjoxNzgyOTAzOTg0fQ.iyc-bzZFj7o7Zo-HUBDnWUiaZbivzWmCn_jwjhE3_eA
   Stored in: RequestContext.getNewUserToken()
   First Name: Arjun
   Last Name: Khan
   User ID: 079dae82-1078-4200-882b-075f46a8f1c1
]]></system-out>
  </testcase>
  <testcase name="testGetLocations_ForMember" classname="com.mryoda.diagnostics.api.tests.LocationAPITest" time="1.699">
    <system-out><![CDATA[
===== LOCATION API — MEMBER =====
Request method:	POST
Request URI:	https://dev-api-yodadiagnostics.yodaprojects.com/tests/getlocations
Proxy:			<none>
Request params:	<none>
Query params:	<none>
Form params:	<none>
Path params:	<none>
Headers:		Authorization=eyJhbGciOiJIUzI1NiIsInR5cCI6IkpXVCJ9.eyJ1c2VyR3VpZCI6IjZhN2IwMjE0LWI1ZjAtNGU5Yi1iNmM0LWNkNjEyMzg5OGVkMyIsIm1vYmlsZSI6IjkwMDM3MzAzOTQiLCJmaXJzdF9uYW1lIjoiUmFuaml0aCIsImxhc3RfbmFtZSI6Ikt1bWFyIiwiZW1haWwiOiIiLCJyb2xlIjoidXNlcl9vbmx5IiwiaWF0IjoxNzY3MTE3NzQzLCJleHAiOjE3ODI5MDM5ODN9.xfT81OwWI_azCiVyK7Jg1QTVSxlEo_R_b6mbvUvhCK4
				Accept=*/*
				Content-Type=application/x-www-form-urlencoded; charset=ISO-8859-1
Cookies:		<none>
Multiparts:		<none>
Body:			<none>

--- 📈 PERFORMANCE STATS ---
   Method  : POST
   Endpoint: /tests/getlocations
   Time    : ⚡ 91 ms
----------------------------


📍 Total Locations Found: 6
   Location: Ameerpet (HQ) | City: Hyderabad | State: Telangana | Status: ACTIVE | ID: 64870066842708a0d5ae6c77
   📍 Coordinates: Lat=17.4358447, Long=78.452737
✔ Stored: Ameerpet (HQ) → ID: 64870066842708a0d5ae6c77 | City: Hyderabad | State: Telangana | Coordinates: (17.4358447, 78.452737)
   Location: Guntur | City: Guntur | State: Andhra Pradesh | Status: ACTIVE | ID: 64870066842708a0d5ae6c74
   📍 Coordinates: Lat=16.2992859, Long=80.4515523
✔ Stored: Guntur → ID: 64870066842708a0d5ae6c74 | City: Guntur | State: Andhra Pradesh | Coordinates: (16.2992859, 80.4515523)
   Location: Khammam | City: Khammam | State: Telangana | Status: ACTIVE | ID: 68ecce703d573db19b650c76
   📍 Coordinates: Lat=17.248727, Long=80.1668882
✔ Stored: Khammam → ID: 68ecce703d573db19b650c76 | City: Khammam | State: Telangana | Coordinates: (17.248727, 80.1668882)
   Location: Madhapur | City: Hyderabad | State: Telangana | Status: ACTIVE | ID: 676a5fa720093d2807af03a5
   📍 Coordinates: Lat=17.4406327, Long=78.3900194
✔ Stored: Madhapur → ID: 676a5fa720093d2807af03a5 | City: Hyderabad | State: Telangana | Coordinates: (17.4406327, 78.3900194)
   Location: Tirupati | City: Tirupati | State: Andhra Pradesh | Status: ACTIVE | ID: 64870066842708a0d5ae6c75
   📍 Coordinates: Lat=13.6350832, Long=79.42642049999999
✔ Stored: Tirupati → ID: 64870066842708a0d5ae6c75 | City: Tirupati | State: Andhra Pradesh | Coordinates: (13.6350832, 79.42642049999999)
   Location: Visakhapatnam | City: Visakhapatnam | State: Andhra Pradesh | Status: ACTIVE | ID: 67346a7655a51ec8ef586bb1
   📍 Coordinates: Lat=17.7087874, Long=83.3106882
✔ Stored: Visakhapatnam → ID: 67346a7655a51ec8ef586bb1 | City: Visakhapatnam | State: Andhra Pradesh | Coordinates: (17.7087874, 83.3106882)

✅ Critical Location 'Ameerpet (HQ)' found and stored: 64870066842708a0d5ae6c77
   📍 Ameerpet (HQ) Coordinates: Lat=17.4358447, Long=78.452737
   This location will be used in GlobalSearch and AddToCart APIs

🟢 Locations stored for reuse in next APIs

]]></system-out>
  </testcase>
  <testcase name="testGetLocations_ForNonMember" classname="com.mryoda.diagnostics.api.tests.LocationAPITest" time="1.249">
    <system-out><![CDATA[
===== LOCATION API — NON-MEMBER (8220220227 - NOT a paid member) =====
Request method:	POST
Request URI:	https://dev-api-yodadiagnostics.yodaprojects.com/tests/getlocations
Proxy:			<none>
Request params:	<none>
Query params:	<none>
Form params:	<none>
Path params:	<none>
Headers:		Authorization=eyJhbGciOiJIUzI1NiIsInR5cCI6IkpXVCJ9.eyJ1c2VyR3VpZCI6ImRiNjgyYWJiLTMxZDEtNDRkZi1iZjE5LTU1N2IwMDNhNWM2OSIsIm1vYmlsZSI6Ijk2NjY2NjY2NjUiLCJmaXJzdF9uYW1lIjoiUmFuaml0aCIsImxhc3RfbmFtZSI6Imt1bWFyIiwiZW1haWwiOiIiLCJyb2xlIjoidXNlcl9vbmx5IiwiaWF0IjoxNzY3MTE3NzQzLCJleHAiOjE3ODI5MDM5ODN9.CWub7IKjr7RHVqMJOKdGsxUFTmFfg6amKFb-RgjkLzE
				Accept=*/*
				Content-Type=application/x-www-form-urlencoded; charset=ISO-8859-1
Cookies:		<none>
Multiparts:		<none>
Body:			<none>

--- 📈 PERFORMANCE STATS ---
   Method  : POST
   Endpoint: /tests/getlocations
   Time    : ⚡ 93 ms
----------------------------


📍 Total Locations Found: 6
   Location: Ameerpet (HQ) | City: Hyderabad | State: Telangana | Status: ACTIVE | ID: 64870066842708a0d5ae6c77
   📍 Coordinates: Lat=17.4358447, Long=78.452737
✔ Stored: Ameerpet (HQ) → ID: 64870066842708a0d5ae6c77 | City: Hyderabad | State: Telangana | Coordinates: (17.4358447, 78.452737)
   Location: Guntur | City: Guntur | State: Andhra Pradesh | Status: ACTIVE | ID: 64870066842708a0d5ae6c74
   📍 Coordinates: Lat=16.2992859, Long=80.4515523
✔ Stored: Guntur → ID: 64870066842708a0d5ae6c74 | City: Guntur | State: Andhra Pradesh | Coordinates: (16.2992859, 80.4515523)
   Location: Khammam | City: Khammam | State: Telangana | Status: ACTIVE | ID: 68ecce703d573db19b650c76
   📍 Coordinates: Lat=17.248727, Long=80.1668882
✔ Stored: Khammam → ID: 68ecce703d573db19b650c76 | City: Khammam | State: Telangana | Coordinates: (17.248727, 80.1668882)
   Location: Madhapur | City: Hyderabad | State: Telangana | Status: ACTIVE | ID: 676a5fa720093d2807af03a5
   📍 Coordinates: Lat=17.4406327, Long=78.3900194
✔ Stored: Madhapur → ID: 676a5fa720093d2807af03a5 | City: Hyderabad | State: Telangana | Coordinates: (17.4406327, 78.3900194)
   Location: Tirupati | City: Tirupati | State: Andhra Pradesh | Status: ACTIVE | ID: 64870066842708a0d5ae6c75
   📍 Coordinates: Lat=13.6350832, Long=79.42642049999999
✔ Stored: Tirupati → ID: 64870066842708a0d5ae6c75 | City: Tirupati | State: Andhra Pradesh | Coordinates: (13.6350832, 79.42642049999999)
   Location: Visakhapatnam | City: Visakhapatnam | State: Andhra Pradesh | Status: ACTIVE | ID: 67346a7655a51ec8ef586bb1
   📍 Coordinates: Lat=17.7087874, Long=83.3106882
✔ Stored: Visakhapatnam → ID: 67346a7655a51ec8ef586bb1 | City: Visakhapatnam | State: Andhra Pradesh | Coordinates: (17.7087874, 83.3106882)

✅ Critical Location 'Ameerpet (HQ)' found and stored: 64870066842708a0d5ae6c77
   📍 Ameerpet (HQ) Coordinates: Lat=17.4358447, Long=78.452737
   This location will be used in GlobalSearch and AddToCart APIs

🟢 Locations stored for reuse in next APIs

]]></system-out>
  </testcase>
  <testcase name="testGetLocations_ForNewUser" classname="com.mryoda.diagnostics.api.tests.LocationAPITest" time="1.386">
    <system-out><![CDATA[
===== LOCATION API — NEW USER =====
Request method:	POST
Request URI:	https://dev-api-yodadiagnostics.yodaprojects.com/tests/getlocations
Proxy:			<none>
Request params:	<none>
Query params:	<none>
Form params:	<none>
Path params:	<none>
Headers:		Authorization=eyJhbGciOiJIUzI1NiIsInR5cCI6IkpXVCJ9.eyJ1c2VyR3VpZCI6IjA3OWRhZTgyLTEwNzgtNDIwMC04ODJiLTA3NWY0NmE4ZjFjMSIsIm1vYmlsZSI6Ijk1Njg4MjQzNDIiLCJmaXJzdF9uYW1lIjoiQXJqdW4iLCJsYXN0X25hbWUiOiJLaGFuIiwiZW1haWwiOiJhdXRvXzA4ZjcwNWE4QHRlc3QuY29tIiwicm9sZSI6InVzZXJfb25seSIsImlhdCI6MTc2NzExNzc0NCwiZXhwIjoxNzgyOTAzOTg0fQ.iyc-bzZFj7o7Zo-HUBDnWUiaZbivzWmCn_jwjhE3_eA
				Accept=*/*
				Content-Type=application/x-www-form-urlencoded; charset=ISO-8859-1
Cookies:		<none>
Multiparts:		<none>
Body:			<none>

--- 📈 PERFORMANCE STATS ---
   Method  : POST
   Endpoint: /tests/getlocations
   Time    : ⚡ 422 ms
----------------------------


📍 Total Locations Found: 6
   Location: Ameerpet (HQ) | City: Hyderabad | State: Telangana | Status: ACTIVE | ID: 64870066842708a0d5ae6c77
   📍 Coordinates: Lat=17.4358447, Long=78.452737
✔ Stored: Ameerpet (HQ) → ID: 64870066842708a0d5ae6c77 | City: Hyderabad | State: Telangana | Coordinates: (17.4358447, 78.452737)
   Location: Guntur | City: Guntur | State: Andhra Pradesh | Status: ACTIVE | ID: 64870066842708a0d5ae6c74
   📍 Coordinates: Lat=16.2992859, Long=80.4515523
✔ Stored: Guntur → ID: 64870066842708a0d5ae6c74 | City: Guntur | State: Andhra Pradesh | Coordinates: (16.2992859, 80.4515523)
   Location: Khammam | City: Khammam | State: Telangana | Status: ACTIVE | ID: 68ecce703d573db19b650c76
   📍 Coordinates: Lat=17.248727, Long=80.1668882
✔ Stored: Khammam → ID: 68ecce703d573db19b650c76 | City: Khammam | State: Telangana | Coordinates: (17.248727, 80.1668882)
   Location: Madhapur | City: Hyderabad | State: Telangana | Status: ACTIVE | ID: 676a5fa720093d2807af03a5
   📍 Coordinates: Lat=17.4406327, Long=78.3900194
✔ Stored: Madhapur → ID: 676a5fa720093d2807af03a5 | City: Hyderabad | State: Telangana | Coordinates: (17.4406327, 78.3900194)
   Location: Tirupati | City: Tirupati | State: Andhra Pradesh | Status: ACTIVE | ID: 64870066842708a0d5ae6c75
   📍 Coordinates: Lat=13.6350832, Long=79.42642049999999
✔ Stored: Tirupati → ID: 64870066842708a0d5ae6c75 | City: Tirupati | State: Andhra Pradesh | Coordinates: (13.6350832, 79.42642049999999)
   Location: Visakhapatnam | City: Visakhapatnam | State: Andhra Pradesh | Status: ACTIVE | ID: 67346a7655a51ec8ef586bb1
   📍 Coordinates: Lat=17.7087874, Long=83.3106882
✔ Stored: Visakhapatnam → ID: 67346a7655a51ec8ef586bb1 | City: Visakhapatnam | State: Andhra Pradesh | Coordinates: (17.7087874, 83.3106882)

✅ Critical Location 'Ameerpet (HQ)' found and stored: 64870066842708a0d5ae6c77
   📍 Ameerpet (HQ) Coordinates: Lat=17.4358447, Long=78.452737
   This location will be used in GlobalSearch and AddToCart APIs

🟢 Locations stored for reuse in next APIs

]]></system-out>
  </testcase>
  <testcase name="testGetBrands_ForMember" classname="com.mryoda.diagnostics.api.tests.BrandAPITest" time="0.75">
    <system-out><![CDATA[
===== BRAND API — MEMBER =====

🛍️ FETCHING ALL BRANDS...
Request method:	GET
Request URI:	https://dev-api-yodamembership.yodaprojects.com/brand/getAllBrands
Proxy:			<none>
Request params:	<none>
Query params:	<none>
Form params:	<none>
Path params:	<none>
Headers:		Accept=*/*
Cookies:		<none>
Multiparts:		<none>
Body:			<none>

--- 📈 PERFORMANCE STATS ---
   Method  : GET
   Endpoint: https://dev-api-yodamembership.yodaprojects.com/brand/getAllBrands
   Time    : ⚡ 412 ms
----------------------------

⚠️ API Failed with status: 404
⚠️ Using HARDCODED Brand ID for 'Diagnostics'
]]></system-out>
  </testcase>
  <testcase name="testGetBrands_ForNonMember" classname="com.mryoda.diagnostics.api.tests.BrandAPITest" time="0.085">
    <system-out><![CDATA[
===== BRAND API — NON-MEMBER =====

🛍️ FETCHING ALL BRANDS...
Request method:	GET
Request URI:	https://dev-api-yodamembership.yodaprojects.com/brand/getAllBrands
Proxy:			<none>
Request params:	<none>
Query params:	<none>
Form params:	<none>
Path params:	<none>
Headers:		Accept=*/*
Cookies:		<none>
Multiparts:		<none>
Body:			<none>

--- 📈 PERFORMANCE STATS ---
   Method  : GET
   Endpoint: https://dev-api-yodamembership.yodaprojects.com/brand/getAllBrands
   Time    : ⚡ 68 ms
----------------------------

⚠️ API Failed with status: 404
⚠️ Using HARDCODED Brand ID for 'Diagnostics'
]]></system-out>
  </testcase>
  <testcase name="testGetBrands_ForNewUser" classname="com.mryoda.diagnostics.api.tests.BrandAPITest" time="0.11">
    <system-out><![CDATA[
===== BRAND API — NEW USER =====

🛍️ FETCHING ALL BRANDS...
Request method:	GET
Request URI:	https://dev-api-yodamembership.yodaprojects.com/brand/getAllBrands
Proxy:			<none>
Request params:	<none>
Query params:	<none>
Form params:	<none>
Path params:	<none>
Headers:		Accept=*/*
Cookies:		<none>
Multiparts:		<none>
Body:			<none>

--- 📈 PERFORMANCE STATS ---
   Method  : GET
   Endpoint: https://dev-api-yodamembership.yodaprojects.com/brand/getAllBrands
   Time    : ⚡ 70 ms
----------------------------

⚠️ API Failed with status: 404
⚠️ Using HARDCODED Brand ID for 'Diagnostics'
]]></system-out>
  </testcase>
  <testcase name="testGlobalSearch_ForMember" classname="com.mryoda.diagnostics.api.tests.GlobalSearchAPITest" time="1.707">
    <system-out><![CDATA[Running Global Search as part of MEMBER flow...

==========================================================
         GLOBAL SEARCH API TEST - COMPLETE FLOW
==========================================================
📌 DEBUG → STORED LOCATIONS: {Tirupati=64870066842708a0d5ae6c75, Visakhapatnam=67346a7655a51ec8ef586bb1, Khammam=68ecce703d573db19b650c76, Madhapur=676a5fa720093d2807af03a5, Ameerpet (HQ)=64870066842708a0d5ae6c77, Guntur=64870066842708a0d5ae6c74}

🔍 STEP 1: Validating Location from Previous API (LocationAPI)
   ✅ Location 'Ameerpet (HQ)' validated from LocationAPI: 64870066842708a0d5ae6c77
   ✅ This location will be used for Global Search

⚠️  IMPORTANT: We are NOT searching for CBC!
   If CBC appears in results, it's a bug in the search logic.

🎯 Tests to Search: Glucose (Urine), Diabetes Monitor
📊 Total Tests: 2

🔍 SEARCHING FOR 2 TESTS
📌 LOCATION: Ameerpet (HQ) → 64870066842708a0d5ae6c77

🔍 Searching: Glucose (Urine)

   🔄 Attempt 1/5
   Search String: "Glucose (Urine)"
Request method:	POST
Request URI:	https://dev-api-yodadiagnostics.yodaprojects.com/tests/adminTests
Proxy:			<none>
Request params:	<none>
Query params:	<none>
Form params:	<none>
Path params:	<none>
Headers:		Authorization=Bearer eyJhbGciOiJIUzI1NiIsInR5cCI6IkpXVCJ9.eyJ1c2VyR3VpZCI6IjZhN2IwMjE0LWI1ZjAtNGU5Yi1iNmM0LWNkNjEyMzg5OGVkMyIsIm1vYmlsZSI6IjkwMDM3MzAzOTQiLCJmaXJzdF9uYW1lIjoiUmFuaml0aCIsImxhc3RfbmFtZSI6Ikt1bWFyIiwiZW1haWwiOiIiLCJyb2xlIjoidXNlcl9vbmx5IiwiaWF0IjoxNzY3MTE3NzQzLCJleHAiOjE3ODI5MDM5ODN9.xfT81OwWI_azCiVyK7Jg1QTVSxlEo_R_b6mbvUvhCK4
				Accept=*/*
				Content-Type=application/json
Cookies:		<none>
Multiparts:		<none>
Body:
{
    "limit": 50,
    "location": "64870066842708a0d5ae6c77",
    "page": 1,
    "sort_by": "Type",
    "search_string": "Glucose (Urine)"
}

--- 📈 PERFORMANCE STATS ---
   Method  : POST
   Endpoint: tests/adminTests
   Time    : ⚡ 712 ms
----------------------------

   📊 API returned 1 results

   🔍 DEBUG - ALL RESULTS for search "Glucose (Urine)":
      Result 1:
         test_name: Glucose (Urine)
         _id: 675921110856fe1e1e992d5a
         test_id: PATH006
         slug: glucose-urine
         Type: diagnostics

   ✅ EXACT MATCH FOUND: Glucose (Urine)
      Test ID: PATH006
      Product ID: 675921110856fe1e1e992d5a
      ✅ SUCCESS with search variation: "Glucose (Urine)"

🔍 Searching: Diabetes Monitor

   🔄 Attempt 1/5
   Search String: "Diabetes Monitor"
Request method:	POST
Request URI:	https://dev-api-yodadiagnostics.yodaprojects.com/tests/adminTests
Proxy:			<none>
Request params:	<none>
Query params:	<none>
Form params:	<none>
Path params:	<none>
Headers:		Authorization=Bearer eyJhbGciOiJIUzI1NiIsInR5cCI6IkpXVCJ9.eyJ1c2VyR3VpZCI6IjZhN2IwMjE0LWI1ZjAtNGU5Yi1iNmM0LWNkNjEyMzg5OGVkMyIsIm1vYmlsZSI6IjkwMDM3MzAzOTQiLCJmaXJzdF9uYW1lIjoiUmFuaml0aCIsImxhc3RfbmFtZSI6Ikt1bWFyIiwiZW1haWwiOiIiLCJyb2xlIjoidXNlcl9vbmx5IiwiaWF0IjoxNzY3MTE3NzQzLCJleHAiOjE3ODI5MDM5ODN9.xfT81OwWI_azCiVyK7Jg1QTVSxlEo_R_b6mbvUvhCK4
				Accept=*/*
				Content-Type=application/json
Cookies:		<none>
Multiparts:		<none>
Body:
{
    "limit": 50,
    "location": "64870066842708a0d5ae6c77",
    "page": 1,
    "sort_by": "Type",
    "search_string": "Diabetes Monitor"
}

--- 📈 PERFORMANCE STATS ---
   Method  : POST
   Endpoint: tests/adminTests
   Time    : ⚡ 211 ms
----------------------------

   📊 API returned 1 results

   🔍 DEBUG - ALL RESULTS for search "Diabetes Monitor":
      Result 1:
         test_name: null
         _id: 675921b2ba6f16b8c0d7bee4
         test_id: null
         slug: diabetes-monitor
         Type: diagnostics

   ⚠️  test_name is NULL for ID: 675921b2ba6f16b8c0d7bee4
      Checking alternative fields...
      ℹ️  Constructed name from slug: Diabetes Monitor
      ✅ Found alternative name: Diabetes Monitor
   ✅ EXACT MATCH FOUND: Diabetes Monitor
      Test ID: null
      Product ID: 675921b2ba6f16b8c0d7bee4
      ✅ SUCCESS with search variation: "Diabetes Monitor"

📊 ========================================
   TOTAL TESTS FOUND: 2 / 2
   ========================================
Request method:	POST
Request URI:	https://dev-api-yodadiagnostics.yodaprojects.com/tests/adminTests
Proxy:			<none>
Request params:	<none>
Query params:	<none>
Form params:	<none>
Path params:	<none>
Headers:		Authorization=Bearer eyJhbGciOiJIUzI1NiIsInR5cCI6IkpXVCJ9.eyJ1c2VyR3VpZCI6IjZhN2IwMjE0LWI1ZjAtNGU5Yi1iNmM0LWNkNjEyMzg5OGVkMyIsIm1vYmlsZSI6IjkwMDM3MzAzOTQiLCJmaXJzdF9uYW1lIjoiUmFuaml0aCIsImxhc3RfbmFtZSI6Ikt1bWFyIiwiZW1haWwiOiIiLCJyb2xlIjoidXNlcl9vbmx5IiwiaWF0IjoxNzY3MTE3NzQzLCJleHAiOjE3ODI5MDM5ODN9.xfT81OwWI_azCiVyK7Jg1QTVSxlEo_R_b6mbvUvhCK4
				Accept=*/*
				Content-Type=application/json
Cookies:		<none>
Multiparts:		<none>
Body:
{
    "limit": 50,
    "location": "64870066842708a0d5ae6c77",
    "page": 1,
    "sort_by": "Type",
    "search_string": "Diabetes Monitor"
}

--- 📈 PERFORMANCE STATS ---
   Method  : POST
   Endpoint: tests/adminTests
   Time    : ⚡ 207 ms
----------------------------


📦 EXTRACTING & STORING TEST DETAILS
   Tests already found: 2

🎯 MATCHED & STORED TEST: Glucose (Urine)
   Test ID       : PATH006
   Product ID    : 675921110856fe1e1e992d5a
   Price         : ₹3
   Original Price: ₹60
   Type          : diagnostics
   Status        : ACTIVE
   Home Collection: ✅ AVAILABLE

🎯 MATCHED & STORED TEST: Diabetes Monitor
   Test ID       : null
   Product ID    : 675921b2ba6f16b8c0d7bee4
   Price         : ₹800
   Original Price: ₹800
   Type          : diagnostics
   Status        : ACTIVE
   Home Collection: ✅ AVAILABLE

✅ All requested tests extracted and stored successfully!

🔍 VALIDATING: Checking we only got the tests we searched for...
   ✅ Expected test: Diabetes Monitor
   ✅ Expected test: Glucose (Urine)

🏠 ANALYZING HOME COLLECTION STATUS FOR ALL TESTS
   ✅ Diabetes Monitor - Home Collection: AVAILABLE (type='home')
   ✅ Glucose (Urine) - Home Collection: AVAILABLE (type='home')

📊 HOME COLLECTION ANALYSIS:
   Total tests found: 2
   Tests WITH home collection: 2
   Tests WITHOUT home collection: 0

✅ Validated stored test: Glucose (Urine)
   Test ID: PATH006
   Product ID: 675921110856fe1e1e992d5a

✅ Validated stored test: Diabetes Monitor
   Test ID: null
   Product ID: 675921b2ba6f16b8c0d7bee4

✅ GLOBAL SEARCH COMPLETE (Stored 2 tests)
]]></system-out>
  </testcase>
  <testcase name="testGlobalSearch_ForNonMember" classname="com.mryoda.diagnostics.api.tests.GlobalSearchAPITest" time="0.649">
    <system-out><![CDATA[Running Global Search as part of NON-MEMBER flow...

==========================================================
         GLOBAL SEARCH API TEST - COMPLETE FLOW
==========================================================
📌 DEBUG → STORED LOCATIONS: {Tirupati=64870066842708a0d5ae6c75, Visakhapatnam=67346a7655a51ec8ef586bb1, Khammam=68ecce703d573db19b650c76, Madhapur=676a5fa720093d2807af03a5, Ameerpet (HQ)=64870066842708a0d5ae6c77, Guntur=64870066842708a0d5ae6c74}

🔍 STEP 1: Validating Location from Previous API (LocationAPI)
   ✅ Location 'Ameerpet (HQ)' validated from LocationAPI: 64870066842708a0d5ae6c77
   ✅ This location will be used for Global Search

⚠️  IMPORTANT: We are NOT searching for CBC!
   If CBC appears in results, it's a bug in the search logic.

🎯 Tests to Search: Glucose (Urine), Diabetes Monitor
📊 Total Tests: 2

🔍 SEARCHING FOR 2 TESTS
📌 LOCATION: Ameerpet (HQ) → 64870066842708a0d5ae6c77

🔍 Searching: Glucose (Urine)

   🔄 Attempt 1/5
   Search String: "Glucose (Urine)"
Request method:	POST
Request URI:	https://dev-api-yodadiagnostics.yodaprojects.com/tests/adminTests
Proxy:			<none>
Request params:	<none>
Query params:	<none>
Form params:	<none>
Path params:	<none>
Headers:		Authorization=Bearer eyJhbGciOiJIUzI1NiIsInR5cCI6IkpXVCJ9.eyJ1c2VyR3VpZCI6IjZhN2IwMjE0LWI1ZjAtNGU5Yi1iNmM0LWNkNjEyMzg5OGVkMyIsIm1vYmlsZSI6IjkwMDM3MzAzOTQiLCJmaXJzdF9uYW1lIjoiUmFuaml0aCIsImxhc3RfbmFtZSI6Ikt1bWFyIiwiZW1haWwiOiIiLCJyb2xlIjoidXNlcl9vbmx5IiwiaWF0IjoxNzY3MTE3NzQzLCJleHAiOjE3ODI5MDM5ODN9.xfT81OwWI_azCiVyK7Jg1QTVSxlEo_R_b6mbvUvhCK4
				Accept=*/*
				Content-Type=application/json
Cookies:		<none>
Multiparts:		<none>
Body:
{
    "limit": 50,
    "location": "64870066842708a0d5ae6c77",
    "page": 1,
    "sort_by": "Type",
    "search_string": "Glucose (Urine)"
}

--- 📈 PERFORMANCE STATS ---
   Method  : POST
   Endpoint: tests/adminTests
   Time    : ⚡ 196 ms
----------------------------

   📊 API returned 1 results

   🔍 DEBUG - ALL RESULTS for search "Glucose (Urine)":
      Result 1:
         test_name: Glucose (Urine)
         _id: 675921110856fe1e1e992d5a
         test_id: PATH006
         slug: glucose-urine
         Type: diagnostics

   ✅ EXACT MATCH FOUND: Glucose (Urine)
      Test ID: PATH006
      Product ID: 675921110856fe1e1e992d5a
      ✅ SUCCESS with search variation: "Glucose (Urine)"

🔍 Searching: Diabetes Monitor

   🔄 Attempt 1/5
   Search String: "Diabetes Monitor"
Request method:	POST
Request URI:	https://dev-api-yodadiagnostics.yodaprojects.com/tests/adminTests
Proxy:			<none>
Request params:	<none>
Query params:	<none>
Form params:	<none>
Path params:	<none>
Headers:		Authorization=Bearer eyJhbGciOiJIUzI1NiIsInR5cCI6IkpXVCJ9.eyJ1c2VyR3VpZCI6IjZhN2IwMjE0LWI1ZjAtNGU5Yi1iNmM0LWNkNjEyMzg5OGVkMyIsIm1vYmlsZSI6IjkwMDM3MzAzOTQiLCJmaXJzdF9uYW1lIjoiUmFuaml0aCIsImxhc3RfbmFtZSI6Ikt1bWFyIiwiZW1haWwiOiIiLCJyb2xlIjoidXNlcl9vbmx5IiwiaWF0IjoxNzY3MTE3NzQzLCJleHAiOjE3ODI5MDM5ODN9.xfT81OwWI_azCiVyK7Jg1QTVSxlEo_R_b6mbvUvhCK4
				Accept=*/*
				Content-Type=application/json
Cookies:		<none>
Multiparts:		<none>
Body:
{
    "limit": 50,
    "location": "64870066842708a0d5ae6c77",
    "page": 1,
    "sort_by": "Type",
    "search_string": "Diabetes Monitor"
}

--- 📈 PERFORMANCE STATS ---
   Method  : POST
   Endpoint: tests/adminTests
   Time    : ⚡ 177 ms
----------------------------

   📊 API returned 1 results

   🔍 DEBUG - ALL RESULTS for search "Diabetes Monitor":
      Result 1:
         test_name: null
         _id: 675921b2ba6f16b8c0d7bee4
         test_id: null
         slug: diabetes-monitor
         Type: diagnostics

   ⚠️  test_name is NULL for ID: 675921b2ba6f16b8c0d7bee4
      Checking alternative fields...
      ℹ️  Constructed name from slug: Diabetes Monitor
      ✅ Found alternative name: Diabetes Monitor
   ✅ EXACT MATCH FOUND: Diabetes Monitor
      Test ID: null
      Product ID: 675921b2ba6f16b8c0d7bee4
      ✅ SUCCESS with search variation: "Diabetes Monitor"

📊 ========================================
   TOTAL TESTS FOUND: 2 / 2
   ========================================
Request method:	POST
Request URI:	https://dev-api-yodadiagnostics.yodaprojects.com/tests/adminTests
Proxy:			<none>
Request params:	<none>
Query params:	<none>
Form params:	<none>
Path params:	<none>
Headers:		Authorization=Bearer eyJhbGciOiJIUzI1NiIsInR5cCI6IkpXVCJ9.eyJ1c2VyR3VpZCI6IjZhN2IwMjE0LWI1ZjAtNGU5Yi1iNmM0LWNkNjEyMzg5OGVkMyIsIm1vYmlsZSI6IjkwMDM3MzAzOTQiLCJmaXJzdF9uYW1lIjoiUmFuaml0aCIsImxhc3RfbmFtZSI6Ikt1bWFyIiwiZW1haWwiOiIiLCJyb2xlIjoidXNlcl9vbmx5IiwiaWF0IjoxNzY3MTE3NzQzLCJleHAiOjE3ODI5MDM5ODN9.xfT81OwWI_azCiVyK7Jg1QTVSxlEo_R_b6mbvUvhCK4
				Accept=*/*
				Content-Type=application/json
Cookies:		<none>
Multiparts:		<none>
Body:
{
    "limit": 50,
    "location": "64870066842708a0d5ae6c77",
    "page": 1,
    "sort_by": "Type",
    "search_string": "Diabetes Monitor"
}

--- 📈 PERFORMANCE STATS ---
   Method  : POST
   Endpoint: tests/adminTests
   Time    : ⚡ 162 ms
----------------------------


📦 EXTRACTING & STORING TEST DETAILS
   Tests already found: 2

🎯 MATCHED & STORED TEST: Glucose (Urine)
   Test ID       : PATH006
   Product ID    : 675921110856fe1e1e992d5a
   Price         : ₹3
   Original Price: ₹60
   Type          : diagnostics
   Status        : ACTIVE
   Home Collection: ✅ AVAILABLE

🎯 MATCHED & STORED TEST: Diabetes Monitor
   Test ID       : null
   Product ID    : 675921b2ba6f16b8c0d7bee4
   Price         : ₹800
   Original Price: ₹800
   Type          : diagnostics
   Status        : ACTIVE
   Home Collection: ✅ AVAILABLE

✅ All requested tests extracted and stored successfully!

🔍 VALIDATING: Checking we only got the tests we searched for...
   ✅ Expected test: Diabetes Monitor
   ✅ Expected test: Glucose (Urine)

🏠 ANALYZING HOME COLLECTION STATUS FOR ALL TESTS
   ✅ Diabetes Monitor - Home Collection: AVAILABLE (type='home')
   ✅ Glucose (Urine) - Home Collection: AVAILABLE (type='home')

📊 HOME COLLECTION ANALYSIS:
   Total tests found: 2
   Tests WITH home collection: 2
   Tests WITHOUT home collection: 0

✅ Validated stored test: Glucose (Urine)
   Test ID: PATH006
   Product ID: 675921110856fe1e1e992d5a

✅ Validated stored test: Diabetes Monitor
   Test ID: null
   Product ID: 675921b2ba6f16b8c0d7bee4

✅ GLOBAL SEARCH COMPLETE (Stored 2 tests)
]]></system-out>
  </testcase>
  <testcase name="testGlobalSearch_ForNewUser" classname="com.mryoda.diagnostics.api.tests.GlobalSearchAPITest" time="0.594">
    <system-out><![CDATA[Running Global Search as part of NEW USER flow...

==========================================================
         GLOBAL SEARCH API TEST - COMPLETE FLOW
==========================================================
📌 DEBUG → STORED LOCATIONS: {Tirupati=64870066842708a0d5ae6c75, Visakhapatnam=67346a7655a51ec8ef586bb1, Khammam=68ecce703d573db19b650c76, Madhapur=676a5fa720093d2807af03a5, Ameerpet (HQ)=64870066842708a0d5ae6c77, Guntur=64870066842708a0d5ae6c74}

🔍 STEP 1: Validating Location from Previous API (LocationAPI)
   ✅ Location 'Ameerpet (HQ)' validated from LocationAPI: 64870066842708a0d5ae6c77
   ✅ This location will be used for Global Search

⚠️  IMPORTANT: We are NOT searching for CBC!
   If CBC appears in results, it's a bug in the search logic.

🎯 Tests to Search: Glucose (Urine), Diabetes Monitor
📊 Total Tests: 2

🔍 SEARCHING FOR 2 TESTS
📌 LOCATION: Ameerpet (HQ) → 64870066842708a0d5ae6c77

🔍 Searching: Glucose (Urine)

   🔄 Attempt 1/5
   Search String: "Glucose (Urine)"
Request method:	POST
Request URI:	https://dev-api-yodadiagnostics.yodaprojects.com/tests/adminTests
Proxy:			<none>
Request params:	<none>
Query params:	<none>
Form params:	<none>
Path params:	<none>
Headers:		Authorization=Bearer eyJhbGciOiJIUzI1NiIsInR5cCI6IkpXVCJ9.eyJ1c2VyR3VpZCI6IjZhN2IwMjE0LWI1ZjAtNGU5Yi1iNmM0LWNkNjEyMzg5OGVkMyIsIm1vYmlsZSI6IjkwMDM3MzAzOTQiLCJmaXJzdF9uYW1lIjoiUmFuaml0aCIsImxhc3RfbmFtZSI6Ikt1bWFyIiwiZW1haWwiOiIiLCJyb2xlIjoidXNlcl9vbmx5IiwiaWF0IjoxNzY3MTE3NzQzLCJleHAiOjE3ODI5MDM5ODN9.xfT81OwWI_azCiVyK7Jg1QTVSxlEo_R_b6mbvUvhCK4
				Accept=*/*
				Content-Type=application/json
Cookies:		<none>
Multiparts:		<none>
Body:
{
    "limit": 50,
    "location": "64870066842708a0d5ae6c77",
    "page": 1,
    "sort_by": "Type",
    "search_string": "Glucose (Urine)"
}

--- 📈 PERFORMANCE STATS ---
   Method  : POST
   Endpoint: tests/adminTests
   Time    : ⚡ 193 ms
----------------------------

   📊 API returned 1 results

   🔍 DEBUG - ALL RESULTS for search "Glucose (Urine)":
      Result 1:
         test_name: Glucose (Urine)
         _id: 675921110856fe1e1e992d5a
         test_id: PATH006
         slug: glucose-urine
         Type: diagnostics

   ✅ EXACT MATCH FOUND: Glucose (Urine)
      Test ID: PATH006
      Product ID: 675921110856fe1e1e992d5a
      ✅ SUCCESS with search variation: "Glucose (Urine)"

🔍 Searching: Diabetes Monitor

   🔄 Attempt 1/5
   Search String: "Diabetes Monitor"
Request method:	POST
Request URI:	https://dev-api-yodadiagnostics.yodaprojects.com/tests/adminTests
Proxy:			<none>
Request params:	<none>
Query params:	<none>
Form params:	<none>
Path params:	<none>
Headers:		Authorization=Bearer eyJhbGciOiJIUzI1NiIsInR5cCI6IkpXVCJ9.eyJ1c2VyR3VpZCI6IjZhN2IwMjE0LWI1ZjAtNGU5Yi1iNmM0LWNkNjEyMzg5OGVkMyIsIm1vYmlsZSI6IjkwMDM3MzAzOTQiLCJmaXJzdF9uYW1lIjoiUmFuaml0aCIsImxhc3RfbmFtZSI6Ikt1bWFyIiwiZW1haWwiOiIiLCJyb2xlIjoidXNlcl9vbmx5IiwiaWF0IjoxNzY3MTE3NzQzLCJleHAiOjE3ODI5MDM5ODN9.xfT81OwWI_azCiVyK7Jg1QTVSxlEo_R_b6mbvUvhCK4
				Accept=*/*
				Content-Type=application/json
Cookies:		<none>
Multiparts:		<none>
Body:
{
    "limit": 50,
    "location": "64870066842708a0d5ae6c77",
    "page": 1,
    "sort_by": "Type",
    "search_string": "Diabetes Monitor"
}

--- 📈 PERFORMANCE STATS ---
   Method  : POST
   Endpoint: tests/adminTests
   Time    : ⚡ 201 ms
----------------------------

   📊 API returned 1 results

   🔍 DEBUG - ALL RESULTS for search "Diabetes Monitor":
      Result 1:
         test_name: null
         _id: 675921b2ba6f16b8c0d7bee4
         test_id: null
         slug: diabetes-monitor
         Type: diagnostics

   ⚠️  test_name is NULL for ID: 675921b2ba6f16b8c0d7bee4
      Checking alternative fields...
      ℹ️  Constructed name from slug: Diabetes Monitor
      ✅ Found alternative name: Diabetes Monitor
   ✅ EXACT MATCH FOUND: Diabetes Monitor
      Test ID: null
      Product ID: 675921b2ba6f16b8c0d7bee4
      ✅ SUCCESS with search variation: "Diabetes Monitor"

📊 ========================================
   TOTAL TESTS FOUND: 2 / 2
   ========================================
Request method:	POST
Request URI:	https://dev-api-yodadiagnostics.yodaprojects.com/tests/adminTests
Proxy:			<none>
Request params:	<none>
Query params:	<none>
Form params:	<none>
Path params:	<none>
Headers:		Authorization=Bearer eyJhbGciOiJIUzI1NiIsInR5cCI6IkpXVCJ9.eyJ1c2VyR3VpZCI6IjZhN2IwMjE0LWI1ZjAtNGU5Yi1iNmM0LWNkNjEyMzg5OGVkMyIsIm1vYmlsZSI6IjkwMDM3MzAzOTQiLCJmaXJzdF9uYW1lIjoiUmFuaml0aCIsImxhc3RfbmFtZSI6Ikt1bWFyIiwiZW1haWwiOiIiLCJyb2xlIjoidXNlcl9vbmx5IiwiaWF0IjoxNzY3MTE3NzQzLCJleHAiOjE3ODI5MDM5ODN9.xfT81OwWI_azCiVyK7Jg1QTVSxlEo_R_b6mbvUvhCK4
				Accept=*/*
				Content-Type=application/json
Cookies:		<none>
Multiparts:		<none>
Body:
{
    "limit": 50,
    "location": "64870066842708a0d5ae6c77",
    "page": 1,
    "sort_by": "Type",
    "search_string": "Diabetes Monitor"
}

--- 📈 PERFORMANCE STATS ---
   Method  : POST
   Endpoint: tests/adminTests
   Time    : ⚡ 170 ms
----------------------------


📦 EXTRACTING & STORING TEST DETAILS
   Tests already found: 2

🎯 MATCHED & STORED TEST: Glucose (Urine)
   Test ID       : PATH006
   Product ID    : 675921110856fe1e1e992d5a
   Price         : ₹3
   Original Price: ₹60
   Type          : diagnostics
   Status        : ACTIVE
   Home Collection: ✅ AVAILABLE

🎯 MATCHED & STORED TEST: Diabetes Monitor
   Test ID       : null
   Product ID    : 675921b2ba6f16b8c0d7bee4
   Price         : ₹800
   Original Price: ₹800
   Type          : diagnostics
   Status        : ACTIVE
   Home Collection: ✅ AVAILABLE

✅ All requested tests extracted and stored successfully!

🔍 VALIDATING: Checking we only got the tests we searched for...
   ✅ Expected test: Diabetes Monitor
   ✅ Expected test: Glucose (Urine)

🏠 ANALYZING HOME COLLECTION STATUS FOR ALL TESTS
   ✅ Diabetes Monitor - Home Collection: AVAILABLE (type='home')
   ✅ Glucose (Urine) - Home Collection: AVAILABLE (type='home')

📊 HOME COLLECTION ANALYSIS:
   Total tests found: 2
   Tests WITH home collection: 2
   Tests WITHOUT home collection: 0

✅ Validated stored test: Glucose (Urine)
   Test ID: PATH006
   Product ID: 675921110856fe1e1e992d5a

✅ Validated stored test: Diabetes Monitor
   Test ID: null
   Product ID: 675921b2ba6f16b8c0d7bee4

✅ GLOBAL SEARCH COMPLETE (Stored 2 tests)
]]></system-out>
  </testcase>
  <testcase name="testAddToCart_ForMember" classname="com.mryoda.diagnostics.api.tests.AddToCartAPITest" time="0.287">
    <system-out><![CDATA[
--- AddToCart For Member ---

🧹 CLEARING PREVIOUS CART for User ID: 6a7b0214-b5f0-4e9b-b6c4-cd6123898ed3
Request method:	POST
Request URI:	https://dev-api-yodadiagnostics.yodaprojects.com/carts/v2/addCart
Proxy:			<none>
Request params:	<none>
Query params:	<none>
Form params:	<none>
Path params:	<none>
Headers:		Authorization=eyJhbGciOiJIUzI1NiIsInR5cCI6IkpXVCJ9.eyJ1c2VyR3VpZCI6IjZhN2IwMjE0LWI1ZjAtNGU5Yi1iNmM0LWNkNjEyMzg5OGVkMyIsIm1vYmlsZSI6IjkwMDM3MzAzOTQiLCJmaXJzdF9uYW1lIjoiUmFuaml0aCIsImxhc3RfbmFtZSI6Ikt1bWFyIiwiZW1haWwiOiIiLCJyb2xlIjoidXNlcl9vbmx5IiwiaWF0IjoxNzY3MTE3NzQzLCJleHAiOjE3ODI5MDM5ODN9.xfT81OwWI_azCiVyK7Jg1QTVSxlEo_R_b6mbvUvhCK4
				Accept=*/*
				Content-Type=application/json
Cookies:		<none>
Multiparts:		<none>
Body:
{
    "user_id": "6a7b0214-b5f0-4e9b-b6c4-cd6123898ed3",
    "lab_location_id": "64870066842708a0d5ae6c77",
    "product_details": [
        
    ],
    "order_type": "home"
}

--- 📈 PERFORMANCE STATS ---
   Method  : POST
   Endpoint: /carts/v2/addCart
   Time    : ⚡ 83 ms
----------------------------

   ✅ Cart clear API call successful.
   📦 Response Body: {"status":200,"success":true,"msg":"Cart updated successfully","total_amount":0,"data":{"id":155,"guid":"d1455e07-a759-4598-8df6-1120e77dbae9","user_id":"6a7b0214-b5f0-4e9b-b6c4-cd6123898ed3","_user_id":null,"product_details":[],"screen_reason":"lab_location_screen","conversion_status":"no","reason_for_drop_order":null,"final_cart_status":"open","reason":null,"created_at":"2025-09-04T14:10:07.596Z","updated_at":"2025-12-30T18:02:32.777Z","deleted_at":null,"order_type":"home","coupon_guid":null,"slot_guid":null,"rewards_used":0,"lab_location_id":"64870066842708a0d5ae6c77","referal_doctor":null,"membership_id":null,"address_id":null,"total_orders":102}}

🔍 CUSTOM PAYLOAD BUILDER for 6a7b0214-b5f0-4e9b-b6c4-cd6123898ed3
      ✅ Added test to payload: Diabetes Monitor (Type: home)
      ✅ Added test to payload: Glucose (Urine) (Type: home)
Request method:	POST
Request URI:	https://dev-api-yodadiagnostics.yodaprojects.com/carts/v2/addCart
Proxy:			<none>
Request params:	<none>
Query params:	<none>
Form params:	<none>
Path params:	<none>
Headers:		Authorization=eyJhbGciOiJIUzI1NiIsInR5cCI6IkpXVCJ9.eyJ1c2VyR3VpZCI6IjZhN2IwMjE0LWI1ZjAtNGU5Yi1iNmM0LWNkNjEyMzg5OGVkMyIsIm1vYmlsZSI6IjkwMDM3MzAzOTQiLCJmaXJzdF9uYW1lIjoiUmFuaml0aCIsImxhc3RfbmFtZSI6Ikt1bWFyIiwiZW1haWwiOiIiLCJyb2xlIjoidXNlcl9vbmx5IiwiaWF0IjoxNzY3MTE3NzQzLCJleHAiOjE3ODI5MDM5ODN9.xfT81OwWI_azCiVyK7Jg1QTVSxlEo_R_b6mbvUvhCK4
				Accept=*/*
				Content-Type=application/json
Cookies:		<none>
Multiparts:		<none>
Body:
{
    "user_id": "6a7b0214-b5f0-4e9b-b6c4-cd6123898ed3",
    "lab_location_id": "64870066842708a0d5ae6c77",
    "product_details": [
        {
            "quantity": 1,
            "product_id": "675921b2ba6f16b8c0d7bee4",
            "type": "home",
            "location_id": "64870066842708a0d5ae6c77",
            "brand_id": "efb159ac-db7c-4b06-a79b-021a8b6d67e8",
            "family_member_id": [
                "6a7b0214-b5f0-4e9b-b6c4-cd6123898ed3"
            ]
        },
        {
            "quantity": 1,
            "product_id": "675921110856fe1e1e992d5a",
            "type": "home",
            "location_id": "64870066842708a0d5ae6c77",
            "brand_id": "efb159ac-db7c-4b06-a79b-021a8b6d67e8",
            "family_member_id": [
                "6a7b0214-b5f0-4e9b-b6c4-cd6123898ed3"
            ]
        }
    ],
    "order_type": "home"
}

--- 📈 PERFORMANCE STATS ---
   Method  : POST
   Endpoint: /carts/v2/addCart
   Time    : ⚡ 98 ms
----------------------------

   ✅ Cart Data Stored for MEMBER (GUID: d1455e07-a759-4598-8df6-1120e77dbae9)
]]></system-out>
  </testcase>
  <testcase name="testAddToCart_ForNonMember" classname="com.mryoda.diagnostics.api.tests.AddToCartAPITest" time="0.324">
    <system-out><![CDATA[
--- AddToCart For Non-Member ---

🧹 CLEARING PREVIOUS CART for User ID: db682abb-31d1-44df-bf19-557b003a5c69
Request method:	POST
Request URI:	https://dev-api-yodadiagnostics.yodaprojects.com/carts/v2/addCart
Proxy:			<none>
Request params:	<none>
Query params:	<none>
Form params:	<none>
Path params:	<none>
Headers:		Authorization=eyJhbGciOiJIUzI1NiIsInR5cCI6IkpXVCJ9.eyJ1c2VyR3VpZCI6ImRiNjgyYWJiLTMxZDEtNDRkZi1iZjE5LTU1N2IwMDNhNWM2OSIsIm1vYmlsZSI6Ijk2NjY2NjY2NjUiLCJmaXJzdF9uYW1lIjoiUmFuaml0aCIsImxhc3RfbmFtZSI6Imt1bWFyIiwiZW1haWwiOiIiLCJyb2xlIjoidXNlcl9vbmx5IiwiaWF0IjoxNzY3MTE3NzQzLCJleHAiOjE3ODI5MDM5ODN9.CWub7IKjr7RHVqMJOKdGsxUFTmFfg6amKFb-RgjkLzE
				Accept=*/*
				Content-Type=application/json
Cookies:		<none>
Multiparts:		<none>
Body:
{
    "user_id": "db682abb-31d1-44df-bf19-557b003a5c69",
    "lab_location_id": "64870066842708a0d5ae6c77",
    "product_details": [
        
    ],
    "order_type": "home"
}

--- 📈 PERFORMANCE STATS ---
   Method  : POST
   Endpoint: /carts/v2/addCart
   Time    : ⚡ 100 ms
----------------------------

   ✅ Cart clear API call successful.
   📦 Response Body: {"status":200,"success":true,"msg":"Cart updated successfully","total_amount":0,"data":{"id":490,"guid":"bb89d801-01f3-4a57-9df0-a1be84bb12cd","user_id":"db682abb-31d1-44df-bf19-557b003a5c69","_user_id":null,"product_details":[],"screen_reason":"lab_location_screen","conversion_status":"no","reason_for_drop_order":null,"final_cart_status":"open","reason":null,"created_at":"2025-12-01T14:08:26.496Z","updated_at":"2025-12-30T18:02:33.101Z","deleted_at":null,"order_type":"home","coupon_guid":null,"slot_guid":null,"rewards_used":0,"lab_location_id":"64870066842708a0d5ae6c77","referal_doctor":null,"membership_id":null,"address_id":null,"total_orders":100}}

🔍 CUSTOM PAYLOAD BUILDER for db682abb-31d1-44df-bf19-557b003a5c69
      ✅ Added test to payload: Diabetes Monitor (Type: home)
      ✅ Added test to payload: Glucose (Urine) (Type: home)
Request method:	POST
Request URI:	https://dev-api-yodadiagnostics.yodaprojects.com/carts/v2/addCart
Proxy:			<none>
Request params:	<none>
Query params:	<none>
Form params:	<none>
Path params:	<none>
Headers:		Authorization=eyJhbGciOiJIUzI1NiIsInR5cCI6IkpXVCJ9.eyJ1c2VyR3VpZCI6ImRiNjgyYWJiLTMxZDEtNDRkZi1iZjE5LTU1N2IwMDNhNWM2OSIsIm1vYmlsZSI6Ijk2NjY2NjY2NjUiLCJmaXJzdF9uYW1lIjoiUmFuaml0aCIsImxhc3RfbmFtZSI6Imt1bWFyIiwiZW1haWwiOiIiLCJyb2xlIjoidXNlcl9vbmx5IiwiaWF0IjoxNzY3MTE3NzQzLCJleHAiOjE3ODI5MDM5ODN9.CWub7IKjr7RHVqMJOKdGsxUFTmFfg6amKFb-RgjkLzE
				Accept=*/*
				Content-Type=application/json
Cookies:		<none>
Multiparts:		<none>
Body:
{
    "user_id": "db682abb-31d1-44df-bf19-557b003a5c69",
    "lab_location_id": "64870066842708a0d5ae6c77",
    "product_details": [
        {
            "quantity": 1,
            "product_id": "675921b2ba6f16b8c0d7bee4",
            "type": "home",
            "location_id": "64870066842708a0d5ae6c77",
            "brand_id": "efb159ac-db7c-4b06-a79b-021a8b6d67e8",
            "family_member_id": [
                "db682abb-31d1-44df-bf19-557b003a5c69"
            ]
        },
        {
            "quantity": 1,
            "product_id": "675921110856fe1e1e992d5a",
            "type": "home",
            "location_id": "64870066842708a0d5ae6c77",
            "brand_id": "efb159ac-db7c-4b06-a79b-021a8b6d67e8",
            "family_member_id": [
                "db682abb-31d1-44df-bf19-557b003a5c69"
            ]
        }
    ],
    "order_type": "home"
}

--- 📈 PERFORMANCE STATS ---
   Method  : POST
   Endpoint: /carts/v2/addCart
   Time    : ⚡ 88 ms
----------------------------

   ✅ Cart Data Stored for NON_MEMBER (GUID: bb89d801-01f3-4a57-9df0-a1be84bb12cd)
]]></system-out>
  </testcase>
  <testcase name="testAddToCart_ForNewUser" classname="com.mryoda.diagnostics.api.tests.AddToCartAPITest" time="0.686">
    <system-out><![CDATA[
--- AddToCart For New User ---

🧹 CLEARING PREVIOUS CART for User ID: 079dae82-1078-4200-882b-075f46a8f1c1
Request method:	POST
Request URI:	https://dev-api-yodadiagnostics.yodaprojects.com/carts/v2/addCart
Proxy:			<none>
Request params:	<none>
Query params:	<none>
Form params:	<none>
Path params:	<none>
Headers:		Authorization=eyJhbGciOiJIUzI1NiIsInR5cCI6IkpXVCJ9.eyJ1c2VyR3VpZCI6IjA3OWRhZTgyLTEwNzgtNDIwMC04ODJiLTA3NWY0NmE4ZjFjMSIsIm1vYmlsZSI6Ijk1Njg4MjQzNDIiLCJmaXJzdF9uYW1lIjoiQXJqdW4iLCJsYXN0X25hbWUiOiJLaGFuIiwiZW1haWwiOiJhdXRvXzA4ZjcwNWE4QHRlc3QuY29tIiwicm9sZSI6InVzZXJfb25seSIsImlhdCI6MTc2NzExNzc0NCwiZXhwIjoxNzgyOTAzOTg0fQ.iyc-bzZFj7o7Zo-HUBDnWUiaZbivzWmCn_jwjhE3_eA
				Accept=*/*
				Content-Type=application/json
Cookies:		<none>
Multiparts:		<none>
Body:
{
    "user_id": "079dae82-1078-4200-882b-075f46a8f1c1",
    "lab_location_id": "64870066842708a0d5ae6c77",
    "product_details": [
        
    ],
    "order_type": "home"
}

--- 📈 PERFORMANCE STATS ---
   Method  : POST
   Endpoint: /carts/v2/addCart
   Time    : ⚡ 152 ms
----------------------------

   ✅ Cart clear API call successful.
   📦 Response Body: {"status":201,"success":true,"msg":"Cart saved successfully","total_amount":0,"data":{"id":989,"guid":"f7c8fa02-8d0c-48ba-a050-c51bd88c3611","user_id":"079dae82-1078-4200-882b-075f46a8f1c1","_user_id":null,"product_details":[],"screen_reason":"home_or_lab_screen","conversion_status":"no","reason_for_drop_order":null,"final_cart_status":"open","reason":null,"created_at":"2025-12-30T18:02:33.472Z","updated_at":"2025-12-30T18:02:33.472Z","deleted_at":null,"order_type":"home","coupon_guid":null,"slot_guid":null,"rewards_used":0,"lab_location_id":"64870066842708a0d5ae6c77","referal_doctor":null,"membership_id":null,"address_id":null,"total_orders":0}}

🔍 CUSTOM PAYLOAD BUILDER for 079dae82-1078-4200-882b-075f46a8f1c1
      ✅ Added test to payload: Diabetes Monitor (Type: home)
      ✅ Added test to payload: Glucose (Urine) (Type: home)
Request method:	POST
Request URI:	https://dev-api-yodadiagnostics.yodaprojects.com/carts/v2/addCart
Proxy:			<none>
Request params:	<none>
Query params:	<none>
Form params:	<none>
Path params:	<none>
Headers:		Authorization=eyJhbGciOiJIUzI1NiIsInR5cCI6IkpXVCJ9.eyJ1c2VyR3VpZCI6IjA3OWRhZTgyLTEwNzgtNDIwMC04ODJiLTA3NWY0NmE4ZjFjMSIsIm1vYmlsZSI6Ijk1Njg4MjQzNDIiLCJmaXJzdF9uYW1lIjoiQXJqdW4iLCJsYXN0X25hbWUiOiJLaGFuIiwiZW1haWwiOiJhdXRvXzA4ZjcwNWE4QHRlc3QuY29tIiwicm9sZSI6InVzZXJfb25seSIsImlhdCI6MTc2NzExNzc0NCwiZXhwIjoxNzgyOTAzOTg0fQ.iyc-bzZFj7o7Zo-HUBDnWUiaZbivzWmCn_jwjhE3_eA
				Accept=*/*
				Content-Type=application/json
Cookies:		<none>
Multiparts:		<none>
Body:
{
    "user_id": "079dae82-1078-4200-882b-075f46a8f1c1",
    "lab_location_id": "64870066842708a0d5ae6c77",
    "product_details": [
        {
            "quantity": 1,
            "product_id": "675921b2ba6f16b8c0d7bee4",
            "type": "home",
            "location_id": "64870066842708a0d5ae6c77",
            "brand_id": "efb159ac-db7c-4b06-a79b-021a8b6d67e8",
            "family_member_id": [
                "079dae82-1078-4200-882b-075f46a8f1c1"
            ]
        },
        {
            "quantity": 1,
            "product_id": "675921110856fe1e1e992d5a",
            "type": "home",
            "location_id": "64870066842708a0d5ae6c77",
            "brand_id": "efb159ac-db7c-4b06-a79b-021a8b6d67e8",
            "family_member_id": [
                "079dae82-1078-4200-882b-075f46a8f1c1"
            ]
        }
    ],
    "order_type": "home"
}

--- 📈 PERFORMANCE STATS ---
   Method  : POST
   Endpoint: /carts/v2/addCart
   Time    : ⚡ 95 ms
----------------------------

   ✅ Cart Data Stored for NEW_USER (GUID: f7c8fa02-8d0c-48ba-a050-c51bd88c3611)
]]></system-out>
  </testcase>
  <testcase name="testCOD_Flow_ForNewUser" classname="com.mryoda.diagnostics.api.tests.CreateOrderCODAPITest" time="3.031">
    <system-out><![CDATA[
>>> STARTING COD FLOW FOR NEW USER <<<

==========================================================
      GET CART API (Check Total for COD)
==========================================================
Request method:	GET
Request URI:	https://dev-api-yodadiagnostics.yodaprojects.com/carts/v2/getCartById/079dae82-1078-4200-882b-075f46a8f1c1?location=64870066842708a0d5ae6c77&order_type=home
Proxy:			<none>
Request params:	<none>
Query params:	location=64870066842708a0d5ae6c77
				order_type=home
Form params:	<none>
Path params:	<none>
Headers:		Authorization=eyJhbGciOiJIUzI1NiIsInR5cCI6IkpXVCJ9.eyJ1c2VyR3VpZCI6IjA3OWRhZTgyLTEwNzgtNDIwMC04ODJiLTA3NWY0NmE4ZjFjMSIsIm1vYmlsZSI6Ijk1Njg4MjQzNDIiLCJmaXJzdF9uYW1lIjoiQXJqdW4iLCJsYXN0X25hbWUiOiJLaGFuIiwiZW1haWwiOiJhdXRvXzA4ZjcwNWE4QHRlc3QuY29tIiwicm9sZSI6InVzZXJfb25seSIsImlhdCI6MTc2NzExNzc0NCwiZXhwIjoxNzgyOTAzOTg0fQ.iyc-bzZFj7o7Zo-HUBDnWUiaZbivzWmCn_jwjhE3_eA
				Accept=*/*
Cookies:		<none>
Multiparts:		<none>
Body:			<none>

--- 📈 PERFORMANCE STATS ---
   Method  : GET
   Endpoint: /carts/v2/getCartById/079dae82-1078-4200-882b-075f46a8f1c1
   Time    : ⚡ 273 ms
----------------------------

Response Status: 200
Cart Total Price: 1053
Cart ID: f7c8fa02-8d0c-48ba-a050-c51bd88c3611
Slot GUID: null
Lab Location ID: 64870066842708a0d5ae6c77
Order Type: home
✅ COD Eligibility Check Passed (Total < 2500)

==========================================================
      ADD ADDRESS API (Required for Home Order)
==========================================================
Request method:	POST
Request URI:	https://dev-api-yodadiagnostics.yodaprojects.com/address/addAddress
Proxy:			<none>
Request params:	<none>
Query params:	<none>
Form params:	<none>
Path params:	<none>
Headers:		Authorization=eyJhbGciOiJIUzI1NiIsInR5cCI6IkpXVCJ9.eyJ1c2VyR3VpZCI6IjA3OWRhZTgyLTEwNzgtNDIwMC04ODJiLTA3NWY0NmE4ZjFjMSIsIm1vYmlsZSI6Ijk1Njg4MjQzNDIiLCJmaXJzdF9uYW1lIjoiQXJqdW4iLCJsYXN0X25hbWUiOiJLaGFuIiwiZW1haWwiOiJhdXRvXzA4ZjcwNWE4QHRlc3QuY29tIiwicm9sZSI6InVzZXJfb25seSIsImlhdCI6MTc2NzExNzc0NCwiZXhwIjoxNzgyOTAzOTg0fQ.iyc-bzZFj7o7Zo-HUBDnWUiaZbivzWmCn_jwjhE3_eA
				Accept=*/*
				Content-Type=application/json
Cookies:		<none>
Multiparts:		<none>
Body:
{
    "country": "India",
    "city": "Hyderabad",
    "recipient_mobile_number": "9999999999",
    "latitude": "17.4358447",
    "type": "home",
    "country_code": "+91",
    "user_id": "079dae82-1078-4200-882b-075f46a8f1c1",
    "address_line1": "Hyderabad",
    "name": "Ameerpet (HQ)",
    "receiver_name": "Test User",
    "state": "Telangana",
    "postal_code": "500016",
    "longitude": "78.452737"
}

--- 📈 PERFORMANCE STATS ---
   Method  : POST
   Endpoint: /address/addAddress
   Time    : ⚡ 109 ms
----------------------------

Response Status: 201
Response Body: {"status":201,"success":true,"msg":"Address saved successfully","total_amount":0,"data":{"id":786,"guid":"8182123f-afb4-4a2b-859b-32458f923dfb","user_id":"079dae82-1078-4200-882b-075f46a8f1c1","_user_id":1000,"receiver_name":"Test User","recipient_mobile_number":"9999999999","address_line1":"Hyderabad","address_line2":null,"land_mark":null,"city":"Hyderabad","state":"Telangana","country":"India","postal_code":"500016","name":"Ameerpet (HQ)","type":"home","latitude":"17.4358447","longitude":"78.452737","is_default":true,"serving_location":true,"country_code":"+91","floor_number":null,"created_at":"2025-12-30T18:02:34.413Z","updated_at":"2025-12-30T18:02:34.413Z","deleted_at":null}}
Created Address ID: 786

==========================================================
      GET CENTRES BY ADDRESS API
==========================================================
Request Payload: {lab_id=64870066842708a0d5ae6c77, addressid=8182123f-afb4-4a2b-859b-32458f923dfb}
Target URL: https://dev-api-yodadiagnostics.yodaprojects.com/slot/getCentersByadd
Request method:	POST
Request URI:	https://dev-api-yodadiagnostics.yodaprojects.com/slot/getCentersByadd
Proxy:			<none>
Request params:	<none>
Query params:	<none>
Form params:	<none>
Path params:	<none>
Headers:		Authorization=eyJhbGciOiJIUzI1NiIsInR5cCI6IkpXVCJ9.eyJ1c2VyR3VpZCI6IjA3OWRhZTgyLTEwNzgtNDIwMC04ODJiLTA3NWY0NmE4ZjFjMSIsIm1vYmlsZSI6Ijk1Njg4MjQzNDIiLCJmaXJzdF9uYW1lIjoiQXJqdW4iLCJsYXN0X25hbWUiOiJLaGFuIiwiZW1haWwiOiJhdXRvXzA4ZjcwNWE4QHRlc3QuY29tIiwicm9sZSI6InVzZXJfb25seSIsImlhdCI6MTc2NzExNzc0NCwiZXhwIjoxNzgyOTAzOTg0fQ.iyc-bzZFj7o7Zo-HUBDnWUiaZbivzWmCn_jwjhE3_eA
				Accept=*/*
				Content-Type=application/json
Cookies:		<none>
Multiparts:		<none>
Body:
{
    "lab_id": "64870066842708a0d5ae6c77",
    "addressid": "8182123f-afb4-4a2b-859b-32458f923dfb"
}

--- 📈 PERFORMANCE STATS ---
   Method  : POST
   Endpoint: /slot/getCentersByadd
   Time    : ⚡ 68 ms
----------------------------

Response Status: 200
Response Body: {"status":200,"success":true,"msg":"Valid Location","total_amount":0}
✅ Centres fetched successfully for address: 8182123f-afb4-4a2b-859b-32458f923dfb

==========================================================
      ADD TO CART API (With Address ID)
==========================================================
Request Payload: {user_id=079dae82-1078-4200-882b-075f46a8f1c1, address_id=8182123f-afb4-4a2b-859b-32458f923dfb, product_details=[{quantity=1, product_id=675921b2ba6f16b8c0d7bee4, type=home, location_id=64870066842708a0d5ae6c77, brand_id=efb159ac-db7c-4b06-a79b-021a8b6d67e8, family_member_id=[079dae82-1078-4200-882b-075f46a8f1c1]}, {quantity=1, product_id=675921110856fe1e1e992d5a, type=home, location_id=64870066842708a0d5ae6c77, brand_id=efb159ac-db7c-4b06-a79b-021a8b6d67e8, family_member_id=[079dae82-1078-4200-882b-075f46a8f1c1]}]}
Target URL: https://dev-api-yodadiagnostics.yodaprojects.com/carts/v2/addCart
Request method:	POST
Request URI:	https://dev-api-yodadiagnostics.yodaprojects.com/carts/v2/addCart
Proxy:			<none>
Request params:	<none>
Query params:	<none>
Form params:	<none>
Path params:	<none>
Headers:		Authorization=eyJhbGciOiJIUzI1NiIsInR5cCI6IkpXVCJ9.eyJ1c2VyR3VpZCI6IjA3OWRhZTgyLTEwNzgtNDIwMC04ODJiLTA3NWY0NmE4ZjFjMSIsIm1vYmlsZSI6Ijk1Njg4MjQzNDIiLCJmaXJzdF9uYW1lIjoiQXJqdW4iLCJsYXN0X25hbWUiOiJLaGFuIiwiZW1haWwiOiJhdXRvXzA4ZjcwNWE4QHRlc3QuY29tIiwicm9sZSI6InVzZXJfb25seSIsImlhdCI6MTc2NzExNzc0NCwiZXhwIjoxNzgyOTAzOTg0fQ.iyc-bzZFj7o7Zo-HUBDnWUiaZbivzWmCn_jwjhE3_eA
				Accept=*/*
				Content-Type=application/json
Cookies:		<none>
Multiparts:		<none>
Body:
{
    "user_id": "079dae82-1078-4200-882b-075f46a8f1c1",
    "address_id": "8182123f-afb4-4a2b-859b-32458f923dfb",
    "product_details": [
        {
            "quantity": 1,
            "product_id": "675921b2ba6f16b8c0d7bee4",
            "type": "home",
            "location_id": "64870066842708a0d5ae6c77",
            "brand_id": "efb159ac-db7c-4b06-a79b-021a8b6d67e8",
            "family_member_id": [
                "079dae82-1078-4200-882b-075f46a8f1c1"
            ]
        },
        {
            "quantity": 1,
            "product_id": "675921110856fe1e1e992d5a",
            "type": "home",
            "location_id": "64870066842708a0d5ae6c77",
            "brand_id": "efb159ac-db7c-4b06-a79b-021a8b6d67e8",
            "family_member_id": [
                "079dae82-1078-4200-882b-075f46a8f1c1"
            ]
        }
    ]
}

--- 📈 PERFORMANCE STATS ---
   Method  : POST
   Endpoint: /carts/v2/addCart
   Time    : ⚡ 86 ms
----------------------------

Response Status: 200
Response Body: {"status":200,"success":true,"msg":"Cart updated successfully","total_amount":0,"data":{"id":989,"guid":"f7c8fa02-8d0c-48ba-a050-c51bd88c3611","user_id":"079dae82-1078-4200-882b-075f46a8f1c1","_user_id":null,"product_details":[{"product_id":"675921110856fe1e1e992d5a","quantity":1,"brand_id":"efb159ac-db7c-4b06-a79b-021a8b6d67e8","family_member_id":["079dae82-1078-4200-882b-075f46a8f1c1"],"location_id":"64870066842708a0d5ae6c77"},{"product_id":"675921b2ba6f16b8c0d7bee4","quantity":1,"brand_id":"efb159ac-db7c-4b06-a79b-021a8b6d67e8","family_member_id":["079dae82-1078-4200-882b-075f46a8f1c1"],"location_id":"64870066842708a0d5ae6c77"}],"screen_reason":"home_or_lab_screen","conversion_status":"no","reason_for_drop_order":null,"final_cart_status":"open","reason":null,"created_at":"2025-12-30T18:02:33.472Z","updated_at":"2025-12-30T18:02:34.645Z","deleted_at":null,"order_type":"home","coupon_guid":null,"slot_guid":null,"rewards_used":0,"lab_location_id":"64870066842708a0d5ae6c77","referal_doctor":null,"membership_id":null,"address_id":"8182123f-afb4-4a2b-859b-32458f923dfb","total_orders":0}}
✅ Cart updated successfully with address_id: 8182123f-afb4-4a2b-859b-32458f923dfb
   Updated Cart GUID: f7c8fa02-8d0c-48ba-a050-c51bd88c3611
? SEARCHING FOR AVAILABLE SLOTS...
Request method:	POST
Request URI:	https://dev-api-yodadiagnostics.yodaprojects.com/slot/getSlotCountByTime
Proxy:			<none>
Request params:	<none>
Query params:	<none>
Form params:	<none>
Path params:	<none>
Headers:		Authorization=eyJhbGciOiJIUzI1NiIsInR5cCI6IkpXVCJ9.eyJ1c2VyR3VpZCI6IjA3OWRhZTgyLTEwNzgtNDIwMC04ODJiLTA3NWY0NmE4ZjFjMSIsIm1vYmlsZSI6Ijk1Njg4MjQzNDIiLCJmaXJzdF9uYW1lIjoiQXJqdW4iLCJsYXN0X25hbWUiOiJLaGFuIiwiZW1haWwiOiJhdXRvXzA4ZjcwNWE4QHRlc3QuY29tIiwicm9sZSI6InVzZXJfb25seSIsImlhdCI6MTc2NzExNzc0NCwiZXhwIjoxNzgyOTAzOTg0fQ.iyc-bzZFj7o7Zo-HUBDnWUiaZbivzWmCn_jwjhE3_eA
				Accept=*/*
				Content-Type=application/json
Cookies:		<none>
Multiparts:		<none>
Body:
{
    "slot_start_time": "2025-12-30",
    "limit": 100,
    "page": 1,
    "type": "home",
    "addressguid": "8182123f-afb4-4a2b-859b-32458f923dfb"
}

--- 📈 PERFORMANCE STATS ---
   Method  : POST
   Endpoint: /slot/getSlotCountByTime
   Time    : ⚡ 101 ms
----------------------------

--- Slot Search ---
Date Searched: 2025-12-30
Status Code: 200
Response Body: {"status":200,"success":true,"msg":"Slots Fetched Successfully","total":23,"page":1,"limit":100,"total_pages":1,"total_amount":0,"data":[{"guid":"0173833a-db60-4a8a-8aa8-7065ec84e900","type":"home","day":null,"starttime":"2025-12-30 00:00:00","endtime":"2025-12-30 01:00:00","count":0,"centerid":"676e886d854c2069a0d47703"},{"guid":"f6f71a8f-8a30-4f9c-a781-871988fb8e69","type":"home","day":null,"starttime":"2025-12-30 01:00:00","endtime":"2025-12-30 02:00:00","count":0,"centerid":"676e886d854c2069a0d47703"},{"guid":"83d4e6ba-17fe-41fa-9807-9e2bef41da54","type":"home","day":null,"starttime":"2025-12-30 02:00:00","endtime":"2025-12-30 03:00:00","count":0,"centerid":"676e886d854c2069a0d47703"},{"guid":"7814831f-305d-4557-8fc6-03043d502cf8","type":"home","day":null,"starttime":"2025-12-30 03:00:00","endtime":"2025-12-30 04:00:00","count":0,"centerid":"676e886d854c2069a0d47703"},{"guid":"166f9cd3-4513-4c37-8545-25250f3b9191","type":"home","day":null,"starttime":"2025-12-30 04:00:00","endtime":"2025-12-30 05:00:00","count":0,"centerid":"676e886d854c2069a0d47703"},{"guid":"ef48e3bf-bfe4-4b00-9ead-6cab5cc880d8","type":"home","day":null,"starttime":"2025-12-30 05:00:00","endtime":"2025-12-30 06:00:00","count":0,"centerid":"676e886d854c2069a0d47703"},{"guid":"7c2ca4b9-61c9-4d1c-8bc1-40bedf445f32","type":"home","day":null,"starttime":"2025-12-30 06:00:00","endtime":"2025-12-30 07:00:00","count":0,"centerid":"676e886d854c2069a0d47703"},{"guid":"371e3133-de0e-4e04-97c8-b6ebb672565c","type":"home","day":null,"starttime":"2025-12-30 07:00:00","endtime":"2025-12-30 08:00:00","count":0,"centerid":"676e886d854c2069a0d47703"},{"guid":"823b618e-63ce-4a32-be33-3e830d72d256","type":"home","day":null,"starttime":"2025-12-30 08:00:00","endtime":"2025-12-30 09:00:00","count":0,"centerid":"676e886d854c2069a0d47703"},{"guid":"c2be8d63-fbf9-4fb6-879c-a0eb1487aedf","type":"home","day":null,"starttime":"2025-12-30 09:00:00","endtime":"2025-12-30 10:00:00","count":0,"centerid":"676e886d854c2069a0d47703"},{"guid":"09f0faa0-9a1d-499d-b800-5e5b1a005a59","type":"home","day":null,"starttime":"2025-12-30 10:00:00","endtime":"2025-12-30 11:00:00","count":0,"centerid":"676e886d854c2069a0d47703"},{"guid":"1ba79a24-8511-46ac-b3a7-93d0c9d9feef","type":"home","day":null,"starttime":"2025-12-30 11:00:00","endtime":"2025-12-30 12:00:00","count":0,"centerid":"676e886d854c2069a0d47703"},{"guid":"7945e98b-1af2-45b6-aa30-2d7a953b87f3","type":"home","day":null,"starttime":"2025-12-30 12:00:00","endtime":"2025-12-30 13:00:00","count":0,"centerid":"676e886d854c2069a0d47703"},{"guid":"7991411c-55c8-4f5f-ab3e-f1455ab44c58","type":"home","day":null,"starttime":"2025-12-30 13:00:00","endtime":"2025-12-30 14:00:00","count":0,"centerid":"676e886d854c2069a0d47703"},{"guid":"994cd6d3-ef31-4458-bf91-1cc30a8ab618","type":"home","day":null,"starttime":"2025-12-30 14:00:00","endtime":"2025-12-30 15:00:00","count":0,"centerid":"676e886d854c2069a0d47703"},{"guid":"d1dbedbf-f53d-4b30-a5e8-2019b987803b","type":"home","day":null,"starttime":"2025-12-30 15:00:00","endtime":"2025-12-30 16:00:00","count":0,"centerid":"676e886d854c2069a0d47703"},{"guid":"d060fe59-802b-46c5-ad9e-9b17662cd919","type":"home","day":null,"starttime":"2025-12-30 16:00:00","endtime":"2025-12-30 17:00:00","count":0,"centerid":"676e886d854c2069a0d47703"},{"guid":"9b3051f0-cbde-462e-be60-546d6517255a","type":"home","day":null,"starttime":"2025-12-30 17:00:00","endtime":"2025-12-30 18:00:00","count":0,"centerid":"676e886d854c2069a0d47703"},{"guid":"ae8dd3ac-d07f-40e2-857c-cd1c59ae7e3d","type":"home","day":null,"starttime":"2025-12-30 18:00:00","endtime":"2025-12-30 19:00:00","count":0,"centerid":"676e886d854c2069a0d47703"},{"guid":"1d88673a-d5d9-48a3-bbd7-705fb9865b9e","type":"home","day":null,"starttime":"2025-12-30 19:00:00","endtime":"2025-12-30 20:00:00","count":0,"centerid":"676e886d854c2069a0d47703"},{"guid":"180a09c3-e7ac-4882-9d69-ebe13bb6abc8","type":"home","day":null,"starttime":"2025-12-30 20:00:00","endtime":"2025-12-30 21:00:00","count":0,"centerid":"676e886d854c2069a0d47703"},{"guid":"49709f04-cd7d-47ec-b6de-7445dadf2259","type":"home","day":null,"starttime":"2025-12-30 21:00:00","endtime":"2025-12-30 22:00:00","count":0,"centerid":"676e886d854c2069a0d47703"},{"guid":"814a83a1-5de3-4f09-be54-d1db34f7e8b9","type":"home","day":null,"starttime":"2025-12-30 22:00:00","endtime":"2025-12-30 23:00:00","count":0,"centerid":"676e886d854c2069a0d47703"}]}
--- End Slot Search ---
Request method:	POST
Request URI:	https://dev-api-yodadiagnostics.yodaprojects.com/slot/getSlotCountByTime
Proxy:			<none>
Request params:	<none>
Query params:	<none>
Form params:	<none>
Path params:	<none>
Headers:		Authorization=eyJhbGciOiJIUzI1NiIsInR5cCI6IkpXVCJ9.eyJ1c2VyR3VpZCI6IjA3OWRhZTgyLTEwNzgtNDIwMC04ODJiLTA3NWY0NmE4ZjFjMSIsIm1vYmlsZSI6Ijk1Njg4MjQzNDIiLCJmaXJzdF9uYW1lIjoiQXJqdW4iLCJsYXN0X25hbWUiOiJLaGFuIiwiZW1haWwiOiJhdXRvXzA4ZjcwNWE4QHRlc3QuY29tIiwicm9sZSI6InVzZXJfb25seSIsImlhdCI6MTc2NzExNzc0NCwiZXhwIjoxNzgyOTAzOTg0fQ.iyc-bzZFj7o7Zo-HUBDnWUiaZbivzWmCn_jwjhE3_eA
				Accept=*/*
				Content-Type=application/json
Cookies:		<none>
Multiparts:		<none>
Body:
{
    "slot_start_time": "2025-12-31",
    "limit": 100,
    "page": 1,
    "type": "home",
    "addressguid": "8182123f-afb4-4a2b-859b-32458f923dfb"
}

--- 📈 PERFORMANCE STATS ---
   Method  : POST
   Endpoint: /slot/getSlotCountByTime
   Time    : ⚡ 90 ms
----------------------------

--- Slot Search ---
Date Searched: 2025-12-31
Status Code: 200
Response Body: {"status":200,"success":true,"msg":"Slots Fetched Successfully","total":23,"page":1,"limit":100,"total_pages":1,"total_amount":0,"data":[{"guid":"52e08992-3abd-45dc-bbf4-0119a52b4c43","type":"home","day":null,"starttime":"2025-12-31 00:00:00","endtime":"2025-12-31 01:00:00","count":0,"centerid":"676e886d854c2069a0d47703"},{"guid":"79064968-3f0a-4027-9a68-4227b86d701a","type":"home","day":null,"starttime":"2025-12-31 01:00:00","endtime":"2025-12-31 02:00:00","count":0,"centerid":"676e886d854c2069a0d47703"},{"guid":"52a49ede-ce35-459c-a47f-c2d33c55027e","type":"home","day":null,"starttime":"2025-12-31 02:00:00","endtime":"2025-12-31 03:00:00","count":24,"centerid":"676e886d854c2069a0d47703"},{"guid":"fc0de6bd-58ba-4e9a-88bb-8c0eb86b304d","type":"home","day":null,"starttime":"2025-12-31 03:00:00","endtime":"2025-12-31 04:00:00","count":18,"centerid":"676e886d854c2069a0d47703"},{"guid":"92e638a7-5368-4e0e-9a80-f3099097514b","type":"home","day":null,"starttime":"2025-12-31 04:00:00","endtime":"2025-12-31 05:00:00","count":30,"centerid":"676e886d854c2069a0d47703"},{"guid":"70445289-09d0-4169-927f-7dd41fdd88e2","type":"home","day":null,"starttime":"2025-12-31 05:00:00","endtime":"2025-12-31 06:00:00","count":30,"centerid":"676e886d854c2069a0d47703"},{"guid":"3b4d8873-f0e7-418d-b973-93af60f4c195","type":"home","day":null,"starttime":"2025-12-31 06:00:00","endtime":"2025-12-31 07:00:00","count":30,"centerid":"676e886d854c2069a0d47703"},{"guid":"54074306-3d57-4424-9e88-24a90736c647","type":"home","day":null,"starttime":"2025-12-31 07:00:00","endtime":"2025-12-31 08:00:00","count":30,"centerid":"676e886d854c2069a0d47703"},{"guid":"160430cc-9faa-422f-b625-7ba951fcf6cf","type":"home","day":null,"starttime":"2025-12-31 08:00:00","endtime":"2025-12-31 09:00:00","count":30,"centerid":"676e886d854c2069a0d47703"},{"guid":"6244491c-f09f-4cd7-bd81-0363c15849b2","type":"home","day":null,"starttime":"2025-12-31 09:00:00","endtime":"2025-12-31 10:00:00","count":30,"centerid":"676e886d854c2069a0d47703"},{"guid":"9e8b8b1c-363e-4acf-81e5-3b6466bf4b0d","type":"home","day":null,"starttime":"2025-12-31 10:00:00","endtime":"2025-12-31 11:00:00","count":30,"centerid":"676e886d854c2069a0d47703"},{"guid":"f668ae9f-ce3c-4ece-b256-72a0db79f98b","type":"home","day":null,"starttime":"2025-12-31 11:00:00","endtime":"2025-12-31 12:00:00","count":30,"centerid":"676e886d854c2069a0d47703"},{"guid":"edb2718e-f95c-4ea4-a2a9-efa990566ac4","type":"home","day":null,"starttime":"2025-12-31 12:00:00","endtime":"2025-12-31 13:00:00","count":30,"centerid":"676e886d854c2069a0d47703"},{"guid":"b8355e9d-543e-4878-8211-1868c42d53ec","type":"home","day":null,"starttime":"2025-12-31 13:00:00","endtime":"2025-12-31 14:00:00","count":30,"centerid":"676e886d854c2069a0d47703"},{"guid":"9541a07e-875b-4c8c-a07a-723d6d97816e","type":"home","day":null,"starttime":"2025-12-31 14:00:00","endtime":"2025-12-31 15:00:00","count":30,"centerid":"676e886d854c2069a0d47703"},{"guid":"f77d6924-7a82-4e27-a1f2-fad7fa41be50","type":"home","day":null,"starttime":"2025-12-31 15:00:00","endtime":"2025-12-31 16:00:00","count":30,"centerid":"676e886d854c2069a0d47703"},{"guid":"896da3e4-0852-479a-9471-a83608e46594","type":"home","day":null,"starttime":"2025-12-31 16:00:00","endtime":"2025-12-31 17:00:00","count":30,"centerid":"676e886d854c2069a0d47703"},{"guid":"8a6157cf-714a-480c-8562-8118c91dbe1e","type":"home","day":null,"starttime":"2025-12-31 17:00:00","endtime":"2025-12-31 18:00:00","count":30,"centerid":"676e886d854c2069a0d47703"},{"guid":"34a7da1f-cd77-4cf5-b016-f921afb50206","type":"home","day":null,"starttime":"2025-12-31 18:00:00","endtime":"2025-12-31 19:00:00","count":29,"centerid":"676e886d854c2069a0d47703"},{"guid":"9cde88b4-9ae4-4c82-a7d9-c714dbc1f881","type":"home","day":null,"starttime":"2025-12-31 19:00:00","endtime":"2025-12-31 20:00:00","count":30,"centerid":"676e886d854c2069a0d47703"},{"guid":"5d739ed3-f3f3-4198-936f-bfba1ced1691","type":"home","day":null,"starttime":"2025-12-31 20:00:00","endtime":"2025-12-31 21:00:00","count":30,"centerid":"676e886d854c2069a0d47703"},{"guid":"f5935f76-f39f-42c8-adb3-101116052ff9","type":"home","day":null,"starttime":"2025-12-31 21:00:00","endtime":"2025-12-31 22:00:00","count":29,"centerid":"676e886d854c2069a0d47703"},{"guid":"da2b11bf-d24a-4017-b59b-53f7a722bd21","type":"home","day":null,"starttime":"2025-12-31 22:00:00","endtime":"2025-12-31 23:00:00","count":30,"centerid":"676e886d854c2069a0d47703"}]}
--- End Slot Search ---
   ✅ Found Slot: 2025-12-31 02:00:00 - 2025-12-31 03:00:00

? UPDATING CART WITH SLOT...
Request method:	POST
Request URI:	https://dev-api-yodadiagnostics.yodaprojects.com/carts/v2/addCart
Proxy:			<none>
Request params:	<none>
Query params:	<none>
Form params:	<none>
Path params:	<none>
Headers:		Authorization=eyJhbGciOiJIUzI1NiIsInR5cCI6IkpXVCJ9.eyJ1c2VyR3VpZCI6IjA3OWRhZTgyLTEwNzgtNDIwMC04ODJiLTA3NWY0NmE4ZjFjMSIsIm1vYmlsZSI6Ijk1Njg4MjQzNDIiLCJmaXJzdF9uYW1lIjoiQXJqdW4iLCJsYXN0X25hbWUiOiJLaGFuIiwiZW1haWwiOiJhdXRvXzA4ZjcwNWE4QHRlc3QuY29tIiwicm9sZSI6InVzZXJfb25seSIsImlhdCI6MTc2NzExNzc0NCwiZXhwIjoxNzgyOTAzOTg0fQ.iyc-bzZFj7o7Zo-HUBDnWUiaZbivzWmCn_jwjhE3_eA
				Accept=*/*
				Content-Type=application/json
Cookies:		<none>
Multiparts:		<none>
Body:
{
    "user_id": "079dae82-1078-4200-882b-075f46a8f1c1",
    "slot_guid": "52a49ede-ce35-459c-a47f-c2d33c55027e",
    "address_id": "8182123f-afb4-4a2b-859b-32458f923dfb",
    "lab_location_id": "64870066842708a0d5ae6c77",
    "product_details": [
        {
            "quantity": 1,
            "product_id": "675921b2ba6f16b8c0d7bee4",
            "type": "home",
            "location_id": "64870066842708a0d5ae6c77",
            "brand_id": "efb159ac-db7c-4b06-a79b-021a8b6d67e8",
            "family_member_id": [
                "079dae82-1078-4200-882b-075f46a8f1c1"
            ]
        },
        {
            "quantity": 1,
            "product_id": "675921110856fe1e1e992d5a",
            "type": "home",
            "location_id": "64870066842708a0d5ae6c77",
            "brand_id": "efb159ac-db7c-4b06-a79b-021a8b6d67e8",
            "family_member_id": [
                "079dae82-1078-4200-882b-075f46a8f1c1"
            ]
        }
    ],
    "order_type": "home"
}

--- 📈 PERFORMANCE STATS ---
   Method  : POST
   Endpoint: /carts/v2/addCart
   Time    : ⚡ 96 ms
----------------------------

✅ Cart updated successfully with Slot: 52a49ede-ce35-459c-a47f-c2d33c55027e

==========================================================
      VERIFY PAYMENT API (COD PRE-CHECK)
==========================================================
Request Payload: {user_id=079dae82-1078-4200-882b-075f46a8f1c1}
Target URL: https://dev-api-yodadiagnostics.yodaprojects.com/gateway/v2/VerifyPayment
Request method:	POST
Request URI:	https://dev-api-yodadiagnostics.yodaprojects.com/gateway/v2/VerifyPayment
Proxy:			<none>
Request params:	<none>
Query params:	<none>
Form params:	<none>
Path params:	<none>
Headers:		Authorization=eyJhbGciOiJIUzI1NiIsInR5cCI6IkpXVCJ9.eyJ1c2VyR3VpZCI6IjA3OWRhZTgyLTEwNzgtNDIwMC04ODJiLTA3NWY0NmE4ZjFjMSIsIm1vYmlsZSI6Ijk1Njg4MjQzNDIiLCJmaXJzdF9uYW1lIjoiQXJqdW4iLCJsYXN0X25hbWUiOiJLaGFuIiwiZW1haWwiOiJhdXRvXzA4ZjcwNWE4QHRlc3QuY29tIiwicm9sZSI6InVzZXJfb25seSIsImlhdCI6MTc2NzExNzc0NCwiZXhwIjoxNzgyOTAzOTg0fQ.iyc-bzZFj7o7Zo-HUBDnWUiaZbivzWmCn_jwjhE3_eA
				Accept=*/*
				Content-Type=application/json
Cookies:		<none>
Multiparts:		<none>
Body:
{
    "user_id": "079dae82-1078-4200-882b-075f46a8f1c1"
}

--- 📈 PERFORMANCE STATS ---
   Method  : POST
   Endpoint: /gateway/v2/VerifyPayment
   Time    : ⚡ 938 ms
----------------------------

Response Status: 200
Response Body: {"status":200,"success":true,"msg":"Orders saved successfully.","total_amount":0,"data":[{"orderDetails":[{"id":3640,"guid":"102d9b5b-86ff-4e48-89fd-351a247274ba","order_number":"01KDR6T55TTWG7D8FYYSKXC465","brand_id":"efb159ac-db7c-4b06-a79b-021a8b6d67e8","user_id":"079dae82-1078-4200-882b-075f46a8f1c1","family_member_id":null,"total_price":"803","final_price":"803","rewards_used":"0","delivery_charge":"250","paid_amount":"1053","order_status":"Pending","membership_discount":0,"membership_mobile_number":null,"sample_collection_by":null,"sample_collection_date":null,"payment_id":"5cd8f339-2616-4032-abce-915e2d5e9dde","address_id":"8182123f-afb4-4a2b-859b-32458f923dfb","lab_location_id":"64870066842708a0d5ae6c77","order_sample_number":"MY25AAA3150","visit_number":"","cancelled_date":null,"cancelled_by":null,"completed_date":null,"completed_by":null,"received_at":null,"slot_start_time":"2025-12-31T02:00:00.000Z","slot_end_time":"2025-12-31T03:00:00.000Z","slot_guid":"52a49ede-ce35-459c-a47f-c2d33c55027e","reschedule_count":0,"order_created_by":null,"order_created_at":"2025-12-30T18:02:35.632Z","referal_doctor":null,"phlebo_id":null,"admin_approval_status":null,"admin_approval_by":null,"admin_approval_at":null,"rewards_gain":"0","cancel_order_remarks":null,"tube_barcode":null,"cancelled_by_user_at":null,"it_dose_order_status":null,"it_dose_order_updated_at":"2025-12-30T18:02:35.634Z","it_dose_order_item_status":null,"phlebo_otp":null,"phlebo_assigned_at":null,"inaugural_discount":0,"cart_id":"pb_57590d90_mjswaak6","created_at":"2025-12-30T18:02:35.634Z","updated_at":"2025-12-30T18:02:35.634Z","deleted_at":null,"coupon_code":null,"coupon_guid":null,"coupon_discount_amount":"0","doctors_discount":null,"orderFrom":null,"cancel_delivery_deducted":false,"refund_amount":"0","is_clinic":false}],"OrderItems":[{"id":5648,"guid":"9629afdf-f7d9-4404-925d-05b7cf977275","order_id":"102d9b5b-86ff-4e48-89fd-351a247274ba","product_id":"675921110856fe1e1e992d5a","product_name":"Glucose (Urine)","product_type":"{\"\\\"675697b0262d1460f8d55dab\\\"\"}","product_code":"PATH006","quantity":"1","actual_price":"3","final_price":"3","original_price":"60","order_status":"Pending","family_member_id":null,"membership_discount":0,"order_item_number":"MY25AAA3150-1","cancelled_at":null,"admin_approval_status":null,"admin_approval_by":null,"admin_approval_at":null,"cancel_order_remarks":null,"created_at":"2025-12-30T18:02:35.634Z","deleted_at":null},{"id":5649,"guid":"b5210a55-4233-409f-8e72-e5e325a93225","order_id":"102d9b5b-86ff-4e48-89fd-351a247274ba","product_id":"675921b2ba6f16b8c0d7bee4","product_name":"Diabetes Monitor","product_type":"{\"\\\"675697b0262d1460f8d55df2\\\"\"}","product_code":"YDPK035","quantity":"1","actual_price":"800","final_price":"800","original_price":"800","order_status":"Pending","family_member_id":null,"membership_discount":0,"order_item_number":"MY25AAA3150-2","cancelled_at":null,"admin_approval_status":null,"admin_approval_by":null,"admin_approval_at":null,"cancel_order_remarks":null,"created_at":"2025-12-30T18:02:35.634Z","deleted_at":null}],"membershipDetails":{"isMembershipOrder":false}}]}
Extracted Payment ID: 5cd8f339-2616-4032-abce-915e2d5e9dde
Extracted Order ID: 102d9b5b-86ff-4e48-89fd-351a247274ba

==========================================================
      GET PAYMENT BY ID API (DEV)
==========================================================
Request Payload: {id=5cd8f339-2616-4032-abce-915e2d5e9dde}
Target URL: https://dev-api-yodadiagnostics.yodaprojects.com/gateway/getPaymentById
Request method:	POST
Request URI:	https://dev-api-yodadiagnostics.yodaprojects.com/gateway/getPaymentById
Proxy:			<none>
Request params:	<none>
Query params:	<none>
Form params:	<none>
Path params:	<none>
Headers:		Authorization=eyJhbGciOiJIUzI1NiIsInR5cCI6IkpXVCJ9.eyJ1c2VyR3VpZCI6IjA3OWRhZTgyLTEwNzgtNDIwMC04ODJiLTA3NWY0NmE4ZjFjMSIsIm1vYmlsZSI6Ijk1Njg4MjQzNDIiLCJmaXJzdF9uYW1lIjoiQXJqdW4iLCJsYXN0X25hbWUiOiJLaGFuIiwiZW1haWwiOiJhdXRvXzA4ZjcwNWE4QHRlc3QuY29tIiwicm9sZSI6InVzZXJfb25seSIsImlhdCI6MTc2NzExNzc0NCwiZXhwIjoxNzgyOTAzOTg0fQ.iyc-bzZFj7o7Zo-HUBDnWUiaZbivzWmCn_jwjhE3_eA
				Accept=*/*
				Content-Type=application/json
Cookies:		<none>
Multiparts:		<none>
Body:
{
    "id": "5cd8f339-2616-4032-abce-915e2d5e9dde"
}

--- 📈 PERFORMANCE STATS ---
   Method  : POST
   Endpoint: https://dev-api-yodadiagnostics.yodaprojects.com/gateway/getPaymentById
   Time    : ⚡ 68 ms
----------------------------

Response Status: 200
[...]
Proxy:			<none>
Request params:	<none>
Query params:	<none>
Form params:	<none>
Path params:	<none>
Headers:		Authorization=eyJhbGciOiJIUzI1NiIsInR5cCI6IkpXVCJ9.eyJ1c2VyR3VpZCI6ImRiNjgyYWJiLTMxZDEtNDRkZi1iZjE5LTU1N2IwMDNhNWM2OSIsIm1vYmlsZSI6Ijk2NjY2NjY2NjUiLCJmaXJzdF9uYW1lIjoiUmFuaml0aCIsImxhc3RfbmFtZSI6Imt1bWFyIiwiZW1haWwiOiIiLCJyb2xlIjoidXNlcl9vbmx5IiwiaWF0IjoxNzY3MTE3NzQzLCJleHAiOjE3ODI5MDM5ODN9.CWub7IKjr7RHVqMJOKdGsxUFTmFfg6amKFb-RgjkLzE
				Accept=*/*
				Content-Type=application/json
Cookies:		<none>
Multiparts:		<none>
Body:
{
    "user_id": "db682abb-31d1-44df-bf19-557b003a5c69"
}

--- 📈 PERFORMANCE STATS ---
   Method  : POST
   Endpoint: /gateway/v2/VerifyPayment
   Time    : 🐢 1653 ms
----------------------------

Response Status: 200
Response Body: {"status":200,"success":true,"msg":"Orders saved successfully.","total_amount":0,"data":[{"orderDetails":[{"id":3642,"guid":"d5108552-e765-4539-90a4-e2eb86bb0cb4","order_number":"01KDR6TASYPXG3DZTEQ0V5B8X0","brand_id":"efb159ac-db7c-4b06-a79b-021a8b6d67e8","user_id":"db682abb-31d1-44df-bf19-557b003a5c69","family_member_id":null,"total_price":"803","final_price":"803","rewards_used":"0","delivery_charge":"250","paid_amount":"1053","order_status":"Pending","membership_discount":0,"membership_mobile_number":null,"sample_collection_by":null,"sample_collection_date":null,"payment_id":"4b3327a3-80af-43bf-bb94-9ea20777f860","address_id":"99cfd160-72e2-4fcf-b2f4-56e5bbb49fea","lab_location_id":"64870066842708a0d5ae6c77","order_sample_number":"MY25AAA3152","visit_number":"","cancelled_date":null,"cancelled_by":null,"completed_date":null,"completed_by":null,"received_at":null,"slot_start_time":"2025-12-31T02:00:00.000Z","slot_end_time":"2025-12-31T03:00:00.000Z","slot_guid":"52a49ede-ce35-459c-a47f-c2d33c55027e","reschedule_count":0,"order_created_by":null,"order_created_at":"2025-12-30T18:02:41.405Z","referal_doctor":null,"phlebo_id":null,"admin_approval_status":null,"admin_approval_by":null,"admin_approval_at":null,"rewards_gain":"0","cancel_order_remarks":null,"tube_barcode":null,"cancelled_by_user_at":null,"it_dose_order_status":null,"it_dose_order_updated_at":"2025-12-30T18:02:41.407Z","it_dose_order_item_status":null,"phlebo_otp":null,"phlebo_assigned_at":null,"inaugural_discount":0,"cart_id":"pb_f9d0e2ac_mjswaew3","created_at":"2025-12-30T18:02:41.407Z","updated_at":"2025-12-30T18:02:41.407Z","deleted_at":null,"coupon_code":null,"coupon_guid":null,"coupon_discount_amount":"0","doctors_discount":null,"orderFrom":null,"cancel_delivery_deducted":false,"refund_amount":"0","is_clinic":false}],"OrderItems":[{"id":5652,"guid":"b8a98f51-dcbe-4348-ab8e-a31dc4ab9733","order_id":"d5108552-e765-4539-90a4-e2eb86bb0cb4","product_id":"675921110856fe1e1e992d5a","product_name":"Glucose (Urine)","product_type":"{\"\\\"675697b0262d1460f8d55dab\\\"\"}","product_code":"PATH006","quantity":"1","actual_price":"3","final_price":"3","original_price":"60","order_status":"Pending","family_member_id":null,"membership_discount":0,"order_item_number":"MY25AAA3152-1","cancelled_at":null,"admin_approval_status":null,"admin_approval_by":null,"admin_approval_at":null,"cancel_order_remarks":null,"created_at":"2025-12-30T18:02:41.407Z","deleted_at":null},{"id":5653,"guid":"db96a4a6-f008-4bee-86ee-42b7c76c3fb3","order_id":"d5108552-e765-4539-90a4-e2eb86bb0cb4","product_id":"675921b2ba6f16b8c0d7bee4","product_name":"Diabetes Monitor","product_type":"{\"\\\"675697b0262d1460f8d55df2\\\"\"}","product_code":"YDPK035","quantity":"1","actual_price":"800","final_price":"800","original_price":"800","order_status":"Pending","family_member_id":null,"membership_discount":0,"order_item_number":"MY25AAA3152-2","cancelled_at":null,"admin_approval_status":null,"admin_approval_by":null,"admin_approval_at":null,"cancel_order_remarks":null,"created_at":"2025-12-30T18:02:41.407Z","deleted_at":null}],"membershipDetails":{"isMembershipOrder":false}}]}
Extracted Payment ID: 4b3327a3-80af-43bf-bb94-9ea20777f860
Extracted Order ID: d5108552-e765-4539-90a4-e2eb86bb0cb4

==========================================================
      GET PAYMENT BY ID API (DEV)
==========================================================
Request Payload: {id=4b3327a3-80af-43bf-bb94-9ea20777f860}
Target URL: https://dev-api-yodadiagnostics.yodaprojects.com/gateway/getPaymentById
Request method:	POST
Request URI:	https://dev-api-yodadiagnostics.yodaprojects.com/gateway/getPaymentById
Proxy:			<none>
Request params:	<none>
Query params:	<none>
Form params:	<none>
Path params:	<none>
Headers:		Authorization=eyJhbGciOiJIUzI1NiIsInR5cCI6IkpXVCJ9.eyJ1c2VyR3VpZCI6ImRiNjgyYWJiLTMxZDEtNDRkZi1iZjE5LTU1N2IwMDNhNWM2OSIsIm1vYmlsZSI6Ijk2NjY2NjY2NjUiLCJmaXJzdF9uYW1lIjoiUmFuaml0aCIsImxhc3RfbmFtZSI6Imt1bWFyIiwiZW1haWwiOiIiLCJyb2xlIjoidXNlcl9vbmx5IiwiaWF0IjoxNzY3MTE3NzQzLCJleHAiOjE3ODI5MDM5ODN9.CWub7IKjr7RHVqMJOKdGsxUFTmFfg6amKFb-RgjkLzE
				Accept=*/*
				Content-Type=application/json
Cookies:		<none>
Multiparts:		<none>
Body:
{
    "id": "4b3327a3-80af-43bf-bb94-9ea20777f860"
}

--- 📈 PERFORMANCE STATS ---
   Method  : POST
   Endpoint: https://dev-api-yodadiagnostics.yodaprojects.com/gateway/getPaymentById
   Time    : ⚡ 79 ms
----------------------------

Response Status: 200
Response Body: {"status":200,"success":true,"msg":"Payment details fetched successfully","total_amount":0,"data":{"payments":{"guid":"4b3327a3-80af-43bf-bb94-9ea20777f860","amount":"1053","payment_status":"Pending","payment_type":"COD","payment_details":null,"cod_approved_by":null,"cod_approved_date":null,"payment_gateway_id":null,"reference_id":null,"cancel_order_id":null,"delivery_charge":250,"paid_amount":1053,"rewards_used":0,"total_mrp":860,"membership_discount":0,"total_discount":57,"net_payable":803,"inaugural_discount":0,"coupon_discount":0},"order_items":[{"id":5652,"guid":"b8a98f51-dcbe-4348-ab8e-a31dc4ab9733","order_id":"d5108552-e765-4539-90a4-e2eb86bb0cb4","payment_guid":"4b3327a3-80af-43bf-bb94-9ea20777f860","product_id":"675921110856fe1e1e992d5a","product_name":"Glucose (Urine)","product_type":"{\"\\\"675697b0262d1460f8d55dab\\\"\"}","product_code":"PATH006","quantity":1,"actual_price":3,"original_price":60,"final_price":3,"family_member_id":"00000000-0000-0000-0000-000000000000","firstName":"Ranjith","lastName":"kumar","order_sample_number":"MY25AAA3152","visit_number":""},{"id":5653,"guid":"db96a4a6-f008-4bee-86ee-42b7c76c3fb3","order_id":"d5108552-e765-4539-90a4-e2eb86bb0cb4","payment_guid":"4b3327a3-80af-43bf-bb94-9ea20777f860","product_id":"675921b2ba6f16b8c0d7bee4","product_name":"Diabetes Monitor","product_type":"{\"\\\"675697b0262d1460f8d55df2\\\"\"}","product_code":"YDPK035","quantity":1,"actual_price":800,"original_price":800,"final_price":800,"family_member_id":"00000000-0000-0000-0000-000000000000","firstName":"Ranjith","lastName":"kumar","order_sample_number":"MY25AAA3152","visit_number":""}]}}

==========================================================
      GET ORDER BY ID API
==========================================================
Target URL: https://dev-api-yodadiagnostics.yodaprojects.com/order/getOrderById/d5108552-e765-4539-90a4-e2eb86bb0cb4
Request method:	GET
Request URI:	https://dev-api-yodadiagnostics.yodaprojects.com/order/getOrderById/d5108552-e765-4539-90a4-e2eb86bb0cb4
Proxy:			<none>
Request params:	<none>
Query params:	<none>
Form params:	<none>
Path params:	<none>
Headers:		Authorization=eyJhbGciOiJIUzI1NiIsInR5cCI6IkpXVCJ9.eyJ1c2VyR3VpZCI6ImRiNjgyYWJiLTMxZDEtNDRkZi1iZjE5LTU1N2IwMDNhNWM2OSIsIm1vYmlsZSI6Ijk2NjY2NjY2NjUiLCJmaXJzdF9uYW1lIjoiUmFuaml0aCIsImxhc3RfbmFtZSI6Imt1bWFyIiwiZW1haWwiOiIiLCJyb2xlIjoidXNlcl9vbmx5IiwiaWF0IjoxNzY3MTE3NzQzLCJleHAiOjE3ODI5MDM5ODN9.CWub7IKjr7RHVqMJOKdGsxUFTmFfg6amKFb-RgjkLzE
				Accept=*/*
Cookies:		<none>
Multiparts:		<none>
Body:			<none>

--- 📈 PERFORMANCE STATS ---
   Method  : GET
   Endpoint: /order/getOrderById/d5108552-e765-4539-90a4-e2eb86bb0cb4
   Time    : ⚡ 226 ms
----------------------------

Response Status: 200
Response Body: {"status":200,"success":true,"msg":"Order details fetched successfully","total_amount":0,"data":[{"id":3642,"guid":"d5108552-e765-4539-90a4-e2eb86bb0cb4","order_number":"01KDR6TASYPXG3DZTEQ0V5B8X0","brand_id":"efb159ac-db7c-4b06-a79b-021a8b6d67e8","user_id":"db682abb-31d1-44df-bf19-557b003a5c69","family_member_id":null,"total_price":"860","final_price":"803","rewards_used":"0","delivery_charge":"250","paid_amount":"0","order_status":"Pending","membership_discount":0,"membership_mobile_number":null,"sample_collection_by":null,"sample_collection_date":null,"payment_id":"4b3327a3-80af-43bf-bb94-9ea20777f860","address_id":"99cfd160-72e2-4fcf-b2f4-56e5bbb49fea","lab_location_id":"64870066842708a0d5ae6c77","order_sample_number":"MY25AAA3152","visit_number":"","cancelled_date":null,"cancelled_by":null,"completed_date":null,"completed_by":null,"received_at":null,"slot_start_time":"2025-12-31T02:00:00.000Z","slot_end_time":"2025-12-31T03:00:00.000Z","slot_guid":"52a49ede-ce35-459c-a47f-c2d33c55027e","reschedule_count":0,"order_created_by":null,"order_created_at":"2025-12-30T18:02:41.405Z","referal_doctor":null,"phlebo_id":null,"admin_approval_status":null,"admin_approval_by":null,"admin_approval_at":null,"rewards_gain":"0","cancel_order_remarks":null,"tube_barcode":null,"cancelled_by_user_at":null,"it_dose_order_status":"Order booked","it_dose_order_updated_at":"2025-12-30T18:02:41.407Z","it_dose_order_item_status":null,"phlebo_otp":null,"phlebo_assigned_at":null,"inaugural_discount":0,"cart_id":"pb_f9d0e2ac_mjswaew3","created_at":"2025-12-30T18:02:41.407Z","updated_at":"2025-12-30T18:02:41.407Z","deleted_at":null,"coupon_code":null,"coupon_guid":null,"coupon_discount_amount":"0","doctors_discount":null,"orderFrom":null,"cancel_delivery_deducted":false,"refund_amount":"0","is_clinic":false,"discount":"57","actual_discount":0,"otp_verified":null,"samples_picked":[],"tracking_status":null,"slot_start_times":"31-12-2025 02:00 AM","slot_end_times":"31-12-2025 03:00 AM","doctor_referral_amount":"0","doctor_name":null,"hospital_name":null,"order_items":[{"id":5652,"guid":"b8a98f51-dcbe-4348-ab8e-a31dc4ab9733","order_id":"d5108552-e765-4539-90a4-e2eb86bb0cb4","product_id":"675921110856fe1e1e992d5a","product_name":"Glucose (Urine)","product_type":"{\"\\\"675697b0262d1460f8d55dab\\\"\"}","product_code":"PATH006","quantity":1,"actual_price":3,"final_price":3,"original_price":60,"order_status":"Pending","family_member_id":null,"membership_discount":0,"order_item_number":"MY25AAA3152-1","cancelled_at":null,"admin_approval_status":null,"admin_approval_by":null,"admin_approval_at":null,"cancel_order_remarks":null,"created_at":"2025-12-30T18:02:41.407Z","deleted_at":null,"order_quantity":1,"price":3,"family_member_details":null,"status":"ACTIVE","it_dose_order_items_status":"Order booked"},{"id":5653,"guid":"db96a4a6-f008-4bee-86ee-42b7c76c3fb3","order_id":"d5108552-e765-4539-90a4-e2eb86bb0cb4","product_id":"675921b2ba6f16b8c0d7bee4","product_name":"Diabetes Monitor","product_type":"{\"\\\"675697b0262d1460f8d55df2\\\"\"}","product_code":"YDPK035","quantity":1,"actual_price":800,"final_price":800,"original_price":800,"order_status":"Pending","family_member_id":null,"membership_discount":0,"order_item_number":"MY25AAA3152-2","cancelled_at":null,"admin_approval_status":null,"admin_approval_by":null,"admin_approval_at":null,"cancel_order_remarks":null,"created_at":"2025-12-30T18:02:41.407Z","deleted_at":null,"order_quantity":1,"price":800,"family_member_details":null,"status":"ACTIVE","it_dose_order_items_status":"Order booked"}],"user_details":{"id":552,"guid":"db682abb-31d1-44df-bf19-557b003a5c69","first_name":"Ranjith","last_name":"kumar","middle_name":"","gender":"Male","dob":"1997-10-10","country_code":"+91","mobile":"9666666665","alt_mobile":"","email":"","user_type":"Customer","profile_pic":null,"patient_id":null,"title":"Mr.","fcm_token":null,"created_at":"2025-12-01T14:08:25.876Z","updated_at":"2025-12-23T13:39:29.567Z","deleted_at":null,"deleted_reason":null},"addresses":{"latitude":"17.4406327","longitude":"78.3900194","address_name":"Hyderabad, Madhapur, Hyderabad, Telangana, India, 500033","receiver_details":"Ranjith kumar, 500033"},"payment":{"payment_type":"COD","payment_mode":null,"payment_status":"Pending","payment_details":null},"home_sample":true,"sample_types":[],"due_amount":"1053.00","lab_location_full_address":"6-3-862/A, Lal Bungalow, Greenlands, Ameerpet, Hyderabad, India, Hyderabad, Telangana, 500016","lab_lattitude":"17.4358447","lab_longitude":"78.452737","lab_title":"Ameerpet (HQ)"}]}
✅ Order details fetched successfully for Order ID: d5108552-e765-4539-90a4-e2eb86bb0cb4

🔍 ==========================================================
         CROSS-API VALIDATION REPORT
🔍 ==========================================================

📊 1. TOTAL AMOUNT CONSISTENCY CHECK:
   Expected Total (Cart): ₹1053
   Payment Total (GetPayment): ₹1053
   ✅ PASS: Cart total matches Payment total

🆔 2. PAYMENT ID CONSISTENCY CHECK:
   Expected Payment ID: 4b3327a3-80af-43bf-bb94-9ea20777f860
   Actual Payment GUID: 4b3327a3-80af-43bf-bb94-9ea20777f860
   ✅ PASS: Payment ID matches across APIs

💳 3. PAYMENT TYPE VALIDATION:
   Payment Type: COD
   ✅ PASS: Payment type is COD as expected

📦 4. ORDER ITEMS VALIDATION:
   Total Order Items: 2
   Item 1: Glucose (Urine) | Qty: 1 | Price: ₹3 | Total: ₹3
   Item 2: Diabetes Monitor | Qty: 1 | Price: ₹800 | Total: ₹800
   Calculated Items Total: ₹803
   Net Payable (API): ₹803
   ✅ PASS: Calculated total matches net payable

📋 5. PAYMENT STATUS VALIDATION:
   Payment Status: Pending
   ✅ PASS: Payment status is Pending (expected for COD)

💰 6. DISCOUNT & MEMBERSHIP VALIDATION:
   Membership Discount: ₹0
   Total Discount: ₹57
   ✅ INFO: No membership discount (expected for non-members)
🎉 ==========================================================
         CROSS-API VALIDATION COMPLETED SUCCESSFULLY
🎉 ==========================================================

==========================================================
      PHLEBOTOMIST LOGIN API
==========================================================
Request Payload: {password=12345678, mobile=9360651932}
Target URL: https://dev-api-yodadiagnostics.yodaprojects.com/phlebo/loginPhlebo
Request method:	POST
Request URI:	https://dev-api-yodadiagnostics.yodaprojects.com/phlebo/loginPhlebo
Proxy:			<none>
Request params:	<none>
Query params:	<none>
Form params:	<none>
Path params:	<none>
Headers:		Accept=*/*
				Content-Type=application/json
Cookies:		<none>
Multiparts:		<none>
Body:
{
    "password": "12345678",
    "mobile": 9360651932
}

--- 📈 PERFORMANCE STATS ---
   Method  : POST
   Endpoint: https://dev-api-yodadiagnostics.yodaprojects.com/phlebo/loginPhlebo
   Time    : ⚡ 199 ms
----------------------------

Response Status: 200
Response Body: {"status":200,"success":true,"msg":"User login success","total_amount":0,"data":{"id":18,"guid":"01b109b7-7706-43b0-acc8-3278f721f34d","name":"Ranjith kumar","mobile_number":"9360651932","password":"$2b$10$CNghj57YMelubC6FOCsTQOv3qCyuGUFF4//shjv9Of5V75ec1sOxC","employee_id":null,"zone_id":"676e886d854c2069a0d47703","profile_pic":null,"email":"ranjith10021996@gmail.com","firebase_token":"dVz9bvsjQfi5H-MnMkBzhv:APA91bE6e6ml84NeDFgVDcS9Jyfr1pBvpAHa7TcjfDhtvydaks2geRt4QjGmeeLkSQJTkQ4v_gMJqWyfLbiFzQNj7VwQ6kYLFm4SWQf1XpTdrG-FIas4b-g","is_active":true,"type":["phlebo"],"created_at":"2025-12-26T09:55:37.008Z","updated_at":"2025-12-30T18:02:39.355Z","deleted_at":null,"access_token":"eyJhbGciOiJIUzI1NiIsInR5cCI6IkpXVCJ9.eyJ1c2VyR3VpZCI6IjAxYjEwOWI3LTc3MDYtNDNiMC1hY2M4LTMyNzhmNzIxZjM0ZCIsImVtYWlsIjoicmFuaml0aDEwMDIxOTk2QGdtYWlsLmNvbSIsInJvbGUiOiJ1c2VyX29ubHkiLCJpYXQiOjE3NjcxMTc3NjIsImV4cCI6MTc4MjkwNDAwMn0.eKMsBFTav_UudXqBp-9aXm9rOHTMc8IN_4V-IvHcVJk","refresh_token":"eyJhbGciOiJIUzI1NiIsInR5cCI6IkpXVCJ9.eyJ1c2VyR3VpZCI6IjAxYjEwOWI3LTc3MDYtNDNiMC1hY2M4LTMyNzhmNzIxZjM0ZCIsImVtYWlsIjoicmFuaml0aDEwMDIxOTk2QGdtYWlsLmNvbSIsInJvbGUiOiJ1c2VyX29ubHkiLCJpYXQiOjE3NjcxMTc3NjIsImV4cCI6MTc5ODY3NTM2Mn0.W-I58-WGGKBmvTcg4NkX-YlHAODAN4pBbvYb1ikYvsM"}}
✅ Phlebotomist Login Successful
   Phlebo Name: null
   Phlebo ID: 18
   Phlebo GUID: 01b109b7-7706-43b0-acc8-3278f721f34d
   Phlebo Token: null

==========================================================
      ASSIGN ORDER API
==========================================================
Request Payload: {phlebo_id=01b109b7-7706-43b0-acc8-3278f721f34d, order_id=[d5108552-e765-4539-90a4-e2eb86bb0cb4]}
Target URL: https://dev-api-yodadiagnostics.yodaprojects.com/order_tracking/assignOrder
Request method:	POST
Request URI:	https://dev-api-yodadiagnostics.yodaprojects.com/order_tracking/assignOrder
Proxy:			<none>
Request params:	<none>
Query params:	<none>
Form params:	<none>
Path params:	<none>
Headers:		Accept=*/*
				Content-Type=application/json
Cookies:		<none>
Multiparts:		<none>
Body:
{
    "phlebo_id": "01b109b7-7706-43b0-acc8-3278f721f34d",
    "order_id": [
        "d5108552-e765-4539-90a4-e2eb86bb0cb4"
    ]
}

--- 📈 PERFORMANCE STATS ---
   Method  : POST
   Endpoint: https://dev-api-yodadiagnostics.yodaprojects.com/order_tracking/assignOrder
   Time    : ⚡ 422 ms
----------------------------

Response Status: 200
Response Body: {"status":200,"success":true,"msg":"Order has been successfully assigned to the phlebotomist.","total_amount":0,"data":{"updatedOrder":{"id":3642,"guid":"d5108552-e765-4539-90a4-e2eb86bb0cb4","order_number":"01KDR6TASYPXG3DZTEQ0V5B8X0","brand_id":"efb159ac-db7c-4b06-a79b-021a8b6d67e8","user_id":"db682abb-31d1-44df-bf19-557b003a5c69","family_member_id":null,"total_price":"803","final_price":"803","rewards_used":"0","delivery_charge":"250","paid_amount":"1053","order_status":"Pending","membership_discount":0,"membership_mobile_number":null,"sample_collection_by":null,"sample_collection_date":null,"payment_id":"4b3327a3-80af-43bf-bb94-9ea20777f860","address_id":"99cfd160-72e2-4fcf-b2f4-56e5bbb49fea","lab_location_id":"64870066842708a0d5ae6c77","order_sample_number":"MY25AAA3152","visit_number":"","cancelled_date":null,"cancelled_by":null,"completed_date":null,"completed_by":null,"received_at":null,"slot_start_time":"2025-12-31T02:00:00.000Z","slot_end_time":"2025-12-31T03:00:00.000Z","slot_guid":"52a49ede-ce35-459c-a47f-c2d33c55027e","reschedule_count":0,"order_created_by":null,"order_created_at":"2025-12-30T18:02:41.405Z","referal_doctor":null,"phlebo_id":"01b109b7-7706-43b0-acc8-3278f721f34d","admin_approval_status":null,"admin_approval_by":null,"admin_approval_at":null,"rewards_gain":"0","cancel_order_remarks":null,"tube_barcode":null,"cancelled_by_user_at":null,"it_dose_order_status":null,"it_dose_order_updated_at":"2025-12-30T18:02:41.407Z","it_dose_order_item_status":null,"phlebo_otp":"783082","phlebo_assigned_at":"2025-12-30T18:02:43.134Z","inaugural_discount":0,"cart_id":"pb_f9d0e2ac_mjswaew3","created_at":"2025-12-30T18:02:41.407Z","updated_at":"2025-12-30T18:02:43.134Z","deleted_at":null,"coupon_code":null,"coupon_guid":null,"coupon_discount_amount":"0","doctors_discount":null,"orderFrom":null,"cancel_delivery_deducted":false,"refund_amount":"0","is_clinic":false},"orderTracking":{"id":483,"guid":"aac8d7e5-5066-419e-86aa-02fed76e2441","order_id":"d5108552-e765-4539-90a4-e2eb86bb0cb4","address_id":"99cfd160-72e2-4fcf-b2f4-56e5bbb49fea","phlebo_id":"01b109b7-7706-43b0-acc8-3278f721f34d","assigned_date":"2025-12-30T18:02:43.147Z","pickup_location":"https://maps.google.com/?q=17.4406327,78.3900194","samples_picked":[],"samples_submitted":[],"status":[{"time":"2025-12-30T18:02:43.147Z","status":"open"}],"verifyOtpRemarks":null,"received_by":null,"otp_verified":false,"created_at":"2025-12-30T18:02:43.147Z","updated_at":"2025-12-30T18:02:43.147Z","deleted_at":null}}}
✅ Order Assignment Successful
   Order ID: d5108552-e765-4539-90a4-e2eb86bb0cb4
   Assigned to Phlebo GUID: 01b109b7-7706-43b0-acc8-3278f721f34d
✅ COD Flow Completed Successfully.
]]></system-out>
  </testcase>
</testsuite>