<?xml version="1.0" encoding="UTF-8"?>
<!-- Generated by org.testng.reporters.JUnitXMLReporter -->
<testsuite ignored="0" hostname="1FJD5W3" failures="0" tests="19" name="Complete COD Flow" time="25.18" errors="0" timestamp="2025-12-30T23:32:44 IST">
  <testcase classname="com.mryoda.diagnostics.api.tests.UserCreateAPITest" name="testUserRegistration_CreateNewUser" time="3.5"/>
  <testcase classname="com.mryoda.diagnostics.api.tests.LoginAPITest" name="testLoginWithOTP" time="0.533"/>
  <testcase classname="com.mryoda.diagnostics.api.tests.LoginAPITest" name="testLoginWithOTP_NonMember" time="0.537"/>
  <testcase classname="com.mryoda.diagnostics.api.tests.LoginAPITest" name="testLoginWithOTP_NewlyRegisteredUser" time="0.453"/>
  <testcase classname="com.mryoda.diagnostics.api.tests.LocationAPITest" name="testGetLocations_ForMember" time="1.703"/>
  <testcase classname="com.mryoda.diagnostics.api.tests.LocationAPITest" name="testGetLocations_ForNonMember" time="1.245"/>
  <testcase classname="com.mryoda.diagnostics.api.tests.LocationAPITest" name="testGetLocations_ForNewUser" time="1.385"/>
  <testcase classname="com.mryoda.diagnostics.api.tests.BrandAPITest" name="testGetBrands_ForMember" time="0.744"/>
  <testcase classname="com.mryoda.diagnostics.api.tests.BrandAPITest" name="testGetBrands_ForNonMember" time="0.085"/>
  <testcase classname="com.mryoda.diagnostics.api.tests.BrandAPITest" name="testGetBrands_ForNewUser" time="0.09"/>
  <testcase classname="com.mryoda.diagnostics.api.tests.GlobalSearchAPITest" name="testGlobalSearch_ForMember" time="1.691"/>
  <testcase classname="com.mryoda.diagnostics.api.tests.GlobalSearchAPITest" name="testGlobalSearch_ForNonMember" time="0.613"/>
  <testcase classname="com.mryoda.diagnostics.api.tests.GlobalSearchAPITest" name="testGlobalSearch_ForNewUser" time="0.633"/>
  <testcase classname="com.mryoda.diagnostics.api.tests.AddToCartAPITest" name="testAddToCart_ForMember" time="0.298"/>
  <testcase classname="com.mryoda.diagnostics.api.tests.AddToCartAPITest" name="testAddToCart_ForNonMember" time="0.308"/>
  <testcase classname="com.mryoda.diagnostics.api.tests.AddToCartAPITest" name="testAddToCart_ForNewUser" time="0.346"/>
  <testcase classname="com.mryoda.diagnostics.api.tests.CreateOrderCODAPITest" name="testCOD_Flow_ForNewUser" time="3.282"/>
  <testcase classname="com.mryoda.diagnostics.api.tests.CreateOrderCODAPITest" name="testCOD_Flow_ForMember" time="2.699"/>
  <testcase classname="com.mryoda.diagnostics.api.tests.CreateOrderCODAPITest" name="testCOD_Flow_ForNonMember" time="3.761"/>
</testsuite> <!-- Complete COD Flow -->
