<?xml version="1.0" encoding="UTF-8"?>
<!-- Generated by org.testng.reporters.JUnitXMLReporter -->
<testsuite ignored="0" hostname="1FJD5W3" failures="0" tests="19" name="Complete COD Flow" time="28.729" errors="0" timestamp="2026-01-02T18:38:17 IST">
  <testcase classname="com.mryoda.diagnostics.api.tests.UserCreateAPITest" name="testUserRegistration_CreateNewUser" time="2.004"/>
  <testcase classname="com.mryoda.diagnostics.api.tests.LoginAPITest" name="testLoginWithOTP" time="0.397"/>
  <testcase classname="com.mryoda.diagnostics.api.tests.LoginAPITest" name="testLoginWithOTP_NonMember" time="0.34"/>
  <testcase classname="com.mryoda.diagnostics.api.tests.LoginAPITest" name="testLoginWithOTP_NewlyRegisteredUser" time="0.313"/>
  <testcase classname="com.mryoda.diagnostics.api.tests.LocationAPITest" name="testGetLocations_ForMember" time="0.83"/>
  <testcase classname="com.mryoda.diagnostics.api.tests.LocationAPITest" name="testGetLocations_ForNonMember" time="0.597"/>
  <testcase classname="com.mryoda.diagnostics.api.tests.LocationAPITest" name="testGetLocations_ForNewUser" time="0.594"/>
  <testcase classname="com.mryoda.diagnostics.api.tests.BrandAPITest" name="testGetBrands_ForMember" time="0.232"/>
  <testcase classname="com.mryoda.diagnostics.api.tests.BrandAPITest" name="testGetBrands_ForNonMember" time="0.083"/>
  <testcase classname="com.mryoda.diagnostics.api.tests.BrandAPITest" name="testGetBrands_ForNewUser" time="0.187"/>
  <testcase classname="com.mryoda.diagnostics.api.tests.GlobalSearchAPITest" name="testGlobalSearch_ForMember" time="1.511"/>
  <testcase classname="com.mryoda.diagnostics.api.tests.GlobalSearchAPITest" name="testGlobalSearch_ForNonMember" time="0.626"/>
  <testcase classname="com.mryoda.diagnostics.api.tests.GlobalSearchAPITest" name="testGlobalSearch_ForNewUser" time="0.714"/>
  <testcase classname="com.mryoda.diagnostics.api.tests.AddToCartAPITest" name="testAddToCart_ForMember" time="0.223"/>
  <testcase classname="com.mryoda.diagnostics.api.tests.AddToCartAPITest" name="testAddToCart_ForNonMember" time="0.252"/>
  <testcase classname="com.mryoda.diagnostics.api.tests.AddToCartAPITest" name="testAddToCart_ForNewUser" time="0.229"/>
  <testcase classname="com.mryoda.diagnostics.api.tests.CreateOrderCODAPITest" name="testCOD_Flow_ForNewUser" time="6.158"/>
  <testcase classname="com.mryoda.diagnostics.api.tests.CreateOrderCODAPITest" name="testCOD_Flow_ForMember" time="6.111"/>
  <testcase classname="com.mryoda.diagnostics.api.tests.CreateOrderCODAPITest" name="testCOD_Flow_ForNonMember" time="6.699"/>
</testsuite> <!-- Complete COD Flow -->
