<?xml version="1.0" encoding="UTF-8"?>
<!-- Generated by org.testng.reporters.JUnitReportReporter -->
<testsuite hostname="1FJD5W3" failures="0" tests="3" name="com.mryoda.diagnostics.api.tests.GetCentersByAddressAPITest" time="0.301" errors="0" timestamp="2025-12-30T20:02:26 IST" skipped="0">
  <testcase classname="com.mryoda.diagnostics.api.tests.GetCentersByAddressAPITest" name="testGetCentersByAddress_ForNonMember" time="0.092"/>
  <testcase classname="com.mryoda.diagnostics.api.tests.GetCentersByAddressAPITest" name="testGetCentersByAddress_ForMember" time="0.110"/>
  <testcase classname="com.mryoda.diagnostics.api.tests.GetCentersByAddressAPITest" name="testGetCentersByAddress_ForNewUser" time="0.099"/>
</testsuite> <!-- com.mryoda.diagnostics.api.tests.GetCentersByAddressAPITest -->
