<?xml version="1.0" encoding="UTF-8"?>
<!-- Generated by org.testng.reporters.JUnitReportReporter -->
<testsuite hostname="1FJD5W3" failures="0" tests="3" name="com.mryoda.diagnostics.api.tests.AddToCartAPITest" time="1.102" errors="0" timestamp="2026-01-02T16:45:52 IST" skipped="0">
  <testcase classname="com.mryoda.diagnostics.api.tests.AddToCartAPITest" name="testAddToCart_ForNonMember" time="0.386"/>
  <testcase classname="com.mryoda.diagnostics.api.tests.AddToCartAPITest" name="testAddToCart_ForMember" time="0.371"/>
  <testcase classname="com.mryoda.diagnostics.api.tests.AddToCartAPITest" name="testAddToCart_ForNewUser" time="0.345"/>
</testsuite> <!-- com.mryoda.diagnostics.api.tests.AddToCartAPITest -->
