<?xml version="1.0" encoding="UTF-8"?>
<!-- Generated by org.testng.reporters.JUnitReportReporter -->
<testsuite hostname="1FJD5W3" failures="0" tests="3" name="com.mryoda.diagnostics.api.tests.GlobalSearchAPITest" time="2.660" errors="0" timestamp="2026-01-02T16:45:52 IST" skipped="0">
  <testcase classname="com.mryoda.diagnostics.api.tests.GlobalSearchAPITest" name="testGlobalSearch_ForMember" time="1.056"/>
  <testcase classname="com.mryoda.diagnostics.api.tests.GlobalSearchAPITest" name="testGlobalSearch_ForNonMember" time="0.814"/>
  <testcase classname="com.mryoda.diagnostics.api.tests.GlobalSearchAPITest" name="testGlobalSearch_ForNewUser" time="0.790"/>
</testsuite> <!-- com.mryoda.diagnostics.api.tests.GlobalSearchAPITest -->
