<?xml version="1.0" encoding="UTF-8"?>
<!-- Generated by org.testng.reporters.JUnitReportReporter -->
<testsuite hostname="1FJD5W3" failures="0" tests="1" name="com.mryoda.diagnostics.api.tests.COD_14_VerifySamplesCollectedStatusTest" time="0.300" errors="0" timestamp="2026-01-08T16:04:02 IST" skipped="0">
  <testcase classname="com.mryoda.diagnostics.api.tests.COD_14_VerifySamplesCollectedStatusTest" name="step14_VerifySamplesCollectedStatus" time="0.300"/>
</testsuite> <!-- com.mryoda.diagnostics.api.tests.COD_14_VerifySamplesCollectedStatusTest -->
