<?xml version="1.0" encoding="UTF-8"?>
<!-- Generated by org.testng.reporters.JUnitReportReporter -->
<testsuite hostname="1FJD5W3" failures="0" tests="3" name="com.mryoda.diagnostics.api.tests.LocationAPITest" time="4.333" errors="0" timestamp="2025-12-30T23:32:44 IST" skipped="0">
  <testcase classname="com.mryoda.diagnostics.api.tests.LocationAPITest" name="testGetLocations_ForNonMember" time="1.245"/>
  <testcase classname="com.mryoda.diagnostics.api.tests.LocationAPITest" name="testGetLocations_ForMember" time="1.703"/>
  <testcase classname="com.mryoda.diagnostics.api.tests.LocationAPITest" name="testGetLocations_ForNewUser" time="1.385"/>
</testsuite> <!-- com.mryoda.diagnostics.api.tests.LocationAPITest -->
