<?xml version="1.0" encoding="UTF-8"?>
<!-- Generated by org.testng.reporters.JUnitReportReporter -->
<testsuite hostname="1FJD5W3" failures="0" tests="3" name="com.mryoda.diagnostics.api.tests.LoginAPITest" time="0.849" errors="0" timestamp="2025-12-30T20:02:26 IST" skipped="0">
  <testcase classname="com.mryoda.diagnostics.api.tests.LoginAPITest" name="testLoginWithOTP_NonMember" time="0.289"/>
  <testcase classname="com.mryoda.diagnostics.api.tests.LoginAPITest" name="testLoginWithOTP" time="0.338"/>
  <testcase classname="com.mryoda.diagnostics.api.tests.LoginAPITest" name="testLoginWithOTP_NewlyRegisteredUser" time="0.222"/>
</testsuite> <!-- com.mryoda.diagnostics.api.tests.LoginAPITest -->
