<?xml version="1.0" encoding="UTF-8"?>
<!-- Generated by org.testng.reporters.JUnitReportReporter -->
<testsuite hostname="1FJD5W3" failures="0" tests="3" name="com.mryoda.diagnostics.api.tests.CreateOrderCODAPITest" time="20.336" errors="0" timestamp="2026-01-02T16:45:52 IST" skipped="0">
  <testcase classname="com.mryoda.diagnostics.api.tests.CreateOrderCODAPITest" name="testCOD_Flow_ForNewUser" time="6.919"/>
  <testcase classname="com.mryoda.diagnostics.api.tests.CreateOrderCODAPITest" name="testCOD_Flow_ForMember" time="6.733"/>
  <testcase classname="com.mryoda.diagnostics.api.tests.CreateOrderCODAPITest" name="testCOD_Flow_ForNonMember" time="6.684"/>
</testsuite> <!-- com.mryoda.diagnostics.api.tests.CreateOrderCODAPITest -->
