<?xml version="1.0" encoding="UTF-8"?>
<!-- Generated by org.testng.reporters.JUnitReportReporter -->
<testsuite hostname="1FJD5W3" failures="0" tests="3" name="com.mryoda.diagnostics.api.tests.CreateOrderCODAPITest" time="9.654" errors="0" timestamp="2025-12-30T20:02:26 IST" skipped="0">
  <testcase classname="com.mryoda.diagnostics.api.tests.CreateOrderCODAPITest" name="testCOD_Flow_ForNewUser" time="1.883"/>
  <testcase classname="com.mryoda.diagnostics.api.tests.CreateOrderCODAPITest" name="testCOD_Flow_ForMember" time="2.415"/>
  <testcase classname="com.mryoda.diagnostics.api.tests.CreateOrderCODAPITest" name="testCOD_Flow_ForNonMember" time="5.356"/>
</testsuite> <!-- com.mryoda.diagnostics.api.tests.CreateOrderCODAPITest -->
