<?xml version="1.0" encoding="UTF-8"?>
<!-- Generated by org.testng.reporters.JUnitReportReporter -->
<testsuite hostname="1FJD5W3" failures="0" tests="1" name="com.mryoda.diagnostics.api.tests.COD_15_ApprovePaymentTest" time="6.300" errors="0" timestamp="2026-01-08T16:04:02 IST" skipped="0">
  <testcase classname="com.mryoda.diagnostics.api.tests.COD_15_ApprovePaymentTest" name="step15_ApprovePayment" time="6.300"/>
</testsuite> <!-- com.mryoda.diagnostics.api.tests.COD_15_ApprovePaymentTest -->
