<?xml version="1.0" encoding="UTF-8"?>
<!-- Generated by org.testng.reporters.JUnitReportReporter -->
<testsuite hostname="1FJD5W3" failures="0" tests="3" name="com.mryoda.diagnostics.api.tests.GetCartByIdAPITest" time="2.668" errors="0" timestamp="2025-12-30T20:02:26 IST" skipped="0">
  <testcase classname="com.mryoda.diagnostics.api.tests.GetCartByIdAPITest" name="testGetCartById_ForMember" time="0.911"/>
  <testcase classname="com.mryoda.diagnostics.api.tests.GetCartByIdAPITest" name="testGetCartById_ForNonMember" time="1.040"/>
  <testcase classname="com.mryoda.diagnostics.api.tests.GetCartByIdAPITest" name="testGetCartById_ForNewUser" time="0.717"/>
</testsuite> <!-- com.mryoda.diagnostics.api.tests.GetCartByIdAPITest -->
