<?xml version="1.0" encoding="UTF-8"?>
<!-- Generated by org.testng.reporters.JUnitReportReporter -->
<testsuite hostname="1FJD5W3" failures="0" tests="17" name="com.mryoda.diagnostics.api.tests.DetailedCODFlowTest" time="5.680" errors="0" timestamp="2026-01-02T21:39:50 IST" skipped="3">
  <testcase classname="com.mryoda.diagnostics.api.tests.DetailedCODFlowTest" name="step01_LoginAndSetup" time="0.345"/>
  <testcase classname="com.mryoda.diagnostics.api.tests.DetailedCODFlowTest" name="step02_VerifyCartAndPrice" time="0.663"/>
  <testcase classname="com.mryoda.diagnostics.api.tests.DetailedCODFlowTest" name="step03_AddAddressAndSlot" time="0.989"/>
  <testcase classname="com.mryoda.diagnostics.api.tests.DetailedCODFlowTest" name="step04_VerifyPaymentPreCheck" time="1.346"/>
  <testcase classname="com.mryoda.diagnostics.api.tests.DetailedCODFlowTest" name="step05_CrossApiValidation" time="0.326"/>
  <testcase classname="com.mryoda.diagnostics.api.tests.DetailedCODFlowTest" name="step06_PhlebotomistLogin" time="0.361"/>
  <testcase classname="com.mryoda.diagnostics.api.tests.DetailedCODFlowTest" name="step07_AssignOrder" time="0.419"/>
  <testcase classname="com.mryoda.diagnostics.api.tests.DetailedCODFlowTest" name="step08_VerifyStatusAssigned" time="0.111"/>
  <testcase classname="com.mryoda.diagnostics.api.tests.DetailedCODFlowTest" name="step09_UpdateOrderTracking" time="0.095"/>
  <testcase classname="com.mryoda.diagnostics.api.tests.DetailedCODFlowTest" name="step10_FinalVerification" time="0.333"/>
  <testcase classname="com.mryoda.diagnostics.api.tests.DetailedCODFlowTest" name="step11_AdminVerifyOtp" time="0.260"/>
  <testcase classname="com.mryoda.diagnostics.api.tests.DetailedCODFlowTest" name="step12_GetSampleType" time="0.095"/>
  <testcase classname="com.mryoda.diagnostics.api.tests.DetailedCODFlowTest" name="step13_UpdateStatusSamplesCollected" time="0.129"/>
  <testcase classname="com.mryoda.diagnostics.api.tests.DetailedCODFlowTest" name="step14_VerifySamplesCollectedStatus" time="0.208"/>
  <testcase classname="com.mryoda.diagnostics.api.tests.DetailedCODFlowTest" name="testCOD_Flow_ForNonMember">
    <skipped/>
  </testcase> <!-- testCOD_Flow_ForNonMember -->
  <testcase classname="com.mryoda.diagnostics.api.tests.DetailedCODFlowTest" name="testCOD_Flow_ForMember">
    <skipped/>
  </testcase> <!-- testCOD_Flow_ForMember -->
  <testcase classname="com.mryoda.diagnostics.api.tests.DetailedCODFlowTest" name="testCOD_Flow_ForNewUser">
    <skipped/>
  </testcase> <!-- testCOD_Flow_ForNewUser -->
</testsuite> <!-- com.mryoda.diagnostics.api.tests.DetailedCODFlowTest -->
