<?xml version="1.0" encoding="UTF-8"?>
<!-- Generated by org.testng.reporters.JUnitReportReporter -->
<testsuite hostname="1FJD5W3" failures="0" tests="3" name="com.mryoda.diagnostics.api.tests.AddressAPITest" time="0.348" errors="0" timestamp="2025-12-30T20:02:26 IST" skipped="0">
  <testcase classname="com.mryoda.diagnostics.api.tests.AddressAPITest" name="testAddAddress_ForMember" time="0.080"/>
  <testcase classname="com.mryoda.diagnostics.api.tests.AddressAPITest" name="testAddAddress_ForNonMember" time="0.066"/>
  <testcase classname="com.mryoda.diagnostics.api.tests.AddressAPITest" name="testAddAddress_ForNewUser" time="0.202"/>
</testsuite> <!-- com.mryoda.diagnostics.api.tests.AddressAPITest -->
