<?xml version="1.0" encoding="UTF-8"?>
<!-- Generated by org.testng.reporters.JUnitReportReporter -->
<testsuite hostname="1FJD5W3" failures="0" tests="3" name="com.mryoda.diagnostics.api.tests.BrandAPITest" time="0.644" errors="0" timestamp="2026-01-02T16:45:52 IST" skipped="0">
  <testcase classname="com.mryoda.diagnostics.api.tests.BrandAPITest" name="testGetBrands_ForMember" time="0.353"/>
  <testcase classname="com.mryoda.diagnostics.api.tests.BrandAPITest" name="testGetBrands_ForNonMember" time="0.142"/>
  <testcase classname="com.mryoda.diagnostics.api.tests.BrandAPITest" name="testGetBrands_ForNewUser" time="0.149"/>
</testsuite> <!-- com.mryoda.diagnostics.api.tests.BrandAPITest -->
