<?xml version="1.0" encoding="UTF-8"?>
<!-- Generated by org.testng.reporters.JUnitReportReporter -->
<testsuite hostname="1FJD5W3" failures="0" tests="3" name="com.mryoda.diagnostics.api.tests.SlotAndCartUpdateAPITest" time="0.578" errors="0" timestamp="2025-12-30T20:02:26 IST" skipped="0">
  <testcase classname="com.mryoda.diagnostics.api.tests.SlotAndCartUpdateAPITest" name="testSlotAndCartUpdate_ForNonMember" time="0.211"/>
  <testcase classname="com.mryoda.diagnostics.api.tests.SlotAndCartUpdateAPITest" name="testSlotAndCartUpdate_ForNewUser" time="0.177"/>
  <testcase classname="com.mryoda.diagnostics.api.tests.SlotAndCartUpdateAPITest" name="testSlotAndCartUpdate_ForMember" time="0.190"/>
</testsuite> <!-- com.mryoda.diagnostics.api.tests.SlotAndCartUpdateAPITest -->
