<?xml version="1.0" encoding="UTF-8"?>
<!-- Generated by org.testng.reporters.JUnitReportReporter -->
<testsuite hostname="1FJD5W3" failures="0" tests="3" name="com.mryoda.diagnostics.api.tests.GetAddressByUserIdAPITest" time="0.358" errors="0" timestamp="2025-12-30T20:02:26 IST" skipped="0">
  <testcase classname="com.mryoda.diagnostics.api.tests.GetAddressByUserIdAPITest" name="testGetAddressByUserId_ForMember" time="0.109"/>
  <testcase classname="com.mryoda.diagnostics.api.tests.GetAddressByUserIdAPITest" name="testGetAddressByUserId_ForNonMember" time="0.114"/>
  <testcase classname="com.mryoda.diagnostics.api.tests.GetAddressByUserIdAPITest" name="testGetAddressByUserId_ForNewUser" time="0.135"/>
</testsuite> <!-- com.mryoda.diagnostics.api.tests.GetAddressByUserIdAPITest -->
